2025-10-03 09:27:39,456 INFO o.a.j.u.JMeterUtils: Setting Locale to en
2025-10-03 09:27:39,469 INFO o.a.j.JMeter: Loading additional properties from: /home/runner/work/grepwise/grepwise/src/test/jmeter/jmeter.properties
2025-10-03 09:27:39,469 INFO o.a.j.JMeter: Setting System property: sun.net.http.allowRestrictedHeaders=true
2025-10-03 09:27:39,474 INFO o.a.j.JMeter: Copyright (c) 1998-2023 The Apache Software Foundation
2025-10-03 09:27:39,474 INFO o.a.j.JMeter: Version 5.6.2
2025-10-03 09:27:39,474 INFO o.a.j.JMeter: java.version=25
2025-10-03 09:27:39,474 INFO o.a.j.JMeter: java.vm.name=OpenJDK 64-Bit Server VM
2025-10-03 09:27:39,474 INFO o.a.j.JMeter: os.name=Linux
2025-10-03 09:27:39,474 INFO o.a.j.JMeter: os.arch=amd64
2025-10-03 09:27:39,474 INFO o.a.j.JMeter: os.version=6.11.0-1018-azure
2025-10-03 09:27:39,474 INFO o.a.j.JMeter: file.encoding=UTF-8
2025-10-03 09:27:39,474 INFO o.a.j.JMeter: java.awt.headless=true
2025-10-03 09:27:39,474 INFO o.a.j.JMeter: Max memory     =536870912
2025-10-03 09:27:39,474 INFO o.a.j.JMeter: Available Processors =4
2025-10-03 09:27:39,484 INFO o.a.j.JMeter: Default Locale=English
2025-10-03 09:27:39,484 INFO o.a.j.JMeter: JMeter  Locale=English
2025-10-03 09:27:39,484 INFO o.a.j.JMeter: JMeterHome=/home/runner/work/grepwise/grepwise/target/86fb4320-e797-476d-b10e-a2a8e19621e7/jmeter
2025-10-03 09:27:39,484 INFO o.a.j.JMeter: user.dir  =/home/runner/work/grepwise/grepwise/target/86fb4320-e797-476d-b10e-a2a8e19621e7/jmeter/bin
2025-10-03 09:27:39,484 INFO o.a.j.JMeter: PWD       =/home/runner/work/grepwise/grepwise/target/86fb4320-e797-476d-b10e-a2a8e19621e7/jmeter/bin
2025-10-03 09:27:39,485 INFO o.a.j.JMeter: IP: 10.1.0.223 Name: runnervm3ublj FullName: runnervm3ublj
2025-10-03 09:27:39,493 INFO o.a.j.JMeter: Setting property 'jmeter.reportgenerator.outputdir' to:'/home/runner/work/grepwise/grepwise/target/jmeter/reports/combined-parallel-bsh'
2025-10-03 09:27:39,495 INFO o.a.j.s.FileServer: Default base='/home/runner/work/grepwise/grepwise/target/86fb4320-e797-476d-b10e-a2a8e19621e7/jmeter/bin'
2025-10-03 09:27:39,496 INFO o.a.j.s.FileServer: Set new base='/home/runner/work/grepwise/grepwise/target/jmeter/testFiles'
2025-10-03 09:27:39,722 INFO o.a.j.s.SaveService: Testplan (JMX) version: 2.2. Testlog (JTL) version: 2.2
2025-10-03 09:27:39,742 INFO o.a.j.s.SaveService: Using SaveService properties version 5.0
2025-10-03 09:27:39,745 INFO o.a.j.s.SaveService: Using SaveService properties file encoding UTF-8
2025-10-03 09:27:39,748 INFO o.a.j.s.SaveService: Loading file: /home/runner/work/grepwise/grepwise/target/jmeter/testFiles/combined-parallel-bsh.jmx
2025-10-03 09:27:39,832 INFO o.a.j.JMeter: Creating summariser <summary>
2025-10-03 09:27:39,837 INFO o.a.j.r.d.ReportGenerator: ReportGenerator will use for Parsing the separator: ','
2025-10-03 09:27:39,837 INFO o.a.j.r.d.ReportGenerator: Will generate report at end of test from  results file: /home/runner/work/grepwise/grepwise/target/jmeter/results/20251003-combined-parallel-bsh.csv
2025-10-03 09:27:39,837 INFO o.a.j.r.d.ReportGenerator: Reading report generator properties from: /home/runner/work/grepwise/grepwise/target/86fb4320-e797-476d-b10e-a2a8e19621e7/jmeter/bin/reportgenerator.properties
2025-10-03 09:27:39,837 INFO o.a.j.r.d.ReportGenerator: Merging with JMeter properties
2025-10-03 09:27:39,840 INFO o.a.j.r.c.ReportGeneratorConfiguration: Property 'jmeter.reportgenerator.temp_dir' not found, using default value 'temp' instead.
2025-10-03 09:27:39,842 INFO o.a.j.r.c.ReportGeneratorConfiguration: Property 'jmeter.reportgenerator.apdex_per_transaction' not found, using default value 'null' instead.
2025-10-03 09:27:39,842 INFO o.a.j.r.c.ReportGeneratorConfiguration: apdex_per_transaction is empty, not APDEX per transaction customization
2025-10-03 09:27:39,842 INFO o.a.j.r.c.ReportGeneratorConfiguration: Property 'jmeter.reportgenerator.sample_filter' not found, using default value 'null' instead.
2025-10-03 09:27:39,843 INFO o.a.j.r.c.ReportGeneratorConfiguration: Property 'jmeter.reportgenerator.report_title' not found, using default value 'null' instead.
2025-10-03 09:27:39,843 INFO o.a.j.r.c.ReportGeneratorConfiguration: Property 'jmeter.reportgenerator.start_date' not found, using default value 'null' instead.
2025-10-03 09:27:39,843 INFO o.a.j.r.c.ReportGeneratorConfiguration: Property 'jmeter.reportgenerator.end_date' not found, using default value 'null' instead.
2025-10-03 09:27:39,843 INFO o.a.j.r.c.ReportGeneratorConfiguration: Property 'jmeter.reportgenerator.date_format' not found, using default value 'null' instead.
2025-10-03 09:27:39,843 INFO o.a.j.r.c.ReportGeneratorConfiguration: Will use date range start date: null, end date: null
2025-10-03 09:27:39,846 INFO o.a.j.r.c.ReportGeneratorConfiguration: Property 'jmeter.reportgenerator.graph.totalTPS.exclude_controllers' not found, using default value 'false' instead.
2025-10-03 09:27:39,846 INFO o.a.j.r.c.ReportGeneratorConfiguration: Property 'jmeter.reportgenerator.graph.activeThreadsOverTime.exclude_controllers' not found, using default value 'false' instead.
2025-10-03 09:27:39,846 INFO o.a.j.r.c.ReportGeneratorConfiguration: Property 'jmeter.reportgenerator.graph.timeVsThreads.exclude_controllers' not found, using default value 'false' instead.
2025-10-03 09:27:39,846 INFO o.a.j.r.c.ReportGeneratorConfiguration: Property 'jmeter.reportgenerator.graph.responseTimeDistribution.exclude_controllers' not found, using default value 'false' instead.
2025-10-03 09:27:39,846 INFO o.a.j.r.c.ReportGeneratorConfiguration: Property 'jmeter.reportgenerator.graph.transactionsPerSecond.exclude_controllers' not found, using default value 'false' instead.
2025-10-03 09:27:39,846 INFO o.a.j.r.c.ReportGeneratorConfiguration: Property 'jmeter.reportgenerator.graph.responseTimePercentiles.exclude_controllers' not found, using default value 'false' instead.
2025-10-03 09:27:39,846 INFO o.a.j.r.c.ReportGeneratorConfiguration: Property 'jmeter.reportgenerator.graph.responseTimePercentilesOverTime.exclude_controllers' not found, using default value 'false' instead.
2025-10-03 09:27:39,847 INFO o.a.j.r.c.ReportGeneratorConfiguration: Property 'jmeter.reportgenerator.graph.responseTimesOverTime.exclude_controllers' not found, using default value 'false' instead.
2025-10-03 09:27:39,847 INFO o.a.j.r.c.ReportGeneratorConfiguration: Property 'jmeter.reportgenerator.graph.connectTimeOverTime.exclude_controllers' not found, using default value 'false' instead.
2025-10-03 09:27:39,847 INFO o.a.j.r.c.ReportGeneratorConfiguration: Property 'jmeter.reportgenerator.graph.latenciesOverTime.exclude_controllers' not found, using default value 'false' instead.
2025-10-03 09:27:39,848 INFO o.a.j.r.c.ReportGeneratorConfiguration: Property 'jmeter.reportgenerator.exporter.json.filters_only_sample_series' not found, using default value 'true' instead.
2025-10-03 09:27:39,848 INFO o.a.j.r.c.ReportGeneratorConfiguration: Property 'jmeter.reportgenerator.exporter.json.series_filter' not found, using default value '' instead.
2025-10-03 09:27:39,848 INFO o.a.j.r.c.ReportGeneratorConfiguration: Property 'jmeter.reportgenerator.exporter.json.show_controllers_only' not found, using default value 'false' instead.
2025-10-03 09:27:39,848 INFO o.a.j.r.c.ReportGeneratorConfiguration: Property 'jmeter.reportgenerator.exporter.html.filters_only_sample_series' not found, using default value 'true' instead.
2025-10-03 09:27:39,848 INFO o.a.j.r.c.ReportGeneratorConfiguration: Property 'jmeter.reportgenerator.exporter.html.series_filter' not found, using default value '' instead.
2025-10-03 09:27:39,848 INFO o.a.j.r.c.ReportGeneratorConfiguration: Property 'jmeter.reportgenerator.exporter.html.show_controllers_only' not found, using default value 'false' instead.
2025-10-03 09:27:39,857 INFO o.a.j.e.StandardJMeterEngine: Running the test!
2025-10-03 09:27:39,857 INFO o.a.j.s.SampleEvent: List of sample_variables: []
2025-10-03 09:27:39,857 INFO o.a.j.s.SampleEvent: List of sample_variables: []
2025-10-03 09:27:39,917 INFO o.a.j.JMeter: Running test (1759483659917)
2025-10-03 09:27:39,941 INFO o.a.j.e.StandardJMeterEngine: Starting ThreadGroup: 1 : UDP Ingestion
2025-10-03 09:27:39,942 INFO o.a.j.e.StandardJMeterEngine: Starting 10 threads for group UDP Ingestion.
2025-10-03 09:27:39,942 INFO o.a.j.e.StandardJMeterEngine: Thread will continue on error
2025-10-03 09:27:39,942 INFO o.a.j.t.ThreadGroup: Starting thread group... number=1 threads=10 ramp-up=10 delayedStart=false
2025-10-03 09:27:39,951 INFO o.a.j.t.JMeterThread: Thread started: UDP Ingestion 1-1
2025-10-03 09:27:39,972 INFO o.a.j.t.ThreadGroup: Started thread group number 1
2025-10-03 09:27:39,973 INFO o.a.j.e.StandardJMeterEngine: Starting ThreadGroup: 2 : HTTP Searchers
2025-10-03 09:27:39,973 INFO o.a.j.e.StandardJMeterEngine: Starting 10 threads for group HTTP Searchers.
2025-10-03 09:27:39,973 INFO o.a.j.e.StandardJMeterEngine: Thread will continue on error
2025-10-03 09:27:39,973 INFO o.a.j.t.ThreadGroup: Starting thread group... number=2 threads=10 ramp-up=10 delayedStart=false
2025-10-03 09:27:39,974 INFO o.a.j.t.JMeterThread: Thread started: HTTP Searchers 2-1
2025-10-03 09:27:39,975 INFO o.a.j.s.SampleResult: Note: Sample TimeStamps are END times
2025-10-03 09:27:39,975 INFO o.a.j.s.SampleResult: sampleresult.default.encoding is set to UTF-8
2025-10-03 09:27:39,975 INFO o.a.j.s.SampleResult: sampleresult.useNanoTime=true
2025-10-03 09:27:39,975 INFO o.a.j.s.SampleResult: sampleresult.nanoThreadSleep=5000
2025-10-03 09:27:39,985 INFO o.a.j.t.ThreadGroup: Started thread group number 2
2025-10-03 09:27:39,985 INFO o.a.j.e.StandardJMeterEngine: All thread groups have been started
2025-10-03 09:27:39,986 INFO o.a.j.r.Summariser: summary +      1 in 00:00:00 =   14.9/s Avg:     3 Min:     3 Max:     3 Err:     0 (0.00%) Active: 2 Started: 2 Finished: 0
2025-10-03 09:27:39,991 INFO o.a.j.p.h.s.HTTPHCAbstractImpl: Local host = runnervm3ublj
2025-10-03 09:27:39,995 INFO o.a.j.p.h.s.HTTPHC4Impl: HTTP request retry count = 0
2025-10-03 09:27:40,948 INFO o.a.j.t.JMeterThread: Thread started: UDP Ingestion 1-2
2025-10-03 09:27:40,976 INFO o.a.j.t.JMeterThread: Thread started: HTTP Searchers 2-2
2025-10-03 09:27:41,947 INFO o.a.j.t.JMeterThread: Thread started: UDP Ingestion 1-3
2025-10-03 09:27:41,975 INFO o.a.j.t.JMeterThread: Thread started: HTTP Searchers 2-3
2025-10-03 09:27:42,945 INFO o.a.j.t.JMeterThread: Thread started: UDP Ingestion 1-4
2025-10-03 09:27:42,974 INFO o.a.j.t.JMeterThread: Thread started: HTTP Searchers 2-4
2025-10-03 09:27:43,945 INFO o.a.j.t.JMeterThread: Thread started: UDP Ingestion 1-5
2025-10-03 09:27:43,975 INFO o.a.j.t.JMeterThread: Thread started: HTTP Searchers 2-5
2025-10-03 09:27:44,946 INFO o.a.j.t.JMeterThread: Thread started: UDP Ingestion 1-6
2025-10-03 09:27:44,975 INFO o.a.j.t.JMeterThread: Thread started: HTTP Searchers 2-6
2025-10-03 09:27:45,000 INFO o.a.j.r.Summariser: summary +  10895 in 00:00:05 = 2172.0/s Avg:     1 Min:     0 Max:    24 Err:     0 (0.00%) Active: 12 Started: 12 Finished: 0
2025-10-03 09:27:45,001 INFO o.a.j.r.Summariser: summary =  10896 in 00:00:05 = 2143.6/s Avg:     1 Min:     0 Max:    24 Err:     0 (0.00%)
2025-10-03 09:27:45,944 INFO o.a.j.t.JMeterThread: Thread started: UDP Ingestion 1-7
2025-10-03 09:27:45,976 INFO o.a.j.t.JMeterThread: Thread started: HTTP Searchers 2-7
2025-10-03 09:27:46,945 INFO o.a.j.t.JMeterThread: Thread started: UDP Ingestion 1-8
2025-10-03 09:27:46,975 INFO o.a.j.t.JMeterThread: Thread started: HTTP Searchers 2-8
2025-10-03 09:27:47,946 INFO o.a.j.t.JMeterThread: Thread started: UDP Ingestion 1-9
2025-10-03 09:27:47,974 INFO o.a.j.t.JMeterThread: Thread started: HTTP Searchers 2-9
2025-10-03 09:27:48,945 INFO o.a.j.t.JMeterThread: Thread started: UDP Ingestion 1-10
2025-10-03 09:27:48,974 INFO o.a.j.t.JMeterThread: Thread started: HTTP Searchers 2-10
2025-10-03 09:27:51,000 INFO o.a.j.r.Summariser: summary +  20587 in 00:00:06 = 3431.2/s Avg:     2 Min:     0 Max:    17 Err:     0 (0.00%) Active: 20 Started: 20 Finished: 0
2025-10-03 09:27:51,001 INFO o.a.j.r.Summariser: summary =  31483 in 00:00:11 = 2840.7/s Avg:     2 Min:     0 Max:    24 Err:     0 (0.00%)
2025-10-03 09:27:57,000 INFO o.a.j.r.Summariser: summary +  24386 in 00:00:06 = 4064.3/s Avg:     2 Min:     0 Max:    17 Err:     0 (0.00%) Active: 20 Started: 20 Finished: 0
2025-10-03 09:27:57,000 INFO o.a.j.r.Summariser: summary =  55869 in 00:00:17 = 3270.4/s Avg:     2 Min:     0 Max:    24 Err:     0 (0.00%)
2025-10-03 09:28:03,000 INFO o.a.j.r.Summariser: summary +  24597 in 00:00:06 = 4099.5/s Avg:     2 Min:     0 Max:    16 Err:     0 (0.00%) Active: 20 Started: 20 Finished: 0
2025-10-03 09:28:03,000 INFO o.a.j.r.Summariser: summary =  80466 in 00:00:23 = 3485.9/s Avg:     2 Min:     0 Max:    24 Err:     0 (0.00%)
2025-10-03 09:28:09,001 INFO o.a.j.r.Summariser: summary +  24269 in 00:00:06 = 4044.8/s Avg:     2 Min:     0 Max:    21 Err:     0 (0.00%) Active: 20 Started: 20 Finished: 0
2025-10-03 09:28:09,002 INFO o.a.j.r.Summariser: summary = 104735 in 00:00:29 = 3601.2/s Avg:     2 Min:     0 Max:    24 Err:     0 (0.00%)
2025-10-03 09:28:15,000 INFO o.a.j.r.Summariser: summary +  24478 in 00:00:06 = 4079.7/s Avg:     2 Min:     0 Max:    17 Err:     0 (0.00%) Active: 20 Started: 20 Finished: 0
2025-10-03 09:28:15,001 INFO o.a.j.r.Summariser: summary = 129213 in 00:00:35 = 3683.1/s Avg:     2 Min:     0 Max:    24 Err:     0 (0.00%)
2025-10-03 09:28:21,000 INFO o.a.j.r.Summariser: summary +  24576 in 00:00:06 = 4096.0/s Avg:     2 Min:     0 Max:    24 Err:     0 (0.00%) Active: 20 Started: 20 Finished: 0
2025-10-03 09:28:21,000 INFO o.a.j.r.Summariser: summary = 153789 in 00:00:41 = 3743.4/s Avg:     2 Min:     0 Max:    24 Err:     0 (0.00%)
2025-10-03 09:28:27,000 INFO o.a.j.r.Summariser: summary +  24363 in 00:00:06 = 4060.5/s Avg:     2 Min:     0 Max:    18 Err:     0 (0.00%) Active: 20 Started: 20 Finished: 0
2025-10-03 09:28:27,001 INFO o.a.j.r.Summariser: summary = 178152 in 00:00:47 = 3783.8/s Avg:     2 Min:     0 Max:    24 Err:     0 (0.00%)
2025-10-03 09:28:33,001 INFO o.a.j.r.Summariser: summary +  25003 in 00:00:06 = 4167.2/s Avg:     2 Min:     0 Max:    16 Err:     0 (0.00%) Active: 20 Started: 20 Finished: 0
2025-10-03 09:28:33,002 INFO o.a.j.r.Summariser: summary = 203155 in 00:00:53 = 3827.1/s Avg:     2 Min:     0 Max:    24 Err:     0 (0.00%)
2025-10-03 09:28:39,001 INFO o.a.j.r.Summariser: summary +  25015 in 00:00:06 = 4169.2/s Avg:     2 Min:     0 Max:    16 Err:     0 (0.00%) Active: 20 Started: 20 Finished: 0
2025-10-03 09:28:39,001 INFO o.a.j.r.Summariser: summary = 228170 in 00:00:59 = 3861.9/s Avg:     2 Min:     0 Max:    24 Err:     0 (0.00%)
2025-10-03 09:28:39,923 INFO o.a.j.t.JMeterThread: Thread finished: UDP Ingestion 1-1
2025-10-03 09:28:39,930 INFO o.a.j.t.JMeterThread: Thread finished: UDP Ingestion 1-2
2025-10-03 09:28:39,935 INFO o.a.j.t.JMeterThread: Thread finished: UDP Ingestion 1-3
2025-10-03 09:28:39,943 INFO o.a.j.t.JMeterThread: Thread finished: UDP Ingestion 1-6
2025-10-03 09:28:39,944 INFO o.a.j.t.JMeterThread: Thread finished: UDP Ingestion 1-8
2025-10-03 09:28:39,947 INFO o.a.j.t.JMeterThread: Thread finished: UDP Ingestion 1-4
2025-10-03 09:28:39,949 INFO o.a.j.t.JMeterThread: Thread finished: UDP Ingestion 1-7
2025-10-03 09:28:39,953 INFO o.a.j.t.JMeterThread: Thread finished: UDP Ingestion 1-5
2025-10-03 09:28:39,953 INFO o.a.j.t.JMeterThread: Thread finished: UDP Ingestion 1-10
2025-10-03 09:28:39,957 INFO o.a.j.t.JMeterThread: Thread finished: UDP Ingestion 1-9
2025-10-03 09:28:39,975 INFO o.a.j.t.JMeterThread: Stopping because end time detected by thread: HTTP Searchers 2-1
2025-10-03 09:28:39,975 INFO o.a.j.t.JMeterThread: Thread finished: HTTP Searchers 2-1
2025-10-03 09:28:39,977 INFO o.a.j.t.JMeterThread: Stopping because end time detected by thread: HTTP Searchers 2-2
2025-10-03 09:28:39,977 INFO o.a.j.t.JMeterThread: Thread finished: HTTP Searchers 2-2
2025-10-03 09:28:39,978 INFO o.a.j.t.JMeterThread: Stopping because end time detected by thread: HTTP Searchers 2-5
2025-10-03 09:28:39,978 INFO o.a.j.t.JMeterThread: Thread finished: HTTP Searchers 2-5
2025-10-03 09:28:39,979 INFO o.a.j.t.JMeterThread: Stopping because end time detected by thread: HTTP Searchers 2-3
2025-10-03 09:28:39,979 INFO o.a.j.t.JMeterThread: Thread finished: HTTP Searchers 2-3
2025-10-03 09:28:39,980 INFO o.a.j.t.JMeterThread: Stopping because end time detected by thread: HTTP Searchers 2-6
2025-10-03 09:28:39,980 INFO o.a.j.t.JMeterThread: Thread finished: HTTP Searchers 2-6
2025-10-03 09:28:39,980 INFO o.a.j.t.JMeterThread: Stopping because end time detected by thread: HTTP Searchers 2-4
2025-10-03 09:28:39,980 INFO o.a.j.t.JMeterThread: Thread finished: HTTP Searchers 2-4
2025-10-03 09:28:39,983 INFO o.a.j.t.JMeterThread: Stopping because end time detected by thread: HTTP Searchers 2-7
2025-10-03 09:28:39,983 INFO o.a.j.t.JMeterThread: Thread finished: HTTP Searchers 2-7
2025-10-03 09:28:39,983 INFO o.a.j.t.JMeterThread: Stopping because end time detected by thread: HTTP Searchers 2-8
2025-10-03 09:28:39,983 INFO o.a.j.t.JMeterThread: Thread finished: HTTP Searchers 2-8
2025-10-03 09:28:39,984 INFO o.a.j.t.JMeterThread: Stopping because end time detected by thread: HTTP Searchers 2-9
2025-10-03 09:28:39,984 INFO o.a.j.t.JMeterThread: Thread finished: HTTP Searchers 2-9
2025-10-03 09:28:39,985 INFO o.a.j.t.JMeterThread: Stopping because end time detected by thread: HTTP Searchers 2-10
2025-10-03 09:28:39,985 INFO o.a.j.t.JMeterThread: Thread finished: HTTP Searchers 2-10
2025-10-03 09:28:39,985 INFO o.a.j.e.StandardJMeterEngine: Notifying test listeners of end of test
2025-10-03 09:28:39,985 INFO o.a.j.r.Summariser: summary +   4018 in 00:00:01 = 4079.2/s Avg:     2 Min:     0 Max:    17 Err:     0 (0.00%) Active: 0 Started: 20 Finished: 20
2025-10-03 09:28:39,986 INFO o.a.j.r.Summariser: summary = 232188 in 00:01:00 = 3865.4/s Avg:     2 Min:     0 Max:    24 Err:     0 (0.00%)
2025-10-03 09:28:39,986 INFO o.a.j.JMeter: Generating Dashboard
2025-10-03 09:28:39,986 INFO o.a.j.r.d.ReportGenerator: Flushing result collector before report Generation
2025-10-03 09:28:39,997 INFO o.a.j.r.p.NormalizerSampleConsumer: Using format, 'ms', to parse timeStamp field
2025-10-03 09:28:42,584 INFO o.a.j.r.p.AbstractSampleConsumer: class org.apache.jmeter.report.processor.AggregateConsumer#stopProducing(): beginDate produced 0 samples
2025-10-03 09:28:42,584 INFO o.a.j.r.p.AbstractSampleConsumer: class org.apache.jmeter.report.processor.AggregateConsumer#stopProducing(): endDate produced 0 samples
2025-10-03 09:28:42,585 INFO o.a.j.r.p.AbstractSampleConsumer: class org.apache.jmeter.report.processor.ApdexSummaryConsumer#stopProducing(): apdexSummary produced 0 samples
2025-10-03 09:28:42,585 INFO o.a.j.r.p.AbstractSampleConsumer: class org.apache.jmeter.report.processor.RequestsSummaryConsumer#stopProducing(): requestsSummary produced 0 samples
2025-10-03 09:28:42,601 INFO o.a.j.r.p.AbstractSampleConsumer: class org.apache.jmeter.report.processor.StatisticsSummaryConsumer#stopProducing(): statisticsSummary produced 0 samples
2025-10-03 09:28:42,602 INFO o.a.j.r.p.AbstractSampleConsumer: class org.apache.jmeter.report.processor.Top5ErrorsBySamplerConsumer#stopProducing(): top5ErrorsBySampler produced 0 samples
2025-10-03 09:28:42,602 INFO o.a.j.r.p.AbstractSampleConsumer: class org.apache.jmeter.report.processor.ErrorsSummaryConsumer#stopProducing(): errorsSummary produced 0 samples
2025-10-03 09:28:42,602 INFO o.a.j.r.p.AbstractSampleConsumer: class org.apache.jmeter.report.processor.graph.impl.HitsPerSecondGraphConsumer#stopProducing(): hitsPerSecond produced 0 samples
2025-10-03 09:28:43,372 INFO o.a.j.r.p.AbstractSampleConsumer: class org.apache.jmeter.report.processor.graph.impl.LatencyVSRequestGraphConsumer#stopProducing(): latencyVsRequest produced 0 samples
2025-10-03 09:28:43,387 INFO o.a.j.r.p.AbstractSampleConsumer: class org.apache.jmeter.report.processor.graph.impl.SyntheticResponseTimeDistributionGraphConsumer#stopProducing(): syntheticResponseTimeDistribution produced 0 samples
2025-10-03 09:28:43,388 INFO o.a.j.r.p.AbstractSampleConsumer: class org.apache.jmeter.report.processor.graph.impl.BytesThroughputGraphConsumer#stopProducing(): bytesThroughputOverTime produced 0 samples
2025-10-03 09:28:43,388 INFO o.a.j.r.p.AbstractSampleConsumer: class org.apache.jmeter.report.processor.graph.impl.CodesPerSecondGraphConsumer#stopProducing(): codesPerSecond produced 0 samples
2025-10-03 09:28:44,077 INFO o.a.j.r.p.AbstractSampleConsumer: class org.apache.jmeter.report.processor.graph.impl.ResponseTimeVSRequestGraphConsumer#stopProducing(): responseTimeVsRequest produced 0 samples
2025-10-03 09:28:44,080 INFO o.a.j.r.p.AbstractSampleConsumer: class org.apache.jmeter.report.processor.FilterConsumer#stopProducing(): startIntervalControlerFilter produced 1625316 samples
2025-10-03 09:28:44,080 INFO o.a.j.r.p.AbstractSampleConsumer: class org.apache.jmeter.report.processor.graph.impl.TotalTPSGraphConsumer#stopProducing(): totalTPS produced 0 samples
2025-10-03 09:28:44,080 INFO o.a.j.r.p.AbstractSampleConsumer: class org.apache.jmeter.report.processor.graph.impl.ActiveThreadsGraphConsumer#stopProducing(): activeThreadsOverTime produced 0 samples
2025-10-03 09:28:44,080 INFO o.a.j.r.p.AbstractSampleConsumer: class org.apache.jmeter.report.processor.graph.impl.TimeVSThreadGraphConsumer#stopProducing(): timeVsThreads produced 0 samples
2025-10-03 09:28:44,081 INFO o.a.j.r.p.AbstractSampleConsumer: class org.apache.jmeter.report.processor.graph.impl.ResponseTimeDistributionGraphConsumer#stopProducing(): responseTimeDistribution produced 0 samples
2025-10-03 09:28:44,081 INFO o.a.j.r.p.AbstractSampleConsumer: class org.apache.jmeter.report.processor.graph.impl.TransactionsPerSecondGraphConsumer#stopProducing(): transactionsPerSecond produced 0 samples
2025-10-03 09:28:44,081 INFO o.a.j.r.p.AbstractSampleConsumer: class org.apache.jmeter.report.processor.graph.impl.ResponseTimePercentilesGraphConsumer#stopProducing(): responseTimePercentiles produced 0 samples
2025-10-03 09:28:44,082 INFO o.a.j.r.p.AbstractSampleConsumer: class org.apache.jmeter.report.processor.graph.impl.ResponseTimePercentilesOverTimeGraphConsumer#stopProducing(): responseTimePercentilesOverTime produced 0 samples
2025-10-03 09:28:44,083 INFO o.a.j.r.p.AbstractSampleConsumer: class org.apache.jmeter.report.processor.graph.impl.ResponseTimeOverTimeGraphConsumer#stopProducing(): responseTimesOverTime produced 0 samples
2025-10-03 09:28:44,084 INFO o.a.j.r.p.AbstractSampleConsumer: class org.apache.jmeter.report.processor.graph.impl.ConnectTimeOverTimeGraphConsumer#stopProducing(): connectTimeOverTime produced 0 samples
2025-10-03 09:28:44,084 INFO o.a.j.r.p.AbstractSampleConsumer: class org.apache.jmeter.report.processor.graph.impl.LatencyOverTimeGraphConsumer#stopProducing(): latenciesOverTime produced 0 samples
2025-10-03 09:28:44,084 INFO o.a.j.r.p.AbstractSampleConsumer: class org.apache.jmeter.report.processor.FilterConsumer#stopProducing(): nameFilter produced 3482820 samples
2025-10-03 09:28:44,084 INFO o.a.j.r.p.AbstractSampleConsumer: class org.apache.jmeter.report.processor.FilterConsumer#stopProducing(): dateRangeFilter produced 696564 samples
2025-10-03 09:28:44,084 INFO o.a.j.r.p.AbstractSampleConsumer: class org.apache.jmeter.report.processor.NormalizerSampleConsumer#stopProducing(): normalizer produced 232188 samples
2025-10-03 09:28:44,084 INFO o.a.j.r.p.CsvFileSampleSource: produce(): 232188 samples produced in 4s 66 ms on channel 0
2025-10-03 09:28:44,085 INFO o.a.j.r.d.ReportGenerator: Exporting data using exporter:'json' of className:'org.apache.jmeter.report.dashboard.JsonExporter'
2025-10-03 09:28:44,165 INFO o.a.j.r.d.JsonExporter: Found data for consumer statisticsSummary in context
2025-10-03 09:28:44,165 INFO o.a.j.r.d.JsonExporter: Creating statistics for overall
2025-10-03 09:28:44,166 INFO o.a.j.r.d.JsonExporter: Creating statistics for other transactions
2025-10-03 09:28:44,166 INFO o.a.j.r.d.JsonExporter: Checking output folder
2025-10-03 09:28:44,166 INFO o.a.j.r.d.JsonExporter: Writing statistics JSON to /home/runner/work/grepwise/grepwise/target/jmeter/reports/combined-parallel-bsh/statistics.json
2025-10-03 09:28:44,202 INFO o.a.j.r.d.ReportGenerator: Exporting data using exporter:'html' of className:'org.apache.jmeter.report.dashboard.HtmlTemplateExporter'
2025-10-03 09:28:44,204 INFO o.a.j.r.d.HtmlTemplateExporter: Will generate dashboard in folder: /home/runner/work/grepwise/grepwise/target/jmeter/reports/combined-parallel-bsh
2025-10-03 09:28:44,276 INFO o.a.j.r.d.HtmlTemplateExporter: Report will be generated in: /home/runner/work/grepwise/grepwise/target/jmeter/reports/combined-parallel-bsh, creating folder structure
2025-10-03 09:28:44,278 INFO o.a.j.r.d.TemplateVisitor: Copying folder from '/home/runner/work/grepwise/grepwise/target/86fb4320-e797-476d-b10e-a2a8e19621e7/jmeter/bin/report-template' to '/home/runner/work/grepwise/grepwise/target/jmeter/reports/combined-parallel-bsh', got message: /home/runner/work/grepwise/grepwise/target/jmeter/reports/combined-parallel-bsh, found non empty folder with following content [/home/runner/work/grepwise/grepwise/target/jmeter/reports/combined-parallel-bsh/statistics.json], will be ignored
2025-10-03 09:28:44,444 INFO o.a.j.JMeter: Dashboard generated
