2025-10-03 09:26:36,495 INFO o.a.j.u.JMeterUtils: Setting Locale to en
2025-10-03 09:26:36,513 INFO o.a.j.JMeter: Loading additional properties from: /home/runner/work/grepwise/grepwise/src/test/jmeter/jmeter.properties
2025-10-03 09:26:36,513 INFO o.a.j.JMeter: Setting System property: sun.net.http.allowRestrictedHeaders=true
2025-10-03 09:26:36,518 INFO o.a.j.JMeter: Copyright (c) 1998-2023 The Apache Software Foundation
2025-10-03 09:26:36,518 INFO o.a.j.JMeter: Version 5.6.2
2025-10-03 09:26:36,518 INFO o.a.j.JMeter: java.version=25
2025-10-03 09:26:36,518 INFO o.a.j.JMeter: java.vm.name=OpenJDK 64-Bit Server VM
2025-10-03 09:26:36,518 INFO o.a.j.JMeter: os.name=Linux
2025-10-03 09:26:36,518 INFO o.a.j.JMeter: os.arch=amd64
2025-10-03 09:26:36,518 INFO o.a.j.JMeter: os.version=6.11.0-1018-azure
2025-10-03 09:26:36,518 INFO o.a.j.JMeter: file.encoding=UTF-8
2025-10-03 09:26:36,518 INFO o.a.j.JMeter: java.awt.headless=true
2025-10-03 09:26:36,519 INFO o.a.j.JMeter: Max memory     =536870912
2025-10-03 09:26:36,519 INFO o.a.j.JMeter: Available Processors =4
2025-10-03 09:26:36,528 INFO o.a.j.JMeter: Default Locale=English
2025-10-03 09:26:36,528 INFO o.a.j.JMeter: JMeter  Locale=English
2025-10-03 09:26:36,528 INFO o.a.j.JMeter: JMeterHome=/home/runner/work/grepwise/grepwise/target/86fb4320-e797-476d-b10e-a2a8e19621e7/jmeter
2025-10-03 09:26:36,528 INFO o.a.j.JMeter: user.dir  =/home/runner/work/grepwise/grepwise/target/86fb4320-e797-476d-b10e-a2a8e19621e7/jmeter/bin
2025-10-03 09:26:36,528 INFO o.a.j.JMeter: PWD       =/home/runner/work/grepwise/grepwise/target/86fb4320-e797-476d-b10e-a2a8e19621e7/jmeter/bin
2025-10-03 09:26:36,529 INFO o.a.j.JMeter: IP: 10.1.0.223 Name: runnervm3ublj FullName: runnervm3ublj
2025-10-03 09:26:36,537 INFO o.a.j.JMeter: Setting property 'jmeter.reportgenerator.outputdir' to:'/home/runner/work/grepwise/grepwise/target/jmeter/reports/http-search'
2025-10-03 09:26:36,539 INFO o.a.j.s.FileServer: Default base='/home/runner/work/grepwise/grepwise/target/86fb4320-e797-476d-b10e-a2a8e19621e7/jmeter/bin'
2025-10-03 09:26:36,540 INFO o.a.j.s.FileServer: Set new base='/home/runner/work/grepwise/grepwise/target/jmeter/testFiles'
2025-10-03 09:26:36,767 INFO o.a.j.s.SaveService: Testplan (JMX) version: 2.2. Testlog (JTL) version: 2.2
2025-10-03 09:26:36,787 INFO o.a.j.s.SaveService: Using SaveService properties version 5.0
2025-10-03 09:26:36,791 INFO o.a.j.s.SaveService: Using SaveService properties file encoding UTF-8
2025-10-03 09:26:36,794 INFO o.a.j.s.SaveService: Loading file: /home/runner/work/grepwise/grepwise/target/jmeter/testFiles/http-search.jmx
2025-10-03 09:26:36,860 INFO o.a.j.JMeter: Creating summariser <summary>
2025-10-03 09:26:36,864 INFO o.a.j.r.d.ReportGenerator: ReportGenerator will use for Parsing the separator: ','
2025-10-03 09:26:36,864 INFO o.a.j.r.d.ReportGenerator: Will generate report at end of test from  results file: /home/runner/work/grepwise/grepwise/target/jmeter/results/20251003-http-search.csv
2025-10-03 09:26:36,864 INFO o.a.j.r.d.ReportGenerator: Reading report generator properties from: /home/runner/work/grepwise/grepwise/target/86fb4320-e797-476d-b10e-a2a8e19621e7/jmeter/bin/reportgenerator.properties
2025-10-03 09:26:36,864 INFO o.a.j.r.d.ReportGenerator: Merging with JMeter properties
2025-10-03 09:26:36,867 INFO o.a.j.r.c.ReportGeneratorConfiguration: Property 'jmeter.reportgenerator.temp_dir' not found, using default value 'temp' instead.
2025-10-03 09:26:36,869 INFO o.a.j.r.c.ReportGeneratorConfiguration: Property 'jmeter.reportgenerator.apdex_per_transaction' not found, using default value 'null' instead.
2025-10-03 09:26:36,869 INFO o.a.j.r.c.ReportGeneratorConfiguration: apdex_per_transaction is empty, not APDEX per transaction customization
2025-10-03 09:26:36,869 INFO o.a.j.r.c.ReportGeneratorConfiguration: Property 'jmeter.reportgenerator.sample_filter' not found, using default value 'null' instead.
2025-10-03 09:26:36,869 INFO o.a.j.r.c.ReportGeneratorConfiguration: Property 'jmeter.reportgenerator.report_title' not found, using default value 'null' instead.
2025-10-03 09:26:36,869 INFO o.a.j.r.c.ReportGeneratorConfiguration: Property 'jmeter.reportgenerator.start_date' not found, using default value 'null' instead.
2025-10-03 09:26:36,870 INFO o.a.j.r.c.ReportGeneratorConfiguration: Property 'jmeter.reportgenerator.end_date' not found, using default value 'null' instead.
2025-10-03 09:26:36,870 INFO o.a.j.r.c.ReportGeneratorConfiguration: Property 'jmeter.reportgenerator.date_format' not found, using default value 'null' instead.
2025-10-03 09:26:36,870 INFO o.a.j.r.c.ReportGeneratorConfiguration: Will use date range start date: null, end date: null
2025-10-03 09:26:36,873 INFO o.a.j.r.c.ReportGeneratorConfiguration: Property 'jmeter.reportgenerator.graph.totalTPS.exclude_controllers' not found, using default value 'false' instead.
2025-10-03 09:26:36,873 INFO o.a.j.r.c.ReportGeneratorConfiguration: Property 'jmeter.reportgenerator.graph.activeThreadsOverTime.exclude_controllers' not found, using default value 'false' instead.
2025-10-03 09:26:36,873 INFO o.a.j.r.c.ReportGeneratorConfiguration: Property 'jmeter.reportgenerator.graph.timeVsThreads.exclude_controllers' not found, using default value 'false' instead.
2025-10-03 09:26:36,873 INFO o.a.j.r.c.ReportGeneratorConfiguration: Property 'jmeter.reportgenerator.graph.responseTimeDistribution.exclude_controllers' not found, using default value 'false' instead.
2025-10-03 09:26:36,873 INFO o.a.j.r.c.ReportGeneratorConfiguration: Property 'jmeter.reportgenerator.graph.transactionsPerSecond.exclude_controllers' not found, using default value 'false' instead.
2025-10-03 09:26:36,873 INFO o.a.j.r.c.ReportGeneratorConfiguration: Property 'jmeter.reportgenerator.graph.responseTimePercentiles.exclude_controllers' not found, using default value 'false' instead.
2025-10-03 09:26:36,873 INFO o.a.j.r.c.ReportGeneratorConfiguration: Property 'jmeter.reportgenerator.graph.responseTimePercentilesOverTime.exclude_controllers' not found, using default value 'false' instead.
2025-10-03 09:26:36,873 INFO o.a.j.r.c.ReportGeneratorConfiguration: Property 'jmeter.reportgenerator.graph.responseTimesOverTime.exclude_controllers' not found, using default value 'false' instead.
2025-10-03 09:26:36,874 INFO o.a.j.r.c.ReportGeneratorConfiguration: Property 'jmeter.reportgenerator.graph.connectTimeOverTime.exclude_controllers' not found, using default value 'false' instead.
2025-10-03 09:26:36,874 INFO o.a.j.r.c.ReportGeneratorConfiguration: Property 'jmeter.reportgenerator.graph.latenciesOverTime.exclude_controllers' not found, using default value 'false' instead.
2025-10-03 09:26:36,874 INFO o.a.j.r.c.ReportGeneratorConfiguration: Property 'jmeter.reportgenerator.exporter.json.filters_only_sample_series' not found, using default value 'true' instead.
2025-10-03 09:26:36,874 INFO o.a.j.r.c.ReportGeneratorConfiguration: Property 'jmeter.reportgenerator.exporter.json.series_filter' not found, using default value '' instead.
2025-10-03 09:26:36,875 INFO o.a.j.r.c.ReportGeneratorConfiguration: Property 'jmeter.reportgenerator.exporter.json.show_controllers_only' not found, using default value 'false' instead.
2025-10-03 09:26:36,875 INFO o.a.j.r.c.ReportGeneratorConfiguration: Property 'jmeter.reportgenerator.exporter.html.filters_only_sample_series' not found, using default value 'true' instead.
2025-10-03 09:26:36,875 INFO o.a.j.r.c.ReportGeneratorConfiguration: Property 'jmeter.reportgenerator.exporter.html.series_filter' not found, using default value '' instead.
2025-10-03 09:26:36,875 INFO o.a.j.r.c.ReportGeneratorConfiguration: Property 'jmeter.reportgenerator.exporter.html.show_controllers_only' not found, using default value 'false' instead.
2025-10-03 09:26:36,883 INFO o.a.j.e.StandardJMeterEngine: Running the test!
2025-10-03 09:26:36,884 INFO o.a.j.s.SampleEvent: List of sample_variables: []
2025-10-03 09:26:36,884 INFO o.a.j.s.SampleEvent: List of sample_variables: []
2025-10-03 09:26:36,946 INFO o.a.j.JMeter: Running test (1759483596946)
2025-10-03 09:26:36,968 INFO o.a.j.e.StandardJMeterEngine: Starting ThreadGroup: 1 : Searchers
2025-10-03 09:26:36,969 INFO o.a.j.e.StandardJMeterEngine: Starting 10 threads for group Searchers.
2025-10-03 09:26:36,969 INFO o.a.j.e.StandardJMeterEngine: Thread will continue on error
2025-10-03 09:26:36,969 INFO o.a.j.t.ThreadGroup: Starting thread group... number=1 threads=10 ramp-up=10 delayedStart=false
2025-10-03 09:26:36,977 INFO o.a.j.t.JMeterThread: Thread started: Searchers 1-1
2025-10-03 09:26:36,981 INFO o.a.j.t.ThreadGroup: Started thread group number 1
2025-10-03 09:26:36,981 INFO o.a.j.e.StandardJMeterEngine: All thread groups have been started
2025-10-03 09:26:37,206 INFO o.a.j.p.h.s.HTTPHCAbstractImpl: Local host = runnervm3ublj
2025-10-03 09:26:37,210 INFO o.a.j.p.h.s.HTTPHC4Impl: HTTP request retry count = 0
2025-10-03 09:26:37,211 INFO o.a.j.s.SampleResult: Note: Sample TimeStamps are END times
2025-10-03 09:26:37,211 INFO o.a.j.s.SampleResult: sampleresult.default.encoding is set to UTF-8
2025-10-03 09:26:37,211 INFO o.a.j.s.SampleResult: sampleresult.useNanoTime=true
2025-10-03 09:26:37,211 INFO o.a.j.s.SampleResult: sampleresult.nanoThreadSleep=5000
2025-10-03 09:26:37,297 INFO o.a.j.r.Summariser: summary +      1 in 00:00:00 =    2.9/s Avg:    26 Min:    26 Max:    26 Err:     0 (0.00%) Active: 1 Started: 1 Finished: 0
2025-10-03 09:26:37,973 INFO o.a.j.t.JMeterThread: Thread started: Searchers 1-2
2025-10-03 09:26:38,971 INFO o.a.j.t.JMeterThread: Thread started: Searchers 1-3
2025-10-03 09:26:39,970 INFO o.a.j.t.JMeterThread: Thread started: Searchers 1-4
2025-10-03 09:26:40,970 INFO o.a.j.t.JMeterThread: Thread started: Searchers 1-5
2025-10-03 09:26:41,970 INFO o.a.j.t.JMeterThread: Thread started: Searchers 1-6
2025-10-03 09:26:42,970 INFO o.a.j.t.JMeterThread: Thread started: Searchers 1-7
2025-10-03 09:26:43,061 INFO o.a.j.r.Summariser: summary +     60 in 00:00:06 =   10.4/s Avg:     1 Min:     1 Max:     7 Err:     0 (0.00%) Active: 7 Started: 7 Finished: 0
2025-10-03 09:26:43,061 INFO o.a.j.r.Summariser: summary =     61 in 00:00:06 =   10.0/s Avg:     2 Min:     1 Max:    26 Err:     0 (0.00%)
2025-10-03 09:26:43,970 INFO o.a.j.t.JMeterThread: Thread started: Searchers 1-8
2025-10-03 09:26:44,970 INFO o.a.j.t.JMeterThread: Thread started: Searchers 1-9
2025-10-03 09:26:45,971 INFO o.a.j.t.JMeterThread: Thread started: Searchers 1-10
2025-10-03 09:26:49,010 INFO o.a.j.r.Summariser: summary +    155 in 00:00:06 =   26.1/s Avg:     1 Min:     0 Max:     3 Err:     0 (0.00%) Active: 10 Started: 10 Finished: 0
2025-10-03 09:26:49,011 INFO o.a.j.r.Summariser: summary =    216 in 00:00:12 =   17.9/s Avg:     1 Min:     0 Max:    26 Err:     0 (0.00%)
2025-10-03 09:26:55,013 INFO o.a.j.r.Summariser: summary +    172 in 00:00:06 =   28.7/s Avg:     1 Min:     0 Max:     4 Err:     0 (0.00%) Active: 10 Started: 10 Finished: 0
2025-10-03 09:26:55,013 INFO o.a.j.r.Summariser: summary =    388 in 00:00:18 =   21.5/s Avg:     1 Min:     0 Max:    26 Err:     0 (0.00%)
2025-10-03 09:27:01,010 INFO o.a.j.r.Summariser: summary +    170 in 00:00:06 =   28.3/s Avg:     1 Min:     0 Max:     2 Err:     0 (0.00%) Active: 10 Started: 10 Finished: 0
2025-10-03 09:27:01,011 INFO o.a.j.r.Summariser: summary =    558 in 00:00:24 =   23.2/s Avg:     1 Min:     0 Max:    26 Err:     0 (0.00%)
2025-10-03 09:27:07,041 INFO o.a.j.r.Summariser: summary +    172 in 00:00:06 =   28.5/s Avg:     1 Min:     0 Max:     2 Err:     0 (0.00%) Active: 10 Started: 10 Finished: 0
2025-10-03 09:27:07,041 INFO o.a.j.r.Summariser: summary =    730 in 00:00:30 =   24.3/s Avg:     1 Min:     0 Max:    26 Err:     0 (0.00%)
2025-10-03 09:27:13,030 INFO o.a.j.r.Summariser: summary +    170 in 00:00:06 =   28.4/s Avg:     1 Min:     0 Max:     2 Err:     0 (0.00%) Active: 10 Started: 10 Finished: 0
2025-10-03 09:27:13,031 INFO o.a.j.r.Summariser: summary =    900 in 00:00:36 =   24.9/s Avg:     1 Min:     0 Max:    26 Err:     0 (0.00%)
2025-10-03 09:27:19,005 INFO o.a.j.r.Summariser: summary +    168 in 00:00:06 =   28.1/s Avg:     1 Min:     0 Max:     2 Err:     0 (0.00%) Active: 10 Started: 10 Finished: 0
2025-10-03 09:27:19,006 INFO o.a.j.r.Summariser: summary =   1068 in 00:00:42 =   25.4/s Avg:     1 Min:     0 Max:    26 Err:     0 (0.00%)
2025-10-03 09:27:25,059 INFO o.a.j.r.Summariser: summary +    172 in 00:00:06 =   28.4/s Avg:     1 Min:     0 Max:     2 Err:     0 (0.00%) Active: 10 Started: 10 Finished: 0
2025-10-03 09:27:25,060 INFO o.a.j.r.Summariser: summary =   1240 in 00:00:48 =   25.8/s Avg:     1 Min:     0 Max:    26 Err:     0 (0.00%)
2025-10-03 09:27:31,030 INFO o.a.j.r.Summariser: summary +    168 in 00:00:06 =   28.1/s Avg:     1 Min:     0 Max:     2 Err:     0 (0.00%) Active: 10 Started: 10 Finished: 0
2025-10-03 09:27:31,030 INFO o.a.j.r.Summariser: summary =   1408 in 00:00:54 =   26.0/s Avg:     1 Min:     0 Max:    26 Err:     0 (0.00%)
2025-10-03 09:27:36,603 INFO o.a.j.t.JMeterThread: Thread finished: Searchers 1-10
2025-10-03 09:27:36,605 INFO o.a.j.t.JMeterThread: Thread finished: Searchers 1-5
2025-10-03 09:27:36,637 INFO o.a.j.t.JMeterThread: Thread finished: Searchers 1-1
2025-10-03 09:27:36,669 INFO o.a.j.t.JMeterThread: Thread finished: Searchers 1-2
2025-10-03 09:27:36,704 INFO o.a.j.t.JMeterThread: Thread finished: Searchers 1-7
2025-10-03 09:27:36,721 INFO o.a.j.t.JMeterThread: Thread finished: Searchers 1-8
2025-10-03 09:27:36,757 INFO o.a.j.t.JMeterThread: Thread finished: Searchers 1-4
2025-10-03 09:27:36,855 INFO o.a.j.t.JMeterThread: Thread finished: Searchers 1-3
2025-10-03 09:27:36,895 INFO o.a.j.t.JMeterThread: Thread finished: Searchers 1-6
2025-10-03 09:27:36,898 INFO o.a.j.t.JMeterThread: Thread finished: Searchers 1-9
2025-10-03 09:27:36,899 INFO o.a.j.e.StandardJMeterEngine: Notifying test listeners of end of test
2025-10-03 09:27:36,899 INFO o.a.j.r.Summariser: summary +    163 in 00:00:06 =   27.8/s Avg:     1 Min:     0 Max:     2 Err:     0 (0.00%) Active: 0 Started: 10 Finished: 10
2025-10-03 09:27:36,899 INFO o.a.j.r.Summariser: summary =   1571 in 00:01:00 =   26.2/s Avg:     1 Min:     0 Max:    26 Err:     0 (0.00%)
2025-10-03 09:27:36,900 INFO o.a.j.JMeter: Generating Dashboard
2025-10-03 09:27:36,900 INFO o.a.j.r.d.ReportGenerator: Flushing result collector before report Generation
2025-10-03 09:27:36,910 INFO o.a.j.r.p.NormalizerSampleConsumer: Using format, 'ms', to parse timeStamp field
2025-10-03 09:27:37,024 INFO o.a.j.r.p.AbstractSampleConsumer: class org.apache.jmeter.report.processor.AggregateConsumer#stopProducing(): beginDate produced 0 samples
2025-10-03 09:27:37,025 INFO o.a.j.r.p.AbstractSampleConsumer: class org.apache.jmeter.report.processor.AggregateConsumer#stopProducing(): endDate produced 0 samples
2025-10-03 09:27:37,026 INFO o.a.j.r.p.AbstractSampleConsumer: class org.apache.jmeter.report.processor.ApdexSummaryConsumer#stopProducing(): apdexSummary produced 0 samples
2025-10-03 09:27:37,026 INFO o.a.j.r.p.AbstractSampleConsumer: class org.apache.jmeter.report.processor.RequestsSummaryConsumer#stopProducing(): requestsSummary produced 0 samples
2025-10-03 09:27:37,031 INFO o.a.j.r.p.AbstractSampleConsumer: class org.apache.jmeter.report.processor.StatisticsSummaryConsumer#stopProducing(): statisticsSummary produced 0 samples
2025-10-03 09:27:37,032 INFO o.a.j.r.p.AbstractSampleConsumer: class org.apache.jmeter.report.processor.Top5ErrorsBySamplerConsumer#stopProducing(): top5ErrorsBySampler produced 0 samples
2025-10-03 09:27:37,033 INFO o.a.j.r.p.AbstractSampleConsumer: class org.apache.jmeter.report.processor.ErrorsSummaryConsumer#stopProducing(): errorsSummary produced 0 samples
2025-10-03 09:27:37,033 INFO o.a.j.r.p.AbstractSampleConsumer: class org.apache.jmeter.report.processor.graph.impl.HitsPerSecondGraphConsumer#stopProducing(): hitsPerSecond produced 0 samples
2025-10-03 09:27:37,058 INFO o.a.j.r.p.AbstractSampleConsumer: class org.apache.jmeter.report.processor.graph.impl.LatencyVSRequestGraphConsumer#stopProducing(): latencyVsRequest produced 0 samples
2025-10-03 09:27:37,059 INFO o.a.j.r.p.AbstractSampleConsumer: class org.apache.jmeter.report.processor.graph.impl.SyntheticResponseTimeDistributionGraphConsumer#stopProducing(): syntheticResponseTimeDistribution produced 0 samples
2025-10-03 09:27:37,059 INFO o.a.j.r.p.AbstractSampleConsumer: class org.apache.jmeter.report.processor.graph.impl.BytesThroughputGraphConsumer#stopProducing(): bytesThroughputOverTime produced 0 samples
2025-10-03 09:27:37,059 INFO o.a.j.r.p.AbstractSampleConsumer: class org.apache.jmeter.report.processor.graph.impl.CodesPerSecondGraphConsumer#stopProducing(): codesPerSecond produced 0 samples
2025-10-03 09:27:37,074 INFO o.a.j.r.p.AbstractSampleConsumer: class org.apache.jmeter.report.processor.graph.impl.ResponseTimeVSRequestGraphConsumer#stopProducing(): responseTimeVsRequest produced 0 samples
2025-10-03 09:27:37,074 INFO o.a.j.r.p.AbstractSampleConsumer: class org.apache.jmeter.report.processor.FilterConsumer#stopProducing(): startIntervalControlerFilter produced 10997 samples
2025-10-03 09:27:37,074 INFO o.a.j.r.p.AbstractSampleConsumer: class org.apache.jmeter.report.processor.graph.impl.TotalTPSGraphConsumer#stopProducing(): totalTPS produced 0 samples
2025-10-03 09:27:37,075 INFO o.a.j.r.p.AbstractSampleConsumer: class org.apache.jmeter.report.processor.graph.impl.ActiveThreadsGraphConsumer#stopProducing(): activeThreadsOverTime produced 0 samples
2025-10-03 09:27:37,075 INFO o.a.j.r.p.AbstractSampleConsumer: class org.apache.jmeter.report.processor.graph.impl.TimeVSThreadGraphConsumer#stopProducing(): timeVsThreads produced 0 samples
2025-10-03 09:27:37,075 INFO o.a.j.r.p.AbstractSampleConsumer: class org.apache.jmeter.report.processor.graph.impl.ResponseTimeDistributionGraphConsumer#stopProducing(): responseTimeDistribution produced 0 samples
2025-10-03 09:27:37,075 INFO o.a.j.r.p.AbstractSampleConsumer: class org.apache.jmeter.report.processor.graph.impl.TransactionsPerSecondGraphConsumer#stopProducing(): transactionsPerSecond produced 0 samples
2025-10-03 09:27:37,075 INFO o.a.j.r.p.AbstractSampleConsumer: class org.apache.jmeter.report.processor.graph.impl.ResponseTimePercentilesGraphConsumer#stopProducing(): responseTimePercentiles produced 0 samples
2025-10-03 09:27:37,076 INFO o.a.j.r.p.AbstractSampleConsumer: class org.apache.jmeter.report.processor.graph.impl.ResponseTimePercentilesOverTimeGraphConsumer#stopProducing(): responseTimePercentilesOverTime produced 0 samples
2025-10-03 09:27:37,077 INFO o.a.j.r.p.AbstractSampleConsumer: class org.apache.jmeter.report.processor.graph.impl.ResponseTimeOverTimeGraphConsumer#stopProducing(): responseTimesOverTime produced 0 samples
2025-10-03 09:27:37,077 INFO o.a.j.r.p.AbstractSampleConsumer: class org.apache.jmeter.report.processor.graph.impl.ConnectTimeOverTimeGraphConsumer#stopProducing(): connectTimeOverTime produced 0 samples
2025-10-03 09:27:37,077 INFO o.a.j.r.p.AbstractSampleConsumer: class org.apache.jmeter.report.processor.graph.impl.LatencyOverTimeGraphConsumer#stopProducing(): latenciesOverTime produced 0 samples
2025-10-03 09:27:37,077 INFO o.a.j.r.p.AbstractSampleConsumer: class org.apache.jmeter.report.processor.FilterConsumer#stopProducing(): nameFilter produced 23565 samples
2025-10-03 09:27:37,077 INFO o.a.j.r.p.AbstractSampleConsumer: class org.apache.jmeter.report.processor.FilterConsumer#stopProducing(): dateRangeFilter produced 4713 samples
2025-10-03 09:27:37,077 INFO o.a.j.r.p.AbstractSampleConsumer: class org.apache.jmeter.report.processor.NormalizerSampleConsumer#stopProducing(): normalizer produced 1571 samples
2025-10-03 09:27:37,078 INFO o.a.j.r.p.CsvFileSampleSource: produce(): 1571 samples produced in 147ms on channel 0
2025-10-03 09:27:37,078 INFO o.a.j.r.d.ReportGenerator: Exporting data using exporter:'json' of className:'org.apache.jmeter.report.dashboard.JsonExporter'
2025-10-03 09:27:37,158 INFO o.a.j.r.d.JsonExporter: Found data for consumer statisticsSummary in context
2025-10-03 09:27:37,158 INFO o.a.j.r.d.JsonExporter: Creating statistics for overall
2025-10-03 09:27:37,159 INFO o.a.j.r.d.JsonExporter: Creating statistics for other transactions
2025-10-03 09:27:37,159 INFO o.a.j.r.d.JsonExporter: Checking output folder
2025-10-03 09:27:37,159 INFO o.a.j.r.d.JsonExporter: Writing statistics JSON to /home/runner/work/grepwise/grepwise/target/jmeter/reports/http-search/statistics.json
2025-10-03 09:27:37,192 INFO o.a.j.r.d.ReportGenerator: Exporting data using exporter:'html' of className:'org.apache.jmeter.report.dashboard.HtmlTemplateExporter'
2025-10-03 09:27:37,194 INFO o.a.j.r.d.HtmlTemplateExporter: Will generate dashboard in folder: /home/runner/work/grepwise/grepwise/target/jmeter/reports/http-search
2025-10-03 09:27:37,266 INFO o.a.j.r.d.HtmlTemplateExporter: Report will be generated in: /home/runner/work/grepwise/grepwise/target/jmeter/reports/http-search, creating folder structure
2025-10-03 09:27:37,268 INFO o.a.j.r.d.TemplateVisitor: Copying folder from '/home/runner/work/grepwise/grepwise/target/86fb4320-e797-476d-b10e-a2a8e19621e7/jmeter/bin/report-template' to '/home/runner/work/grepwise/grepwise/target/jmeter/reports/http-search', got message: /home/runner/work/grepwise/grepwise/target/jmeter/reports/http-search, found non empty folder with following content [/home/runner/work/grepwise/grepwise/target/jmeter/reports/http-search/statistics.json], will be ignored
2025-10-03 09:27:37,434 INFO o.a.j.JMeter: Dashboard generated
