2025-10-05 22:53:00,934 INFO o.a.j.u.JMeterUtils: Setting Locale to en
2025-10-05 22:53:00,947 INFO o.a.j.JMeter: Loading additional properties from: /home/runner/work/grepwise/grepwise/src/test/jmeter/jmeter.properties
2025-10-05 22:53:00,948 INFO o.a.j.JMeter: Setting System property: sun.net.http.allowRestrictedHeaders=true
2025-10-05 22:53:00,953 INFO o.a.j.JMeter: Copyright (c) 1998-2023 The Apache Software Foundation
2025-10-05 22:53:00,953 INFO o.a.j.JMeter: Version 5.6.2
2025-10-05 22:53:00,953 INFO o.a.j.JMeter: java.version=25
2025-10-05 22:53:00,953 INFO o.a.j.JMeter: java.vm.name=OpenJDK 64-Bit Server VM
2025-10-05 22:53:00,953 INFO o.a.j.JMeter: os.name=Linux
2025-10-05 22:53:00,953 INFO o.a.j.JMeter: os.arch=amd64
2025-10-05 22:53:00,953 INFO o.a.j.JMeter: os.version=6.11.0-1018-azure
2025-10-05 22:53:00,953 INFO o.a.j.JMeter: file.encoding=UTF-8
2025-10-05 22:53:00,953 INFO o.a.j.JMeter: java.awt.headless=true
2025-10-05 22:53:00,953 INFO o.a.j.JMeter: Max memory     =536870912
2025-10-05 22:53:00,953 INFO o.a.j.JMeter: Available Processors =4
2025-10-05 22:53:00,964 INFO o.a.j.JMeter: Default Locale=English
2025-10-05 22:53:00,964 INFO o.a.j.JMeter: JMeter  Locale=English
2025-10-05 22:53:00,964 INFO o.a.j.JMeter: JMeterHome=/home/runner/work/grepwise/grepwise/target/b693d489-bc12-430b-98ad-f170b2d9d3e9/jmeter
2025-10-05 22:53:00,964 INFO o.a.j.JMeter: user.dir  =/home/runner/work/grepwise/grepwise/target/b693d489-bc12-430b-98ad-f170b2d9d3e9/jmeter/bin
2025-10-05 22:53:00,964 INFO o.a.j.JMeter: PWD       =/home/runner/work/grepwise/grepwise/target/b693d489-bc12-430b-98ad-f170b2d9d3e9/jmeter/bin
2025-10-05 22:53:00,965 INFO o.a.j.JMeter: IP: 10.1.0.23 Name: runnervmwhb2z FullName: runnervmwhb2z.yizgoo0wxrde1freo0ereqkpvd.dx.internal.cloudapp.net
2025-10-05 22:53:00,974 INFO o.a.j.JMeter: Setting property 'jmeter.reportgenerator.outputdir' to:'/home/runner/work/grepwise/grepwise/target/jmeter/reports/combined-parallel-bsh'
2025-10-05 22:53:00,977 INFO o.a.j.s.FileServer: Default base='/home/runner/work/grepwise/grepwise/target/b693d489-bc12-430b-98ad-f170b2d9d3e9/jmeter/bin'
2025-10-05 22:53:00,978 INFO o.a.j.s.FileServer: Set new base='/home/runner/work/grepwise/grepwise/target/jmeter/testFiles'
2025-10-05 22:53:01,215 INFO o.a.j.s.SaveService: Testplan (JMX) version: 2.2. Testlog (JTL) version: 2.2
2025-10-05 22:53:01,238 INFO o.a.j.s.SaveService: Using SaveService properties version 5.0
2025-10-05 22:53:01,241 INFO o.a.j.s.SaveService: Using SaveService properties file encoding UTF-8
2025-10-05 22:53:01,245 INFO o.a.j.s.SaveService: Loading file: /home/runner/work/grepwise/grepwise/target/jmeter/testFiles/combined-parallel-bsh.jmx
2025-10-05 22:53:01,337 INFO o.a.j.JMeter: Creating summariser <summary>
2025-10-05 22:53:01,342 INFO o.a.j.r.d.ReportGenerator: ReportGenerator will use for Parsing the separator: ','
2025-10-05 22:53:01,342 INFO o.a.j.r.d.ReportGenerator: Will generate report at end of test from  results file: /home/runner/work/grepwise/grepwise/target/jmeter/results/20251005-combined-parallel-bsh.csv
2025-10-05 22:53:01,342 INFO o.a.j.r.d.ReportGenerator: Reading report generator properties from: /home/runner/work/grepwise/grepwise/target/b693d489-bc12-430b-98ad-f170b2d9d3e9/jmeter/bin/reportgenerator.properties
2025-10-05 22:53:01,343 INFO o.a.j.r.d.ReportGenerator: Merging with JMeter properties
2025-10-05 22:53:01,346 INFO o.a.j.r.c.ReportGeneratorConfiguration: Property 'jmeter.reportgenerator.temp_dir' not found, using default value 'temp' instead.
2025-10-05 22:53:01,348 INFO o.a.j.r.c.ReportGeneratorConfiguration: Property 'jmeter.reportgenerator.apdex_per_transaction' not found, using default value 'null' instead.
2025-10-05 22:53:01,348 INFO o.a.j.r.c.ReportGeneratorConfiguration: apdex_per_transaction is empty, not APDEX per transaction customization
2025-10-05 22:53:01,348 INFO o.a.j.r.c.ReportGeneratorConfiguration: Property 'jmeter.reportgenerator.sample_filter' not found, using default value 'null' instead.
2025-10-05 22:53:01,348 INFO o.a.j.r.c.ReportGeneratorConfiguration: Property 'jmeter.reportgenerator.report_title' not found, using default value 'null' instead.
2025-10-05 22:53:01,349 INFO o.a.j.r.c.ReportGeneratorConfiguration: Property 'jmeter.reportgenerator.start_date' not found, using default value 'null' instead.
2025-10-05 22:53:01,349 INFO o.a.j.r.c.ReportGeneratorConfiguration: Property 'jmeter.reportgenerator.end_date' not found, using default value 'null' instead.
2025-10-05 22:53:01,349 INFO o.a.j.r.c.ReportGeneratorConfiguration: Property 'jmeter.reportgenerator.date_format' not found, using default value 'null' instead.
2025-10-05 22:53:01,349 INFO o.a.j.r.c.ReportGeneratorConfiguration: Will use date range start date: null, end date: null
2025-10-05 22:53:01,352 INFO o.a.j.r.c.ReportGeneratorConfiguration: Property 'jmeter.reportgenerator.graph.totalTPS.exclude_controllers' not found, using default value 'false' instead.
2025-10-05 22:53:01,352 INFO o.a.j.r.c.ReportGeneratorConfiguration: Property 'jmeter.reportgenerator.graph.activeThreadsOverTime.exclude_controllers' not found, using default value 'false' instead.
2025-10-05 22:53:01,352 INFO o.a.j.r.c.ReportGeneratorConfiguration: Property 'jmeter.reportgenerator.graph.timeVsThreads.exclude_controllers' not found, using default value 'false' instead.
2025-10-05 22:53:01,352 INFO o.a.j.r.c.ReportGeneratorConfiguration: Property 'jmeter.reportgenerator.graph.responseTimeDistribution.exclude_controllers' not found, using default value 'false' instead.
2025-10-05 22:53:01,352 INFO o.a.j.r.c.ReportGeneratorConfiguration: Property 'jmeter.reportgenerator.graph.transactionsPerSecond.exclude_controllers' not found, using default value 'false' instead.
2025-10-05 22:53:01,352 INFO o.a.j.r.c.ReportGeneratorConfiguration: Property 'jmeter.reportgenerator.graph.responseTimePercentiles.exclude_controllers' not found, using default value 'false' instead.
2025-10-05 22:53:01,352 INFO o.a.j.r.c.ReportGeneratorConfiguration: Property 'jmeter.reportgenerator.graph.responseTimePercentilesOverTime.exclude_controllers' not found, using default value 'false' instead.
2025-10-05 22:53:01,353 INFO o.a.j.r.c.ReportGeneratorConfiguration: Property 'jmeter.reportgenerator.graph.responseTimesOverTime.exclude_controllers' not found, using default value 'false' instead.
2025-10-05 22:53:01,353 INFO o.a.j.r.c.ReportGeneratorConfiguration: Property 'jmeter.reportgenerator.graph.connectTimeOverTime.exclude_controllers' not found, using default value 'false' instead.
2025-10-05 22:53:01,353 INFO o.a.j.r.c.ReportGeneratorConfiguration: Property 'jmeter.reportgenerator.graph.latenciesOverTime.exclude_controllers' not found, using default value 'false' instead.
2025-10-05 22:53:01,354 INFO o.a.j.r.c.ReportGeneratorConfiguration: Property 'jmeter.reportgenerator.exporter.json.filters_only_sample_series' not found, using default value 'true' instead.
2025-10-05 22:53:01,354 INFO o.a.j.r.c.ReportGeneratorConfiguration: Property 'jmeter.reportgenerator.exporter.json.series_filter' not found, using default value '' instead.
2025-10-05 22:53:01,354 INFO o.a.j.r.c.ReportGeneratorConfiguration: Property 'jmeter.reportgenerator.exporter.json.show_controllers_only' not found, using default value 'false' instead.
2025-10-05 22:53:01,354 INFO o.a.j.r.c.ReportGeneratorConfiguration: Property 'jmeter.reportgenerator.exporter.html.filters_only_sample_series' not found, using default value 'true' instead.
2025-10-05 22:53:01,354 INFO o.a.j.r.c.ReportGeneratorConfiguration: Property 'jmeter.reportgenerator.exporter.html.series_filter' not found, using default value '' instead.
2025-10-05 22:53:01,354 INFO o.a.j.r.c.ReportGeneratorConfiguration: Property 'jmeter.reportgenerator.exporter.html.show_controllers_only' not found, using default value 'false' instead.
2025-10-05 22:53:01,364 INFO o.a.j.e.StandardJMeterEngine: Running the test!
2025-10-05 22:53:01,364 INFO o.a.j.s.SampleEvent: List of sample_variables: []
2025-10-05 22:53:01,365 INFO o.a.j.s.SampleEvent: List of sample_variables: []
2025-10-05 22:53:01,430 INFO o.a.j.JMeter: Running test (1759704781430)
2025-10-05 22:53:01,456 INFO o.a.j.e.StandardJMeterEngine: Starting ThreadGroup: 1 : UDP Ingestion
2025-10-05 22:53:01,457 INFO o.a.j.e.StandardJMeterEngine: Starting 10 threads for group UDP Ingestion.
2025-10-05 22:53:01,457 INFO o.a.j.e.StandardJMeterEngine: Thread will continue on error
2025-10-05 22:53:01,457 INFO o.a.j.t.ThreadGroup: Starting thread group... number=1 threads=10 ramp-up=10 delayedStart=false
2025-10-05 22:53:01,467 INFO o.a.j.t.JMeterThread: Thread started: UDP Ingestion 1-1
2025-10-05 22:53:01,490 INFO o.a.j.t.ThreadGroup: Started thread group number 1
2025-10-05 22:53:01,490 INFO o.a.j.e.StandardJMeterEngine: Starting ThreadGroup: 2 : HTTP Searchers
2025-10-05 22:53:01,490 INFO o.a.j.e.StandardJMeterEngine: Starting 10 threads for group HTTP Searchers.
2025-10-05 22:53:01,490 INFO o.a.j.e.StandardJMeterEngine: Thread will continue on error
2025-10-05 22:53:01,490 INFO o.a.j.t.ThreadGroup: Starting thread group... number=2 threads=10 ramp-up=10 delayedStart=false
2025-10-05 22:53:01,491 INFO o.a.j.t.JMeterThread: Thread started: HTTP Searchers 2-1
2025-10-05 22:53:01,497 INFO o.a.j.t.ThreadGroup: Started thread group number 2
2025-10-05 22:53:01,497 INFO o.a.j.e.StandardJMeterEngine: All thread groups have been started
2025-10-05 22:53:01,506 INFO o.a.j.p.h.s.HTTPHCAbstractImpl: Local host = runnervmwhb2z
2025-10-05 22:53:01,507 INFO o.a.j.s.SampleResult: Note: Sample TimeStamps are END times
2025-10-05 22:53:01,507 INFO o.a.j.s.SampleResult: sampleresult.default.encoding is set to UTF-8
2025-10-05 22:53:01,507 INFO o.a.j.s.SampleResult: sampleresult.useNanoTime=true
2025-10-05 22:53:01,507 INFO o.a.j.s.SampleResult: sampleresult.nanoThreadSleep=5000
2025-10-05 22:53:01,512 INFO o.a.j.p.h.s.HTTPHC4Impl: HTTP request retry count = 0
2025-10-05 22:53:01,513 INFO o.a.j.r.Summariser: summary +      1 in 00:00:00 =   12.3/s Avg:     1 Min:     1 Max:     1 Err:     0 (0.00%) Active: 2 Started: 2 Finished: 0
2025-10-05 22:53:02,463 INFO o.a.j.t.JMeterThread: Thread started: UDP Ingestion 1-2
2025-10-05 22:53:02,492 INFO o.a.j.t.JMeterThread: Thread started: HTTP Searchers 2-2
2025-10-05 22:53:03,461 INFO o.a.j.t.JMeterThread: Thread started: UDP Ingestion 1-3
2025-10-05 22:53:03,494 INFO o.a.j.t.JMeterThread: Thread started: HTTP Searchers 2-3
2025-10-05 22:53:04,461 INFO o.a.j.t.JMeterThread: Thread started: UDP Ingestion 1-4
2025-10-05 22:53:04,492 INFO o.a.j.t.JMeterThread: Thread started: HTTP Searchers 2-4
2025-10-05 22:53:05,459 INFO o.a.j.t.JMeterThread: Thread started: UDP Ingestion 1-5
2025-10-05 22:53:05,492 INFO o.a.j.t.JMeterThread: Thread started: HTTP Searchers 2-5
2025-10-05 22:53:06,459 INFO o.a.j.t.JMeterThread: Thread started: UDP Ingestion 1-6
2025-10-05 22:53:06,492 INFO o.a.j.t.JMeterThread: Thread started: HTTP Searchers 2-6
2025-10-05 22:53:07,000 INFO o.a.j.r.Summariser: summary +  19041 in 00:00:05 = 3468.9/s Avg:     0 Min:     0 Max:    25 Err:     0 (0.00%) Active: 12 Started: 12 Finished: 0
2025-10-05 22:53:07,001 INFO o.a.j.r.Summariser: summary =  19042 in 00:00:06 = 3418.7/s Avg:     0 Min:     0 Max:    25 Err:     0 (0.00%)
2025-10-05 22:53:07,460 INFO o.a.j.t.JMeterThread: Thread started: UDP Ingestion 1-7
2025-10-05 22:53:07,492 INFO o.a.j.t.JMeterThread: Thread started: HTTP Searchers 2-7
2025-10-05 22:53:08,460 INFO o.a.j.t.JMeterThread: Thread started: UDP Ingestion 1-8
2025-10-05 22:53:08,491 INFO o.a.j.t.JMeterThread: Thread started: HTTP Searchers 2-8
2025-10-05 22:53:09,460 INFO o.a.j.t.JMeterThread: Thread started: UDP Ingestion 1-9
2025-10-05 22:53:09,492 INFO o.a.j.t.JMeterThread: Thread started: HTTP Searchers 2-9
2025-10-05 22:53:10,460 INFO o.a.j.t.JMeterThread: Thread started: UDP Ingestion 1-10
2025-10-05 22:53:10,493 INFO o.a.j.t.JMeterThread: Thread started: HTTP Searchers 2-10
2025-10-05 22:53:13,000 INFO o.a.j.r.Summariser: summary +  40657 in 00:00:06 = 6776.2/s Avg:     1 Min:     0 Max:    12 Err:     0 (0.00%) Active: 20 Started: 20 Finished: 0
2025-10-05 22:53:13,000 INFO o.a.j.r.Summariser: summary =  59699 in 00:00:12 = 5159.8/s Avg:     1 Min:     0 Max:    25 Err:     0 (0.00%)
2025-10-05 22:53:19,000 INFO o.a.j.r.Summariser: summary +  49041 in 00:00:06 = 8173.5/s Avg:     1 Min:     0 Max:    15 Err:     0 (0.00%) Active: 20 Started: 20 Finished: 0
2025-10-05 22:53:19,000 INFO o.a.j.r.Summariser: summary = 108740 in 00:00:18 = 6189.0/s Avg:     1 Min:     0 Max:    25 Err:     0 (0.00%)
2025-10-05 22:53:25,000 INFO o.a.j.r.Summariser: summary +  49474 in 00:00:06 = 8245.7/s Avg:     1 Min:     0 Max:    10 Err:     0 (0.00%) Active: 20 Started: 20 Finished: 0
2025-10-05 22:53:25,001 INFO o.a.j.r.Summariser: summary = 158214 in 00:00:24 = 6712.5/s Avg:     1 Min:     0 Max:    25 Err:     0 (0.00%)
2025-10-05 22:53:31,000 INFO o.a.j.r.Summariser: summary +  49854 in 00:00:06 = 8309.0/s Avg:     1 Min:     0 Max:    12 Err:     0 (0.00%) Active: 20 Started: 20 Finished: 0
2025-10-05 22:53:31,000 INFO o.a.j.r.Summariser: summary = 208068 in 00:00:30 = 7036.5/s Avg:     1 Min:     0 Max:    25 Err:     0 (0.00%)
2025-10-05 22:53:37,000 INFO o.a.j.r.Summariser: summary +  49212 in 00:00:06 = 8202.0/s Avg:     1 Min:     0 Max:    12 Err:     0 (0.00%) Active: 20 Started: 20 Finished: 0
2025-10-05 22:53:37,001 INFO o.a.j.r.Summariser: summary = 257280 in 00:00:36 = 7233.1/s Avg:     1 Min:     0 Max:    25 Err:     0 (0.00%)
2025-10-05 22:53:43,000 INFO o.a.j.r.Summariser: summary +  50967 in 00:00:06 = 8494.5/s Avg:     1 Min:     0 Max:     9 Err:     0 (0.00%) Active: 20 Started: 20 Finished: 0
2025-10-05 22:53:43,000 INFO o.a.j.r.Summariser: summary = 308247 in 00:00:42 = 7415.1/s Avg:     1 Min:     0 Max:    25 Err:     0 (0.00%)
2025-10-05 22:53:49,001 INFO o.a.j.r.Summariser: summary +  50486 in 00:00:06 = 8414.3/s Avg:     1 Min:     0 Max:     9 Err:     0 (0.00%) Active: 20 Started: 20 Finished: 0
2025-10-05 22:53:49,001 INFO o.a.j.r.Summariser: summary = 358733 in 00:00:48 = 7541.2/s Avg:     1 Min:     0 Max:    25 Err:     0 (0.00%)
2025-10-05 22:53:55,000 INFO o.a.j.r.Summariser: summary +  51040 in 00:00:06 = 8506.7/s Avg:     1 Min:     0 Max:     9 Err:     0 (0.00%) Active: 20 Started: 20 Finished: 0
2025-10-05 22:53:55,000 INFO o.a.j.r.Summariser: summary = 409773 in 00:00:54 = 7649.3/s Avg:     1 Min:     0 Max:    25 Err:     0 (0.00%)
2025-10-05 22:54:01,000 INFO o.a.j.r.Summariser: summary +  51299 in 00:00:06 = 8549.8/s Avg:     1 Min:     0 Max:     9 Err:     0 (0.00%) Active: 20 Started: 20 Finished: 0
2025-10-05 22:54:01,002 INFO o.a.j.r.Summariser: summary = 461072 in 00:01:00 = 7740.0/s Avg:     1 Min:     0 Max:    25 Err:     0 (0.00%)
2025-10-05 22:54:01,440 INFO o.a.j.t.JMeterThread: Thread finished: UDP Ingestion 1-3
2025-10-05 22:54:01,445 INFO o.a.j.t.JMeterThread: Thread finished: UDP Ingestion 1-8
2025-10-05 22:54:01,443 INFO o.a.j.t.JMeterThread: Thread finished: UDP Ingestion 1-2
2025-10-05 22:54:01,451 INFO o.a.j.t.JMeterThread: Thread finished: UDP Ingestion 1-1
2025-10-05 22:54:01,456 INFO o.a.j.t.JMeterThread: Thread finished: UDP Ingestion 1-6
2025-10-05 22:54:01,460 INFO o.a.j.t.JMeterThread: Thread finished: UDP Ingestion 1-4
2025-10-05 22:54:01,464 INFO o.a.j.t.JMeterThread: Thread finished: UDP Ingestion 1-7
2025-10-05 22:54:01,470 INFO o.a.j.t.JMeterThread: Thread finished: UDP Ingestion 1-9
2025-10-05 22:54:01,473 INFO o.a.j.t.JMeterThread: Thread finished: UDP Ingestion 1-5
2025-10-05 22:54:01,476 INFO o.a.j.t.JMeterThread: Thread finished: UDP Ingestion 1-10
2025-10-05 22:54:01,491 INFO o.a.j.t.JMeterThread: Stopping because end time detected by thread: HTTP Searchers 2-3
2025-10-05 22:54:01,491 INFO o.a.j.t.JMeterThread: Thread finished: HTTP Searchers 2-3
2025-10-05 22:54:01,492 INFO o.a.j.t.JMeterThread: Stopping because end time detected by thread: HTTP Searchers 2-1
2025-10-05 22:54:01,492 INFO o.a.j.t.JMeterThread: Thread finished: HTTP Searchers 2-1
2025-10-05 22:54:01,493 INFO o.a.j.t.JMeterThread: Stopping because end time detected by thread: HTTP Searchers 2-4
2025-10-05 22:54:01,493 INFO o.a.j.t.JMeterThread: Thread finished: HTTP Searchers 2-4
2025-10-05 22:54:01,493 INFO o.a.j.t.JMeterThread: Stopping because end time detected by thread: HTTP Searchers 2-2
2025-10-05 22:54:01,493 INFO o.a.j.t.JMeterThread: Thread finished: HTTP Searchers 2-2
2025-10-05 22:54:01,494 INFO o.a.j.t.JMeterThread: Stopping because end time detected by thread: HTTP Searchers 2-5
2025-10-05 22:54:01,494 INFO o.a.j.t.JMeterThread: Thread finished: HTTP Searchers 2-5
2025-10-05 22:54:01,495 INFO o.a.j.t.JMeterThread: Stopping because end time detected by thread: HTTP Searchers 2-9
2025-10-05 22:54:01,495 INFO o.a.j.t.JMeterThread: Thread finished: HTTP Searchers 2-9
2025-10-05 22:54:01,495 INFO o.a.j.t.JMeterThread: Stopping because end time detected by thread: HTTP Searchers 2-8
2025-10-05 22:54:01,495 INFO o.a.j.t.JMeterThread: Thread finished: HTTP Searchers 2-8
2025-10-05 22:54:01,495 INFO o.a.j.t.JMeterThread: Stopping because end time detected by thread: HTTP Searchers 2-7
2025-10-05 22:54:01,495 INFO o.a.j.t.JMeterThread: Thread finished: HTTP Searchers 2-7
2025-10-05 22:54:01,496 INFO o.a.j.t.JMeterThread: Stopping because end time detected by thread: HTTP Searchers 2-10
2025-10-05 22:54:01,496 INFO o.a.j.t.JMeterThread: Thread finished: HTTP Searchers 2-10
2025-10-05 22:54:01,496 INFO o.a.j.t.JMeterThread: Stopping because end time detected by thread: HTTP Searchers 2-6
2025-10-05 22:54:01,496 INFO o.a.j.t.JMeterThread: Thread finished: HTTP Searchers 2-6
2025-10-05 22:54:01,496 INFO o.a.j.e.StandardJMeterEngine: Notifying test listeners of end of test
2025-10-05 22:54:01,497 INFO o.a.j.r.Summariser: summary +   4098 in 00:00:00 = 8245.5/s Avg:     1 Min:     0 Max:     8 Err:     0 (0.00%) Active: 0 Started: 20 Finished: 20
2025-10-05 22:54:01,497 INFO o.a.j.r.Summariser: summary = 465170 in 00:01:00 = 7744.2/s Avg:     1 Min:     0 Max:    25 Err:     0 (0.00%)
2025-10-05 22:54:01,498 INFO o.a.j.JMeter: Generating Dashboard
2025-10-05 22:54:01,498 INFO o.a.j.r.d.ReportGenerator: Flushing result collector before report Generation
2025-10-05 22:54:01,511 INFO o.a.j.r.p.NormalizerSampleConsumer: Using format, 'ms', to parse timeStamp field
2025-10-05 22:54:06,485 INFO o.a.j.r.p.AbstractSampleConsumer: class org.apache.jmeter.report.processor.AggregateConsumer#stopProducing(): beginDate produced 0 samples
2025-10-05 22:54:06,485 INFO o.a.j.r.p.AbstractSampleConsumer: class org.apache.jmeter.report.processor.AggregateConsumer#stopProducing(): endDate produced 0 samples
2025-10-05 22:54:06,486 INFO o.a.j.r.p.AbstractSampleConsumer: class org.apache.jmeter.report.processor.ApdexSummaryConsumer#stopProducing(): apdexSummary produced 0 samples
2025-10-05 22:54:06,486 INFO o.a.j.r.p.AbstractSampleConsumer: class org.apache.jmeter.report.processor.RequestsSummaryConsumer#stopProducing(): requestsSummary produced 0 samples
2025-10-05 22:54:06,500 INFO o.a.j.r.p.AbstractSampleConsumer: class org.apache.jmeter.report.processor.StatisticsSummaryConsumer#stopProducing(): statisticsSummary produced 0 samples
2025-10-05 22:54:06,501 INFO o.a.j.r.p.AbstractSampleConsumer: class org.apache.jmeter.report.processor.Top5ErrorsBySamplerConsumer#stopProducing(): top5ErrorsBySampler produced 0 samples
2025-10-05 22:54:06,501 INFO o.a.j.r.p.AbstractSampleConsumer: class org.apache.jmeter.report.processor.ErrorsSummaryConsumer#stopProducing(): errorsSummary produced 0 samples
2025-10-05 22:54:06,501 INFO o.a.j.r.p.AbstractSampleConsumer: class org.apache.jmeter.report.processor.graph.impl.HitsPerSecondGraphConsumer#stopProducing(): hitsPerSecond produced 0 samples
2025-10-05 22:54:07,969 INFO o.a.j.r.p.AbstractSampleConsumer: class org.apache.jmeter.report.processor.graph.impl.LatencyVSRequestGraphConsumer#stopProducing(): latencyVsRequest produced 0 samples
2025-10-05 22:54:07,981 INFO o.a.j.r.p.AbstractSampleConsumer: class org.apache.jmeter.report.processor.graph.impl.SyntheticResponseTimeDistributionGraphConsumer#stopProducing(): syntheticResponseTimeDistribution produced 0 samples
2025-10-05 22:54:07,982 INFO o.a.j.r.p.AbstractSampleConsumer: class org.apache.jmeter.report.processor.graph.impl.BytesThroughputGraphConsumer#stopProducing(): bytesThroughputOverTime produced 0 samples
2025-10-05 22:54:07,982 INFO o.a.j.r.p.AbstractSampleConsumer: class org.apache.jmeter.report.processor.graph.impl.CodesPerSecondGraphConsumer#stopProducing(): codesPerSecond produced 0 samples
2025-10-05 22:54:09,398 INFO o.a.j.r.p.AbstractSampleConsumer: class org.apache.jmeter.report.processor.graph.impl.ResponseTimeVSRequestGraphConsumer#stopProducing(): responseTimeVsRequest produced 0 samples
2025-10-05 22:54:09,409 INFO o.a.j.r.p.AbstractSampleConsumer: class org.apache.jmeter.report.processor.FilterConsumer#stopProducing(): startIntervalControlerFilter produced 3256190 samples
2025-10-05 22:54:09,409 INFO o.a.j.r.p.AbstractSampleConsumer: class org.apache.jmeter.report.processor.graph.impl.TotalTPSGraphConsumer#stopProducing(): totalTPS produced 0 samples
2025-10-05 22:54:09,409 INFO o.a.j.r.p.AbstractSampleConsumer: class org.apache.jmeter.report.processor.graph.impl.ActiveThreadsGraphConsumer#stopProducing(): activeThreadsOverTime produced 0 samples
2025-10-05 22:54:09,409 INFO o.a.j.r.p.AbstractSampleConsumer: class org.apache.jmeter.report.processor.graph.impl.TimeVSThreadGraphConsumer#stopProducing(): timeVsThreads produced 0 samples
2025-10-05 22:54:09,409 INFO o.a.j.r.p.AbstractSampleConsumer: class org.apache.jmeter.report.processor.graph.impl.ResponseTimeDistributionGraphConsumer#stopProducing(): responseTimeDistribution produced 0 samples
2025-10-05 22:54:09,409 INFO o.a.j.r.p.AbstractSampleConsumer: class org.apache.jmeter.report.processor.graph.impl.TransactionsPerSecondGraphConsumer#stopProducing(): transactionsPerSecond produced 0 samples
2025-10-05 22:54:09,410 INFO o.a.j.r.p.AbstractSampleConsumer: class org.apache.jmeter.report.processor.graph.impl.ResponseTimePercentilesGraphConsumer#stopProducing(): responseTimePercentiles produced 0 samples
2025-10-05 22:54:09,410 INFO o.a.j.r.p.AbstractSampleConsumer: class org.apache.jmeter.report.processor.graph.impl.ResponseTimePercentilesOverTimeGraphConsumer#stopProducing(): responseTimePercentilesOverTime produced 0 samples
2025-10-05 22:54:09,412 INFO o.a.j.r.p.AbstractSampleConsumer: class org.apache.jmeter.report.processor.graph.impl.ResponseTimeOverTimeGraphConsumer#stopProducing(): responseTimesOverTime produced 0 samples
2025-10-05 22:54:09,412 INFO o.a.j.r.p.AbstractSampleConsumer: class org.apache.jmeter.report.processor.graph.impl.ConnectTimeOverTimeGraphConsumer#stopProducing(): connectTimeOverTime produced 0 samples
2025-10-05 22:54:09,412 INFO o.a.j.r.p.AbstractSampleConsumer: class org.apache.jmeter.report.processor.graph.impl.LatencyOverTimeGraphConsumer#stopProducing(): latenciesOverTime produced 0 samples
2025-10-05 22:54:09,412 INFO o.a.j.r.p.AbstractSampleConsumer: class org.apache.jmeter.report.processor.FilterConsumer#stopProducing(): nameFilter produced 6977550 samples
2025-10-05 22:54:09,412 INFO o.a.j.r.p.AbstractSampleConsumer: class org.apache.jmeter.report.processor.FilterConsumer#stopProducing(): dateRangeFilter produced 1395510 samples
2025-10-05 22:54:09,412 INFO o.a.j.r.p.AbstractSampleConsumer: class org.apache.jmeter.report.processor.NormalizerSampleConsumer#stopProducing(): normalizer produced 465170 samples
2025-10-05 22:54:09,413 INFO o.a.j.r.p.CsvFileSampleSource: produce(): 465170 samples produced in 7s 881 ms on channel 0
2025-10-05 22:54:09,413 INFO o.a.j.r.d.ReportGenerator: Exporting data using exporter:'json' of className:'org.apache.jmeter.report.dashboard.JsonExporter'
2025-10-05 22:54:09,502 INFO o.a.j.r.d.JsonExporter: Found data for consumer statisticsSummary in context
2025-10-05 22:54:09,502 INFO o.a.j.r.d.JsonExporter: Creating statistics for overall
2025-10-05 22:54:09,502 INFO o.a.j.r.d.JsonExporter: Creating statistics for other transactions
2025-10-05 22:54:09,503 INFO o.a.j.r.d.JsonExporter: Checking output folder
2025-10-05 22:54:09,503 INFO o.a.j.r.d.JsonExporter: Writing statistics JSON to /home/runner/work/grepwise/grepwise/target/jmeter/reports/combined-parallel-bsh/statistics.json
2025-10-05 22:54:09,539 INFO o.a.j.r.d.ReportGenerator: Exporting data using exporter:'html' of className:'org.apache.jmeter.report.dashboard.HtmlTemplateExporter'
2025-10-05 22:54:09,541 INFO o.a.j.r.d.HtmlTemplateExporter: Will generate dashboard in folder: /home/runner/work/grepwise/grepwise/target/jmeter/reports/combined-parallel-bsh
2025-10-05 22:54:09,613 INFO o.a.j.r.d.HtmlTemplateExporter: Report will be generated in: /home/runner/work/grepwise/grepwise/target/jmeter/reports/combined-parallel-bsh, creating folder structure
2025-10-05 22:54:09,615 INFO o.a.j.r.d.TemplateVisitor: Copying folder from '/home/runner/work/grepwise/grepwise/target/b693d489-bc12-430b-98ad-f170b2d9d3e9/jmeter/bin/report-template' to '/home/runner/work/grepwise/grepwise/target/jmeter/reports/combined-parallel-bsh', got message: /home/runner/work/grepwise/grepwise/target/jmeter/reports/combined-parallel-bsh, found non empty folder with following content [/home/runner/work/grepwise/grepwise/target/jmeter/reports/combined-parallel-bsh/statistics.json], will be ignored
2025-10-05 22:54:09,788 INFO o.a.j.JMeter: Dashboard generated
