2025-10-05 22:51:57,810 INFO o.a.j.u.JMeterUtils: Setting Locale to en
2025-10-05 22:51:57,824 INFO o.a.j.JMeter: Loading additional properties from: /home/runner/work/grepwise/grepwise/src/test/jmeter/jmeter.properties
2025-10-05 22:51:57,824 INFO o.a.j.JMeter: Setting System property: sun.net.http.allowRestrictedHeaders=true
2025-10-05 22:51:57,829 INFO o.a.j.JMeter: Copyright (c) 1998-2023 The Apache Software Foundation
2025-10-05 22:51:57,829 INFO o.a.j.JMeter: Version 5.6.2
2025-10-05 22:51:57,829 INFO o.a.j.JMeter: java.version=25
2025-10-05 22:51:57,829 INFO o.a.j.JMeter: java.vm.name=OpenJDK 64-Bit Server VM
2025-10-05 22:51:57,829 INFO o.a.j.JMeter: os.name=Linux
2025-10-05 22:51:57,829 INFO o.a.j.JMeter: os.arch=amd64
2025-10-05 22:51:57,829 INFO o.a.j.JMeter: os.version=6.11.0-1018-azure
2025-10-05 22:51:57,829 INFO o.a.j.JMeter: file.encoding=UTF-8
2025-10-05 22:51:57,829 INFO o.a.j.JMeter: java.awt.headless=true
2025-10-05 22:51:57,830 INFO o.a.j.JMeter: Max memory     =536870912
2025-10-05 22:51:57,830 INFO o.a.j.JMeter: Available Processors =4
2025-10-05 22:51:57,840 INFO o.a.j.JMeter: Default Locale=English
2025-10-05 22:51:57,840 INFO o.a.j.JMeter: JMeter  Locale=English
2025-10-05 22:51:57,840 INFO o.a.j.JMeter: JMeterHome=/home/runner/work/grepwise/grepwise/target/b693d489-bc12-430b-98ad-f170b2d9d3e9/jmeter
2025-10-05 22:51:57,840 INFO o.a.j.JMeter: user.dir  =/home/runner/work/grepwise/grepwise/target/b693d489-bc12-430b-98ad-f170b2d9d3e9/jmeter/bin
2025-10-05 22:51:57,840 INFO o.a.j.JMeter: PWD       =/home/runner/work/grepwise/grepwise/target/b693d489-bc12-430b-98ad-f170b2d9d3e9/jmeter/bin
2025-10-05 22:51:57,840 INFO o.a.j.JMeter: IP: 10.1.0.23 Name: runnervmwhb2z FullName: runnervmwhb2z.yizgoo0wxrde1freo0ereqkpvd.dx.internal.cloudapp.net
2025-10-05 22:51:57,850 INFO o.a.j.JMeter: Setting property 'jmeter.reportgenerator.outputdir' to:'/home/runner/work/grepwise/grepwise/target/jmeter/reports/http-search'
2025-10-05 22:51:57,852 INFO o.a.j.s.FileServer: Default base='/home/runner/work/grepwise/grepwise/target/b693d489-bc12-430b-98ad-f170b2d9d3e9/jmeter/bin'
2025-10-05 22:51:57,853 INFO o.a.j.s.FileServer: Set new base='/home/runner/work/grepwise/grepwise/target/jmeter/testFiles'
2025-10-05 22:51:58,095 INFO o.a.j.s.SaveService: Testplan (JMX) version: 2.2. Testlog (JTL) version: 2.2
2025-10-05 22:51:58,114 INFO o.a.j.s.SaveService: Using SaveService properties version 5.0
2025-10-05 22:51:58,118 INFO o.a.j.s.SaveService: Using SaveService properties file encoding UTF-8
2025-10-05 22:51:58,121 INFO o.a.j.s.SaveService: Loading file: /home/runner/work/grepwise/grepwise/target/jmeter/testFiles/http-search.jmx
2025-10-05 22:51:58,192 INFO o.a.j.JMeter: Creating summariser <summary>
2025-10-05 22:51:58,196 INFO o.a.j.r.d.ReportGenerator: ReportGenerator will use for Parsing the separator: ','
2025-10-05 22:51:58,196 INFO o.a.j.r.d.ReportGenerator: Will generate report at end of test from  results file: /home/runner/work/grepwise/grepwise/target/jmeter/results/20251005-http-search.csv
2025-10-05 22:51:58,196 INFO o.a.j.r.d.ReportGenerator: Reading report generator properties from: /home/runner/work/grepwise/grepwise/target/b693d489-bc12-430b-98ad-f170b2d9d3e9/jmeter/bin/reportgenerator.properties
2025-10-05 22:51:58,196 INFO o.a.j.r.d.ReportGenerator: Merging with JMeter properties
2025-10-05 22:51:58,199 INFO o.a.j.r.c.ReportGeneratorConfiguration: Property 'jmeter.reportgenerator.temp_dir' not found, using default value 'temp' instead.
2025-10-05 22:51:58,201 INFO o.a.j.r.c.ReportGeneratorConfiguration: Property 'jmeter.reportgenerator.apdex_per_transaction' not found, using default value 'null' instead.
2025-10-05 22:51:58,201 INFO o.a.j.r.c.ReportGeneratorConfiguration: apdex_per_transaction is empty, not APDEX per transaction customization
2025-10-05 22:51:58,201 INFO o.a.j.r.c.ReportGeneratorConfiguration: Property 'jmeter.reportgenerator.sample_filter' not found, using default value 'null' instead.
2025-10-05 22:51:58,202 INFO o.a.j.r.c.ReportGeneratorConfiguration: Property 'jmeter.reportgenerator.report_title' not found, using default value 'null' instead.
2025-10-05 22:51:58,202 INFO o.a.j.r.c.ReportGeneratorConfiguration: Property 'jmeter.reportgenerator.start_date' not found, using default value 'null' instead.
2025-10-05 22:51:58,202 INFO o.a.j.r.c.ReportGeneratorConfiguration: Property 'jmeter.reportgenerator.end_date' not found, using default value 'null' instead.
2025-10-05 22:51:58,202 INFO o.a.j.r.c.ReportGeneratorConfiguration: Property 'jmeter.reportgenerator.date_format' not found, using default value 'null' instead.
2025-10-05 22:51:58,202 INFO o.a.j.r.c.ReportGeneratorConfiguration: Will use date range start date: null, end date: null
2025-10-05 22:51:58,205 INFO o.a.j.r.c.ReportGeneratorConfiguration: Property 'jmeter.reportgenerator.graph.totalTPS.exclude_controllers' not found, using default value 'false' instead.
2025-10-05 22:51:58,205 INFO o.a.j.r.c.ReportGeneratorConfiguration: Property 'jmeter.reportgenerator.graph.activeThreadsOverTime.exclude_controllers' not found, using default value 'false' instead.
2025-10-05 22:51:58,205 INFO o.a.j.r.c.ReportGeneratorConfiguration: Property 'jmeter.reportgenerator.graph.timeVsThreads.exclude_controllers' not found, using default value 'false' instead.
2025-10-05 22:51:58,205 INFO o.a.j.r.c.ReportGeneratorConfiguration: Property 'jmeter.reportgenerator.graph.responseTimeDistribution.exclude_controllers' not found, using default value 'false' instead.
2025-10-05 22:51:58,205 INFO o.a.j.r.c.ReportGeneratorConfiguration: Property 'jmeter.reportgenerator.graph.transactionsPerSecond.exclude_controllers' not found, using default value 'false' instead.
2025-10-05 22:51:58,205 INFO o.a.j.r.c.ReportGeneratorConfiguration: Property 'jmeter.reportgenerator.graph.responseTimePercentiles.exclude_controllers' not found, using default value 'false' instead.
2025-10-05 22:51:58,205 INFO o.a.j.r.c.ReportGeneratorConfiguration: Property 'jmeter.reportgenerator.graph.responseTimePercentilesOverTime.exclude_controllers' not found, using default value 'false' instead.
2025-10-05 22:51:58,205 INFO o.a.j.r.c.ReportGeneratorConfiguration: Property 'jmeter.reportgenerator.graph.responseTimesOverTime.exclude_controllers' not found, using default value 'false' instead.
2025-10-05 22:51:58,206 INFO o.a.j.r.c.ReportGeneratorConfiguration: Property 'jmeter.reportgenerator.graph.connectTimeOverTime.exclude_controllers' not found, using default value 'false' instead.
2025-10-05 22:51:58,206 INFO o.a.j.r.c.ReportGeneratorConfiguration: Property 'jmeter.reportgenerator.graph.latenciesOverTime.exclude_controllers' not found, using default value 'false' instead.
2025-10-05 22:51:58,206 INFO o.a.j.r.c.ReportGeneratorConfiguration: Property 'jmeter.reportgenerator.exporter.json.filters_only_sample_series' not found, using default value 'true' instead.
2025-10-05 22:51:58,206 INFO o.a.j.r.c.ReportGeneratorConfiguration: Property 'jmeter.reportgenerator.exporter.json.series_filter' not found, using default value '' instead.
2025-10-05 22:51:58,206 INFO o.a.j.r.c.ReportGeneratorConfiguration: Property 'jmeter.reportgenerator.exporter.json.show_controllers_only' not found, using default value 'false' instead.
2025-10-05 22:51:58,207 INFO o.a.j.r.c.ReportGeneratorConfiguration: Property 'jmeter.reportgenerator.exporter.html.filters_only_sample_series' not found, using default value 'true' instead.
2025-10-05 22:51:58,207 INFO o.a.j.r.c.ReportGeneratorConfiguration: Property 'jmeter.reportgenerator.exporter.html.series_filter' not found, using default value '' instead.
2025-10-05 22:51:58,207 INFO o.a.j.r.c.ReportGeneratorConfiguration: Property 'jmeter.reportgenerator.exporter.html.show_controllers_only' not found, using default value 'false' instead.
2025-10-05 22:51:58,216 INFO o.a.j.e.StandardJMeterEngine: Running the test!
2025-10-05 22:51:58,216 INFO o.a.j.s.SampleEvent: List of sample_variables: []
2025-10-05 22:51:58,217 INFO o.a.j.s.SampleEvent: List of sample_variables: []
2025-10-05 22:51:58,281 INFO o.a.j.JMeter: Running test (1759704718281)
2025-10-05 22:51:58,305 INFO o.a.j.e.StandardJMeterEngine: Starting ThreadGroup: 1 : Searchers
2025-10-05 22:51:58,306 INFO o.a.j.e.StandardJMeterEngine: Starting 10 threads for group Searchers.
2025-10-05 22:51:58,306 INFO o.a.j.e.StandardJMeterEngine: Thread will continue on error
2025-10-05 22:51:58,306 INFO o.a.j.t.ThreadGroup: Starting thread group... number=1 threads=10 ramp-up=10 delayedStart=false
2025-10-05 22:51:58,315 INFO o.a.j.t.JMeterThread: Thread started: Searchers 1-1
2025-10-05 22:51:58,319 INFO o.a.j.t.ThreadGroup: Started thread group number 1
2025-10-05 22:51:58,319 INFO o.a.j.e.StandardJMeterEngine: All thread groups have been started
2025-10-05 22:51:58,676 INFO o.a.j.p.h.s.HTTPHCAbstractImpl: Local host = runnervmwhb2z
2025-10-05 22:51:58,681 INFO o.a.j.p.h.s.HTTPHC4Impl: HTTP request retry count = 0
2025-10-05 22:51:58,682 INFO o.a.j.s.SampleResult: Note: Sample TimeStamps are END times
2025-10-05 22:51:58,682 INFO o.a.j.s.SampleResult: sampleresult.default.encoding is set to UTF-8
2025-10-05 22:51:58,682 INFO o.a.j.s.SampleResult: sampleresult.useNanoTime=true
2025-10-05 22:51:58,682 INFO o.a.j.s.SampleResult: sampleresult.nanoThreadSleep=5000
2025-10-05 22:51:58,758 INFO o.a.j.r.Summariser: summary +      1 in 00:00:00 =    2.1/s Avg:    26 Min:    26 Max:    26 Err:     0 (0.00%) Active: 1 Started: 1 Finished: 0
2025-10-05 22:51:59,311 INFO o.a.j.t.JMeterThread: Thread started: Searchers 1-2
2025-10-05 22:52:00,310 INFO o.a.j.t.JMeterThread: Thread started: Searchers 1-3
2025-10-05 22:52:01,308 INFO o.a.j.t.JMeterThread: Thread started: Searchers 1-4
2025-10-05 22:52:02,307 INFO o.a.j.t.JMeterThread: Thread started: Searchers 1-5
2025-10-05 22:52:03,307 INFO o.a.j.t.JMeterThread: Thread started: Searchers 1-6
2025-10-05 22:52:04,083 INFO o.a.j.r.Summariser: summary +     54 in 00:00:05 =   10.1/s Avg:     2 Min:     1 Max:     8 Err:     0 (0.00%) Active: 6 Started: 6 Finished: 0
2025-10-05 22:52:04,083 INFO o.a.j.r.Summariser: summary =     55 in 00:00:06 =    9.5/s Avg:     2 Min:     1 Max:    26 Err:     0 (0.00%)
2025-10-05 22:52:04,307 INFO o.a.j.t.JMeterThread: Thread started: Searchers 1-7
2025-10-05 22:52:05,307 INFO o.a.j.t.JMeterThread: Thread started: Searchers 1-8
2025-10-05 22:52:06,309 INFO o.a.j.t.JMeterThread: Thread started: Searchers 1-9
2025-10-05 22:52:07,309 INFO o.a.j.t.JMeterThread: Thread started: Searchers 1-10
2025-10-05 22:52:10,020 INFO o.a.j.r.Summariser: summary +    144 in 00:00:06 =   24.3/s Avg:     1 Min:     1 Max:     4 Err:     0 (0.00%) Active: 10 Started: 10 Finished: 0
2025-10-05 22:52:10,021 INFO o.a.j.r.Summariser: summary =    199 in 00:00:12 =   17.0/s Avg:     1 Min:     1 Max:    26 Err:     0 (0.00%)
2025-10-05 22:52:16,016 INFO o.a.j.r.Summariser: summary +    168 in 00:00:06 =   28.0/s Avg:     1 Min:     0 Max:     3 Err:     0 (0.00%) Active: 10 Started: 10 Finished: 0
2025-10-05 22:52:16,017 INFO o.a.j.r.Summariser: summary =    367 in 00:00:18 =   20.7/s Avg:     1 Min:     0 Max:    26 Err:     0 (0.00%)
2025-10-05 22:52:22,062 INFO o.a.j.r.Summariser: summary +    173 in 00:00:06 =   28.6/s Avg:     1 Min:     0 Max:     2 Err:     0 (0.00%) Active: 10 Started: 10 Finished: 0
2025-10-05 22:52:22,063 INFO o.a.j.r.Summariser: summary =    540 in 00:00:24 =   22.7/s Avg:     1 Min:     0 Max:    26 Err:     0 (0.00%)
2025-10-05 22:52:28,027 INFO o.a.j.r.Summariser: summary +    173 in 00:00:06 =   29.0/s Avg:     0 Min:     0 Max:     5 Err:     0 (0.00%) Active: 10 Started: 10 Finished: 0
2025-10-05 22:52:28,027 INFO o.a.j.r.Summariser: summary =    713 in 00:00:30 =   24.0/s Avg:     1 Min:     0 Max:    26 Err:     0 (0.00%)
2025-10-05 22:52:34,040 INFO o.a.j.r.Summariser: summary +    167 in 00:00:06 =   27.8/s Avg:     1 Min:     0 Max:     3 Err:     0 (0.00%) Active: 10 Started: 10 Finished: 0
2025-10-05 22:52:34,041 INFO o.a.j.r.Summariser: summary =    880 in 00:00:36 =   24.6/s Avg:     1 Min:     0 Max:    26 Err:     0 (0.00%)
2025-10-05 22:52:40,006 INFO o.a.j.r.Summariser: summary +    167 in 00:00:06 =   28.0/s Avg:     1 Min:     0 Max:     2 Err:     0 (0.00%) Active: 10 Started: 10 Finished: 0
2025-10-05 22:52:40,006 INFO o.a.j.r.Summariser: summary =   1047 in 00:00:42 =   25.1/s Avg:     1 Min:     0 Max:    26 Err:     0 (0.00%)
2025-10-05 22:52:46,022 INFO o.a.j.r.Summariser: summary +    167 in 00:00:06 =   27.8/s Avg:     0 Min:     0 Max:     2 Err:     0 (0.00%) Active: 10 Started: 10 Finished: 0
2025-10-05 22:52:46,022 INFO o.a.j.r.Summariser: summary =   1214 in 00:00:48 =   25.4/s Avg:     1 Min:     0 Max:    26 Err:     0 (0.00%)
2025-10-05 22:52:52,028 INFO o.a.j.r.Summariser: summary +    172 in 00:00:06 =   28.6/s Avg:     0 Min:     0 Max:     2 Err:     0 (0.00%) Active: 10 Started: 10 Finished: 0
2025-10-05 22:52:52,028 INFO o.a.j.r.Summariser: summary =   1386 in 00:00:54 =   25.8/s Avg:     1 Min:     0 Max:    26 Err:     0 (0.00%)
2025-10-05 22:52:57,983 INFO o.a.j.t.JMeterThread: Thread finished: Searchers 1-1
2025-10-05 22:52:57,998 INFO o.a.j.t.JMeterThread: Thread finished: Searchers 1-4
2025-10-05 22:52:58,007 INFO o.a.j.r.Summariser: summary +    171 in 00:00:06 =   28.6/s Avg:     0 Min:     0 Max:     2 Err:     0 (0.00%) Active: 8 Started: 10 Finished: 2
2025-10-05 22:52:58,007 INFO o.a.j.r.Summariser: summary =   1557 in 00:01:00 =   26.1/s Avg:     1 Min:     0 Max:    26 Err:     0 (0.00%)
2025-10-05 22:52:58,059 INFO o.a.j.t.JMeterThread: Thread finished: Searchers 1-2
2025-10-05 22:52:58,093 INFO o.a.j.t.JMeterThread: Thread finished: Searchers 1-3
2025-10-05 22:52:58,146 INFO o.a.j.t.JMeterThread: Thread finished: Searchers 1-6
2025-10-05 22:52:58,183 INFO o.a.j.t.JMeterThread: Thread finished: Searchers 1-10
2025-10-05 22:52:58,237 INFO o.a.j.t.JMeterThread: Thread finished: Searchers 1-9
2025-10-05 22:52:58,273 INFO o.a.j.t.JMeterThread: Thread finished: Searchers 1-8
2025-10-05 22:52:58,294 INFO o.a.j.t.JMeterThread: Thread finished: Searchers 1-5
2025-10-05 22:52:58,312 INFO o.a.j.t.JMeterThread: Thread finished: Searchers 1-7
2025-10-05 22:52:58,312 INFO o.a.j.e.StandardJMeterEngine: Notifying test listeners of end of test
2025-10-05 22:52:58,313 INFO o.a.j.r.Summariser: summary +      8 in 00:00:00 =   26.1/s Avg:     1 Min:     1 Max:     1 Err:     0 (0.00%) Active: 0 Started: 10 Finished: 10
2025-10-05 22:52:58,313 INFO o.a.j.r.Summariser: summary =   1565 in 00:01:00 =   26.1/s Avg:     1 Min:     0 Max:    26 Err:     0 (0.00%)
2025-10-05 22:52:58,314 INFO o.a.j.JMeter: Generating Dashboard
2025-10-05 22:52:58,314 INFO o.a.j.r.d.ReportGenerator: Flushing result collector before report Generation
2025-10-05 22:52:58,327 INFO o.a.j.r.p.NormalizerSampleConsumer: Using format, 'ms', to parse timeStamp field
2025-10-05 22:52:58,441 INFO o.a.j.r.p.AbstractSampleConsumer: class org.apache.jmeter.report.processor.AggregateConsumer#stopProducing(): beginDate produced 0 samples
2025-10-05 22:52:58,441 INFO o.a.j.r.p.AbstractSampleConsumer: class org.apache.jmeter.report.processor.AggregateConsumer#stopProducing(): endDate produced 0 samples
2025-10-05 22:52:58,443 INFO o.a.j.r.p.AbstractSampleConsumer: class org.apache.jmeter.report.processor.ApdexSummaryConsumer#stopProducing(): apdexSummary produced 0 samples
2025-10-05 22:52:58,443 INFO o.a.j.r.p.AbstractSampleConsumer: class org.apache.jmeter.report.processor.RequestsSummaryConsumer#stopProducing(): requestsSummary produced 0 samples
2025-10-05 22:52:58,448 INFO o.a.j.r.p.AbstractSampleConsumer: class org.apache.jmeter.report.processor.StatisticsSummaryConsumer#stopProducing(): statisticsSummary produced 0 samples
2025-10-05 22:52:58,450 INFO o.a.j.r.p.AbstractSampleConsumer: class org.apache.jmeter.report.processor.Top5ErrorsBySamplerConsumer#stopProducing(): top5ErrorsBySampler produced 0 samples
2025-10-05 22:52:58,450 INFO o.a.j.r.p.AbstractSampleConsumer: class org.apache.jmeter.report.processor.ErrorsSummaryConsumer#stopProducing(): errorsSummary produced 0 samples
2025-10-05 22:52:58,450 INFO o.a.j.r.p.AbstractSampleConsumer: class org.apache.jmeter.report.processor.graph.impl.HitsPerSecondGraphConsumer#stopProducing(): hitsPerSecond produced 0 samples
2025-10-05 22:52:58,478 INFO o.a.j.r.p.AbstractSampleConsumer: class org.apache.jmeter.report.processor.graph.impl.LatencyVSRequestGraphConsumer#stopProducing(): latencyVsRequest produced 0 samples
2025-10-05 22:52:58,479 INFO o.a.j.r.p.AbstractSampleConsumer: class org.apache.jmeter.report.processor.graph.impl.SyntheticResponseTimeDistributionGraphConsumer#stopProducing(): syntheticResponseTimeDistribution produced 0 samples
2025-10-05 22:52:58,479 INFO o.a.j.r.p.AbstractSampleConsumer: class org.apache.jmeter.report.processor.graph.impl.BytesThroughputGraphConsumer#stopProducing(): bytesThroughputOverTime produced 0 samples
2025-10-05 22:52:58,480 INFO o.a.j.r.p.AbstractSampleConsumer: class org.apache.jmeter.report.processor.graph.impl.CodesPerSecondGraphConsumer#stopProducing(): codesPerSecond produced 0 samples
2025-10-05 22:52:58,494 INFO o.a.j.r.p.AbstractSampleConsumer: class org.apache.jmeter.report.processor.graph.impl.ResponseTimeVSRequestGraphConsumer#stopProducing(): responseTimeVsRequest produced 0 samples
2025-10-05 22:52:58,494 INFO o.a.j.r.p.AbstractSampleConsumer: class org.apache.jmeter.report.processor.FilterConsumer#stopProducing(): startIntervalControlerFilter produced 10955 samples
2025-10-05 22:52:58,495 INFO o.a.j.r.p.AbstractSampleConsumer: class org.apache.jmeter.report.processor.graph.impl.TotalTPSGraphConsumer#stopProducing(): totalTPS produced 0 samples
2025-10-05 22:52:58,495 INFO o.a.j.r.p.AbstractSampleConsumer: class org.apache.jmeter.report.processor.graph.impl.ActiveThreadsGraphConsumer#stopProducing(): activeThreadsOverTime produced 0 samples
2025-10-05 22:52:58,495 INFO o.a.j.r.p.AbstractSampleConsumer: class org.apache.jmeter.report.processor.graph.impl.TimeVSThreadGraphConsumer#stopProducing(): timeVsThreads produced 0 samples
2025-10-05 22:52:58,495 INFO o.a.j.r.p.AbstractSampleConsumer: class org.apache.jmeter.report.processor.graph.impl.ResponseTimeDistributionGraphConsumer#stopProducing(): responseTimeDistribution produced 0 samples
2025-10-05 22:52:58,495 INFO o.a.j.r.p.AbstractSampleConsumer: class org.apache.jmeter.report.processor.graph.impl.TransactionsPerSecondGraphConsumer#stopProducing(): transactionsPerSecond produced 0 samples
2025-10-05 22:52:58,495 INFO o.a.j.r.p.AbstractSampleConsumer: class org.apache.jmeter.report.processor.graph.impl.ResponseTimePercentilesGraphConsumer#stopProducing(): responseTimePercentiles produced 0 samples
2025-10-05 22:52:58,496 INFO o.a.j.r.p.AbstractSampleConsumer: class org.apache.jmeter.report.processor.graph.impl.ResponseTimePercentilesOverTimeGraphConsumer#stopProducing(): responseTimePercentilesOverTime produced 0 samples
2025-10-05 22:52:58,497 INFO o.a.j.r.p.AbstractSampleConsumer: class org.apache.jmeter.report.processor.graph.impl.ResponseTimeOverTimeGraphConsumer#stopProducing(): responseTimesOverTime produced 0 samples
2025-10-05 22:52:58,497 INFO o.a.j.r.p.AbstractSampleConsumer: class org.apache.jmeter.report.processor.graph.impl.ConnectTimeOverTimeGraphConsumer#stopProducing(): connectTimeOverTime produced 0 samples
2025-10-05 22:52:58,497 INFO o.a.j.r.p.AbstractSampleConsumer: class org.apache.jmeter.report.processor.graph.impl.LatencyOverTimeGraphConsumer#stopProducing(): latenciesOverTime produced 0 samples
2025-10-05 22:52:58,497 INFO o.a.j.r.p.AbstractSampleConsumer: class org.apache.jmeter.report.processor.FilterConsumer#stopProducing(): nameFilter produced 23475 samples
2025-10-05 22:52:58,497 INFO o.a.j.r.p.AbstractSampleConsumer: class org.apache.jmeter.report.processor.FilterConsumer#stopProducing(): dateRangeFilter produced 4695 samples
2025-10-05 22:52:58,497 INFO o.a.j.r.p.AbstractSampleConsumer: class org.apache.jmeter.report.processor.NormalizerSampleConsumer#stopProducing(): normalizer produced 1565 samples
2025-10-05 22:52:58,497 INFO o.a.j.r.p.CsvFileSampleSource: produce(): 1565 samples produced in 148ms on channel 0
2025-10-05 22:52:58,498 INFO o.a.j.r.d.ReportGenerator: Exporting data using exporter:'json' of className:'org.apache.jmeter.report.dashboard.JsonExporter'
2025-10-05 22:52:58,588 INFO o.a.j.r.d.JsonExporter: Found data for consumer statisticsSummary in context
2025-10-05 22:52:58,588 INFO o.a.j.r.d.JsonExporter: Creating statistics for overall
2025-10-05 22:52:58,588 INFO o.a.j.r.d.JsonExporter: Creating statistics for other transactions
2025-10-05 22:52:58,589 INFO o.a.j.r.d.JsonExporter: Checking output folder
2025-10-05 22:52:58,589 INFO o.a.j.r.d.JsonExporter: Writing statistics JSON to /home/runner/work/grepwise/grepwise/target/jmeter/reports/http-search/statistics.json
2025-10-05 22:52:58,624 INFO o.a.j.r.d.ReportGenerator: Exporting data using exporter:'html' of className:'org.apache.jmeter.report.dashboard.HtmlTemplateExporter'
2025-10-05 22:52:58,626 INFO o.a.j.r.d.HtmlTemplateExporter: Will generate dashboard in folder: /home/runner/work/grepwise/grepwise/target/jmeter/reports/http-search
2025-10-05 22:52:58,698 INFO o.a.j.r.d.HtmlTemplateExporter: Report will be generated in: /home/runner/work/grepwise/grepwise/target/jmeter/reports/http-search, creating folder structure
2025-10-05 22:52:58,699 INFO o.a.j.r.d.TemplateVisitor: Copying folder from '/home/runner/work/grepwise/grepwise/target/b693d489-bc12-430b-98ad-f170b2d9d3e9/jmeter/bin/report-template' to '/home/runner/work/grepwise/grepwise/target/jmeter/reports/http-search', got message: /home/runner/work/grepwise/grepwise/target/jmeter/reports/http-search, found non empty folder with following content [/home/runner/work/grepwise/grepwise/target/jmeter/reports/http-search/statistics.json], will be ignored
2025-10-05 22:52:58,874 INFO o.a.j.JMeter: Dashboard generated
