2025-10-05 22:50:52,027 INFO o.a.j.u.JMeterUtils: Setting Locale to en
2025-10-05 22:50:52,047 INFO o.a.j.JMeter: Loading additional properties from: /home/runner/work/grepwise/grepwise/src/test/jmeter/jmeter.properties
2025-10-05 22:50:52,047 INFO o.a.j.JMeter: Setting System property: sun.net.http.allowRestrictedHeaders=true
2025-10-05 22:50:52,053 INFO o.a.j.JMeter: Copyright (c) 1998-2023 The Apache Software Foundation
2025-10-05 22:50:52,053 INFO o.a.j.JMeter: Version 5.6.2
2025-10-05 22:50:52,053 INFO o.a.j.JMeter: java.version=25
2025-10-05 22:50:52,053 INFO o.a.j.JMeter: java.vm.name=OpenJDK 64-Bit Server VM
2025-10-05 22:50:52,053 INFO o.a.j.JMeter: os.name=Linux
2025-10-05 22:50:52,053 INFO o.a.j.JMeter: os.arch=amd64
2025-10-05 22:50:52,053 INFO o.a.j.JMeter: os.version=6.11.0-1018-azure
2025-10-05 22:50:52,053 INFO o.a.j.JMeter: file.encoding=UTF-8
2025-10-05 22:50:52,053 INFO o.a.j.JMeter: java.awt.headless=true
2025-10-05 22:50:52,053 INFO o.a.j.JMeter: Max memory     =536870912
2025-10-05 22:50:52,053 INFO o.a.j.JMeter: Available Processors =4
2025-10-05 22:50:52,065 INFO o.a.j.JMeter: Default Locale=English
2025-10-05 22:50:52,066 INFO o.a.j.JMeter: JMeter  Locale=English
2025-10-05 22:50:52,066 INFO o.a.j.JMeter: JMeterHome=/home/runner/work/grepwise/grepwise/target/b693d489-bc12-430b-98ad-f170b2d9d3e9/jmeter
2025-10-05 22:50:52,066 INFO o.a.j.JMeter: user.dir  =/home/runner/work/grepwise/grepwise/target/b693d489-bc12-430b-98ad-f170b2d9d3e9/jmeter/bin
2025-10-05 22:50:52,066 INFO o.a.j.JMeter: PWD       =/home/runner/work/grepwise/grepwise/target/b693d489-bc12-430b-98ad-f170b2d9d3e9/jmeter/bin
2025-10-05 22:50:52,066 INFO o.a.j.JMeter: IP: 10.1.0.23 Name: runnervmwhb2z FullName: runnervmwhb2z.yizgoo0wxrde1freo0ereqkpvd.dx.internal.cloudapp.net
2025-10-05 22:50:52,076 INFO o.a.j.JMeter: Setting property 'jmeter.reportgenerator.outputdir' to:'/home/runner/work/grepwise/grepwise/target/jmeter/reports/syslog-udp'
2025-10-05 22:50:52,079 INFO o.a.j.s.FileServer: Default base='/home/runner/work/grepwise/grepwise/target/b693d489-bc12-430b-98ad-f170b2d9d3e9/jmeter/bin'
2025-10-05 22:50:52,080 INFO o.a.j.s.FileServer: Set new base='/home/runner/work/grepwise/grepwise/target/jmeter/testFiles'
2025-10-05 22:50:52,320 INFO o.a.j.s.SaveService: Testplan (JMX) version: 2.2. Testlog (JTL) version: 2.2
2025-10-05 22:50:52,340 INFO o.a.j.s.SaveService: Using SaveService properties version 5.0
2025-10-05 22:50:52,343 INFO o.a.j.s.SaveService: Using SaveService properties file encoding UTF-8
2025-10-05 22:50:52,346 INFO o.a.j.s.SaveService: Loading file: /home/runner/work/grepwise/grepwise/target/jmeter/testFiles/syslog-udp.jmx
2025-10-05 22:50:52,434 INFO o.a.j.JMeter: Creating summariser <summary>
2025-10-05 22:50:52,440 INFO o.a.j.r.d.ReportGenerator: ReportGenerator will use for Parsing the separator: ','
2025-10-05 22:50:52,440 INFO o.a.j.r.d.ReportGenerator: Will generate report at end of test from  results file: /home/runner/work/grepwise/grepwise/target/jmeter/results/20251005-syslog-udp.csv
2025-10-05 22:50:52,440 INFO o.a.j.r.d.ReportGenerator: Reading report generator properties from: /home/runner/work/grepwise/grepwise/target/b693d489-bc12-430b-98ad-f170b2d9d3e9/jmeter/bin/reportgenerator.properties
2025-10-05 22:50:52,441 INFO o.a.j.r.d.ReportGenerator: Merging with JMeter properties
2025-10-05 22:50:52,444 INFO o.a.j.r.c.ReportGeneratorConfiguration: Property 'jmeter.reportgenerator.temp_dir' not found, using default value 'temp' instead.
2025-10-05 22:50:52,446 INFO o.a.j.r.c.ReportGeneratorConfiguration: Property 'jmeter.reportgenerator.apdex_per_transaction' not found, using default value 'null' instead.
2025-10-05 22:50:52,446 INFO o.a.j.r.c.ReportGeneratorConfiguration: apdex_per_transaction is empty, not APDEX per transaction customization
2025-10-05 22:50:52,446 INFO o.a.j.r.c.ReportGeneratorConfiguration: Property 'jmeter.reportgenerator.sample_filter' not found, using default value 'null' instead.
2025-10-05 22:50:52,446 INFO o.a.j.r.c.ReportGeneratorConfiguration: Property 'jmeter.reportgenerator.report_title' not found, using default value 'null' instead.
2025-10-05 22:50:52,446 INFO o.a.j.r.c.ReportGeneratorConfiguration: Property 'jmeter.reportgenerator.start_date' not found, using default value 'null' instead.
2025-10-05 22:50:52,447 INFO o.a.j.r.c.ReportGeneratorConfiguration: Property 'jmeter.reportgenerator.end_date' not found, using default value 'null' instead.
2025-10-05 22:50:52,447 INFO o.a.j.r.c.ReportGeneratorConfiguration: Property 'jmeter.reportgenerator.date_format' not found, using default value 'null' instead.
2025-10-05 22:50:52,447 INFO o.a.j.r.c.ReportGeneratorConfiguration: Will use date range start date: null, end date: null
2025-10-05 22:50:52,450 INFO o.a.j.r.c.ReportGeneratorConfiguration: Property 'jmeter.reportgenerator.graph.totalTPS.exclude_controllers' not found, using default value 'false' instead.
2025-10-05 22:50:52,450 INFO o.a.j.r.c.ReportGeneratorConfiguration: Property 'jmeter.reportgenerator.graph.activeThreadsOverTime.exclude_controllers' not found, using default value 'false' instead.
2025-10-05 22:50:52,450 INFO o.a.j.r.c.ReportGeneratorConfiguration: Property 'jmeter.reportgenerator.graph.timeVsThreads.exclude_controllers' not found, using default value 'false' instead.
2025-10-05 22:50:52,450 INFO o.a.j.r.c.ReportGeneratorConfiguration: Property 'jmeter.reportgenerator.graph.responseTimeDistribution.exclude_controllers' not found, using default value 'false' instead.
2025-10-05 22:50:52,450 INFO o.a.j.r.c.ReportGeneratorConfiguration: Property 'jmeter.reportgenerator.graph.transactionsPerSecond.exclude_controllers' not found, using default value 'false' instead.
2025-10-05 22:50:52,451 INFO o.a.j.r.c.ReportGeneratorConfiguration: Property 'jmeter.reportgenerator.graph.responseTimePercentiles.exclude_controllers' not found, using default value 'false' instead.
2025-10-05 22:50:52,451 INFO o.a.j.r.c.ReportGeneratorConfiguration: Property 'jmeter.reportgenerator.graph.responseTimePercentilesOverTime.exclude_controllers' not found, using default value 'false' instead.
2025-10-05 22:50:52,451 INFO o.a.j.r.c.ReportGeneratorConfiguration: Property 'jmeter.reportgenerator.graph.responseTimesOverTime.exclude_controllers' not found, using default value 'false' instead.
2025-10-05 22:50:52,451 INFO o.a.j.r.c.ReportGeneratorConfiguration: Property 'jmeter.reportgenerator.graph.connectTimeOverTime.exclude_controllers' not found, using default value 'false' instead.
2025-10-05 22:50:52,451 INFO o.a.j.r.c.ReportGeneratorConfiguration: Property 'jmeter.reportgenerator.graph.latenciesOverTime.exclude_controllers' not found, using default value 'false' instead.
2025-10-05 22:50:52,452 INFO o.a.j.r.c.ReportGeneratorConfiguration: Property 'jmeter.reportgenerator.exporter.json.filters_only_sample_series' not found, using default value 'true' instead.
2025-10-05 22:50:52,452 INFO o.a.j.r.c.ReportGeneratorConfiguration: Property 'jmeter.reportgenerator.exporter.json.series_filter' not found, using default value '' instead.
2025-10-05 22:50:52,452 INFO o.a.j.r.c.ReportGeneratorConfiguration: Property 'jmeter.reportgenerator.exporter.json.show_controllers_only' not found, using default value 'false' instead.
2025-10-05 22:50:52,452 INFO o.a.j.r.c.ReportGeneratorConfiguration: Property 'jmeter.reportgenerator.exporter.html.filters_only_sample_series' not found, using default value 'true' instead.
2025-10-05 22:50:52,452 INFO o.a.j.r.c.ReportGeneratorConfiguration: Property 'jmeter.reportgenerator.exporter.html.series_filter' not found, using default value '' instead.
2025-10-05 22:50:52,452 INFO o.a.j.r.c.ReportGeneratorConfiguration: Property 'jmeter.reportgenerator.exporter.html.show_controllers_only' not found, using default value 'false' instead.
2025-10-05 22:50:52,462 INFO o.a.j.e.StandardJMeterEngine: Running the test!
2025-10-05 22:50:52,463 INFO o.a.j.s.SampleEvent: List of sample_variables: []
2025-10-05 22:50:52,463 INFO o.a.j.s.SampleEvent: List of sample_variables: []
2025-10-05 22:50:52,531 INFO o.a.j.JMeter: Running test (1759704652531)
2025-10-05 22:50:52,557 INFO o.a.j.e.StandardJMeterEngine: Starting ThreadGroup: 1 : UDP Senders
2025-10-05 22:50:52,557 INFO o.a.j.e.StandardJMeterEngine: Starting 10 threads for group UDP Senders.
2025-10-05 22:50:52,557 INFO o.a.j.e.StandardJMeterEngine: Thread will continue on error
2025-10-05 22:50:52,558 INFO o.a.j.t.ThreadGroup: Starting thread group... number=1 threads=10 ramp-up=10 delayedStart=false
2025-10-05 22:50:52,568 INFO o.a.j.t.JMeterThread: Thread started: UDP Senders 1-1
2025-10-05 22:50:52,592 INFO o.a.j.t.ThreadGroup: Started thread group number 1
2025-10-05 22:50:52,592 INFO o.a.j.e.StandardJMeterEngine: Starting ThreadGroup: 2 : Search Verifier
2025-10-05 22:50:52,592 INFO o.a.j.e.StandardJMeterEngine: Starting 1 threads for group Search Verifier.
2025-10-05 22:50:52,592 INFO o.a.j.e.StandardJMeterEngine: Thread will continue on error
2025-10-05 22:50:52,592 INFO o.a.j.t.ThreadGroup: Starting thread group... number=2 threads=1 ramp-up=1 delayedStart=false
2025-10-05 22:50:52,593 INFO o.a.j.t.ThreadGroup: Started thread group number 2
2025-10-05 22:50:52,593 INFO o.a.j.e.StandardJMeterEngine: All thread groups have been started
2025-10-05 22:50:52,593 INFO o.a.j.t.JMeterThread: Thread started: Search Verifier 2-1
2025-10-05 22:50:52,608 INFO o.a.j.p.h.s.HTTPHCAbstractImpl: Local host = runnervmwhb2z
2025-10-05 22:50:52,615 INFO o.a.j.p.h.s.HTTPHC4Impl: HTTP request retry count = 0
2025-10-05 22:50:52,616 INFO o.a.j.s.SampleResult: Note: Sample TimeStamps are END times
2025-10-05 22:50:52,616 INFO o.a.j.s.SampleResult: sampleresult.default.encoding is set to UTF-8
2025-10-05 22:50:52,616 INFO o.a.j.s.SampleResult: sampleresult.useNanoTime=true
2025-10-05 22:50:52,616 INFO o.a.j.s.SampleResult: sampleresult.nanoThreadSleep=5000
2025-10-05 22:50:52,637 INFO o.a.j.r.Summariser: summary +      1 in 00:00:00 =    9.6/s Avg:     1 Min:     1 Max:     1 Err:     0 (0.00%) Active: 2 Started: 2 Finished: 0
2025-10-05 22:50:53,566 INFO o.a.j.t.JMeterThread: Thread started: UDP Senders 1-2
2025-10-05 22:50:54,563 INFO o.a.j.t.JMeterThread: Thread started: UDP Senders 1-3
2025-10-05 22:50:55,561 INFO o.a.j.t.JMeterThread: Thread started: UDP Senders 1-4
2025-10-05 22:50:56,561 INFO o.a.j.t.JMeterThread: Thread started: UDP Senders 1-5
2025-10-05 22:50:57,561 INFO o.a.j.t.JMeterThread: Thread started: UDP Senders 1-6
2025-10-05 22:50:58,001 INFO o.a.j.r.Summariser: summary +   4596 in 00:00:05 =  856.7/s Avg:     1 Min:     0 Max:    50 Err:     0 (0.00%) Active: 7 Started: 7 Finished: 0
2025-10-05 22:50:58,001 INFO o.a.j.r.Summariser: summary =   4597 in 00:00:05 =  840.6/s Avg:     1 Min:     0 Max:    50 Err:     0 (0.00%)
2025-10-05 22:50:58,562 INFO o.a.j.t.JMeterThread: Thread started: UDP Senders 1-7
2025-10-05 22:50:59,560 INFO o.a.j.t.JMeterThread: Thread started: UDP Senders 1-8
2025-10-05 22:51:00,561 INFO o.a.j.t.JMeterThread: Thread started: UDP Senders 1-9
2025-10-05 22:51:01,560 INFO o.a.j.t.JMeterThread: Thread started: UDP Senders 1-10
2025-10-05 22:51:04,000 INFO o.a.j.r.Summariser: summary +   9859 in 00:00:06 = 1643.2/s Avg:     0 Min:     0 Max:    14 Err:     0 (0.00%) Active: 11 Started: 11 Finished: 0
2025-10-05 22:51:04,001 INFO o.a.j.r.Summariser: summary =  14456 in 00:00:11 = 1260.4/s Avg:     0 Min:     0 Max:    50 Err:     0 (0.00%)
2025-10-05 22:51:10,000 INFO o.a.j.r.Summariser: summary +  13668 in 00:00:06 = 2278.0/s Avg:     0 Min:     0 Max:     8 Err:     0 (0.00%) Active: 11 Started: 11 Finished: 0
2025-10-05 22:51:10,001 INFO o.a.j.r.Summariser: summary =  28124 in 00:00:17 = 1609.9/s Avg:     0 Min:     0 Max:    50 Err:     0 (0.00%)
2025-10-05 22:51:16,000 INFO o.a.j.r.Summariser: summary +  17418 in 00:00:06 = 2903.0/s Avg:     0 Min:     0 Max:    12 Err:     0 (0.00%) Active: 11 Started: 11 Finished: 0
2025-10-05 22:51:16,000 INFO o.a.j.r.Summariser: summary =  45542 in 00:00:23 = 1940.5/s Avg:     0 Min:     0 Max:    50 Err:     0 (0.00%)
2025-10-05 22:51:22,000 INFO o.a.j.r.Summariser: summary +  17758 in 00:00:06 = 2959.7/s Avg:     0 Min:     0 Max:     4 Err:     0 (0.00%) Active: 11 Started: 11 Finished: 0
2025-10-05 22:51:22,000 INFO o.a.j.r.Summariser: summary =  63300 in 00:00:29 = 2148.0/s Avg:     0 Min:     0 Max:    50 Err:     0 (0.00%)
2025-10-05 22:51:28,000 INFO o.a.j.r.Summariser: summary +  17576 in 00:00:06 = 2929.3/s Avg:     0 Min:     0 Max:     8 Err:     0 (0.00%) Active: 11 Started: 11 Finished: 0
2025-10-05 22:51:28,000 INFO o.a.j.r.Summariser: summary =  80876 in 00:00:35 = 2280.2/s Avg:     0 Min:     0 Max:    50 Err:     0 (0.00%)
2025-10-05 22:51:34,000 INFO o.a.j.r.Summariser: summary +  17969 in 00:00:06 = 2994.8/s Avg:     0 Min:     0 Max:     4 Err:     0 (0.00%) Active: 11 Started: 11 Finished: 0
2025-10-05 22:51:34,000 INFO o.a.j.r.Summariser: summary =  98845 in 00:00:41 = 2383.6/s Avg:     0 Min:     0 Max:    50 Err:     0 (0.00%)
2025-10-05 22:51:40,000 INFO o.a.j.r.Summariser: summary +  17916 in 00:00:06 = 2986.0/s Avg:     0 Min:     0 Max:     4 Err:     0 (0.00%) Active: 11 Started: 11 Finished: 0
2025-10-05 22:51:40,000 INFO o.a.j.r.Summariser: summary = 116761 in 00:00:47 = 2459.7/s Avg:     0 Min:     0 Max:    50 Err:     0 (0.00%)
2025-10-05 22:51:46,000 INFO o.a.j.r.Summariser: summary +  18150 in 00:00:06 = 3025.0/s Avg:     0 Min:     0 Max:     4 Err:     0 (0.00%) Active: 11 Started: 11 Finished: 0
2025-10-05 22:51:46,000 INFO o.a.j.r.Summariser: summary = 134911 in 00:00:53 = 2523.2/s Avg:     0 Min:     0 Max:    50 Err:     0 (0.00%)
2025-10-05 22:51:52,000 INFO o.a.j.r.Summariser: summary +  18230 in 00:00:06 = 3038.3/s Avg:     0 Min:     0 Max:     4 Err:     0 (0.00%) Active: 11 Started: 11 Finished: 0
2025-10-05 22:51:52,000 INFO o.a.j.r.Summariser: summary = 153141 in 00:00:59 = 2575.1/s Avg:     0 Min:     0 Max:    50 Err:     0 (0.00%)
2025-10-05 22:51:52,488 INFO o.a.j.t.JMeterThread: Thread finished: UDP Senders 1-1
2025-10-05 22:51:52,520 INFO o.a.j.t.JMeterThread: Thread finished: UDP Senders 1-10
2025-10-05 22:51:52,520 INFO o.a.j.t.JMeterThread: Thread finished: UDP Senders 1-8
2025-10-05 22:51:52,522 INFO o.a.j.t.JMeterThread: Thread finished: UDP Senders 1-6
2025-10-05 22:51:52,532 INFO o.a.j.t.JMeterThread: Thread finished: UDP Senders 1-3
2025-10-05 22:51:52,551 INFO o.a.j.t.JMeterThread: Thread finished: UDP Senders 1-4
2025-10-05 22:51:52,563 INFO o.a.j.t.JMeterThread: Thread finished: UDP Senders 1-2
2025-10-05 22:51:52,564 INFO o.a.j.t.JMeterThread: Thread finished: UDP Senders 1-5
2025-10-05 22:51:52,573 INFO o.a.j.t.JMeterThread: Thread finished: UDP Senders 1-7
2025-10-05 22:51:52,577 INFO o.a.j.t.JMeterThread: Thread finished: UDP Senders 1-9
2025-10-05 22:51:52,592 INFO o.a.j.t.JMeterThread: Stopping because end time detected by thread: Search Verifier 2-1
2025-10-05 22:51:52,592 INFO o.a.j.t.JMeterThread: Thread finished: Search Verifier 2-1
2025-10-05 22:51:52,593 INFO o.a.j.e.StandardJMeterEngine: Notifying test listeners of end of test
2025-10-05 22:51:52,593 INFO o.a.j.r.Summariser: summary +   1805 in 00:00:01 = 3043.8/s Avg:     0 Min:     0 Max:     2 Err:     0 (0.00%) Active: 0 Started: 11 Finished: 11
2025-10-05 22:51:52,593 INFO o.a.j.r.Summariser: summary = 154946 in 00:01:00 = 2579.8/s Avg:     0 Min:     0 Max:    50 Err:     0 (0.00%)
2025-10-05 22:51:52,594 INFO o.a.j.JMeter: Generating Dashboard
2025-10-05 22:51:52,594 INFO o.a.j.r.d.ReportGenerator: Flushing result collector before report Generation
2025-10-05 22:51:52,604 INFO o.a.j.r.p.NormalizerSampleConsumer: Using format, 'ms', to parse timeStamp field
2025-10-05 22:51:54,449 INFO o.a.j.r.p.AbstractSampleConsumer: class org.apache.jmeter.report.processor.AggregateConsumer#stopProducing(): beginDate produced 0 samples
2025-10-05 22:51:54,449 INFO o.a.j.r.p.AbstractSampleConsumer: class org.apache.jmeter.report.processor.AggregateConsumer#stopProducing(): endDate produced 0 samples
2025-10-05 22:51:54,451 INFO o.a.j.r.p.AbstractSampleConsumer: class org.apache.jmeter.report.processor.ApdexSummaryConsumer#stopProducing(): apdexSummary produced 0 samples
2025-10-05 22:51:54,451 INFO o.a.j.r.p.AbstractSampleConsumer: class org.apache.jmeter.report.processor.RequestsSummaryConsumer#stopProducing(): requestsSummary produced 0 samples
2025-10-05 22:51:54,463 INFO o.a.j.r.p.AbstractSampleConsumer: class org.apache.jmeter.report.processor.StatisticsSummaryConsumer#stopProducing(): statisticsSummary produced 0 samples
2025-10-05 22:51:54,465 INFO o.a.j.r.p.AbstractSampleConsumer: class org.apache.jmeter.report.processor.Top5ErrorsBySamplerConsumer#stopProducing(): top5ErrorsBySampler produced 0 samples
2025-10-05 22:51:54,465 INFO o.a.j.r.p.AbstractSampleConsumer: class org.apache.jmeter.report.processor.ErrorsSummaryConsumer#stopProducing(): errorsSummary produced 0 samples
2025-10-05 22:51:54,465 INFO o.a.j.r.p.AbstractSampleConsumer: class org.apache.jmeter.report.processor.graph.impl.HitsPerSecondGraphConsumer#stopProducing(): hitsPerSecond produced 0 samples
2025-10-05 22:51:54,959 INFO o.a.j.r.p.AbstractSampleConsumer: class org.apache.jmeter.report.processor.graph.impl.LatencyVSRequestGraphConsumer#stopProducing(): latencyVsRequest produced 0 samples
2025-10-05 22:51:54,965 INFO o.a.j.r.p.AbstractSampleConsumer: class org.apache.jmeter.report.processor.graph.impl.SyntheticResponseTimeDistributionGraphConsumer#stopProducing(): syntheticResponseTimeDistribution produced 0 samples
2025-10-05 22:51:54,965 INFO o.a.j.r.p.AbstractSampleConsumer: class org.apache.jmeter.report.processor.graph.impl.BytesThroughputGraphConsumer#stopProducing(): bytesThroughputOverTime produced 0 samples
2025-10-05 22:51:54,965 INFO o.a.j.r.p.AbstractSampleConsumer: class org.apache.jmeter.report.processor.graph.impl.CodesPerSecondGraphConsumer#stopProducing(): codesPerSecond produced 0 samples
2025-10-05 22:51:55,373 INFO o.a.j.r.p.AbstractSampleConsumer: class org.apache.jmeter.report.processor.graph.impl.ResponseTimeVSRequestGraphConsumer#stopProducing(): responseTimeVsRequest produced 0 samples
2025-10-05 22:51:55,375 INFO o.a.j.r.p.AbstractSampleConsumer: class org.apache.jmeter.report.processor.FilterConsumer#stopProducing(): startIntervalControlerFilter produced 1084622 samples
2025-10-05 22:51:55,375 INFO o.a.j.r.p.AbstractSampleConsumer: class org.apache.jmeter.report.processor.graph.impl.TotalTPSGraphConsumer#stopProducing(): totalTPS produced 0 samples
2025-10-05 22:51:55,375 INFO o.a.j.r.p.AbstractSampleConsumer: class org.apache.jmeter.report.processor.graph.impl.ActiveThreadsGraphConsumer#stopProducing(): activeThreadsOverTime produced 0 samples
2025-10-05 22:51:55,375 INFO o.a.j.r.p.AbstractSampleConsumer: class org.apache.jmeter.report.processor.graph.impl.TimeVSThreadGraphConsumer#stopProducing(): timeVsThreads produced 0 samples
2025-10-05 22:51:55,376 INFO o.a.j.r.p.AbstractSampleConsumer: class org.apache.jmeter.report.processor.graph.impl.ResponseTimeDistributionGraphConsumer#stopProducing(): responseTimeDistribution produced 0 samples
2025-10-05 22:51:55,376 INFO o.a.j.r.p.AbstractSampleConsumer: class org.apache.jmeter.report.processor.graph.impl.TransactionsPerSecondGraphConsumer#stopProducing(): transactionsPerSecond produced 0 samples
2025-10-05 22:51:55,376 INFO o.a.j.r.p.AbstractSampleConsumer: class org.apache.jmeter.report.processor.graph.impl.ResponseTimePercentilesGraphConsumer#stopProducing(): responseTimePercentiles produced 0 samples
2025-10-05 22:51:55,377 INFO o.a.j.r.p.AbstractSampleConsumer: class org.apache.jmeter.report.processor.graph.impl.ResponseTimePercentilesOverTimeGraphConsumer#stopProducing(): responseTimePercentilesOverTime produced 0 samples
2025-10-05 22:51:55,377 INFO o.a.j.r.p.AbstractSampleConsumer: class org.apache.jmeter.report.processor.graph.impl.ResponseTimeOverTimeGraphConsumer#stopProducing(): responseTimesOverTime produced 0 samples
2025-10-05 22:51:55,378 INFO o.a.j.r.p.AbstractSampleConsumer: class org.apache.jmeter.report.processor.graph.impl.ConnectTimeOverTimeGraphConsumer#stopProducing(): connectTimeOverTime produced 0 samples
2025-10-05 22:51:55,378 INFO o.a.j.r.p.AbstractSampleConsumer: class org.apache.jmeter.report.processor.graph.impl.LatencyOverTimeGraphConsumer#stopProducing(): latenciesOverTime produced 0 samples
2025-10-05 22:51:55,378 INFO o.a.j.r.p.AbstractSampleConsumer: class org.apache.jmeter.report.processor.FilterConsumer#stopProducing(): nameFilter produced 2324190 samples
2025-10-05 22:51:55,378 INFO o.a.j.r.p.AbstractSampleConsumer: class org.apache.jmeter.report.processor.FilterConsumer#stopProducing(): dateRangeFilter produced 464838 samples
2025-10-05 22:51:55,378 INFO o.a.j.r.p.AbstractSampleConsumer: class org.apache.jmeter.report.processor.NormalizerSampleConsumer#stopProducing(): normalizer produced 154946 samples
2025-10-05 22:51:55,378 INFO o.a.j.r.p.CsvFileSampleSource: produce(): 154946 samples produced in 2s 754 ms on channel 0
2025-10-05 22:51:55,378 INFO o.a.j.r.d.ReportGenerator: Exporting data using exporter:'json' of className:'org.apache.jmeter.report.dashboard.JsonExporter'
2025-10-05 22:51:55,463 INFO o.a.j.r.d.JsonExporter: Found data for consumer statisticsSummary in context
2025-10-05 22:51:55,463 INFO o.a.j.r.d.JsonExporter: Creating statistics for overall
2025-10-05 22:51:55,463 INFO o.a.j.r.d.JsonExporter: Creating statistics for other transactions
2025-10-05 22:51:55,464 INFO o.a.j.r.d.JsonExporter: Checking output folder
2025-10-05 22:51:55,464 INFO o.a.j.r.d.JsonExporter: Writing statistics JSON to /home/runner/work/grepwise/grepwise/target/jmeter/reports/syslog-udp/statistics.json
2025-10-05 22:51:55,499 INFO o.a.j.r.d.ReportGenerator: Exporting data using exporter:'html' of className:'org.apache.jmeter.report.dashboard.HtmlTemplateExporter'
2025-10-05 22:51:55,501 INFO o.a.j.r.d.HtmlTemplateExporter: Will generate dashboard in folder: /home/runner/work/grepwise/grepwise/target/jmeter/reports/syslog-udp
2025-10-05 22:51:55,590 INFO o.a.j.r.d.HtmlTemplateExporter: Report will be generated in: /home/runner/work/grepwise/grepwise/target/jmeter/reports/syslog-udp, creating folder structure
2025-10-05 22:51:55,592 INFO o.a.j.r.d.TemplateVisitor: Copying folder from '/home/runner/work/grepwise/grepwise/target/b693d489-bc12-430b-98ad-f170b2d9d3e9/jmeter/bin/report-template' to '/home/runner/work/grepwise/grepwise/target/jmeter/reports/syslog-udp', got message: /home/runner/work/grepwise/grepwise/target/jmeter/reports/syslog-udp, found non empty folder with following content [/home/runner/work/grepwise/grepwise/target/jmeter/reports/syslog-udp/statistics.json], will be ignored
2025-10-05 22:51:55,762 INFO o.a.j.JMeter: Dashboard generated
