2025-10-04 08:37:27,683 INFO o.a.j.u.JMeterUtils: Setting Locale to en
2025-10-04 08:37:27,696 INFO o.a.j.JMeter: Loading additional properties from: /home/runner/work/grepwise/grepwise/src/test/jmeter/jmeter.properties
2025-10-04 08:37:27,696 INFO o.a.j.JMeter: Setting System property: sun.net.http.allowRestrictedHeaders=true
2025-10-04 08:37:27,700 INFO o.a.j.JMeter: Copyright (c) 1998-2023 The Apache Software Foundation
2025-10-04 08:37:27,700 INFO o.a.j.JMeter: Version 5.6.2
2025-10-04 08:37:27,700 INFO o.a.j.JMeter: java.version=25
2025-10-04 08:37:27,701 INFO o.a.j.JMeter: java.vm.name=OpenJDK 64-Bit Server VM
2025-10-04 08:37:27,701 INFO o.a.j.JMeter: os.name=Linux
2025-10-04 08:37:27,701 INFO o.a.j.JMeter: os.arch=amd64
2025-10-04 08:37:27,701 INFO o.a.j.JMeter: os.version=6.11.0-1018-azure
2025-10-04 08:37:27,701 INFO o.a.j.JMeter: file.encoding=UTF-8
2025-10-04 08:37:27,701 INFO o.a.j.JMeter: java.awt.headless=true
2025-10-04 08:37:27,701 INFO o.a.j.JMeter: Max memory     =536870912
2025-10-04 08:37:27,701 INFO o.a.j.JMeter: Available Processors =4
2025-10-04 08:37:27,711 INFO o.a.j.JMeter: Default Locale=English
2025-10-04 08:37:27,711 INFO o.a.j.JMeter: JMeter  Locale=English
2025-10-04 08:37:27,711 INFO o.a.j.JMeter: JMeterHome=/home/runner/work/grepwise/grepwise/target/f6cab0ba-53dc-48f0-a76f-644996e2a353/jmeter
2025-10-04 08:37:27,711 INFO o.a.j.JMeter: user.dir  =/home/runner/work/grepwise/grepwise/target/f6cab0ba-53dc-48f0-a76f-644996e2a353/jmeter/bin
2025-10-04 08:37:27,711 INFO o.a.j.JMeter: PWD       =/home/runner/work/grepwise/grepwise/target/f6cab0ba-53dc-48f0-a76f-644996e2a353/jmeter/bin
2025-10-04 08:37:27,711 INFO o.a.j.JMeter: IP: 10.1.0.105 Name: runnervmwhb2z FullName: runnervmwhb2z.d25eko5qp01u1c5angi00huzxc.ex.internal.cloudapp.net
2025-10-04 08:37:27,721 INFO o.a.j.JMeter: Setting property 'jmeter.reportgenerator.outputdir' to:'/home/runner/work/grepwise/grepwise/target/jmeter/reports/combined-parallel-bsh'
2025-10-04 08:37:27,723 INFO o.a.j.s.FileServer: Default base='/home/runner/work/grepwise/grepwise/target/f6cab0ba-53dc-48f0-a76f-644996e2a353/jmeter/bin'
2025-10-04 08:37:27,723 INFO o.a.j.s.FileServer: Set new base='/home/runner/work/grepwise/grepwise/target/jmeter/testFiles'
2025-10-04 08:37:27,952 INFO o.a.j.s.SaveService: Testplan (JMX) version: 2.2. Testlog (JTL) version: 2.2
2025-10-04 08:37:27,972 INFO o.a.j.s.SaveService: Using SaveService properties version 5.0
2025-10-04 08:37:27,975 INFO o.a.j.s.SaveService: Using SaveService properties file encoding UTF-8
2025-10-04 08:37:27,978 INFO o.a.j.s.SaveService: Loading file: /home/runner/work/grepwise/grepwise/target/jmeter/testFiles/combined-parallel-bsh.jmx
2025-10-04 08:37:28,062 INFO o.a.j.JMeter: Creating summariser <summary>
2025-10-04 08:37:28,067 INFO o.a.j.r.d.ReportGenerator: ReportGenerator will use for Parsing the separator: ','
2025-10-04 08:37:28,067 INFO o.a.j.r.d.ReportGenerator: Will generate report at end of test from  results file: /home/runner/work/grepwise/grepwise/target/jmeter/results/20251004-combined-parallel-bsh.csv
2025-10-04 08:37:28,067 INFO o.a.j.r.d.ReportGenerator: Reading report generator properties from: /home/runner/work/grepwise/grepwise/target/f6cab0ba-53dc-48f0-a76f-644996e2a353/jmeter/bin/reportgenerator.properties
2025-10-04 08:37:28,068 INFO o.a.j.r.d.ReportGenerator: Merging with JMeter properties
2025-10-04 08:37:28,070 INFO o.a.j.r.c.ReportGeneratorConfiguration: Property 'jmeter.reportgenerator.temp_dir' not found, using default value 'temp' instead.
2025-10-04 08:37:28,072 INFO o.a.j.r.c.ReportGeneratorConfiguration: Property 'jmeter.reportgenerator.apdex_per_transaction' not found, using default value 'null' instead.
2025-10-04 08:37:28,072 INFO o.a.j.r.c.ReportGeneratorConfiguration: apdex_per_transaction is empty, not APDEX per transaction customization
2025-10-04 08:37:28,073 INFO o.a.j.r.c.ReportGeneratorConfiguration: Property 'jmeter.reportgenerator.sample_filter' not found, using default value 'null' instead.
2025-10-04 08:37:28,073 INFO o.a.j.r.c.ReportGeneratorConfiguration: Property 'jmeter.reportgenerator.report_title' not found, using default value 'null' instead.
2025-10-04 08:37:28,073 INFO o.a.j.r.c.ReportGeneratorConfiguration: Property 'jmeter.reportgenerator.start_date' not found, using default value 'null' instead.
2025-10-04 08:37:28,073 INFO o.a.j.r.c.ReportGeneratorConfiguration: Property 'jmeter.reportgenerator.end_date' not found, using default value 'null' instead.
2025-10-04 08:37:28,073 INFO o.a.j.r.c.ReportGeneratorConfiguration: Property 'jmeter.reportgenerator.date_format' not found, using default value 'null' instead.
2025-10-04 08:37:28,073 INFO o.a.j.r.c.ReportGeneratorConfiguration: Will use date range start date: null, end date: null
2025-10-04 08:37:28,076 INFO o.a.j.r.c.ReportGeneratorConfiguration: Property 'jmeter.reportgenerator.graph.totalTPS.exclude_controllers' not found, using default value 'false' instead.
2025-10-04 08:37:28,076 INFO o.a.j.r.c.ReportGeneratorConfiguration: Property 'jmeter.reportgenerator.graph.activeThreadsOverTime.exclude_controllers' not found, using default value 'false' instead.
2025-10-04 08:37:28,076 INFO o.a.j.r.c.ReportGeneratorConfiguration: Property 'jmeter.reportgenerator.graph.timeVsThreads.exclude_controllers' not found, using default value 'false' instead.
2025-10-04 08:37:28,076 INFO o.a.j.r.c.ReportGeneratorConfiguration: Property 'jmeter.reportgenerator.graph.responseTimeDistribution.exclude_controllers' not found, using default value 'false' instead.
2025-10-04 08:37:28,076 INFO o.a.j.r.c.ReportGeneratorConfiguration: Property 'jmeter.reportgenerator.graph.transactionsPerSecond.exclude_controllers' not found, using default value 'false' instead.
2025-10-04 08:37:28,076 INFO o.a.j.r.c.ReportGeneratorConfiguration: Property 'jmeter.reportgenerator.graph.responseTimePercentiles.exclude_controllers' not found, using default value 'false' instead.
2025-10-04 08:37:28,077 INFO o.a.j.r.c.ReportGeneratorConfiguration: Property 'jmeter.reportgenerator.graph.responseTimePercentilesOverTime.exclude_controllers' not found, using default value 'false' instead.
2025-10-04 08:37:28,077 INFO o.a.j.r.c.ReportGeneratorConfiguration: Property 'jmeter.reportgenerator.graph.responseTimesOverTime.exclude_controllers' not found, using default value 'false' instead.
2025-10-04 08:37:28,077 INFO o.a.j.r.c.ReportGeneratorConfiguration: Property 'jmeter.reportgenerator.graph.connectTimeOverTime.exclude_controllers' not found, using default value 'false' instead.
2025-10-04 08:37:28,077 INFO o.a.j.r.c.ReportGeneratorConfiguration: Property 'jmeter.reportgenerator.graph.latenciesOverTime.exclude_controllers' not found, using default value 'false' instead.
2025-10-04 08:37:28,078 INFO o.a.j.r.c.ReportGeneratorConfiguration: Property 'jmeter.reportgenerator.exporter.json.filters_only_sample_series' not found, using default value 'true' instead.
2025-10-04 08:37:28,078 INFO o.a.j.r.c.ReportGeneratorConfiguration: Property 'jmeter.reportgenerator.exporter.json.series_filter' not found, using default value '' instead.
2025-10-04 08:37:28,078 INFO o.a.j.r.c.ReportGeneratorConfiguration: Property 'jmeter.reportgenerator.exporter.json.show_controllers_only' not found, using default value 'false' instead.
2025-10-04 08:37:28,078 INFO o.a.j.r.c.ReportGeneratorConfiguration: Property 'jmeter.reportgenerator.exporter.html.filters_only_sample_series' not found, using default value 'true' instead.
2025-10-04 08:37:28,078 INFO o.a.j.r.c.ReportGeneratorConfiguration: Property 'jmeter.reportgenerator.exporter.html.series_filter' not found, using default value '' instead.
2025-10-04 08:37:28,078 INFO o.a.j.r.c.ReportGeneratorConfiguration: Property 'jmeter.reportgenerator.exporter.html.show_controllers_only' not found, using default value 'false' instead.
2025-10-04 08:37:28,087 INFO o.a.j.e.StandardJMeterEngine: Running the test!
2025-10-04 08:37:28,088 INFO o.a.j.s.SampleEvent: List of sample_variables: []
2025-10-04 08:37:28,088 INFO o.a.j.s.SampleEvent: List of sample_variables: []
2025-10-04 08:37:28,146 INFO o.a.j.JMeter: Running test (1759567048146)
2025-10-04 08:37:28,170 INFO o.a.j.e.StandardJMeterEngine: Starting ThreadGroup: 1 : UDP Ingestion
2025-10-04 08:37:28,170 INFO o.a.j.e.StandardJMeterEngine: Starting 10 threads for group UDP Ingestion.
2025-10-04 08:37:28,170 INFO o.a.j.e.StandardJMeterEngine: Thread will continue on error
2025-10-04 08:37:28,170 INFO o.a.j.t.ThreadGroup: Starting thread group... number=1 threads=10 ramp-up=10 delayedStart=false
2025-10-04 08:37:28,179 INFO o.a.j.t.JMeterThread: Thread started: UDP Ingestion 1-1
2025-10-04 08:37:28,200 INFO o.a.j.t.ThreadGroup: Started thread group number 1
2025-10-04 08:37:28,200 INFO o.a.j.e.StandardJMeterEngine: Starting ThreadGroup: 2 : HTTP Searchers
2025-10-04 08:37:28,200 INFO o.a.j.e.StandardJMeterEngine: Starting 10 threads for group HTTP Searchers.
2025-10-04 08:37:28,200 INFO o.a.j.e.StandardJMeterEngine: Thread will continue on error
2025-10-04 08:37:28,200 INFO o.a.j.t.ThreadGroup: Starting thread group... number=2 threads=10 ramp-up=10 delayedStart=false
2025-10-04 08:37:28,201 INFO o.a.j.t.JMeterThread: Thread started: HTTP Searchers 2-1
2025-10-04 08:37:28,208 INFO o.a.j.t.ThreadGroup: Started thread group number 2
2025-10-04 08:37:28,208 INFO o.a.j.e.StandardJMeterEngine: All thread groups have been started
2025-10-04 08:37:28,215 INFO o.a.j.p.h.s.HTTPHCAbstractImpl: Local host = runnervmwhb2z
2025-10-04 08:37:28,219 INFO o.a.j.p.h.s.HTTPHC4Impl: HTTP request retry count = 0
2025-10-04 08:37:28,220 INFO o.a.j.s.SampleResult: Note: Sample TimeStamps are END times
2025-10-04 08:37:28,220 INFO o.a.j.s.SampleResult: sampleresult.default.encoding is set to UTF-8
2025-10-04 08:37:28,220 INFO o.a.j.s.SampleResult: sampleresult.useNanoTime=true
2025-10-04 08:37:28,220 INFO o.a.j.s.SampleResult: sampleresult.nanoThreadSleep=5000
2025-10-04 08:37:28,227 INFO o.a.j.r.Summariser: summary +      1 in 00:00:00 =   12.7/s Avg:     1 Min:     1 Max:     1 Err:     0 (0.00%) Active: 2 Started: 2 Finished: 0
2025-10-04 08:37:29,176 INFO o.a.j.t.JMeterThread: Thread started: UDP Ingestion 1-2
2025-10-04 08:37:29,202 INFO o.a.j.t.JMeterThread: Thread started: HTTP Searchers 2-2
2025-10-04 08:37:30,174 INFO o.a.j.t.JMeterThread: Thread started: UDP Ingestion 1-3
2025-10-04 08:37:30,201 INFO o.a.j.t.JMeterThread: Thread started: HTTP Searchers 2-3
2025-10-04 08:37:31,174 INFO o.a.j.t.JMeterThread: Thread started: UDP Ingestion 1-4
2025-10-04 08:37:31,201 INFO o.a.j.t.JMeterThread: Thread started: HTTP Searchers 2-4
2025-10-04 08:37:32,172 INFO o.a.j.t.JMeterThread: Thread started: UDP Ingestion 1-5
2025-10-04 08:37:32,202 INFO o.a.j.t.JMeterThread: Thread started: HTTP Searchers 2-5
2025-10-04 08:37:33,172 INFO o.a.j.t.JMeterThread: Thread started: UDP Ingestion 1-6
2025-10-04 08:37:33,201 INFO o.a.j.t.JMeterThread: Thread started: HTTP Searchers 2-6
2025-10-04 08:37:34,000 INFO o.a.j.r.Summariser: summary +  25692 in 00:00:06 = 4448.8/s Avg:     0 Min:     0 Max:    25 Err: 25014 (97.36%) Active: 12 Started: 12 Finished: 0
2025-10-04 08:37:34,001 INFO o.a.j.r.Summariser: summary =  25693 in 00:00:06 = 4389.0/s Avg:     0 Min:     0 Max:    25 Err: 25014 (97.36%)
2025-10-04 08:37:34,172 INFO o.a.j.t.JMeterThread: Thread started: UDP Ingestion 1-7
2025-10-04 08:37:34,201 INFO o.a.j.t.JMeterThread: Thread started: HTTP Searchers 2-7
2025-10-04 08:37:35,173 INFO o.a.j.t.JMeterThread: Thread started: UDP Ingestion 1-8
2025-10-04 08:37:35,201 INFO o.a.j.t.JMeterThread: Thread started: HTTP Searchers 2-8
2025-10-04 08:37:36,173 INFO o.a.j.t.JMeterThread: Thread started: UDP Ingestion 1-9
2025-10-04 08:37:36,202 INFO o.a.j.t.JMeterThread: Thread started: HTTP Searchers 2-9
2025-10-04 08:37:37,172 INFO o.a.j.t.JMeterThread: Thread started: UDP Ingestion 1-10
2025-10-04 08:37:37,202 INFO o.a.j.t.JMeterThread: Thread started: HTTP Searchers 2-10
2025-10-04 08:37:40,000 INFO o.a.j.r.Summariser: summary +  59086 in 00:00:06 = 9847.7/s Avg:     0 Min:     0 Max:     7 Err: 57552 (97.40%) Active: 20 Started: 20 Finished: 0
2025-10-04 08:37:40,000 INFO o.a.j.r.Summariser: summary =  84779 in 00:00:12 = 7151.9/s Avg:     0 Min:     0 Max:    25 Err: 82566 (97.39%)
2025-10-04 08:37:46,000 INFO o.a.j.r.Summariser: summary +  66506 in 00:00:06 = 11084.3/s Avg:     0 Min:     0 Max:     8 Err: 64779 (97.40%) Active: 20 Started: 20 Finished: 0
2025-10-04 08:37:46,000 INFO o.a.j.r.Summariser: summary = 151285 in 00:00:18 = 8473.5/s Avg:     0 Min:     0 Max:    25 Err: 147345 (97.40%)
2025-10-04 08:37:52,001 INFO o.a.j.r.Summariser: summary +  67301 in 00:00:06 = 11216.8/s Avg:     0 Min:     0 Max:     6 Err: 65568 (97.43%) Active: 20 Started: 20 Finished: 0
2025-10-04 08:37:52,001 INFO o.a.j.r.Summariser: summary = 218586 in 00:00:24 = 9163.5/s Avg:     0 Min:     0 Max:    25 Err: 212913 (97.40%)
2025-10-04 08:37:58,000 INFO o.a.j.r.Summariser: summary +  67049 in 00:00:06 = 11174.8/s Avg:     0 Min:     0 Max:     6 Err: 65328 (97.43%) Active: 20 Started: 20 Finished: 0
2025-10-04 08:37:58,000 INFO o.a.j.r.Summariser: summary = 285635 in 00:00:30 = 9567.7/s Avg:     0 Min:     0 Max:    25 Err: 278241 (97.41%)
2025-10-04 08:38:04,000 INFO o.a.j.r.Summariser: summary +  66412 in 00:00:06 = 11068.7/s Avg:     0 Min:     0 Max:     8 Err: 64684 (97.40%) Active: 20 Started: 20 Finished: 0
2025-10-04 08:38:04,000 INFO o.a.j.r.Summariser: summary = 352047 in 00:00:36 = 9818.9/s Avg:     0 Min:     0 Max:    25 Err: 342925 (97.41%)
2025-10-04 08:38:10,000 INFO o.a.j.r.Summariser: summary +  68057 in 00:00:06 = 11342.8/s Avg:     0 Min:     0 Max:     7 Err: 66321 (97.45%) Active: 20 Started: 20 Finished: 0
2025-10-04 08:38:10,000 INFO o.a.j.r.Summariser: summary = 420104 in 00:00:42 = 10037.4/s Avg:     0 Min:     0 Max:    25 Err: 409246 (97.42%)
2025-10-04 08:38:16,000 INFO o.a.j.r.Summariser: summary +  68114 in 00:00:06 = 11352.3/s Avg:     0 Min:     0 Max:     7 Err: 66390 (97.47%) Active: 20 Started: 20 Finished: 0
2025-10-04 08:38:16,001 INFO o.a.j.r.Summariser: summary = 488218 in 00:00:48 = 10202.2/s Avg:     0 Min:     0 Max:    25 Err: 475636 (97.42%)
2025-10-04 08:38:22,001 INFO o.a.j.r.Summariser: summary +  63901 in 00:00:06 = 10650.2/s Avg:     0 Min:     0 Max:    13 Err: 61877 (96.83%) Active: 20 Started: 20 Finished: 0
2025-10-04 08:38:22,004 INFO o.a.j.r.Summariser: summary = 552119 in 00:00:54 = 10252.1/s Avg:     0 Min:     0 Max:    25 Err: 537513 (97.35%)
2025-10-04 08:38:28,000 INFO o.a.j.r.Summariser: summary +  68583 in 00:00:06 = 11430.5/s Avg:     0 Min:     0 Max:     7 Err: 66874 (97.51%) Active: 20 Started: 20 Finished: 0
2025-10-04 08:38:28,000 INFO o.a.j.r.Summariser: summary = 620702 in 00:01:00 = 10370.3/s Avg:     0 Min:     0 Max:    25 Err: 604387 (97.37%)
2025-10-04 08:38:28,147 INFO o.a.j.t.JMeterThread: Thread finished: UDP Ingestion 1-1
2025-10-04 08:38:28,148 INFO o.a.j.t.JMeterThread: Thread finished: UDP Ingestion 1-5
2025-10-04 08:38:28,152 INFO o.a.j.t.JMeterThread: Thread finished: UDP Ingestion 1-7
2025-10-04 08:38:28,156 INFO o.a.j.t.JMeterThread: Thread finished: UDP Ingestion 1-9
2025-10-04 08:38:28,159 INFO o.a.j.t.JMeterThread: Thread finished: UDP Ingestion 1-8
2025-10-04 08:38:28,162 INFO o.a.j.t.JMeterThread: Thread finished: UDP Ingestion 1-2
2025-10-04 08:38:28,169 INFO o.a.j.t.JMeterThread: Thread finished: UDP Ingestion 1-4
2025-10-04 08:38:28,177 INFO o.a.j.t.JMeterThread: Thread finished: UDP Ingestion 1-3
2025-10-04 08:38:28,180 INFO o.a.j.t.JMeterThread: Thread finished: UDP Ingestion 1-6
2025-10-04 08:38:28,200 INFO o.a.j.t.JMeterThread: Stopping because end time detected by thread: HTTP Searchers 2-1
2025-10-04 08:38:28,200 INFO o.a.j.t.JMeterThread: Thread finished: HTTP Searchers 2-1
2025-10-04 08:38:28,201 INFO o.a.j.t.JMeterThread: Stopping because end time detected by thread: HTTP Searchers 2-2
2025-10-04 08:38:28,201 INFO o.a.j.t.JMeterThread: Thread finished: HTTP Searchers 2-2
2025-10-04 08:38:28,200 INFO o.a.j.t.JMeterThread: Stopping because end time detected by thread: UDP Ingestion 1-10
2025-10-04 08:38:28,201 INFO o.a.j.t.JMeterThread: Thread finished: UDP Ingestion 1-10
2025-10-04 08:38:28,201 INFO o.a.j.t.JMeterThread: Stopping because end time detected by thread: HTTP Searchers 2-3
2025-10-04 08:38:28,202 INFO o.a.j.t.JMeterThread: Thread finished: HTTP Searchers 2-3
2025-10-04 08:38:28,202 INFO o.a.j.t.JMeterThread: Stopping because end time detected by thread: HTTP Searchers 2-4
2025-10-04 08:38:28,202 INFO o.a.j.t.JMeterThread: Thread finished: HTTP Searchers 2-4
2025-10-04 08:38:28,203 INFO o.a.j.t.JMeterThread: Stopping because end time detected by thread: HTTP Searchers 2-5
2025-10-04 08:38:28,203 INFO o.a.j.t.JMeterThread: Thread finished: HTTP Searchers 2-5
2025-10-04 08:38:28,204 INFO o.a.j.t.JMeterThread: Stopping because end time detected by thread: HTTP Searchers 2-6
2025-10-04 08:38:28,204 INFO o.a.j.t.JMeterThread: Thread finished: HTTP Searchers 2-6
2025-10-04 08:38:28,205 INFO o.a.j.t.JMeterThread: Stopping because end time detected by thread: HTTP Searchers 2-8
2025-10-04 08:38:28,205 INFO o.a.j.t.JMeterThread: Thread finished: HTTP Searchers 2-8
2025-10-04 08:38:28,205 INFO o.a.j.t.JMeterThread: Stopping because end time detected by thread: HTTP Searchers 2-7
2025-10-04 08:38:28,206 INFO o.a.j.t.JMeterThread: Thread finished: HTTP Searchers 2-7
2025-10-04 08:38:28,206 INFO o.a.j.t.JMeterThread: Stopping because end time detected by thread: HTTP Searchers 2-9
2025-10-04 08:38:28,206 INFO o.a.j.t.JMeterThread: Thread finished: HTTP Searchers 2-9
2025-10-04 08:38:28,207 INFO o.a.j.t.JMeterThread: Stopping because end time detected by thread: HTTP Searchers 2-10
2025-10-04 08:38:28,207 INFO o.a.j.t.JMeterThread: Thread finished: HTTP Searchers 2-10
2025-10-04 08:38:28,207 INFO o.a.j.e.StandardJMeterEngine: Notifying test listeners of end of test
2025-10-04 08:38:28,207 INFO o.a.j.r.Summariser: summary +   2149 in 00:00:00 = 10381.6/s Avg:     0 Min:     0 Max:     6 Err:  2097 (97.58%) Active: 0 Started: 20 Finished: 20
2025-10-04 08:38:28,208 INFO o.a.j.r.Summariser: summary = 622851 in 00:01:00 = 10370.3/s Avg:     0 Min:     0 Max:    25 Err: 606484 (97.37%)
2025-10-04 08:38:28,208 INFO o.a.j.JMeter: Generating Dashboard
2025-10-04 08:38:28,208 INFO o.a.j.r.d.ReportGenerator: Flushing result collector before report Generation
2025-10-04 08:38:28,218 INFO o.a.j.r.p.NormalizerSampleConsumer: Using format, 'ms', to parse timeStamp field
2025-10-04 08:38:34,904 INFO o.a.j.r.p.AbstractSampleConsumer: class org.apache.jmeter.report.processor.AggregateConsumer#stopProducing(): beginDate produced 0 samples
2025-10-04 08:38:34,904 INFO o.a.j.r.p.AbstractSampleConsumer: class org.apache.jmeter.report.processor.AggregateConsumer#stopProducing(): endDate produced 0 samples
2025-10-04 08:38:34,906 INFO o.a.j.r.p.AbstractSampleConsumer: class org.apache.jmeter.report.processor.ApdexSummaryConsumer#stopProducing(): apdexSummary produced 0 samples
2025-10-04 08:38:34,906 INFO o.a.j.r.p.AbstractSampleConsumer: class org.apache.jmeter.report.processor.RequestsSummaryConsumer#stopProducing(): requestsSummary produced 0 samples
2025-10-04 08:38:34,922 INFO o.a.j.r.p.AbstractSampleConsumer: class org.apache.jmeter.report.processor.StatisticsSummaryConsumer#stopProducing(): statisticsSummary produced 0 samples
2025-10-04 08:38:34,923 INFO o.a.j.r.p.AbstractSampleConsumer: class org.apache.jmeter.report.processor.Top5ErrorsBySamplerConsumer#stopProducing(): top5ErrorsBySampler produced 0 samples
2025-10-04 08:38:34,923 INFO o.a.j.r.p.AbstractSampleConsumer: class org.apache.jmeter.report.processor.ErrorsSummaryConsumer#stopProducing(): errorsSummary produced 0 samples
2025-10-04 08:38:34,923 INFO o.a.j.r.p.AbstractSampleConsumer: class org.apache.jmeter.report.processor.graph.impl.HitsPerSecondGraphConsumer#stopProducing(): hitsPerSecond produced 0 samples
2025-10-04 08:38:36,810 INFO o.a.j.r.p.AbstractSampleConsumer: class org.apache.jmeter.report.processor.graph.impl.LatencyVSRequestGraphConsumer#stopProducing(): latencyVsRequest produced 0 samples
2025-10-04 08:38:36,824 INFO o.a.j.r.p.AbstractSampleConsumer: class org.apache.jmeter.report.processor.graph.impl.SyntheticResponseTimeDistributionGraphConsumer#stopProducing(): syntheticResponseTimeDistribution produced 0 samples
2025-10-04 08:38:36,825 INFO o.a.j.r.p.AbstractSampleConsumer: class org.apache.jmeter.report.processor.graph.impl.BytesThroughputGraphConsumer#stopProducing(): bytesThroughputOverTime produced 0 samples
2025-10-04 08:38:36,825 INFO o.a.j.r.p.AbstractSampleConsumer: class org.apache.jmeter.report.processor.graph.impl.CodesPerSecondGraphConsumer#stopProducing(): codesPerSecond produced 0 samples
2025-10-04 08:38:38,615 INFO o.a.j.r.p.AbstractSampleConsumer: class org.apache.jmeter.report.processor.graph.impl.ResponseTimeVSRequestGraphConsumer#stopProducing(): responseTimeVsRequest produced 0 samples
2025-10-04 08:38:38,625 INFO o.a.j.r.p.AbstractSampleConsumer: class org.apache.jmeter.report.processor.FilterConsumer#stopProducing(): startIntervalControlerFilter produced 4359957 samples
2025-10-04 08:38:38,625 INFO o.a.j.r.p.AbstractSampleConsumer: class org.apache.jmeter.report.processor.graph.impl.TotalTPSGraphConsumer#stopProducing(): totalTPS produced 0 samples
2025-10-04 08:38:38,625 INFO o.a.j.r.p.AbstractSampleConsumer: class org.apache.jmeter.report.processor.graph.impl.ActiveThreadsGraphConsumer#stopProducing(): activeThreadsOverTime produced 0 samples
2025-10-04 08:38:38,625 INFO o.a.j.r.p.AbstractSampleConsumer: class org.apache.jmeter.report.processor.graph.impl.TimeVSThreadGraphConsumer#stopProducing(): timeVsThreads produced 0 samples
2025-10-04 08:38:38,625 INFO o.a.j.r.p.AbstractSampleConsumer: class org.apache.jmeter.report.processor.graph.impl.ResponseTimeDistributionGraphConsumer#stopProducing(): responseTimeDistribution produced 0 samples
2025-10-04 08:38:38,625 INFO o.a.j.r.p.AbstractSampleConsumer: class org.apache.jmeter.report.processor.graph.impl.TransactionsPerSecondGraphConsumer#stopProducing(): transactionsPerSecond produced 0 samples
2025-10-04 08:38:38,625 INFO o.a.j.r.p.AbstractSampleConsumer: class org.apache.jmeter.report.processor.graph.impl.ResponseTimePercentilesGraphConsumer#stopProducing(): responseTimePercentiles produced 0 samples
2025-10-04 08:38:38,626 INFO o.a.j.r.p.AbstractSampleConsumer: class org.apache.jmeter.report.processor.graph.impl.ResponseTimePercentilesOverTimeGraphConsumer#stopProducing(): responseTimePercentilesOverTime produced 0 samples
2025-10-04 08:38:38,627 INFO o.a.j.r.p.AbstractSampleConsumer: class org.apache.jmeter.report.processor.graph.impl.ResponseTimeOverTimeGraphConsumer#stopProducing(): responseTimesOverTime produced 0 samples
2025-10-04 08:38:38,627 INFO o.a.j.r.p.AbstractSampleConsumer: class org.apache.jmeter.report.processor.graph.impl.ConnectTimeOverTimeGraphConsumer#stopProducing(): connectTimeOverTime produced 0 samples
2025-10-04 08:38:38,627 INFO o.a.j.r.p.AbstractSampleConsumer: class org.apache.jmeter.report.processor.graph.impl.LatencyOverTimeGraphConsumer#stopProducing(): latenciesOverTime produced 0 samples
2025-10-04 08:38:38,627 INFO o.a.j.r.p.AbstractSampleConsumer: class org.apache.jmeter.report.processor.FilterConsumer#stopProducing(): nameFilter produced 9342765 samples
2025-10-04 08:38:38,627 INFO o.a.j.r.p.AbstractSampleConsumer: class org.apache.jmeter.report.processor.FilterConsumer#stopProducing(): dateRangeFilter produced 1868553 samples
2025-10-04 08:38:38,627 INFO o.a.j.r.p.AbstractSampleConsumer: class org.apache.jmeter.report.processor.NormalizerSampleConsumer#stopProducing(): normalizer produced 622851 samples
2025-10-04 08:38:38,628 INFO o.a.j.r.p.CsvFileSampleSource: produce(): 622851 samples produced in 10s 390 ms on channel 0
2025-10-04 08:38:38,628 INFO o.a.j.r.d.ReportGenerator: Exporting data using exporter:'json' of className:'org.apache.jmeter.report.dashboard.JsonExporter'
2025-10-04 08:38:38,707 INFO o.a.j.r.d.JsonExporter: Found data for consumer statisticsSummary in context
2025-10-04 08:38:38,707 INFO o.a.j.r.d.JsonExporter: Creating statistics for overall
2025-10-04 08:38:38,707 INFO o.a.j.r.d.JsonExporter: Creating statistics for other transactions
2025-10-04 08:38:38,708 INFO o.a.j.r.d.JsonExporter: Checking output folder
2025-10-04 08:38:38,708 INFO o.a.j.r.d.JsonExporter: Writing statistics JSON to /home/runner/work/grepwise/grepwise/target/jmeter/reports/combined-parallel-bsh/statistics.json
2025-10-04 08:38:38,740 INFO o.a.j.r.d.ReportGenerator: Exporting data using exporter:'html' of className:'org.apache.jmeter.report.dashboard.HtmlTemplateExporter'
2025-10-04 08:38:38,742 INFO o.a.j.r.d.HtmlTemplateExporter: Will generate dashboard in folder: /home/runner/work/grepwise/grepwise/target/jmeter/reports/combined-parallel-bsh
2025-10-04 08:38:38,811 INFO o.a.j.r.d.HtmlTemplateExporter: Report will be generated in: /home/runner/work/grepwise/grepwise/target/jmeter/reports/combined-parallel-bsh, creating folder structure
2025-10-04 08:38:38,813 INFO o.a.j.r.d.TemplateVisitor: Copying folder from '/home/runner/work/grepwise/grepwise/target/f6cab0ba-53dc-48f0-a76f-644996e2a353/jmeter/bin/report-template' to '/home/runner/work/grepwise/grepwise/target/jmeter/reports/combined-parallel-bsh', got message: /home/runner/work/grepwise/grepwise/target/jmeter/reports/combined-parallel-bsh, found non empty folder with following content [/home/runner/work/grepwise/grepwise/target/jmeter/reports/combined-parallel-bsh/statistics.json], will be ignored
2025-10-04 08:38:38,967 INFO o.a.j.JMeter: Dashboard generated
