2025-10-03 11:18:18,423 INFO o.a.j.u.JMeterUtils: Setting Locale to en
2025-10-03 11:18:18,438 INFO o.a.j.JMeter: Loading additional properties from: /home/runner/work/grepwise/grepwise/src/test/jmeter/jmeter.properties
2025-10-03 11:18:18,438 INFO o.a.j.JMeter: Setting System property: sun.net.http.allowRestrictedHeaders=true
2025-10-03 11:18:18,443 INFO o.a.j.JMeter: Copyright (c) 1998-2023 The Apache Software Foundation
2025-10-03 11:18:18,444 INFO o.a.j.JMeter: Version 5.6.2
2025-10-03 11:18:18,444 INFO o.a.j.JMeter: java.version=25
2025-10-03 11:18:18,444 INFO o.a.j.JMeter: java.vm.name=OpenJDK 64-Bit Server VM
2025-10-03 11:18:18,444 INFO o.a.j.JMeter: os.name=Linux
2025-10-03 11:18:18,444 INFO o.a.j.JMeter: os.arch=amd64
2025-10-03 11:18:18,444 INFO o.a.j.JMeter: os.version=6.11.0-1018-azure
2025-10-03 11:18:18,444 INFO o.a.j.JMeter: file.encoding=UTF-8
2025-10-03 11:18:18,444 INFO o.a.j.JMeter: java.awt.headless=true
2025-10-03 11:18:18,444 INFO o.a.j.JMeter: Max memory     =536870912
2025-10-03 11:18:18,444 INFO o.a.j.JMeter: Available Processors =4
2025-10-03 11:18:18,456 INFO o.a.j.JMeter: Default Locale=English
2025-10-03 11:18:18,456 INFO o.a.j.JMeter: JMeter  Locale=English
2025-10-03 11:18:18,456 INFO o.a.j.JMeter: JMeterHome=/home/runner/work/grepwise/grepwise/target/0d1073ee-0089-4b79-a914-19dd006234ac/jmeter
2025-10-03 11:18:18,456 INFO o.a.j.JMeter: user.dir  =/home/runner/work/grepwise/grepwise/target/0d1073ee-0089-4b79-a914-19dd006234ac/jmeter/bin
2025-10-03 11:18:18,456 INFO o.a.j.JMeter: PWD       =/home/runner/work/grepwise/grepwise/target/0d1073ee-0089-4b79-a914-19dd006234ac/jmeter/bin
2025-10-03 11:18:18,457 INFO o.a.j.JMeter: IP: 10.1.0.124 Name: runnervm3ublj FullName: runnervm3ublj.hb2djraw4q5epetrgixvyqu15a.yx.internal.cloudapp.net
2025-10-03 11:18:18,467 INFO o.a.j.JMeter: Setting property 'jmeter.reportgenerator.outputdir' to:'/home/runner/work/grepwise/grepwise/target/jmeter/reports/http-search'
2025-10-03 11:18:18,469 INFO o.a.j.s.FileServer: Default base='/home/runner/work/grepwise/grepwise/target/0d1073ee-0089-4b79-a914-19dd006234ac/jmeter/bin'
2025-10-03 11:18:18,470 INFO o.a.j.s.FileServer: Set new base='/home/runner/work/grepwise/grepwise/target/jmeter/testFiles'
2025-10-03 11:18:18,724 INFO o.a.j.s.SaveService: Testplan (JMX) version: 2.2. Testlog (JTL) version: 2.2
2025-10-03 11:18:18,747 INFO o.a.j.s.SaveService: Using SaveService properties version 5.0
2025-10-03 11:18:18,750 INFO o.a.j.s.SaveService: Using SaveService properties file encoding UTF-8
2025-10-03 11:18:18,754 INFO o.a.j.s.SaveService: Loading file: /home/runner/work/grepwise/grepwise/target/jmeter/testFiles/http-search.jmx
2025-10-03 11:18:18,829 INFO o.a.j.JMeter: Creating summariser <summary>
2025-10-03 11:18:18,833 INFO o.a.j.r.d.ReportGenerator: ReportGenerator will use for Parsing the separator: ','
2025-10-03 11:18:18,833 INFO o.a.j.r.d.ReportGenerator: Will generate report at end of test from  results file: /home/runner/work/grepwise/grepwise/target/jmeter/results/20251003-http-search.csv
2025-10-03 11:18:18,833 INFO o.a.j.r.d.ReportGenerator: Reading report generator properties from: /home/runner/work/grepwise/grepwise/target/0d1073ee-0089-4b79-a914-19dd006234ac/jmeter/bin/reportgenerator.properties
2025-10-03 11:18:18,834 INFO o.a.j.r.d.ReportGenerator: Merging with JMeter properties
2025-10-03 11:18:18,836 INFO o.a.j.r.c.ReportGeneratorConfiguration: Property 'jmeter.reportgenerator.temp_dir' not found, using default value 'temp' instead.
2025-10-03 11:18:18,839 INFO o.a.j.r.c.ReportGeneratorConfiguration: Property 'jmeter.reportgenerator.apdex_per_transaction' not found, using default value 'null' instead.
2025-10-03 11:18:18,839 INFO o.a.j.r.c.ReportGeneratorConfiguration: apdex_per_transaction is empty, not APDEX per transaction customization
2025-10-03 11:18:18,839 INFO o.a.j.r.c.ReportGeneratorConfiguration: Property 'jmeter.reportgenerator.sample_filter' not found, using default value 'null' instead.
2025-10-03 11:18:18,839 INFO o.a.j.r.c.ReportGeneratorConfiguration: Property 'jmeter.reportgenerator.report_title' not found, using default value 'null' instead.
2025-10-03 11:18:18,840 INFO o.a.j.r.c.ReportGeneratorConfiguration: Property 'jmeter.reportgenerator.start_date' not found, using default value 'null' instead.
2025-10-03 11:18:18,840 INFO o.a.j.r.c.ReportGeneratorConfiguration: Property 'jmeter.reportgenerator.end_date' not found, using default value 'null' instead.
2025-10-03 11:18:18,840 INFO o.a.j.r.c.ReportGeneratorConfiguration: Property 'jmeter.reportgenerator.date_format' not found, using default value 'null' instead.
2025-10-03 11:18:18,840 INFO o.a.j.r.c.ReportGeneratorConfiguration: Will use date range start date: null, end date: null
2025-10-03 11:18:18,843 INFO o.a.j.r.c.ReportGeneratorConfiguration: Property 'jmeter.reportgenerator.graph.totalTPS.exclude_controllers' not found, using default value 'false' instead.
2025-10-03 11:18:18,843 INFO o.a.j.r.c.ReportGeneratorConfiguration: Property 'jmeter.reportgenerator.graph.activeThreadsOverTime.exclude_controllers' not found, using default value 'false' instead.
2025-10-03 11:18:18,843 INFO o.a.j.r.c.ReportGeneratorConfiguration: Property 'jmeter.reportgenerator.graph.timeVsThreads.exclude_controllers' not found, using default value 'false' instead.
2025-10-03 11:18:18,844 INFO o.a.j.r.c.ReportGeneratorConfiguration: Property 'jmeter.reportgenerator.graph.responseTimeDistribution.exclude_controllers' not found, using default value 'false' instead.
2025-10-03 11:18:18,844 INFO o.a.j.r.c.ReportGeneratorConfiguration: Property 'jmeter.reportgenerator.graph.transactionsPerSecond.exclude_controllers' not found, using default value 'false' instead.
2025-10-03 11:18:18,844 INFO o.a.j.r.c.ReportGeneratorConfiguration: Property 'jmeter.reportgenerator.graph.responseTimePercentiles.exclude_controllers' not found, using default value 'false' instead.
2025-10-03 11:18:18,844 INFO o.a.j.r.c.ReportGeneratorConfiguration: Property 'jmeter.reportgenerator.graph.responseTimePercentilesOverTime.exclude_controllers' not found, using default value 'false' instead.
2025-10-03 11:18:18,844 INFO o.a.j.r.c.ReportGeneratorConfiguration: Property 'jmeter.reportgenerator.graph.responseTimesOverTime.exclude_controllers' not found, using default value 'false' instead.
2025-10-03 11:18:18,844 INFO o.a.j.r.c.ReportGeneratorConfiguration: Property 'jmeter.reportgenerator.graph.connectTimeOverTime.exclude_controllers' not found, using default value 'false' instead.
2025-10-03 11:18:18,844 INFO o.a.j.r.c.ReportGeneratorConfiguration: Property 'jmeter.reportgenerator.graph.latenciesOverTime.exclude_controllers' not found, using default value 'false' instead.
2025-10-03 11:18:18,845 INFO o.a.j.r.c.ReportGeneratorConfiguration: Property 'jmeter.reportgenerator.exporter.json.filters_only_sample_series' not found, using default value 'true' instead.
2025-10-03 11:18:18,845 INFO o.a.j.r.c.ReportGeneratorConfiguration: Property 'jmeter.reportgenerator.exporter.json.series_filter' not found, using default value '' instead.
2025-10-03 11:18:18,845 INFO o.a.j.r.c.ReportGeneratorConfiguration: Property 'jmeter.reportgenerator.exporter.json.show_controllers_only' not found, using default value 'false' instead.
2025-10-03 11:18:18,845 INFO o.a.j.r.c.ReportGeneratorConfiguration: Property 'jmeter.reportgenerator.exporter.html.filters_only_sample_series' not found, using default value 'true' instead.
2025-10-03 11:18:18,846 INFO o.a.j.r.c.ReportGeneratorConfiguration: Property 'jmeter.reportgenerator.exporter.html.series_filter' not found, using default value '' instead.
2025-10-03 11:18:18,846 INFO o.a.j.r.c.ReportGeneratorConfiguration: Property 'jmeter.reportgenerator.exporter.html.show_controllers_only' not found, using default value 'false' instead.
2025-10-03 11:18:18,856 INFO o.a.j.e.StandardJMeterEngine: Running the test!
2025-10-03 11:18:18,857 INFO o.a.j.s.SampleEvent: List of sample_variables: []
2025-10-03 11:18:18,857 INFO o.a.j.s.SampleEvent: List of sample_variables: []
2025-10-03 11:18:18,926 INFO o.a.j.JMeter: Running test (1759490298926)
2025-10-03 11:18:18,952 INFO o.a.j.e.StandardJMeterEngine: Starting ThreadGroup: 1 : Searchers
2025-10-03 11:18:18,952 INFO o.a.j.e.StandardJMeterEngine: Starting 10 threads for group Searchers.
2025-10-03 11:18:18,952 INFO o.a.j.e.StandardJMeterEngine: Thread will continue on error
2025-10-03 11:18:18,953 INFO o.a.j.t.ThreadGroup: Starting thread group... number=1 threads=10 ramp-up=10 delayedStart=false
2025-10-03 11:18:18,962 INFO o.a.j.t.JMeterThread: Thread started: Searchers 1-1
2025-10-03 11:18:18,966 INFO o.a.j.t.ThreadGroup: Started thread group number 1
2025-10-03 11:18:18,966 INFO o.a.j.e.StandardJMeterEngine: All thread groups have been started
2025-10-03 11:18:19,464 INFO o.a.j.p.h.s.HTTPHCAbstractImpl: Local host = runnervm3ublj
2025-10-03 11:18:19,469 INFO o.a.j.p.h.s.HTTPHC4Impl: HTTP request retry count = 0
2025-10-03 11:18:19,470 INFO o.a.j.s.SampleResult: Note: Sample TimeStamps are END times
2025-10-03 11:18:19,470 INFO o.a.j.s.SampleResult: sampleresult.default.encoding is set to UTF-8
2025-10-03 11:18:19,470 INFO o.a.j.s.SampleResult: sampleresult.useNanoTime=true
2025-10-03 11:18:19,470 INFO o.a.j.s.SampleResult: sampleresult.nanoThreadSleep=5000
2025-10-03 11:18:19,550 INFO o.a.j.r.Summariser: summary +      1 in 00:00:01 =    1.6/s Avg:    25 Min:    25 Max:    25 Err:     0 (0.00%) Active: 1 Started: 1 Finished: 0
2025-10-03 11:18:19,957 INFO o.a.j.t.JMeterThread: Thread started: Searchers 1-2
2025-10-03 11:18:20,957 INFO o.a.j.t.JMeterThread: Thread started: Searchers 1-3
2025-10-03 11:18:21,955 INFO o.a.j.t.JMeterThread: Thread started: Searchers 1-4
2025-10-03 11:18:22,955 INFO o.a.j.t.JMeterThread: Thread started: Searchers 1-5
2025-10-03 11:18:23,955 INFO o.a.j.t.JMeterThread: Thread started: Searchers 1-6
2025-10-03 11:18:24,954 INFO o.a.j.t.JMeterThread: Thread started: Searchers 1-7
2025-10-03 11:18:25,028 INFO o.a.j.r.Summariser: summary +     57 in 00:00:05 =   10.4/s Avg:     2 Min:     1 Max:     7 Err:     0 (0.00%) Active: 7 Started: 7 Finished: 0
2025-10-03 11:18:25,029 INFO o.a.j.r.Summariser: summary =     58 in 00:00:06 =    9.5/s Avg:     2 Min:     1 Max:    25 Err:     0 (0.00%)
2025-10-03 11:18:25,955 INFO o.a.j.t.JMeterThread: Thread started: Searchers 1-8
2025-10-03 11:18:26,954 INFO o.a.j.t.JMeterThread: Thread started: Searchers 1-9
2025-10-03 11:18:27,955 INFO o.a.j.t.JMeterThread: Thread started: Searchers 1-10
2025-10-03 11:18:31,023 INFO o.a.j.r.Summariser: summary +    160 in 00:00:06 =   26.7/s Avg:     1 Min:     1 Max:     3 Err:     0 (0.00%) Active: 10 Started: 10 Finished: 0
2025-10-03 11:18:31,024 INFO o.a.j.r.Summariser: summary =    218 in 00:00:12 =   18.0/s Avg:     2 Min:     1 Max:    25 Err:     0 (0.00%)
2025-10-03 11:18:37,007 INFO o.a.j.r.Summariser: summary +    168 in 00:00:06 =   28.1/s Avg:     1 Min:     1 Max:     3 Err:     0 (0.00%) Active: 10 Started: 10 Finished: 0
2025-10-03 11:18:37,007 INFO o.a.j.r.Summariser: summary =    386 in 00:00:18 =   21.3/s Avg:     1 Min:     1 Max:    25 Err:     0 (0.00%)
2025-10-03 11:18:43,016 INFO o.a.j.r.Summariser: summary +    171 in 00:00:06 =   28.5/s Avg:     1 Min:     0 Max:     2 Err:     0 (0.00%) Active: 10 Started: 10 Finished: 0
2025-10-03 11:18:43,016 INFO o.a.j.r.Summariser: summary =    557 in 00:00:24 =   23.1/s Avg:     1 Min:     0 Max:    25 Err:     0 (0.00%)
2025-10-03 11:18:49,038 INFO o.a.j.r.Summariser: summary +    174 in 00:00:06 =   28.9/s Avg:     1 Min:     0 Max:     2 Err:     0 (0.00%) Active: 10 Started: 10 Finished: 0
2025-10-03 11:18:49,039 INFO o.a.j.r.Summariser: summary =    731 in 00:00:30 =   24.3/s Avg:     1 Min:     0 Max:    25 Err:     0 (0.00%)
2025-10-03 11:18:55,020 INFO o.a.j.r.Summariser: summary +    172 in 00:00:06 =   28.8/s Avg:     1 Min:     1 Max:     3 Err:     0 (0.00%) Active: 10 Started: 10 Finished: 0
2025-10-03 11:18:55,020 INFO o.a.j.r.Summariser: summary =    903 in 00:00:36 =   25.0/s Avg:     1 Min:     0 Max:    25 Err:     0 (0.00%)
2025-10-03 11:19:01,027 INFO o.a.j.r.Summariser: summary +    172 in 00:00:06 =   28.6/s Avg:     1 Min:     0 Max:     2 Err:     0 (0.00%) Active: 10 Started: 10 Finished: 0
2025-10-03 11:19:01,027 INFO o.a.j.r.Summariser: summary =   1075 in 00:00:42 =   25.5/s Avg:     1 Min:     0 Max:    25 Err:     0 (0.00%)
2025-10-03 11:19:07,092 INFO o.a.j.r.Summariser: summary +    171 in 00:00:06 =   28.2/s Avg:     1 Min:     0 Max:     5 Err:     0 (0.00%) Active: 10 Started: 10 Finished: 0
2025-10-03 11:19:07,093 INFO o.a.j.r.Summariser: summary =   1246 in 00:00:48 =   25.9/s Avg:     1 Min:     0 Max:    25 Err:     0 (0.00%)
2025-10-03 11:19:13,002 INFO o.a.j.r.Summariser: summary +    169 in 00:00:06 =   28.6/s Avg:     1 Min:     0 Max:     2 Err:     0 (0.00%) Active: 10 Started: 10 Finished: 0
2025-10-03 11:19:13,002 INFO o.a.j.r.Summariser: summary =   1415 in 00:00:54 =   26.2/s Avg:     1 Min:     0 Max:    25 Err:     0 (0.00%)
2025-10-03 11:19:18,529 INFO o.a.j.t.JMeterThread: Thread finished: Searchers 1-10
2025-10-03 11:19:18,573 INFO o.a.j.t.JMeterThread: Thread finished: Searchers 1-5
2025-10-03 11:19:18,700 INFO o.a.j.t.JMeterThread: Thread finished: Searchers 1-7
2025-10-03 11:19:18,742 INFO o.a.j.t.JMeterThread: Thread finished: Searchers 1-1
2025-10-03 11:19:18,756 INFO o.a.j.t.JMeterThread: Thread finished: Searchers 1-3
2025-10-03 11:19:18,809 INFO o.a.j.t.JMeterThread: Thread finished: Searchers 1-9
2025-10-03 11:19:18,874 INFO o.a.j.t.JMeterThread: Thread finished: Searchers 1-8
2025-10-03 11:19:18,877 INFO o.a.j.t.JMeterThread: Thread finished: Searchers 1-6
2025-10-03 11:19:18,889 INFO o.a.j.t.JMeterThread: Thread finished: Searchers 1-4
2025-10-03 11:19:18,906 INFO o.a.j.t.JMeterThread: Thread finished: Searchers 1-2
2025-10-03 11:19:18,906 INFO o.a.j.e.StandardJMeterEngine: Notifying test listeners of end of test
2025-10-03 11:19:18,907 INFO o.a.j.r.Summariser: summary +    170 in 00:00:06 =   28.8/s Avg:     1 Min:     0 Max:     3 Err:     0 (0.00%) Active: 0 Started: 10 Finished: 10
2025-10-03 11:19:18,907 INFO o.a.j.r.Summariser: summary =   1585 in 00:01:00 =   26.4/s Avg:     1 Min:     0 Max:    25 Err:     0 (0.00%)
2025-10-03 11:19:18,907 INFO o.a.j.JMeter: Generating Dashboard
2025-10-03 11:19:18,908 INFO o.a.j.r.d.ReportGenerator: Flushing result collector before report Generation
2025-10-03 11:19:18,920 INFO o.a.j.r.p.NormalizerSampleConsumer: Using format, 'ms', to parse timeStamp field
2025-10-03 11:19:19,058 INFO o.a.j.r.p.AbstractSampleConsumer: class org.apache.jmeter.report.processor.AggregateConsumer#stopProducing(): beginDate produced 0 samples
2025-10-03 11:19:19,058 INFO o.a.j.r.p.AbstractSampleConsumer: class org.apache.jmeter.report.processor.AggregateConsumer#stopProducing(): endDate produced 0 samples
2025-10-03 11:19:19,060 INFO o.a.j.r.p.AbstractSampleConsumer: class org.apache.jmeter.report.processor.ApdexSummaryConsumer#stopProducing(): apdexSummary produced 0 samples
2025-10-03 11:19:19,060 INFO o.a.j.r.p.AbstractSampleConsumer: class org.apache.jmeter.report.processor.RequestsSummaryConsumer#stopProducing(): requestsSummary produced 0 samples
2025-10-03 11:19:19,065 INFO o.a.j.r.p.AbstractSampleConsumer: class org.apache.jmeter.report.processor.StatisticsSummaryConsumer#stopProducing(): statisticsSummary produced 0 samples
2025-10-03 11:19:19,067 INFO o.a.j.r.p.AbstractSampleConsumer: class org.apache.jmeter.report.processor.Top5ErrorsBySamplerConsumer#stopProducing(): top5ErrorsBySampler produced 0 samples
2025-10-03 11:19:19,067 INFO o.a.j.r.p.AbstractSampleConsumer: class org.apache.jmeter.report.processor.ErrorsSummaryConsumer#stopProducing(): errorsSummary produced 0 samples
2025-10-03 11:19:19,067 INFO o.a.j.r.p.AbstractSampleConsumer: class org.apache.jmeter.report.processor.graph.impl.HitsPerSecondGraphConsumer#stopProducing(): hitsPerSecond produced 0 samples
2025-10-03 11:19:19,092 INFO o.a.j.r.p.AbstractSampleConsumer: class org.apache.jmeter.report.processor.graph.impl.LatencyVSRequestGraphConsumer#stopProducing(): latencyVsRequest produced 0 samples
2025-10-03 11:19:19,093 INFO o.a.j.r.p.AbstractSampleConsumer: class org.apache.jmeter.report.processor.graph.impl.SyntheticResponseTimeDistributionGraphConsumer#stopProducing(): syntheticResponseTimeDistribution produced 0 samples
2025-10-03 11:19:19,093 INFO o.a.j.r.p.AbstractSampleConsumer: class org.apache.jmeter.report.processor.graph.impl.BytesThroughputGraphConsumer#stopProducing(): bytesThroughputOverTime produced 0 samples
2025-10-03 11:19:19,093 INFO o.a.j.r.p.AbstractSampleConsumer: class org.apache.jmeter.report.processor.graph.impl.CodesPerSecondGraphConsumer#stopProducing(): codesPerSecond produced 0 samples
2025-10-03 11:19:19,108 INFO o.a.j.r.p.AbstractSampleConsumer: class org.apache.jmeter.report.processor.graph.impl.ResponseTimeVSRequestGraphConsumer#stopProducing(): responseTimeVsRequest produced 0 samples
2025-10-03 11:19:19,108 INFO o.a.j.r.p.AbstractSampleConsumer: class org.apache.jmeter.report.processor.FilterConsumer#stopProducing(): startIntervalControlerFilter produced 11095 samples
2025-10-03 11:19:19,109 INFO o.a.j.r.p.AbstractSampleConsumer: class org.apache.jmeter.report.processor.graph.impl.TotalTPSGraphConsumer#stopProducing(): totalTPS produced 0 samples
2025-10-03 11:19:19,109 INFO o.a.j.r.p.AbstractSampleConsumer: class org.apache.jmeter.report.processor.graph.impl.ActiveThreadsGraphConsumer#stopProducing(): activeThreadsOverTime produced 0 samples
2025-10-03 11:19:19,109 INFO o.a.j.r.p.AbstractSampleConsumer: class org.apache.jmeter.report.processor.graph.impl.TimeVSThreadGraphConsumer#stopProducing(): timeVsThreads produced 0 samples
2025-10-03 11:19:19,109 INFO o.a.j.r.p.AbstractSampleConsumer: class org.apache.jmeter.report.processor.graph.impl.ResponseTimeDistributionGraphConsumer#stopProducing(): responseTimeDistribution produced 0 samples
2025-10-03 11:19:19,109 INFO o.a.j.r.p.AbstractSampleConsumer: class org.apache.jmeter.report.processor.graph.impl.TransactionsPerSecondGraphConsumer#stopProducing(): transactionsPerSecond produced 0 samples
2025-10-03 11:19:19,109 INFO o.a.j.r.p.AbstractSampleConsumer: class org.apache.jmeter.report.processor.graph.impl.ResponseTimePercentilesGraphConsumer#stopProducing(): responseTimePercentiles produced 0 samples
2025-10-03 11:19:19,110 INFO o.a.j.r.p.AbstractSampleConsumer: class org.apache.jmeter.report.processor.graph.impl.ResponseTimePercentilesOverTimeGraphConsumer#stopProducing(): responseTimePercentilesOverTime produced 0 samples
2025-10-03 11:19:19,111 INFO o.a.j.r.p.AbstractSampleConsumer: class org.apache.jmeter.report.processor.graph.impl.ResponseTimeOverTimeGraphConsumer#stopProducing(): responseTimesOverTime produced 0 samples
2025-10-03 11:19:19,111 INFO o.a.j.r.p.AbstractSampleConsumer: class org.apache.jmeter.report.processor.graph.impl.ConnectTimeOverTimeGraphConsumer#stopProducing(): connectTimeOverTime produced 0 samples
2025-10-03 11:19:19,111 INFO o.a.j.r.p.AbstractSampleConsumer: class org.apache.jmeter.report.processor.graph.impl.LatencyOverTimeGraphConsumer#stopProducing(): latenciesOverTime produced 0 samples
2025-10-03 11:19:19,111 INFO o.a.j.r.p.AbstractSampleConsumer: class org.apache.jmeter.report.processor.FilterConsumer#stopProducing(): nameFilter produced 23775 samples
2025-10-03 11:19:19,111 INFO o.a.j.r.p.AbstractSampleConsumer: class org.apache.jmeter.report.processor.FilterConsumer#stopProducing(): dateRangeFilter produced 4755 samples
2025-10-03 11:19:19,111 INFO o.a.j.r.p.AbstractSampleConsumer: class org.apache.jmeter.report.processor.NormalizerSampleConsumer#stopProducing(): normalizer produced 1585 samples
2025-10-03 11:19:19,111 INFO o.a.j.r.p.CsvFileSampleSource: produce(): 1585 samples produced in 167ms on channel 0
2025-10-03 11:19:19,112 INFO o.a.j.r.d.ReportGenerator: Exporting data using exporter:'json' of className:'org.apache.jmeter.report.dashboard.JsonExporter'
2025-10-03 11:19:19,194 INFO o.a.j.r.d.JsonExporter: Found data for consumer statisticsSummary in context
2025-10-03 11:19:19,194 INFO o.a.j.r.d.JsonExporter: Creating statistics for overall
2025-10-03 11:19:19,195 INFO o.a.j.r.d.JsonExporter: Creating statistics for other transactions
2025-10-03 11:19:19,195 INFO o.a.j.r.d.JsonExporter: Checking output folder
2025-10-03 11:19:19,195 INFO o.a.j.r.d.JsonExporter: Writing statistics JSON to /home/runner/work/grepwise/grepwise/target/jmeter/reports/http-search/statistics.json
2025-10-03 11:19:19,229 INFO o.a.j.r.d.ReportGenerator: Exporting data using exporter:'html' of className:'org.apache.jmeter.report.dashboard.HtmlTemplateExporter'
2025-10-03 11:19:19,231 INFO o.a.j.r.d.HtmlTemplateExporter: Will generate dashboard in folder: /home/runner/work/grepwise/grepwise/target/jmeter/reports/http-search
2025-10-03 11:19:19,306 INFO o.a.j.r.d.HtmlTemplateExporter: Report will be generated in: /home/runner/work/grepwise/grepwise/target/jmeter/reports/http-search, creating folder structure
2025-10-03 11:19:19,307 INFO o.a.j.r.d.TemplateVisitor: Copying folder from '/home/runner/work/grepwise/grepwise/target/0d1073ee-0089-4b79-a914-19dd006234ac/jmeter/bin/report-template' to '/home/runner/work/grepwise/grepwise/target/jmeter/reports/http-search', got message: /home/runner/work/grepwise/grepwise/target/jmeter/reports/http-search, found non empty folder with following content [/home/runner/work/grepwise/grepwise/target/jmeter/reports/http-search/statistics.json], will be ignored
2025-10-03 11:19:19,477 INFO o.a.j.JMeter: Dashboard generated
