2025-10-05 21:49:05,711 INFO o.a.j.u.JMeterUtils: Setting Locale to en
2025-10-05 21:49:05,729 INFO o.a.j.JMeter: Loading additional properties from: /home/runner/work/grepwise/grepwise/src/test/jmeter/jmeter.properties
2025-10-05 21:49:05,729 INFO o.a.j.JMeter: Setting System property: sun.net.http.allowRestrictedHeaders=true
2025-10-05 21:49:05,733 INFO o.a.j.JMeter: Copyright (c) 1998-2023 The Apache Software Foundation
2025-10-05 21:49:05,733 INFO o.a.j.JMeter: Version 5.6.2
2025-10-05 21:49:05,734 INFO o.a.j.JMeter: java.version=25
2025-10-05 21:49:05,734 INFO o.a.j.JMeter: java.vm.name=OpenJDK 64-Bit Server VM
2025-10-05 21:49:05,734 INFO o.a.j.JMeter: os.name=Linux
2025-10-05 21:49:05,734 INFO o.a.j.JMeter: os.arch=amd64
2025-10-05 21:49:05,734 INFO o.a.j.JMeter: os.version=6.11.0-1018-azure
2025-10-05 21:49:05,734 INFO o.a.j.JMeter: file.encoding=UTF-8
2025-10-05 21:49:05,734 INFO o.a.j.JMeter: java.awt.headless=true
2025-10-05 21:49:05,734 INFO o.a.j.JMeter: Max memory     =536870912
2025-10-05 21:49:05,734 INFO o.a.j.JMeter: Available Processors =4
2025-10-05 21:49:05,744 INFO o.a.j.JMeter: Default Locale=English
2025-10-05 21:49:05,744 INFO o.a.j.JMeter: JMeter  Locale=English
2025-10-05 21:49:05,744 INFO o.a.j.JMeter: JMeterHome=/home/runner/work/grepwise/grepwise/target/3a016af8-ffee-468e-9bf6-0a0019e2a5e0/jmeter
2025-10-05 21:49:05,745 INFO o.a.j.JMeter: user.dir  =/home/runner/work/grepwise/grepwise/target/3a016af8-ffee-468e-9bf6-0a0019e2a5e0/jmeter/bin
2025-10-05 21:49:05,745 INFO o.a.j.JMeter: PWD       =/home/runner/work/grepwise/grepwise/target/3a016af8-ffee-468e-9bf6-0a0019e2a5e0/jmeter/bin
2025-10-05 21:49:05,745 INFO o.a.j.JMeter: IP: 10.1.0.70 Name: runnervmwhb2z FullName: runnervmwhb2z.42zoduj3wkeu5boqywbvxklecg.phxx.internal.cloudapp.net
2025-10-05 21:49:05,753 INFO o.a.j.JMeter: Setting property 'jmeter.reportgenerator.outputdir' to:'/home/runner/work/grepwise/grepwise/target/jmeter/reports/syslog-udp'
2025-10-05 21:49:05,755 INFO o.a.j.s.FileServer: Default base='/home/runner/work/grepwise/grepwise/target/3a016af8-ffee-468e-9bf6-0a0019e2a5e0/jmeter/bin'
2025-10-05 21:49:05,755 INFO o.a.j.s.FileServer: Set new base='/home/runner/work/grepwise/grepwise/target/jmeter/testFiles'
2025-10-05 21:49:05,979 INFO o.a.j.s.SaveService: Testplan (JMX) version: 2.2. Testlog (JTL) version: 2.2
2025-10-05 21:49:05,999 INFO o.a.j.s.SaveService: Using SaveService properties version 5.0
2025-10-05 21:49:06,001 INFO o.a.j.s.SaveService: Using SaveService properties file encoding UTF-8
2025-10-05 21:49:06,004 INFO o.a.j.s.SaveService: Loading file: /home/runner/work/grepwise/grepwise/target/jmeter/testFiles/syslog-udp.jmx
2025-10-05 21:49:06,085 INFO o.a.j.JMeter: Creating summariser <summary>
2025-10-05 21:49:06,091 INFO o.a.j.r.d.ReportGenerator: ReportGenerator will use for Parsing the separator: ','
2025-10-05 21:49:06,091 INFO o.a.j.r.d.ReportGenerator: Will generate report at end of test from  results file: /home/runner/work/grepwise/grepwise/target/jmeter/results/20251005-syslog-udp.csv
2025-10-05 21:49:06,091 INFO o.a.j.r.d.ReportGenerator: Reading report generator properties from: /home/runner/work/grepwise/grepwise/target/3a016af8-ffee-468e-9bf6-0a0019e2a5e0/jmeter/bin/reportgenerator.properties
2025-10-05 21:49:06,091 INFO o.a.j.r.d.ReportGenerator: Merging with JMeter properties
2025-10-05 21:49:06,094 INFO o.a.j.r.c.ReportGeneratorConfiguration: Property 'jmeter.reportgenerator.temp_dir' not found, using default value 'temp' instead.
2025-10-05 21:49:06,096 INFO o.a.j.r.c.ReportGeneratorConfiguration: Property 'jmeter.reportgenerator.apdex_per_transaction' not found, using default value 'null' instead.
2025-10-05 21:49:06,096 INFO o.a.j.r.c.ReportGeneratorConfiguration: apdex_per_transaction is empty, not APDEX per transaction customization
2025-10-05 21:49:06,096 INFO o.a.j.r.c.ReportGeneratorConfiguration: Property 'jmeter.reportgenerator.sample_filter' not found, using default value 'null' instead.
2025-10-05 21:49:06,096 INFO o.a.j.r.c.ReportGeneratorConfiguration: Property 'jmeter.reportgenerator.report_title' not found, using default value 'null' instead.
2025-10-05 21:49:06,097 INFO o.a.j.r.c.ReportGeneratorConfiguration: Property 'jmeter.reportgenerator.start_date' not found, using default value 'null' instead.
2025-10-05 21:49:06,097 INFO o.a.j.r.c.ReportGeneratorConfiguration: Property 'jmeter.reportgenerator.end_date' not found, using default value 'null' instead.
2025-10-05 21:49:06,097 INFO o.a.j.r.c.ReportGeneratorConfiguration: Property 'jmeter.reportgenerator.date_format' not found, using default value 'null' instead.
2025-10-05 21:49:06,097 INFO o.a.j.r.c.ReportGeneratorConfiguration: Will use date range start date: null, end date: null
2025-10-05 21:49:06,100 INFO o.a.j.r.c.ReportGeneratorConfiguration: Property 'jmeter.reportgenerator.graph.totalTPS.exclude_controllers' not found, using default value 'false' instead.
2025-10-05 21:49:06,101 INFO o.a.j.r.c.ReportGeneratorConfiguration: Property 'jmeter.reportgenerator.graph.activeThreadsOverTime.exclude_controllers' not found, using default value 'false' instead.
2025-10-05 21:49:06,101 INFO o.a.j.r.c.ReportGeneratorConfiguration: Property 'jmeter.reportgenerator.graph.timeVsThreads.exclude_controllers' not found, using default value 'false' instead.
2025-10-05 21:49:06,101 INFO o.a.j.r.c.ReportGeneratorConfiguration: Property 'jmeter.reportgenerator.graph.responseTimeDistribution.exclude_controllers' not found, using default value 'false' instead.
2025-10-05 21:49:06,101 INFO o.a.j.r.c.ReportGeneratorConfiguration: Property 'jmeter.reportgenerator.graph.transactionsPerSecond.exclude_controllers' not found, using default value 'false' instead.
2025-10-05 21:49:06,101 INFO o.a.j.r.c.ReportGeneratorConfiguration: Property 'jmeter.reportgenerator.graph.responseTimePercentiles.exclude_controllers' not found, using default value 'false' instead.
2025-10-05 21:49:06,101 INFO o.a.j.r.c.ReportGeneratorConfiguration: Property 'jmeter.reportgenerator.graph.responseTimePercentilesOverTime.exclude_controllers' not found, using default value 'false' instead.
2025-10-05 21:49:06,101 INFO o.a.j.r.c.ReportGeneratorConfiguration: Property 'jmeter.reportgenerator.graph.responseTimesOverTime.exclude_controllers' not found, using default value 'false' instead.
2025-10-05 21:49:06,101 INFO o.a.j.r.c.ReportGeneratorConfiguration: Property 'jmeter.reportgenerator.graph.connectTimeOverTime.exclude_controllers' not found, using default value 'false' instead.
2025-10-05 21:49:06,101 INFO o.a.j.r.c.ReportGeneratorConfiguration: Property 'jmeter.reportgenerator.graph.latenciesOverTime.exclude_controllers' not found, using default value 'false' instead.
2025-10-05 21:49:06,102 INFO o.a.j.r.c.ReportGeneratorConfiguration: Property 'jmeter.reportgenerator.exporter.json.filters_only_sample_series' not found, using default value 'true' instead.
2025-10-05 21:49:06,102 INFO o.a.j.r.c.ReportGeneratorConfiguration: Property 'jmeter.reportgenerator.exporter.json.series_filter' not found, using default value '' instead.
2025-10-05 21:49:06,102 INFO o.a.j.r.c.ReportGeneratorConfiguration: Property 'jmeter.reportgenerator.exporter.json.show_controllers_only' not found, using default value 'false' instead.
2025-10-05 21:49:06,102 INFO o.a.j.r.c.ReportGeneratorConfiguration: Property 'jmeter.reportgenerator.exporter.html.filters_only_sample_series' not found, using default value 'true' instead.
2025-10-05 21:49:06,102 INFO o.a.j.r.c.ReportGeneratorConfiguration: Property 'jmeter.reportgenerator.exporter.html.series_filter' not found, using default value '' instead.
2025-10-05 21:49:06,102 INFO o.a.j.r.c.ReportGeneratorConfiguration: Property 'jmeter.reportgenerator.exporter.html.show_controllers_only' not found, using default value 'false' instead.
2025-10-05 21:49:06,111 INFO o.a.j.e.StandardJMeterEngine: Running the test!
2025-10-05 21:49:06,112 INFO o.a.j.s.SampleEvent: List of sample_variables: []
2025-10-05 21:49:06,112 INFO o.a.j.s.SampleEvent: List of sample_variables: []
2025-10-05 21:49:06,180 INFO o.a.j.JMeter: Running test (1759700946180)
2025-10-05 21:49:06,207 INFO o.a.j.e.StandardJMeterEngine: Starting ThreadGroup: 1 : UDP Senders
2025-10-05 21:49:06,208 INFO o.a.j.e.StandardJMeterEngine: Starting 10 threads for group UDP Senders.
2025-10-05 21:49:06,208 INFO o.a.j.e.StandardJMeterEngine: Thread will continue on error
2025-10-05 21:49:06,208 INFO o.a.j.t.ThreadGroup: Starting thread group... number=1 threads=10 ramp-up=10 delayedStart=false
2025-10-05 21:49:06,217 INFO o.a.j.t.JMeterThread: Thread started: UDP Senders 1-1
2025-10-05 21:49:06,239 INFO o.a.j.t.ThreadGroup: Started thread group number 1
2025-10-05 21:49:06,239 INFO o.a.j.e.StandardJMeterEngine: Starting ThreadGroup: 2 : Search Verifier
2025-10-05 21:49:06,239 INFO o.a.j.e.StandardJMeterEngine: Starting 1 threads for group Search Verifier.
2025-10-05 21:49:06,239 INFO o.a.j.e.StandardJMeterEngine: Thread will continue on error
2025-10-05 21:49:06,240 INFO o.a.j.t.ThreadGroup: Starting thread group... number=2 threads=1 ramp-up=1 delayedStart=false
2025-10-05 21:49:06,240 INFO o.a.j.t.ThreadGroup: Started thread group number 2
2025-10-05 21:49:06,240 INFO o.a.j.e.StandardJMeterEngine: All thread groups have been started
2025-10-05 21:49:06,240 INFO o.a.j.t.JMeterThread: Thread started: Search Verifier 2-1
2025-10-05 21:49:06,252 INFO o.a.j.p.h.s.HTTPHCAbstractImpl: Local host = runnervmwhb2z
2025-10-05 21:49:06,256 INFO o.a.j.p.h.s.HTTPHC4Impl: HTTP request retry count = 0
2025-10-05 21:49:06,257 INFO o.a.j.s.SampleResult: Note: Sample TimeStamps are END times
2025-10-05 21:49:06,257 INFO o.a.j.s.SampleResult: sampleresult.default.encoding is set to UTF-8
2025-10-05 21:49:06,257 INFO o.a.j.s.SampleResult: sampleresult.useNanoTime=true
2025-10-05 21:49:06,257 INFO o.a.j.s.SampleResult: sampleresult.nanoThreadSleep=5000
2025-10-05 21:49:06,320 INFO o.a.j.r.Summariser: summary +      1 in 00:00:00 =    7.2/s Avg:     2 Min:     2 Max:     2 Err:     0 (0.00%) Active: 2 Started: 2 Finished: 0
2025-10-05 21:49:07,216 INFO o.a.j.t.JMeterThread: Thread started: UDP Senders 1-2
2025-10-05 21:49:08,212 INFO o.a.j.t.JMeterThread: Thread started: UDP Senders 1-3
2025-10-05 21:49:09,211 INFO o.a.j.t.JMeterThread: Thread started: UDP Senders 1-4
2025-10-05 21:49:10,210 INFO o.a.j.t.JMeterThread: Thread started: UDP Senders 1-5
2025-10-05 21:49:11,211 INFO o.a.j.t.JMeterThread: Thread started: UDP Senders 1-6
2025-10-05 21:49:12,001 INFO o.a.j.r.Summariser: summary +   5535 in 00:00:06 =  974.1/s Avg:     0 Min:     0 Max:    44 Err:     0 (0.00%) Active: 7 Started: 7 Finished: 0
2025-10-05 21:49:12,001 INFO o.a.j.r.Summariser: summary =   5536 in 00:00:06 =  951.2/s Avg:     0 Min:     0 Max:    44 Err:     0 (0.00%)
2025-10-05 21:49:12,210 INFO o.a.j.t.JMeterThread: Thread started: UDP Senders 1-7
2025-10-05 21:49:13,210 INFO o.a.j.t.JMeterThread: Thread started: UDP Senders 1-8
2025-10-05 21:49:14,211 INFO o.a.j.t.JMeterThread: Thread started: UDP Senders 1-9
2025-10-05 21:49:15,210 INFO o.a.j.t.JMeterThread: Thread started: UDP Senders 1-10
2025-10-05 21:49:18,000 INFO o.a.j.r.Summariser: summary +  10822 in 00:00:06 = 1803.7/s Avg:     0 Min:     0 Max:    15 Err:     0 (0.00%) Active: 11 Started: 11 Finished: 0
2025-10-05 21:49:18,001 INFO o.a.j.r.Summariser: summary =  16358 in 00:00:12 = 1383.9/s Avg:     0 Min:     0 Max:    44 Err:     0 (0.00%)
2025-10-05 21:49:24,000 INFO o.a.j.r.Summariser: summary +  15318 in 00:00:06 = 2553.0/s Avg:     0 Min:     0 Max:     5 Err:     0 (0.00%) Active: 11 Started: 11 Finished: 0
2025-10-05 21:49:24,000 INFO o.a.j.r.Summariser: summary =  31676 in 00:00:18 = 1777.6/s Avg:     0 Min:     0 Max:    44 Err:     0 (0.00%)
2025-10-05 21:49:30,000 INFO o.a.j.r.Summariser: summary +  18578 in 00:00:06 = 3096.3/s Avg:     0 Min:     0 Max:     3 Err:     0 (0.00%) Active: 11 Started: 11 Finished: 0
2025-10-05 21:49:30,000 INFO o.a.j.r.Summariser: summary =  50254 in 00:00:24 = 2109.7/s Avg:     0 Min:     0 Max:    44 Err:     0 (0.00%)
2025-10-05 21:49:36,000 INFO o.a.j.r.Summariser: summary +  18582 in 00:00:06 = 3097.0/s Avg:     0 Min:     0 Max:     5 Err:     0 (0.00%) Active: 11 Started: 11 Finished: 0
2025-10-05 21:49:36,001 INFO o.a.j.r.Summariser: summary =  68836 in 00:00:30 = 2308.4/s Avg:     0 Min:     0 Max:    44 Err:     0 (0.00%)
2025-10-05 21:49:42,000 INFO o.a.j.r.Summariser: summary +  18552 in 00:00:06 = 3092.0/s Avg:     0 Min:     0 Max:     4 Err:     0 (0.00%) Active: 11 Started: 11 Finished: 0
2025-10-05 21:49:42,000 INFO o.a.j.r.Summariser: summary =  87388 in 00:00:36 = 2439.6/s Avg:     0 Min:     0 Max:    44 Err:     0 (0.00%)
2025-10-05 21:49:48,000 INFO o.a.j.r.Summariser: summary +  18822 in 00:00:06 = 3137.0/s Avg:     0 Min:     0 Max:     3 Err:     0 (0.00%) Active: 11 Started: 11 Finished: 0
2025-10-05 21:49:48,000 INFO o.a.j.r.Summariser: summary = 106210 in 00:00:42 = 2539.7/s Avg:     0 Min:     0 Max:    44 Err:     0 (0.00%)
2025-10-05 21:49:54,000 INFO o.a.j.r.Summariser: summary +  18731 in 00:00:06 = 3121.8/s Avg:     0 Min:     0 Max:     3 Err:     0 (0.00%) Active: 11 Started: 11 Finished: 0
2025-10-05 21:49:54,000 INFO o.a.j.r.Summariser: summary = 124941 in 00:00:48 = 2612.7/s Avg:     0 Min:     0 Max:    44 Err:     0 (0.00%)
2025-10-05 21:50:00,000 INFO o.a.j.r.Summariser: summary +  18719 in 00:00:06 = 3119.8/s Avg:     0 Min:     0 Max:     4 Err:     0 (0.00%) Active: 11 Started: 11 Finished: 0
2025-10-05 21:50:00,000 INFO o.a.j.r.Summariser: summary = 143660 in 00:00:54 = 2669.3/s Avg:     0 Min:     0 Max:    44 Err:     0 (0.00%)
2025-10-05 21:50:06,000 INFO o.a.j.r.Summariser: summary +  18707 in 00:00:06 = 3117.8/s Avg:     0 Min:     0 Max:     2 Err:     0 (0.00%) Active: 11 Started: 11 Finished: 0
2025-10-05 21:50:06,000 INFO o.a.j.r.Summariser: summary = 162367 in 00:01:00 = 2714.3/s Avg:     0 Min:     0 Max:    44 Err:     0 (0.00%)
2025-10-05 21:50:06,151 INFO o.a.j.t.JMeterThread: Thread finished: UDP Senders 1-5
2025-10-05 21:50:06,161 INFO o.a.j.t.JMeterThread: Thread finished: UDP Senders 1-4
2025-10-05 21:50:06,169 INFO o.a.j.t.JMeterThread: Thread finished: UDP Senders 1-3
2025-10-05 21:50:06,172 INFO o.a.j.t.JMeterThread: Thread finished: UDP Senders 1-6
2025-10-05 21:50:06,186 INFO o.a.j.t.JMeterThread: Thread finished: UDP Senders 1-9
2025-10-05 21:50:06,188 INFO o.a.j.t.JMeterThread: Thread finished: UDP Senders 1-7
2025-10-05 21:50:06,188 INFO o.a.j.t.JMeterThread: Thread finished: UDP Senders 1-2
2025-10-05 21:50:06,193 INFO o.a.j.t.JMeterThread: Thread finished: UDP Senders 1-8
2025-10-05 21:50:06,201 INFO o.a.j.t.JMeterThread: Thread finished: UDP Senders 1-1
2025-10-05 21:50:06,205 INFO o.a.j.t.JMeterThread: Thread finished: UDP Senders 1-10
2025-10-05 21:50:06,240 INFO o.a.j.t.JMeterThread: Stopping because end time detected by thread: Search Verifier 2-1
2025-10-05 21:50:06,240 INFO o.a.j.t.JMeterThread: Thread finished: Search Verifier 2-1
2025-10-05 21:50:06,240 INFO o.a.j.e.StandardJMeterEngine: Notifying test listeners of end of test
2025-10-05 21:50:06,241 INFO o.a.j.r.Summariser: summary +    722 in 00:00:00 = 2995.9/s Avg:     0 Min:     0 Max:     1 Err:     0 (0.00%) Active: 0 Started: 11 Finished: 11
2025-10-05 21:50:06,241 INFO o.a.j.r.Summariser: summary = 163089 in 00:01:00 = 2715.4/s Avg:     0 Min:     0 Max:    44 Err:     0 (0.00%)
2025-10-05 21:50:06,241 INFO o.a.j.JMeter: Generating Dashboard
2025-10-05 21:50:06,242 INFO o.a.j.r.d.ReportGenerator: Flushing result collector before report Generation
2025-10-05 21:50:06,252 INFO o.a.j.r.p.NormalizerSampleConsumer: Using format, 'ms', to parse timeStamp field
2025-10-05 21:50:08,176 INFO o.a.j.r.p.AbstractSampleConsumer: class org.apache.jmeter.report.processor.AggregateConsumer#stopProducing(): beginDate produced 0 samples
2025-10-05 21:50:08,176 INFO o.a.j.r.p.AbstractSampleConsumer: class org.apache.jmeter.report.processor.AggregateConsumer#stopProducing(): endDate produced 0 samples
2025-10-05 21:50:08,177 INFO o.a.j.r.p.AbstractSampleConsumer: class org.apache.jmeter.report.processor.ApdexSummaryConsumer#stopProducing(): apdexSummary produced 0 samples
2025-10-05 21:50:08,177 INFO o.a.j.r.p.AbstractSampleConsumer: class org.apache.jmeter.report.processor.RequestsSummaryConsumer#stopProducing(): requestsSummary produced 0 samples
2025-10-05 21:50:08,190 INFO o.a.j.r.p.AbstractSampleConsumer: class org.apache.jmeter.report.processor.StatisticsSummaryConsumer#stopProducing(): statisticsSummary produced 0 samples
2025-10-05 21:50:08,191 INFO o.a.j.r.p.AbstractSampleConsumer: class org.apache.jmeter.report.processor.Top5ErrorsBySamplerConsumer#stopProducing(): top5ErrorsBySampler produced 0 samples
2025-10-05 21:50:08,191 INFO o.a.j.r.p.AbstractSampleConsumer: class org.apache.jmeter.report.processor.ErrorsSummaryConsumer#stopProducing(): errorsSummary produced 0 samples
2025-10-05 21:50:08,191 INFO o.a.j.r.p.AbstractSampleConsumer: class org.apache.jmeter.report.processor.graph.impl.HitsPerSecondGraphConsumer#stopProducing(): hitsPerSecond produced 0 samples
2025-10-05 21:50:08,695 INFO o.a.j.r.p.AbstractSampleConsumer: class org.apache.jmeter.report.processor.graph.impl.LatencyVSRequestGraphConsumer#stopProducing(): latencyVsRequest produced 0 samples
2025-10-05 21:50:08,701 INFO o.a.j.r.p.AbstractSampleConsumer: class org.apache.jmeter.report.processor.graph.impl.SyntheticResponseTimeDistributionGraphConsumer#stopProducing(): syntheticResponseTimeDistribution produced 0 samples
2025-10-05 21:50:08,701 INFO o.a.j.r.p.AbstractSampleConsumer: class org.apache.jmeter.report.processor.graph.impl.BytesThroughputGraphConsumer#stopProducing(): bytesThroughputOverTime produced 0 samples
2025-10-05 21:50:08,701 INFO o.a.j.r.p.AbstractSampleConsumer: class org.apache.jmeter.report.processor.graph.impl.CodesPerSecondGraphConsumer#stopProducing(): codesPerSecond produced 0 samples
2025-10-05 21:50:09,132 INFO o.a.j.r.p.AbstractSampleConsumer: class org.apache.jmeter.report.processor.graph.impl.ResponseTimeVSRequestGraphConsumer#stopProducing(): responseTimeVsRequest produced 0 samples
2025-10-05 21:50:09,134 INFO o.a.j.r.p.AbstractSampleConsumer: class org.apache.jmeter.report.processor.FilterConsumer#stopProducing(): startIntervalControlerFilter produced 1141623 samples
2025-10-05 21:50:09,134 INFO o.a.j.r.p.AbstractSampleConsumer: class org.apache.jmeter.report.processor.graph.impl.TotalTPSGraphConsumer#stopProducing(): totalTPS produced 0 samples
2025-10-05 21:50:09,134 INFO o.a.j.r.p.AbstractSampleConsumer: class org.apache.jmeter.report.processor.graph.impl.ActiveThreadsGraphConsumer#stopProducing(): activeThreadsOverTime produced 0 samples
2025-10-05 21:50:09,134 INFO o.a.j.r.p.AbstractSampleConsumer: class org.apache.jmeter.report.processor.graph.impl.TimeVSThreadGraphConsumer#stopProducing(): timeVsThreads produced 0 samples
2025-10-05 21:50:09,135 INFO o.a.j.r.p.AbstractSampleConsumer: class org.apache.jmeter.report.processor.graph.impl.ResponseTimeDistributionGraphConsumer#stopProducing(): responseTimeDistribution produced 0 samples
2025-10-05 21:50:09,135 INFO o.a.j.r.p.AbstractSampleConsumer: class org.apache.jmeter.report.processor.graph.impl.TransactionsPerSecondGraphConsumer#stopProducing(): transactionsPerSecond produced 0 samples
2025-10-05 21:50:09,135 INFO o.a.j.r.p.AbstractSampleConsumer: class org.apache.jmeter.report.processor.graph.impl.ResponseTimePercentilesGraphConsumer#stopProducing(): responseTimePercentiles produced 0 samples
2025-10-05 21:50:09,136 INFO o.a.j.r.p.AbstractSampleConsumer: class org.apache.jmeter.report.processor.graph.impl.ResponseTimePercentilesOverTimeGraphConsumer#stopProducing(): responseTimePercentilesOverTime produced 0 samples
2025-10-05 21:50:09,137 INFO o.a.j.r.p.AbstractSampleConsumer: class org.apache.jmeter.report.processor.graph.impl.ResponseTimeOverTimeGraphConsumer#stopProducing(): responseTimesOverTime produced 0 samples
2025-10-05 21:50:09,137 INFO o.a.j.r.p.AbstractSampleConsumer: class org.apache.jmeter.report.processor.graph.impl.ConnectTimeOverTimeGraphConsumer#stopProducing(): connectTimeOverTime produced 0 samples
2025-10-05 21:50:09,137 INFO o.a.j.r.p.AbstractSampleConsumer: class org.apache.jmeter.report.processor.graph.impl.LatencyOverTimeGraphConsumer#stopProducing(): latenciesOverTime produced 0 samples
2025-10-05 21:50:09,137 INFO o.a.j.r.p.AbstractSampleConsumer: class org.apache.jmeter.report.processor.FilterConsumer#stopProducing(): nameFilter produced 2446335 samples
2025-10-05 21:50:09,137 INFO o.a.j.r.p.AbstractSampleConsumer: class org.apache.jmeter.report.processor.FilterConsumer#stopProducing(): dateRangeFilter produced 489267 samples
2025-10-05 21:50:09,137 INFO o.a.j.r.p.AbstractSampleConsumer: class org.apache.jmeter.report.processor.NormalizerSampleConsumer#stopProducing(): normalizer produced 163089 samples
2025-10-05 21:50:09,137 INFO o.a.j.r.p.CsvFileSampleSource: produce(): 163089 samples produced in 2s 866 ms on channel 0
2025-10-05 21:50:09,138 INFO o.a.j.r.d.ReportGenerator: Exporting data using exporter:'json' of className:'org.apache.jmeter.report.dashboard.JsonExporter'
2025-10-05 21:50:09,219 INFO o.a.j.r.d.JsonExporter: Found data for consumer statisticsSummary in context
2025-10-05 21:50:09,219 INFO o.a.j.r.d.JsonExporter: Creating statistics for overall
2025-10-05 21:50:09,220 INFO o.a.j.r.d.JsonExporter: Creating statistics for other transactions
2025-10-05 21:50:09,220 INFO o.a.j.r.d.JsonExporter: Checking output folder
2025-10-05 21:50:09,220 INFO o.a.j.r.d.JsonExporter: Writing statistics JSON to /home/runner/work/grepwise/grepwise/target/jmeter/reports/syslog-udp/statistics.json
2025-10-05 21:50:09,253 INFO o.a.j.r.d.ReportGenerator: Exporting data using exporter:'html' of className:'org.apache.jmeter.report.dashboard.HtmlTemplateExporter'
2025-10-05 21:50:09,254 INFO o.a.j.r.d.HtmlTemplateExporter: Will generate dashboard in folder: /home/runner/work/grepwise/grepwise/target/jmeter/reports/syslog-udp
2025-10-05 21:50:09,338 INFO o.a.j.r.d.HtmlTemplateExporter: Report will be generated in: /home/runner/work/grepwise/grepwise/target/jmeter/reports/syslog-udp, creating folder structure
2025-10-05 21:50:09,340 INFO o.a.j.r.d.TemplateVisitor: Copying folder from '/home/runner/work/grepwise/grepwise/target/3a016af8-ffee-468e-9bf6-0a0019e2a5e0/jmeter/bin/report-template' to '/home/runner/work/grepwise/grepwise/target/jmeter/reports/syslog-udp', got message: /home/runner/work/grepwise/grepwise/target/jmeter/reports/syslog-udp, found non empty folder with following content [/home/runner/work/grepwise/grepwise/target/jmeter/reports/syslog-udp/statistics.json], will be ignored
2025-10-05 21:50:09,506 INFO o.a.j.JMeter: Dashboard generated
