2025-10-04 03:15:30,359 INFO o.a.j.u.JMeterUtils: Setting Locale to en
2025-10-04 03:15:30,372 INFO o.a.j.JMeter: Loading additional properties from: /home/runner/work/grepwise/grepwise/src/test/jmeter/jmeter.properties
2025-10-04 03:15:30,373 INFO o.a.j.JMeter: Setting System property: sun.net.http.allowRestrictedHeaders=true
2025-10-04 03:15:30,377 INFO o.a.j.JMeter: Copyright (c) 1998-2023 The Apache Software Foundation
2025-10-04 03:15:30,377 INFO o.a.j.JMeter: Version 5.6.2
2025-10-04 03:15:30,377 INFO o.a.j.JMeter: java.version=25
2025-10-04 03:15:30,378 INFO o.a.j.JMeter: java.vm.name=OpenJDK 64-Bit Server VM
2025-10-04 03:15:30,378 INFO o.a.j.JMeter: os.name=Linux
2025-10-04 03:15:30,378 INFO o.a.j.JMeter: os.arch=amd64
2025-10-04 03:15:30,378 INFO o.a.j.JMeter: os.version=6.11.0-1018-azure
2025-10-04 03:15:30,378 INFO o.a.j.JMeter: file.encoding=UTF-8
2025-10-04 03:15:30,378 INFO o.a.j.JMeter: java.awt.headless=true
2025-10-04 03:15:30,378 INFO o.a.j.JMeter: Max memory     =536870912
2025-10-04 03:15:30,378 INFO o.a.j.JMeter: Available Processors =4
2025-10-04 03:15:30,388 INFO o.a.j.JMeter: Default Locale=English
2025-10-04 03:15:30,388 INFO o.a.j.JMeter: JMeter  Locale=English
2025-10-04 03:15:30,388 INFO o.a.j.JMeter: JMeterHome=/home/runner/work/grepwise/grepwise/target/fd723a5d-6128-4f43-9c73-6d529e6acf54/jmeter
2025-10-04 03:15:30,388 INFO o.a.j.JMeter: user.dir  =/home/runner/work/grepwise/grepwise/target/fd723a5d-6128-4f43-9c73-6d529e6acf54/jmeter/bin
2025-10-04 03:15:30,388 INFO o.a.j.JMeter: PWD       =/home/runner/work/grepwise/grepwise/target/fd723a5d-6128-4f43-9c73-6d529e6acf54/jmeter/bin
2025-10-04 03:15:30,389 INFO o.a.j.JMeter: IP: 10.1.0.19 Name: runnervmwhb2z FullName: runnervmwhb2z.iok0aac14kyebbpycwio1tqtlb.gx.internal.cloudapp.net
2025-10-04 03:15:30,397 INFO o.a.j.JMeter: Setting property 'jmeter.reportgenerator.outputdir' to:'/home/runner/work/grepwise/grepwise/target/jmeter/reports/combined-parallel-bsh'
2025-10-04 03:15:30,400 INFO o.a.j.s.FileServer: Default base='/home/runner/work/grepwise/grepwise/target/fd723a5d-6128-4f43-9c73-6d529e6acf54/jmeter/bin'
2025-10-04 03:15:30,400 INFO o.a.j.s.FileServer: Set new base='/home/runner/work/grepwise/grepwise/target/jmeter/testFiles'
2025-10-04 03:15:30,627 INFO o.a.j.s.SaveService: Testplan (JMX) version: 2.2. Testlog (JTL) version: 2.2
2025-10-04 03:15:30,649 INFO o.a.j.s.SaveService: Using SaveService properties version 5.0
2025-10-04 03:15:30,652 INFO o.a.j.s.SaveService: Using SaveService properties file encoding UTF-8
2025-10-04 03:15:30,655 INFO o.a.j.s.SaveService: Loading file: /home/runner/work/grepwise/grepwise/target/jmeter/testFiles/combined-parallel-bsh.jmx
2025-10-04 03:15:30,741 INFO o.a.j.JMeter: Creating summariser <summary>
2025-10-04 03:15:30,746 INFO o.a.j.r.d.ReportGenerator: ReportGenerator will use for Parsing the separator: ','
2025-10-04 03:15:30,746 INFO o.a.j.r.d.ReportGenerator: Will generate report at end of test from  results file: /home/runner/work/grepwise/grepwise/target/jmeter/results/20251004-combined-parallel-bsh.csv
2025-10-04 03:15:30,746 INFO o.a.j.r.d.ReportGenerator: Reading report generator properties from: /home/runner/work/grepwise/grepwise/target/fd723a5d-6128-4f43-9c73-6d529e6acf54/jmeter/bin/reportgenerator.properties
2025-10-04 03:15:30,747 INFO o.a.j.r.d.ReportGenerator: Merging with JMeter properties
2025-10-04 03:15:30,749 INFO o.a.j.r.c.ReportGeneratorConfiguration: Property 'jmeter.reportgenerator.temp_dir' not found, using default value 'temp' instead.
2025-10-04 03:15:30,751 INFO o.a.j.r.c.ReportGeneratorConfiguration: Property 'jmeter.reportgenerator.apdex_per_transaction' not found, using default value 'null' instead.
2025-10-04 03:15:30,752 INFO o.a.j.r.c.ReportGeneratorConfiguration: apdex_per_transaction is empty, not APDEX per transaction customization
2025-10-04 03:15:30,752 INFO o.a.j.r.c.ReportGeneratorConfiguration: Property 'jmeter.reportgenerator.sample_filter' not found, using default value 'null' instead.
2025-10-04 03:15:30,752 INFO o.a.j.r.c.ReportGeneratorConfiguration: Property 'jmeter.reportgenerator.report_title' not found, using default value 'null' instead.
2025-10-04 03:15:30,752 INFO o.a.j.r.c.ReportGeneratorConfiguration: Property 'jmeter.reportgenerator.start_date' not found, using default value 'null' instead.
2025-10-04 03:15:30,752 INFO o.a.j.r.c.ReportGeneratorConfiguration: Property 'jmeter.reportgenerator.end_date' not found, using default value 'null' instead.
2025-10-04 03:15:30,752 INFO o.a.j.r.c.ReportGeneratorConfiguration: Property 'jmeter.reportgenerator.date_format' not found, using default value 'null' instead.
2025-10-04 03:15:30,752 INFO o.a.j.r.c.ReportGeneratorConfiguration: Will use date range start date: null, end date: null
2025-10-04 03:15:30,755 INFO o.a.j.r.c.ReportGeneratorConfiguration: Property 'jmeter.reportgenerator.graph.totalTPS.exclude_controllers' not found, using default value 'false' instead.
2025-10-04 03:15:30,755 INFO o.a.j.r.c.ReportGeneratorConfiguration: Property 'jmeter.reportgenerator.graph.activeThreadsOverTime.exclude_controllers' not found, using default value 'false' instead.
2025-10-04 03:15:30,755 INFO o.a.j.r.c.ReportGeneratorConfiguration: Property 'jmeter.reportgenerator.graph.timeVsThreads.exclude_controllers' not found, using default value 'false' instead.
2025-10-04 03:15:30,756 INFO o.a.j.r.c.ReportGeneratorConfiguration: Property 'jmeter.reportgenerator.graph.responseTimeDistribution.exclude_controllers' not found, using default value 'false' instead.
2025-10-04 03:15:30,756 INFO o.a.j.r.c.ReportGeneratorConfiguration: Property 'jmeter.reportgenerator.graph.transactionsPerSecond.exclude_controllers' not found, using default value 'false' instead.
2025-10-04 03:15:30,756 INFO o.a.j.r.c.ReportGeneratorConfiguration: Property 'jmeter.reportgenerator.graph.responseTimePercentiles.exclude_controllers' not found, using default value 'false' instead.
2025-10-04 03:15:30,756 INFO o.a.j.r.c.ReportGeneratorConfiguration: Property 'jmeter.reportgenerator.graph.responseTimePercentilesOverTime.exclude_controllers' not found, using default value 'false' instead.
2025-10-04 03:15:30,756 INFO o.a.j.r.c.ReportGeneratorConfiguration: Property 'jmeter.reportgenerator.graph.responseTimesOverTime.exclude_controllers' not found, using default value 'false' instead.
2025-10-04 03:15:30,756 INFO o.a.j.r.c.ReportGeneratorConfiguration: Property 'jmeter.reportgenerator.graph.connectTimeOverTime.exclude_controllers' not found, using default value 'false' instead.
2025-10-04 03:15:30,756 INFO o.a.j.r.c.ReportGeneratorConfiguration: Property 'jmeter.reportgenerator.graph.latenciesOverTime.exclude_controllers' not found, using default value 'false' instead.
2025-10-04 03:15:30,757 INFO o.a.j.r.c.ReportGeneratorConfiguration: Property 'jmeter.reportgenerator.exporter.json.filters_only_sample_series' not found, using default value 'true' instead.
2025-10-04 03:15:30,757 INFO o.a.j.r.c.ReportGeneratorConfiguration: Property 'jmeter.reportgenerator.exporter.json.series_filter' not found, using default value '' instead.
2025-10-04 03:15:30,757 INFO o.a.j.r.c.ReportGeneratorConfiguration: Property 'jmeter.reportgenerator.exporter.json.show_controllers_only' not found, using default value 'false' instead.
2025-10-04 03:15:30,757 INFO o.a.j.r.c.ReportGeneratorConfiguration: Property 'jmeter.reportgenerator.exporter.html.filters_only_sample_series' not found, using default value 'true' instead.
2025-10-04 03:15:30,757 INFO o.a.j.r.c.ReportGeneratorConfiguration: Property 'jmeter.reportgenerator.exporter.html.series_filter' not found, using default value '' instead.
2025-10-04 03:15:30,758 INFO o.a.j.r.c.ReportGeneratorConfiguration: Property 'jmeter.reportgenerator.exporter.html.show_controllers_only' not found, using default value 'false' instead.
2025-10-04 03:15:30,766 INFO o.a.j.e.StandardJMeterEngine: Running the test!
2025-10-04 03:15:30,767 INFO o.a.j.s.SampleEvent: List of sample_variables: []
2025-10-04 03:15:30,767 INFO o.a.j.s.SampleEvent: List of sample_variables: []
2025-10-04 03:15:30,826 INFO o.a.j.JMeter: Running test (1759547730826)
2025-10-04 03:15:30,850 INFO o.a.j.e.StandardJMeterEngine: Starting ThreadGroup: 1 : UDP Ingestion
2025-10-04 03:15:30,851 INFO o.a.j.e.StandardJMeterEngine: Starting 10 threads for group UDP Ingestion.
2025-10-04 03:15:30,851 INFO o.a.j.e.StandardJMeterEngine: Thread will continue on error
2025-10-04 03:15:30,851 INFO o.a.j.t.ThreadGroup: Starting thread group... number=1 threads=10 ramp-up=10 delayedStart=false
2025-10-04 03:15:30,860 INFO o.a.j.t.JMeterThread: Thread started: UDP Ingestion 1-1
2025-10-04 03:15:30,887 INFO o.a.j.s.SampleResult: Note: Sample TimeStamps are END times
2025-10-04 03:15:30,887 INFO o.a.j.s.SampleResult: sampleresult.default.encoding is set to UTF-8
2025-10-04 03:15:30,887 INFO o.a.j.s.SampleResult: sampleresult.useNanoTime=true
2025-10-04 03:15:30,887 INFO o.a.j.s.SampleResult: sampleresult.nanoThreadSleep=5000
2025-10-04 03:15:30,889 INFO o.a.j.t.ThreadGroup: Started thread group number 1
2025-10-04 03:15:30,889 INFO o.a.j.e.StandardJMeterEngine: Starting ThreadGroup: 2 : HTTP Searchers
2025-10-04 03:15:30,889 INFO o.a.j.e.StandardJMeterEngine: Starting 10 threads for group HTTP Searchers.
2025-10-04 03:15:30,889 INFO o.a.j.e.StandardJMeterEngine: Thread will continue on error
2025-10-04 03:15:30,889 INFO o.a.j.t.ThreadGroup: Starting thread group... number=2 threads=10 ramp-up=10 delayedStart=false
2025-10-04 03:15:30,891 INFO o.a.j.t.JMeterThread: Thread started: HTTP Searchers 2-1
2025-10-04 03:15:30,896 INFO o.a.j.t.ThreadGroup: Started thread group number 2
2025-10-04 03:15:30,897 INFO o.a.j.e.StandardJMeterEngine: All thread groups have been started
2025-10-04 03:15:30,898 INFO o.a.j.r.Summariser: summary +      1 in 00:00:00 =   15.2/s Avg:     3 Min:     3 Max:     3 Err:     0 (0.00%) Active: 2 Started: 2 Finished: 0
2025-10-04 03:15:30,906 INFO o.a.j.p.h.s.HTTPHCAbstractImpl: Local host = runnervmwhb2z
2025-10-04 03:15:30,911 INFO o.a.j.p.h.s.HTTPHC4Impl: HTTP request retry count = 0
2025-10-04 03:15:31,857 INFO o.a.j.t.JMeterThread: Thread started: UDP Ingestion 1-2
2025-10-04 03:15:31,890 INFO o.a.j.t.JMeterThread: Thread started: HTTP Searchers 2-2
2025-10-04 03:15:32,855 INFO o.a.j.t.JMeterThread: Thread started: UDP Ingestion 1-3
2025-10-04 03:15:32,890 INFO o.a.j.t.JMeterThread: Thread started: HTTP Searchers 2-3
2025-10-04 03:15:33,856 INFO o.a.j.t.JMeterThread: Thread started: UDP Ingestion 1-4
2025-10-04 03:15:33,890 INFO o.a.j.t.JMeterThread: Thread started: HTTP Searchers 2-4
2025-10-04 03:15:34,856 INFO o.a.j.t.JMeterThread: Thread started: UDP Ingestion 1-5
2025-10-04 03:15:34,890 INFO o.a.j.t.JMeterThread: Thread started: HTTP Searchers 2-5
2025-10-04 03:15:35,856 INFO o.a.j.t.JMeterThread: Thread started: UDP Ingestion 1-6
2025-10-04 03:15:35,890 INFO o.a.j.t.JMeterThread: Thread started: HTTP Searchers 2-6
2025-10-04 03:15:36,000 INFO o.a.j.r.Summariser: summary +  21244 in 00:00:05 = 4159.0/s Avg:     0 Min:     0 Max:    24 Err: 20691 (97.40%) Active: 12 Started: 12 Finished: 0
2025-10-04 03:15:36,001 INFO o.a.j.r.Summariser: summary =  21245 in 00:00:05 = 4106.1/s Avg:     0 Min:     0 Max:    24 Err: 20691 (97.39%)
2025-10-04 03:15:36,855 INFO o.a.j.t.JMeterThread: Thread started: UDP Ingestion 1-7
2025-10-04 03:15:36,889 INFO o.a.j.t.JMeterThread: Thread started: HTTP Searchers 2-7
2025-10-04 03:15:37,855 INFO o.a.j.t.JMeterThread: Thread started: UDP Ingestion 1-8
2025-10-04 03:15:37,891 INFO o.a.j.t.JMeterThread: Thread started: HTTP Searchers 2-8
2025-10-04 03:15:38,855 INFO o.a.j.t.JMeterThread: Thread started: UDP Ingestion 1-9
2025-10-04 03:15:38,890 INFO o.a.j.t.JMeterThread: Thread started: HTTP Searchers 2-9
2025-10-04 03:15:39,855 INFO o.a.j.t.JMeterThread: Thread started: UDP Ingestion 1-10
2025-10-04 03:15:39,890 INFO o.a.j.t.JMeterThread: Thread started: HTTP Searchers 2-10
2025-10-04 03:15:42,000 INFO o.a.j.r.Summariser: summary +  55229 in 00:00:06 = 9204.8/s Avg:     0 Min:     0 Max:     6 Err: 53786 (97.39%) Active: 20 Started: 20 Finished: 0
2025-10-04 03:15:42,001 INFO o.a.j.r.Summariser: summary =  76474 in 00:00:11 = 6843.9/s Avg:     0 Min:     0 Max:    24 Err: 74477 (97.39%)
2025-10-04 03:15:48,000 INFO o.a.j.r.Summariser: summary +  64392 in 00:00:06 = 10732.0/s Avg:     0 Min:     0 Max:     7 Err: 62678 (97.34%) Active: 20 Started: 20 Finished: 0
2025-10-04 03:15:48,000 INFO o.a.j.r.Summariser: summary = 140866 in 00:00:17 = 8202.3/s Avg:     0 Min:     0 Max:    24 Err: 137155 (97.37%)
2025-10-04 03:15:54,000 INFO o.a.j.r.Summariser: summary +  65259 in 00:00:06 = 10876.5/s Avg:     0 Min:     0 Max:     6 Err: 63538 (97.36%) Active: 20 Started: 20 Finished: 0
2025-10-04 03:15:54,000 INFO o.a.j.r.Summariser: summary = 206125 in 00:00:23 = 8894.7/s Avg:     0 Min:     0 Max:    24 Err: 200693 (97.36%)
2025-10-04 03:16:00,001 INFO o.a.j.r.Summariser: summary +  65434 in 00:00:06 = 10905.7/s Avg:     0 Min:     0 Max:     8 Err: 63709 (97.36%) Active: 20 Started: 20 Finished: 0
2025-10-04 03:16:00,001 INFO o.a.j.r.Summariser: summary = 271559 in 00:00:29 = 9308.3/s Avg:     0 Min:     0 Max:    24 Err: 264402 (97.36%)
2025-10-04 03:16:06,000 INFO o.a.j.r.Summariser: summary +  65991 in 00:00:06 = 10998.5/s Avg:     0 Min:     0 Max:     6 Err: 64274 (97.40%) Active: 20 Started: 20 Finished: 0
2025-10-04 03:16:06,000 INFO o.a.j.r.Summariser: summary = 337550 in 00:00:35 = 9596.6/s Avg:     0 Min:     0 Max:    24 Err: 328676 (97.37%)
2025-10-04 03:16:12,000 INFO o.a.j.r.Summariser: summary +  66371 in 00:00:06 = 11061.8/s Avg:     0 Min:     0 Max:     6 Err: 64662 (97.43%) Active: 20 Started: 20 Finished: 0
2025-10-04 03:16:12,001 INFO o.a.j.r.Summariser: summary = 403921 in 00:00:41 = 9810.1/s Avg:     0 Min:     0 Max:    24 Err: 393338 (97.38%)
2025-10-04 03:16:18,000 INFO o.a.j.r.Summariser: summary +  66463 in 00:00:06 = 11077.2/s Avg:     0 Min:     0 Max:     7 Err: 64735 (97.40%) Active: 20 Started: 20 Finished: 0
2025-10-04 03:16:18,004 INFO o.a.j.r.Summariser: summary = 470384 in 00:00:47 = 9971.3/s Avg:     0 Min:     0 Max:    24 Err: 458073 (97.38%)
2025-10-04 03:16:24,000 INFO o.a.j.r.Summariser: summary +  63142 in 00:00:06 = 10523.7/s Avg:     0 Min:     0 Max:    15 Err: 61127 (96.81%) Active: 20 Started: 20 Finished: 0
2025-10-04 03:16:24,001 INFO o.a.j.r.Summariser: summary = 533526 in 00:00:53 = 10033.6/s Avg:     0 Min:     0 Max:    24 Err: 519200 (97.31%)
2025-10-04 03:16:30,000 INFO o.a.j.r.Summariser: summary +  66900 in 00:00:06 = 11150.0/s Avg:     0 Min:     0 Max:     5 Err: 65181 (97.43%) Active: 20 Started: 20 Finished: 0
2025-10-04 03:16:30,000 INFO o.a.j.r.Summariser: summary = 600426 in 00:00:59 = 10146.8/s Avg:     0 Min:     0 Max:    24 Err: 584381 (97.33%)
2025-10-04 03:16:30,828 INFO o.a.j.t.JMeterThread: Thread finished: UDP Ingestion 1-1
2025-10-04 03:16:30,842 INFO o.a.j.t.JMeterThread: Thread finished: UDP Ingestion 1-4
2025-10-04 03:16:30,844 INFO o.a.j.t.JMeterThread: Thread finished: UDP Ingestion 1-2
2025-10-04 03:16:30,848 INFO o.a.j.t.JMeterThread: Thread finished: UDP Ingestion 1-7
2025-10-04 03:16:30,855 INFO o.a.j.t.JMeterThread: Thread finished: UDP Ingestion 1-3
2025-10-04 03:16:30,855 INFO o.a.j.t.JMeterThread: Thread finished: UDP Ingestion 1-9
2025-10-04 03:16:30,856 INFO o.a.j.t.JMeterThread: Thread finished: UDP Ingestion 1-5
2025-10-04 03:16:30,863 INFO o.a.j.t.JMeterThread: Thread finished: UDP Ingestion 1-6
2025-10-04 03:16:30,868 INFO o.a.j.t.JMeterThread: Thread finished: UDP Ingestion 1-10
2025-10-04 03:16:30,876 INFO o.a.j.t.JMeterThread: Thread finished: UDP Ingestion 1-8
2025-10-04 03:16:30,890 INFO o.a.j.t.JMeterThread: Stopping because end time detected by thread: HTTP Searchers 2-1
2025-10-04 03:16:30,890 INFO o.a.j.t.JMeterThread: Thread finished: HTTP Searchers 2-1
2025-10-04 03:16:30,891 INFO o.a.j.t.JMeterThread: Stopping because end time detected by thread: HTTP Searchers 2-2
2025-10-04 03:16:30,891 INFO o.a.j.t.JMeterThread: Thread finished: HTTP Searchers 2-2
2025-10-04 03:16:30,893 INFO o.a.j.t.JMeterThread: Stopping because end time detected by thread: HTTP Searchers 2-3
2025-10-04 03:16:30,894 INFO o.a.j.t.JMeterThread: Thread finished: HTTP Searchers 2-3
2025-10-04 03:16:30,894 INFO o.a.j.t.JMeterThread: Stopping because end time detected by thread: HTTP Searchers 2-5
2025-10-04 03:16:30,894 INFO o.a.j.t.JMeterThread: Thread finished: HTTP Searchers 2-5
2025-10-04 03:16:30,894 INFO o.a.j.t.JMeterThread: Stopping because end time detected by thread: HTTP Searchers 2-4
2025-10-04 03:16:30,894 INFO o.a.j.t.JMeterThread: Thread finished: HTTP Searchers 2-4
2025-10-04 03:16:30,894 INFO o.a.j.t.JMeterThread: Stopping because end time detected by thread: HTTP Searchers 2-6
2025-10-04 03:16:30,895 INFO o.a.j.t.JMeterThread: Thread finished: HTTP Searchers 2-6
2025-10-04 03:16:30,895 INFO o.a.j.t.JMeterThread: Stopping because end time detected by thread: HTTP Searchers 2-8
2025-10-04 03:16:30,895 INFO o.a.j.t.JMeterThread: Stopping because end time detected by thread: HTTP Searchers 2-9
2025-10-04 03:16:30,895 INFO o.a.j.t.JMeterThread: Stopping because end time detected by thread: HTTP Searchers 2-7
2025-10-04 03:16:30,895 INFO o.a.j.t.JMeterThread: Thread finished: HTTP Searchers 2-9
2025-10-04 03:16:30,895 INFO o.a.j.t.JMeterThread: Thread finished: HTTP Searchers 2-8
2025-10-04 03:16:30,895 INFO o.a.j.t.JMeterThread: Thread finished: HTTP Searchers 2-7
2025-10-04 03:16:30,896 INFO o.a.j.t.JMeterThread: Stopping because end time detected by thread: HTTP Searchers 2-10
2025-10-04 03:16:30,896 INFO o.a.j.t.JMeterThread: Thread finished: HTTP Searchers 2-10
2025-10-04 03:16:30,896 INFO o.a.j.e.StandardJMeterEngine: Notifying test listeners of end of test
2025-10-04 03:16:30,897 INFO o.a.j.r.Summariser: summary +   9863 in 00:00:01 = 10995.5/s Avg:     0 Min:     0 Max:     5 Err:  9615 (97.49%) Active: 0 Started: 20 Finished: 20
2025-10-04 03:16:30,897 INFO o.a.j.r.Summariser: summary = 610289 in 00:01:00 = 10159.5/s Avg:     0 Min:     0 Max:    24 Err: 593996 (97.33%)
2025-10-04 03:16:30,898 INFO o.a.j.JMeter: Generating Dashboard
2025-10-04 03:16:30,898 INFO o.a.j.r.d.ReportGenerator: Flushing result collector before report Generation
2025-10-04 03:16:30,910 INFO o.a.j.r.p.NormalizerSampleConsumer: Using format, 'ms', to parse timeStamp field
2025-10-04 03:16:37,525 INFO o.a.j.r.p.AbstractSampleConsumer: class org.apache.jmeter.report.processor.AggregateConsumer#stopProducing(): beginDate produced 0 samples
2025-10-04 03:16:37,525 INFO o.a.j.r.p.AbstractSampleConsumer: class org.apache.jmeter.report.processor.AggregateConsumer#stopProducing(): endDate produced 0 samples
2025-10-04 03:16:37,526 INFO o.a.j.r.p.AbstractSampleConsumer: class org.apache.jmeter.report.processor.ApdexSummaryConsumer#stopProducing(): apdexSummary produced 0 samples
2025-10-04 03:16:37,526 INFO o.a.j.r.p.AbstractSampleConsumer: class org.apache.jmeter.report.processor.RequestsSummaryConsumer#stopProducing(): requestsSummary produced 0 samples
2025-10-04 03:16:37,540 INFO o.a.j.r.p.AbstractSampleConsumer: class org.apache.jmeter.report.processor.StatisticsSummaryConsumer#stopProducing(): statisticsSummary produced 0 samples
2025-10-04 03:16:37,541 INFO o.a.j.r.p.AbstractSampleConsumer: class org.apache.jmeter.report.processor.Top5ErrorsBySamplerConsumer#stopProducing(): top5ErrorsBySampler produced 0 samples
2025-10-04 03:16:37,541 INFO o.a.j.r.p.AbstractSampleConsumer: class org.apache.jmeter.report.processor.ErrorsSummaryConsumer#stopProducing(): errorsSummary produced 0 samples
2025-10-04 03:16:37,541 INFO o.a.j.r.p.AbstractSampleConsumer: class org.apache.jmeter.report.processor.graph.impl.HitsPerSecondGraphConsumer#stopProducing(): hitsPerSecond produced 0 samples
2025-10-04 03:16:39,425 INFO o.a.j.r.p.AbstractSampleConsumer: class org.apache.jmeter.report.processor.graph.impl.LatencyVSRequestGraphConsumer#stopProducing(): latencyVsRequest produced 0 samples
2025-10-04 03:16:39,446 INFO o.a.j.r.p.AbstractSampleConsumer: class org.apache.jmeter.report.processor.graph.impl.SyntheticResponseTimeDistributionGraphConsumer#stopProducing(): syntheticResponseTimeDistribution produced 0 samples
2025-10-04 03:16:39,446 INFO o.a.j.r.p.AbstractSampleConsumer: class org.apache.jmeter.report.processor.graph.impl.BytesThroughputGraphConsumer#stopProducing(): bytesThroughputOverTime produced 0 samples
2025-10-04 03:16:39,446 INFO o.a.j.r.p.AbstractSampleConsumer: class org.apache.jmeter.report.processor.graph.impl.CodesPerSecondGraphConsumer#stopProducing(): codesPerSecond produced 0 samples
2025-10-04 03:16:41,249 INFO o.a.j.r.p.AbstractSampleConsumer: class org.apache.jmeter.report.processor.graph.impl.ResponseTimeVSRequestGraphConsumer#stopProducing(): responseTimeVsRequest produced 0 samples
2025-10-04 03:16:41,256 INFO o.a.j.r.p.AbstractSampleConsumer: class org.apache.jmeter.report.processor.FilterConsumer#stopProducing(): startIntervalControlerFilter produced 4272023 samples
2025-10-04 03:16:41,256 INFO o.a.j.r.p.AbstractSampleConsumer: class org.apache.jmeter.report.processor.graph.impl.TotalTPSGraphConsumer#stopProducing(): totalTPS produced 0 samples
2025-10-04 03:16:41,256 INFO o.a.j.r.p.AbstractSampleConsumer: class org.apache.jmeter.report.processor.graph.impl.ActiveThreadsGraphConsumer#stopProducing(): activeThreadsOverTime produced 0 samples
2025-10-04 03:16:41,256 INFO o.a.j.r.p.AbstractSampleConsumer: class org.apache.jmeter.report.processor.graph.impl.TimeVSThreadGraphConsumer#stopProducing(): timeVsThreads produced 0 samples
2025-10-04 03:16:41,256 INFO o.a.j.r.p.AbstractSampleConsumer: class org.apache.jmeter.report.processor.graph.impl.ResponseTimeDistributionGraphConsumer#stopProducing(): responseTimeDistribution produced 0 samples
2025-10-04 03:16:41,256 INFO o.a.j.r.p.AbstractSampleConsumer: class org.apache.jmeter.report.processor.graph.impl.TransactionsPerSecondGraphConsumer#stopProducing(): transactionsPerSecond produced 0 samples
2025-10-04 03:16:41,256 INFO o.a.j.r.p.AbstractSampleConsumer: class org.apache.jmeter.report.processor.graph.impl.ResponseTimePercentilesGraphConsumer#stopProducing(): responseTimePercentiles produced 0 samples
2025-10-04 03:16:41,257 INFO o.a.j.r.p.AbstractSampleConsumer: class org.apache.jmeter.report.processor.graph.impl.ResponseTimePercentilesOverTimeGraphConsumer#stopProducing(): responseTimePercentilesOverTime produced 0 samples
2025-10-04 03:16:41,258 INFO o.a.j.r.p.AbstractSampleConsumer: class org.apache.jmeter.report.processor.graph.impl.ResponseTimeOverTimeGraphConsumer#stopProducing(): responseTimesOverTime produced 0 samples
2025-10-04 03:16:41,258 INFO o.a.j.r.p.AbstractSampleConsumer: class org.apache.jmeter.report.processor.graph.impl.ConnectTimeOverTimeGraphConsumer#stopProducing(): connectTimeOverTime produced 0 samples
2025-10-04 03:16:41,258 INFO o.a.j.r.p.AbstractSampleConsumer: class org.apache.jmeter.report.processor.graph.impl.LatencyOverTimeGraphConsumer#stopProducing(): latenciesOverTime produced 0 samples
2025-10-04 03:16:41,258 INFO o.a.j.r.p.AbstractSampleConsumer: class org.apache.jmeter.report.processor.FilterConsumer#stopProducing(): nameFilter produced 9154335 samples
2025-10-04 03:16:41,258 INFO o.a.j.r.p.AbstractSampleConsumer: class org.apache.jmeter.report.processor.FilterConsumer#stopProducing(): dateRangeFilter produced 1830867 samples
2025-10-04 03:16:41,258 INFO o.a.j.r.p.AbstractSampleConsumer: class org.apache.jmeter.report.processor.NormalizerSampleConsumer#stopProducing(): normalizer produced 610289 samples
2025-10-04 03:16:41,259 INFO o.a.j.r.p.CsvFileSampleSource: produce(): 610289 samples produced in 10s 321 ms on channel 0
2025-10-04 03:16:41,259 INFO o.a.j.r.d.ReportGenerator: Exporting data using exporter:'json' of className:'org.apache.jmeter.report.dashboard.JsonExporter'
2025-10-04 03:16:41,347 INFO o.a.j.r.d.JsonExporter: Found data for consumer statisticsSummary in context
2025-10-04 03:16:41,347 INFO o.a.j.r.d.JsonExporter: Creating statistics for overall
2025-10-04 03:16:41,348 INFO o.a.j.r.d.JsonExporter: Creating statistics for other transactions
2025-10-04 03:16:41,348 INFO o.a.j.r.d.JsonExporter: Checking output folder
2025-10-04 03:16:41,349 INFO o.a.j.r.d.JsonExporter: Writing statistics JSON to /home/runner/work/grepwise/grepwise/target/jmeter/reports/combined-parallel-bsh/statistics.json
2025-10-04 03:16:41,383 INFO o.a.j.r.d.ReportGenerator: Exporting data using exporter:'html' of className:'org.apache.jmeter.report.dashboard.HtmlTemplateExporter'
2025-10-04 03:16:41,385 INFO o.a.j.r.d.HtmlTemplateExporter: Will generate dashboard in folder: /home/runner/work/grepwise/grepwise/target/jmeter/reports/combined-parallel-bsh
2025-10-04 03:16:41,454 INFO o.a.j.r.d.HtmlTemplateExporter: Report will be generated in: /home/runner/work/grepwise/grepwise/target/jmeter/reports/combined-parallel-bsh, creating folder structure
2025-10-04 03:16:41,455 INFO o.a.j.r.d.TemplateVisitor: Copying folder from '/home/runner/work/grepwise/grepwise/target/fd723a5d-6128-4f43-9c73-6d529e6acf54/jmeter/bin/report-template' to '/home/runner/work/grepwise/grepwise/target/jmeter/reports/combined-parallel-bsh', got message: /home/runner/work/grepwise/grepwise/target/jmeter/reports/combined-parallel-bsh, found non empty folder with following content [/home/runner/work/grepwise/grepwise/target/jmeter/reports/combined-parallel-bsh/statistics.json], will be ignored
2025-10-04 03:16:41,616 INFO o.a.j.JMeter: Dashboard generated
