2025-10-04 03:13:20,767 INFO o.a.j.u.JMeterUtils: Setting Locale to en
2025-10-04 03:13:20,786 INFO o.a.j.JMeter: Loading additional properties from: /home/runner/work/grepwise/grepwise/src/test/jmeter/jmeter.properties
2025-10-04 03:13:20,786 INFO o.a.j.JMeter: Setting System property: sun.net.http.allowRestrictedHeaders=true
2025-10-04 03:13:20,792 INFO o.a.j.JMeter: Copyright (c) 1998-2023 The Apache Software Foundation
2025-10-04 03:13:20,792 INFO o.a.j.JMeter: Version 5.6.2
2025-10-04 03:13:20,792 INFO o.a.j.JMeter: java.version=25
2025-10-04 03:13:20,792 INFO o.a.j.JMeter: java.vm.name=OpenJDK 64-Bit Server VM
2025-10-04 03:13:20,792 INFO o.a.j.JMeter: os.name=Linux
2025-10-04 03:13:20,792 INFO o.a.j.JMeter: os.arch=amd64
2025-10-04 03:13:20,792 INFO o.a.j.JMeter: os.version=6.11.0-1018-azure
2025-10-04 03:13:20,792 INFO o.a.j.JMeter: file.encoding=UTF-8
2025-10-04 03:13:20,792 INFO o.a.j.JMeter: java.awt.headless=true
2025-10-04 03:13:20,792 INFO o.a.j.JMeter: Max memory     =536870912
2025-10-04 03:13:20,792 INFO o.a.j.JMeter: Available Processors =4
2025-10-04 03:13:20,803 INFO o.a.j.JMeter: Default Locale=English
2025-10-04 03:13:20,803 INFO o.a.j.JMeter: JMeter  Locale=English
2025-10-04 03:13:20,803 INFO o.a.j.JMeter: JMeterHome=/home/runner/work/grepwise/grepwise/target/fd723a5d-6128-4f43-9c73-6d529e6acf54/jmeter
2025-10-04 03:13:20,803 INFO o.a.j.JMeter: user.dir  =/home/runner/work/grepwise/grepwise/target/fd723a5d-6128-4f43-9c73-6d529e6acf54/jmeter/bin
2025-10-04 03:13:20,804 INFO o.a.j.JMeter: PWD       =/home/runner/work/grepwise/grepwise/target/fd723a5d-6128-4f43-9c73-6d529e6acf54/jmeter/bin
2025-10-04 03:13:20,804 INFO o.a.j.JMeter: IP: 10.1.0.19 Name: runnervmwhb2z FullName: runnervmwhb2z.iok0aac14kyebbpycwio1tqtlb.gx.internal.cloudapp.net
2025-10-04 03:13:20,813 INFO o.a.j.JMeter: Setting property 'jmeter.reportgenerator.outputdir' to:'/home/runner/work/grepwise/grepwise/target/jmeter/reports/syslog-udp'
2025-10-04 03:13:20,815 INFO o.a.j.s.FileServer: Default base='/home/runner/work/grepwise/grepwise/target/fd723a5d-6128-4f43-9c73-6d529e6acf54/jmeter/bin'
2025-10-04 03:13:20,816 INFO o.a.j.s.FileServer: Set new base='/home/runner/work/grepwise/grepwise/target/jmeter/testFiles'
2025-10-04 03:13:21,050 INFO o.a.j.s.SaveService: Testplan (JMX) version: 2.2. Testlog (JTL) version: 2.2
2025-10-04 03:13:21,071 INFO o.a.j.s.SaveService: Using SaveService properties version 5.0
2025-10-04 03:13:21,074 INFO o.a.j.s.SaveService: Using SaveService properties file encoding UTF-8
2025-10-04 03:13:21,077 INFO o.a.j.s.SaveService: Loading file: /home/runner/work/grepwise/grepwise/target/jmeter/testFiles/syslog-udp.jmx
2025-10-04 03:13:21,161 INFO o.a.j.JMeter: Creating summariser <summary>
2025-10-04 03:13:21,167 INFO o.a.j.r.d.ReportGenerator: ReportGenerator will use for Parsing the separator: ','
2025-10-04 03:13:21,167 INFO o.a.j.r.d.ReportGenerator: Will generate report at end of test from  results file: /home/runner/work/grepwise/grepwise/target/jmeter/results/20251004-syslog-udp.csv
2025-10-04 03:13:21,167 INFO o.a.j.r.d.ReportGenerator: Reading report generator properties from: /home/runner/work/grepwise/grepwise/target/fd723a5d-6128-4f43-9c73-6d529e6acf54/jmeter/bin/reportgenerator.properties
2025-10-04 03:13:21,168 INFO o.a.j.r.d.ReportGenerator: Merging with JMeter properties
2025-10-04 03:13:21,171 INFO o.a.j.r.c.ReportGeneratorConfiguration: Property 'jmeter.reportgenerator.temp_dir' not found, using default value 'temp' instead.
2025-10-04 03:13:21,173 INFO o.a.j.r.c.ReportGeneratorConfiguration: Property 'jmeter.reportgenerator.apdex_per_transaction' not found, using default value 'null' instead.
2025-10-04 03:13:21,173 INFO o.a.j.r.c.ReportGeneratorConfiguration: apdex_per_transaction is empty, not APDEX per transaction customization
2025-10-04 03:13:21,173 INFO o.a.j.r.c.ReportGeneratorConfiguration: Property 'jmeter.reportgenerator.sample_filter' not found, using default value 'null' instead.
2025-10-04 03:13:21,173 INFO o.a.j.r.c.ReportGeneratorConfiguration: Property 'jmeter.reportgenerator.report_title' not found, using default value 'null' instead.
2025-10-04 03:13:21,173 INFO o.a.j.r.c.ReportGeneratorConfiguration: Property 'jmeter.reportgenerator.start_date' not found, using default value 'null' instead.
2025-10-04 03:13:21,173 INFO o.a.j.r.c.ReportGeneratorConfiguration: Property 'jmeter.reportgenerator.end_date' not found, using default value 'null' instead.
2025-10-04 03:13:21,173 INFO o.a.j.r.c.ReportGeneratorConfiguration: Property 'jmeter.reportgenerator.date_format' not found, using default value 'null' instead.
2025-10-04 03:13:21,173 INFO o.a.j.r.c.ReportGeneratorConfiguration: Will use date range start date: null, end date: null
2025-10-04 03:13:21,176 INFO o.a.j.r.c.ReportGeneratorConfiguration: Property 'jmeter.reportgenerator.graph.totalTPS.exclude_controllers' not found, using default value 'false' instead.
2025-10-04 03:13:21,176 INFO o.a.j.r.c.ReportGeneratorConfiguration: Property 'jmeter.reportgenerator.graph.activeThreadsOverTime.exclude_controllers' not found, using default value 'false' instead.
2025-10-04 03:13:21,177 INFO o.a.j.r.c.ReportGeneratorConfiguration: Property 'jmeter.reportgenerator.graph.timeVsThreads.exclude_controllers' not found, using default value 'false' instead.
2025-10-04 03:13:21,177 INFO o.a.j.r.c.ReportGeneratorConfiguration: Property 'jmeter.reportgenerator.graph.responseTimeDistribution.exclude_controllers' not found, using default value 'false' instead.
2025-10-04 03:13:21,177 INFO o.a.j.r.c.ReportGeneratorConfiguration: Property 'jmeter.reportgenerator.graph.transactionsPerSecond.exclude_controllers' not found, using default value 'false' instead.
2025-10-04 03:13:21,177 INFO o.a.j.r.c.ReportGeneratorConfiguration: Property 'jmeter.reportgenerator.graph.responseTimePercentiles.exclude_controllers' not found, using default value 'false' instead.
2025-10-04 03:13:21,177 INFO o.a.j.r.c.ReportGeneratorConfiguration: Property 'jmeter.reportgenerator.graph.responseTimePercentilesOverTime.exclude_controllers' not found, using default value 'false' instead.
2025-10-04 03:13:21,177 INFO o.a.j.r.c.ReportGeneratorConfiguration: Property 'jmeter.reportgenerator.graph.responseTimesOverTime.exclude_controllers' not found, using default value 'false' instead.
2025-10-04 03:13:21,177 INFO o.a.j.r.c.ReportGeneratorConfiguration: Property 'jmeter.reportgenerator.graph.connectTimeOverTime.exclude_controllers' not found, using default value 'false' instead.
2025-10-04 03:13:21,177 INFO o.a.j.r.c.ReportGeneratorConfiguration: Property 'jmeter.reportgenerator.graph.latenciesOverTime.exclude_controllers' not found, using default value 'false' instead.
2025-10-04 03:13:21,178 INFO o.a.j.r.c.ReportGeneratorConfiguration: Property 'jmeter.reportgenerator.exporter.json.filters_only_sample_series' not found, using default value 'true' instead.
2025-10-04 03:13:21,178 INFO o.a.j.r.c.ReportGeneratorConfiguration: Property 'jmeter.reportgenerator.exporter.json.series_filter' not found, using default value '' instead.
2025-10-04 03:13:21,178 INFO o.a.j.r.c.ReportGeneratorConfiguration: Property 'jmeter.reportgenerator.exporter.json.show_controllers_only' not found, using default value 'false' instead.
2025-10-04 03:13:21,178 INFO o.a.j.r.c.ReportGeneratorConfiguration: Property 'jmeter.reportgenerator.exporter.html.filters_only_sample_series' not found, using default value 'true' instead.
2025-10-04 03:13:21,178 INFO o.a.j.r.c.ReportGeneratorConfiguration: Property 'jmeter.reportgenerator.exporter.html.series_filter' not found, using default value '' instead.
2025-10-04 03:13:21,178 INFO o.a.j.r.c.ReportGeneratorConfiguration: Property 'jmeter.reportgenerator.exporter.html.show_controllers_only' not found, using default value 'false' instead.
2025-10-04 03:13:21,188 INFO o.a.j.e.StandardJMeterEngine: Running the test!
2025-10-04 03:13:21,188 INFO o.a.j.s.SampleEvent: List of sample_variables: []
2025-10-04 03:13:21,189 INFO o.a.j.s.SampleEvent: List of sample_variables: []
2025-10-04 03:13:21,262 INFO o.a.j.JMeter: Running test (1759547601262)
2025-10-04 03:13:21,287 INFO o.a.j.e.StandardJMeterEngine: Starting ThreadGroup: 1 : UDP Senders
2025-10-04 03:13:21,287 INFO o.a.j.e.StandardJMeterEngine: Starting 10 threads for group UDP Senders.
2025-10-04 03:13:21,287 INFO o.a.j.e.StandardJMeterEngine: Thread will continue on error
2025-10-04 03:13:21,288 INFO o.a.j.t.ThreadGroup: Starting thread group... number=1 threads=10 ramp-up=10 delayedStart=false
2025-10-04 03:13:21,297 INFO o.a.j.t.JMeterThread: Thread started: UDP Senders 1-1
2025-10-04 03:13:21,320 INFO o.a.j.t.ThreadGroup: Started thread group number 1
2025-10-04 03:13:21,320 INFO o.a.j.e.StandardJMeterEngine: Starting ThreadGroup: 2 : Search Verifier
2025-10-04 03:13:21,320 INFO o.a.j.e.StandardJMeterEngine: Starting 1 threads for group Search Verifier.
2025-10-04 03:13:21,320 INFO o.a.j.e.StandardJMeterEngine: Thread will continue on error
2025-10-04 03:13:21,320 INFO o.a.j.t.ThreadGroup: Starting thread group... number=2 threads=1 ramp-up=1 delayedStart=false
2025-10-04 03:13:21,321 INFO o.a.j.t.ThreadGroup: Started thread group number 2
2025-10-04 03:13:21,321 INFO o.a.j.e.StandardJMeterEngine: All thread groups have been started
2025-10-04 03:13:21,321 INFO o.a.j.t.JMeterThread: Thread started: Search Verifier 2-1
2025-10-04 03:13:21,332 INFO o.a.j.p.h.s.HTTPHCAbstractImpl: Local host = runnervmwhb2z
2025-10-04 03:13:21,337 INFO o.a.j.p.h.s.HTTPHC4Impl: HTTP request retry count = 0
2025-10-04 03:13:21,338 INFO o.a.j.s.SampleResult: Note: Sample TimeStamps are END times
2025-10-04 03:13:21,338 INFO o.a.j.s.SampleResult: sampleresult.default.encoding is set to UTF-8
2025-10-04 03:13:21,338 INFO o.a.j.s.SampleResult: sampleresult.useNanoTime=true
2025-10-04 03:13:21,338 INFO o.a.j.s.SampleResult: sampleresult.nanoThreadSleep=5000
2025-10-04 03:13:21,383 INFO o.a.j.r.Summariser: summary +      1 in 00:00:00 =    8.3/s Avg:     2 Min:     2 Max:     2 Err:     0 (0.00%) Active: 2 Started: 2 Finished: 0
2025-10-04 03:13:22,294 INFO o.a.j.t.JMeterThread: Thread started: UDP Senders 1-2
2025-10-04 03:13:23,293 INFO o.a.j.t.JMeterThread: Thread started: UDP Senders 1-3
2025-10-04 03:13:24,291 INFO o.a.j.t.JMeterThread: Thread started: UDP Senders 1-4
2025-10-04 03:13:25,291 INFO o.a.j.t.JMeterThread: Thread started: UDP Senders 1-5
2025-10-04 03:13:26,291 INFO o.a.j.t.JMeterThread: Thread started: UDP Senders 1-6
2025-10-04 03:13:27,000 INFO o.a.j.r.Summariser: summary +   6937 in 00:00:06 = 1234.8/s Avg:     0 Min:     0 Max:    57 Err:  6386 (92.06%) Active: 7 Started: 7 Finished: 0
2025-10-04 03:13:27,001 INFO o.a.j.r.Summariser: summary =   6938 in 00:00:06 = 1209.1/s Avg:     0 Min:     0 Max:    57 Err:  6386 (92.04%)
2025-10-04 03:13:27,290 INFO o.a.j.t.JMeterThread: Thread started: UDP Senders 1-7
2025-10-04 03:13:28,291 INFO o.a.j.t.JMeterThread: Thread started: UDP Senders 1-8
2025-10-04 03:13:29,291 INFO o.a.j.t.JMeterThread: Thread started: UDP Senders 1-9
2025-10-04 03:13:30,291 INFO o.a.j.t.JMeterThread: Thread started: UDP Senders 1-10
2025-10-04 03:13:33,000 INFO o.a.j.r.Summariser: summary +  15733 in 00:00:06 = 2622.2/s Avg:     0 Min:     0 Max:    11 Err: 15024 (95.49%) Active: 11 Started: 11 Finished: 0
2025-10-04 03:13:33,000 INFO o.a.j.r.Summariser: summary =  22671 in 00:00:12 = 1931.4/s Avg:     0 Min:     0 Max:    57 Err: 21410 (94.44%)
2025-10-04 03:13:39,000 INFO o.a.j.r.Summariser: summary +  23097 in 00:00:06 = 3849.5/s Avg:     0 Min:     0 Max:     5 Err: 22284 (96.48%) Active: 11 Started: 11 Finished: 0
2025-10-04 03:13:39,000 INFO o.a.j.r.Summariser: summary =  45768 in 00:00:18 = 2580.2/s Avg:     0 Min:     0 Max:    57 Err: 43694 (95.47%)
2025-10-04 03:13:45,000 INFO o.a.j.r.Summariser: summary +  23410 in 00:00:06 = 3901.7/s Avg:     0 Min:     0 Max:     2 Err: 22611 (96.59%) Active: 11 Started: 11 Finished: 0
2025-10-04 03:13:45,000 INFO o.a.j.r.Summariser: summary =  69178 in 00:00:24 = 2914.2/s Avg:     0 Min:     0 Max:    57 Err: 66305 (95.85%)
2025-10-04 03:13:51,000 INFO o.a.j.r.Summariser: summary +  23256 in 00:00:06 = 3876.0/s Avg:     0 Min:     0 Max:     3 Err: 22453 (96.55%) Active: 11 Started: 11 Finished: 0
2025-10-04 03:13:51,000 INFO o.a.j.r.Summariser: summary =  92434 in 00:00:30 = 3108.3/s Avg:     0 Min:     0 Max:    57 Err: 88758 (96.02%)
2025-10-04 03:13:57,000 INFO o.a.j.r.Summariser: summary +  23147 in 00:00:06 = 3857.8/s Avg:     0 Min:     0 Max:     4 Err: 22355 (96.58%) Active: 11 Started: 11 Finished: 0
2025-10-04 03:13:57,000 INFO o.a.j.r.Summariser: summary = 115581 in 00:00:36 = 3234.1/s Avg:     0 Min:     0 Max:    57 Err: 111113 (96.13%)
2025-10-04 03:14:03,000 INFO o.a.j.r.Summariser: summary +  23952 in 00:00:06 = 3992.0/s Avg:     0 Min:     0 Max:     4 Err: 23144 (96.63%) Active: 11 Started: 11 Finished: 0
2025-10-04 03:14:03,000 INFO o.a.j.r.Summariser: summary = 139533 in 00:00:42 = 3343.1/s Avg:     0 Min:     0 Max:    57 Err: 134257 (96.22%)
2025-10-04 03:14:09,000 INFO o.a.j.r.Summariser: summary +  23697 in 00:00:06 = 3949.5/s Avg:     0 Min:     0 Max:     4 Err: 22888 (96.59%) Active: 11 Started: 11 Finished: 0
2025-10-04 03:14:09,000 INFO o.a.j.r.Summariser: summary = 163230 in 00:00:48 = 3419.3/s Avg:     0 Min:     0 Max:    57 Err: 157145 (96.27%)
2025-10-04 03:14:15,000 INFO o.a.j.r.Summariser: summary +  23712 in 00:00:06 = 3952.0/s Avg:     0 Min:     0 Max:     3 Err: 22908 (96.61%) Active: 11 Started: 11 Finished: 0
2025-10-04 03:14:15,000 INFO o.a.j.r.Summariser: summary = 186942 in 00:00:54 = 3478.8/s Avg:     0 Min:     0 Max:    57 Err: 180053 (96.31%)
2025-10-04 03:14:21,000 INFO o.a.j.r.Summariser: summary +  23482 in 00:00:06 = 3913.7/s Avg:     0 Min:     0 Max:     2 Err: 22676 (96.57%) Active: 11 Started: 11 Finished: 0
2025-10-04 03:14:21,000 INFO o.a.j.r.Summariser: summary = 210424 in 00:01:00 = 3522.4/s Avg:     0 Min:     0 Max:    57 Err: 202729 (96.34%)
2025-10-04 03:14:21,226 INFO o.a.j.t.JMeterThread: Thread finished: UDP Senders 1-1
2025-10-04 03:14:21,233 INFO o.a.j.t.JMeterThread: Thread finished: UDP Senders 1-2
2025-10-04 03:14:21,240 INFO o.a.j.t.JMeterThread: Thread finished: UDP Senders 1-8
2025-10-04 03:14:21,262 INFO o.a.j.t.JMeterThread: Thread finished: UDP Senders 1-9
2025-10-04 03:14:21,265 INFO o.a.j.t.JMeterThread: Thread finished: UDP Senders 1-7
2025-10-04 03:14:21,266 INFO o.a.j.t.JMeterThread: Thread finished: UDP Senders 1-3
2025-10-04 03:14:21,285 INFO o.a.j.t.JMeterThread: Thread finished: UDP Senders 1-5
2025-10-04 03:14:21,292 INFO o.a.j.t.JMeterThread: Thread finished: UDP Senders 1-6
2025-10-04 03:14:21,297 INFO o.a.j.t.JMeterThread: Thread finished: UDP Senders 1-10
2025-10-04 03:14:21,300 INFO o.a.j.t.JMeterThread: Thread finished: UDP Senders 1-4
2025-10-04 03:14:21,320 INFO o.a.j.t.JMeterThread: Stopping because end time detected by thread: Search Verifier 2-1
2025-10-04 03:14:21,320 INFO o.a.j.t.JMeterThread: Thread finished: Search Verifier 2-1
2025-10-04 03:14:21,321 INFO o.a.j.e.StandardJMeterEngine: Notifying test listeners of end of test
2025-10-04 03:14:21,321 INFO o.a.j.r.Summariser: summary +   1241 in 00:00:00 = 3866.0/s Avg:     0 Min:     0 Max:     1 Err:  1201 (96.78%) Active: 0 Started: 11 Finished: 11
2025-10-04 03:14:21,321 INFO o.a.j.r.Summariser: summary = 211665 in 00:01:00 = 3524.3/s Avg:     0 Min:     0 Max:    57 Err: 203930 (96.35%)
2025-10-04 03:14:21,322 INFO o.a.j.JMeter: Generating Dashboard
2025-10-04 03:14:21,322 INFO o.a.j.r.d.ReportGenerator: Flushing result collector before report Generation
2025-10-04 03:14:21,331 INFO o.a.j.r.p.NormalizerSampleConsumer: Using format, 'ms', to parse timeStamp field
2025-10-04 03:14:23,735 INFO o.a.j.r.p.AbstractSampleConsumer: class org.apache.jmeter.report.processor.AggregateConsumer#stopProducing(): beginDate produced 0 samples
2025-10-04 03:14:23,735 INFO o.a.j.r.p.AbstractSampleConsumer: class org.apache.jmeter.report.processor.AggregateConsumer#stopProducing(): endDate produced 0 samples
2025-10-04 03:14:23,736 INFO o.a.j.r.p.AbstractSampleConsumer: class org.apache.jmeter.report.processor.ApdexSummaryConsumer#stopProducing(): apdexSummary produced 0 samples
2025-10-04 03:14:23,736 INFO o.a.j.r.p.AbstractSampleConsumer: class org.apache.jmeter.report.processor.RequestsSummaryConsumer#stopProducing(): requestsSummary produced 0 samples
2025-10-04 03:14:23,749 INFO o.a.j.r.p.AbstractSampleConsumer: class org.apache.jmeter.report.processor.StatisticsSummaryConsumer#stopProducing(): statisticsSummary produced 0 samples
2025-10-04 03:14:23,750 INFO o.a.j.r.p.AbstractSampleConsumer: class org.apache.jmeter.report.processor.Top5ErrorsBySamplerConsumer#stopProducing(): top5ErrorsBySampler produced 0 samples
2025-10-04 03:14:23,750 INFO o.a.j.r.p.AbstractSampleConsumer: class org.apache.jmeter.report.processor.ErrorsSummaryConsumer#stopProducing(): errorsSummary produced 0 samples
2025-10-04 03:14:23,750 INFO o.a.j.r.p.AbstractSampleConsumer: class org.apache.jmeter.report.processor.graph.impl.HitsPerSecondGraphConsumer#stopProducing(): hitsPerSecond produced 0 samples
2025-10-04 03:14:24,363 INFO o.a.j.r.p.AbstractSampleConsumer: class org.apache.jmeter.report.processor.graph.impl.LatencyVSRequestGraphConsumer#stopProducing(): latencyVsRequest produced 0 samples
2025-10-04 03:14:24,370 INFO o.a.j.r.p.AbstractSampleConsumer: class org.apache.jmeter.report.processor.graph.impl.SyntheticResponseTimeDistributionGraphConsumer#stopProducing(): syntheticResponseTimeDistribution produced 0 samples
2025-10-04 03:14:24,370 INFO o.a.j.r.p.AbstractSampleConsumer: class org.apache.jmeter.report.processor.graph.impl.BytesThroughputGraphConsumer#stopProducing(): bytesThroughputOverTime produced 0 samples
2025-10-04 03:14:24,370 INFO o.a.j.r.p.AbstractSampleConsumer: class org.apache.jmeter.report.processor.graph.impl.CodesPerSecondGraphConsumer#stopProducing(): codesPerSecond produced 0 samples
2025-10-04 03:14:24,915 INFO o.a.j.r.p.AbstractSampleConsumer: class org.apache.jmeter.report.processor.graph.impl.ResponseTimeVSRequestGraphConsumer#stopProducing(): responseTimeVsRequest produced 0 samples
2025-10-04 03:14:24,920 INFO o.a.j.r.p.AbstractSampleConsumer: class org.apache.jmeter.report.processor.FilterConsumer#stopProducing(): startIntervalControlerFilter produced 1481655 samples
2025-10-04 03:14:24,920 INFO o.a.j.r.p.AbstractSampleConsumer: class org.apache.jmeter.report.processor.graph.impl.TotalTPSGraphConsumer#stopProducing(): totalTPS produced 0 samples
2025-10-04 03:14:24,920 INFO o.a.j.r.p.AbstractSampleConsumer: class org.apache.jmeter.report.processor.graph.impl.ActiveThreadsGraphConsumer#stopProducing(): activeThreadsOverTime produced 0 samples
2025-10-04 03:14:24,921 INFO o.a.j.r.p.AbstractSampleConsumer: class org.apache.jmeter.report.processor.graph.impl.TimeVSThreadGraphConsumer#stopProducing(): timeVsThreads produced 0 samples
2025-10-04 03:14:24,921 INFO o.a.j.r.p.AbstractSampleConsumer: class org.apache.jmeter.report.processor.graph.impl.ResponseTimeDistributionGraphConsumer#stopProducing(): responseTimeDistribution produced 0 samples
2025-10-04 03:14:24,921 INFO o.a.j.r.p.AbstractSampleConsumer: class org.apache.jmeter.report.processor.graph.impl.TransactionsPerSecondGraphConsumer#stopProducing(): transactionsPerSecond produced 0 samples
2025-10-04 03:14:24,921 INFO o.a.j.r.p.AbstractSampleConsumer: class org.apache.jmeter.report.processor.graph.impl.ResponseTimePercentilesGraphConsumer#stopProducing(): responseTimePercentiles produced 0 samples
2025-10-04 03:14:24,921 INFO o.a.j.r.p.AbstractSampleConsumer: class org.apache.jmeter.report.processor.graph.impl.ResponseTimePercentilesOverTimeGraphConsumer#stopProducing(): responseTimePercentilesOverTime produced 0 samples
2025-10-04 03:14:24,923 INFO o.a.j.r.p.AbstractSampleConsumer: class org.apache.jmeter.report.processor.graph.impl.ResponseTimeOverTimeGraphConsumer#stopProducing(): responseTimesOverTime produced 0 samples
2025-10-04 03:14:24,923 INFO o.a.j.r.p.AbstractSampleConsumer: class org.apache.jmeter.report.processor.graph.impl.ConnectTimeOverTimeGraphConsumer#stopProducing(): connectTimeOverTime produced 0 samples
2025-10-04 03:14:24,923 INFO o.a.j.r.p.AbstractSampleConsumer: class org.apache.jmeter.report.processor.graph.impl.LatencyOverTimeGraphConsumer#stopProducing(): latenciesOverTime produced 0 samples
2025-10-04 03:14:24,923 INFO o.a.j.r.p.AbstractSampleConsumer: class org.apache.jmeter.report.processor.FilterConsumer#stopProducing(): nameFilter produced 3174975 samples
2025-10-04 03:14:24,923 INFO o.a.j.r.p.AbstractSampleConsumer: class org.apache.jmeter.report.processor.FilterConsumer#stopProducing(): dateRangeFilter produced 634995 samples
2025-10-04 03:14:24,923 INFO o.a.j.r.p.AbstractSampleConsumer: class org.apache.jmeter.report.processor.NormalizerSampleConsumer#stopProducing(): normalizer produced 211665 samples
2025-10-04 03:14:24,923 INFO o.a.j.r.p.CsvFileSampleSource: produce(): 211665 samples produced in 3s 570 ms on channel 0
2025-10-04 03:14:24,923 INFO o.a.j.r.d.ReportGenerator: Exporting data using exporter:'json' of className:'org.apache.jmeter.report.dashboard.JsonExporter'
2025-10-04 03:14:25,006 INFO o.a.j.r.d.JsonExporter: Found data for consumer statisticsSummary in context
2025-10-04 03:14:25,007 INFO o.a.j.r.d.JsonExporter: Creating statistics for overall
2025-10-04 03:14:25,007 INFO o.a.j.r.d.JsonExporter: Creating statistics for other transactions
2025-10-04 03:14:25,007 INFO o.a.j.r.d.JsonExporter: Checking output folder
2025-10-04 03:14:25,008 INFO o.a.j.r.d.JsonExporter: Writing statistics JSON to /home/runner/work/grepwise/grepwise/target/jmeter/reports/syslog-udp/statistics.json
2025-10-04 03:14:25,043 INFO o.a.j.r.d.ReportGenerator: Exporting data using exporter:'html' of className:'org.apache.jmeter.report.dashboard.HtmlTemplateExporter'
2025-10-04 03:14:25,045 INFO o.a.j.r.d.HtmlTemplateExporter: Will generate dashboard in folder: /home/runner/work/grepwise/grepwise/target/jmeter/reports/syslog-udp
2025-10-04 03:14:25,132 INFO o.a.j.r.d.HtmlTemplateExporter: Report will be generated in: /home/runner/work/grepwise/grepwise/target/jmeter/reports/syslog-udp, creating folder structure
2025-10-04 03:14:25,134 INFO o.a.j.r.d.TemplateVisitor: Copying folder from '/home/runner/work/grepwise/grepwise/target/fd723a5d-6128-4f43-9c73-6d529e6acf54/jmeter/bin/report-template' to '/home/runner/work/grepwise/grepwise/target/jmeter/reports/syslog-udp', got message: /home/runner/work/grepwise/grepwise/target/jmeter/reports/syslog-udp, found non empty folder with following content [/home/runner/work/grepwise/grepwise/target/jmeter/reports/syslog-udp/statistics.json], will be ignored
2025-10-04 03:14:25,296 INFO o.a.j.JMeter: Dashboard generated
