2025-10-05 21:18:33,289 INFO o.a.j.u.JMeterUtils: Setting Locale to en
2025-10-05 21:18:33,302 INFO o.a.j.JMeter: Loading additional properties from: /home/runner/work/grepwise/grepwise/src/test/jmeter/jmeter.properties
2025-10-05 21:18:33,302 INFO o.a.j.JMeter: Setting System property: sun.net.http.allowRestrictedHeaders=true
2025-10-05 21:18:33,306 INFO o.a.j.JMeter: Copyright (c) 1998-2023 The Apache Software Foundation
2025-10-05 21:18:33,306 INFO o.a.j.JMeter: Version 5.6.2
2025-10-05 21:18:33,307 INFO o.a.j.JMeter: java.version=25
2025-10-05 21:18:33,307 INFO o.a.j.JMeter: java.vm.name=OpenJDK 64-Bit Server VM
2025-10-05 21:18:33,307 INFO o.a.j.JMeter: os.name=Linux
2025-10-05 21:18:33,307 INFO o.a.j.JMeter: os.arch=amd64
2025-10-05 21:18:33,307 INFO o.a.j.JMeter: os.version=6.11.0-1018-azure
2025-10-05 21:18:33,307 INFO o.a.j.JMeter: file.encoding=UTF-8
2025-10-05 21:18:33,307 INFO o.a.j.JMeter: java.awt.headless=true
2025-10-05 21:18:33,307 INFO o.a.j.JMeter: Max memory     =536870912
2025-10-05 21:18:33,307 INFO o.a.j.JMeter: Available Processors =4
2025-10-05 21:18:33,316 INFO o.a.j.JMeter: Default Locale=English
2025-10-05 21:18:33,317 INFO o.a.j.JMeter: JMeter  Locale=English
2025-10-05 21:18:33,317 INFO o.a.j.JMeter: JMeterHome=/home/runner/work/grepwise/grepwise/target/b734b675-89a8-418e-9328-13db2c932aa3/jmeter
2025-10-05 21:18:33,317 INFO o.a.j.JMeter: user.dir  =/home/runner/work/grepwise/grepwise/target/b734b675-89a8-418e-9328-13db2c932aa3/jmeter/bin
2025-10-05 21:18:33,317 INFO o.a.j.JMeter: PWD       =/home/runner/work/grepwise/grepwise/target/b734b675-89a8-418e-9328-13db2c932aa3/jmeter/bin
2025-10-05 21:18:33,317 INFO o.a.j.JMeter: IP: 10.1.0.25 Name: runnervmwhb2z FullName: runnervmwhb2z.f4530jdhkuyexk22dkczxkimmd.phxx.internal.cloudapp.net
2025-10-05 21:18:33,326 INFO o.a.j.JMeter: Setting property 'jmeter.reportgenerator.outputdir' to:'/home/runner/work/grepwise/grepwise/target/jmeter/reports/combined-parallel-bsh'
2025-10-05 21:18:33,328 INFO o.a.j.s.FileServer: Default base='/home/runner/work/grepwise/grepwise/target/b734b675-89a8-418e-9328-13db2c932aa3/jmeter/bin'
2025-10-05 21:18:33,328 INFO o.a.j.s.FileServer: Set new base='/home/runner/work/grepwise/grepwise/target/jmeter/testFiles'
2025-10-05 21:18:33,551 INFO o.a.j.s.SaveService: Testplan (JMX) version: 2.2. Testlog (JTL) version: 2.2
2025-10-05 21:18:33,571 INFO o.a.j.s.SaveService: Using SaveService properties version 5.0
2025-10-05 21:18:33,574 INFO o.a.j.s.SaveService: Using SaveService properties file encoding UTF-8
2025-10-05 21:18:33,577 INFO o.a.j.s.SaveService: Loading file: /home/runner/work/grepwise/grepwise/target/jmeter/testFiles/combined-parallel-bsh.jmx
2025-10-05 21:18:33,659 INFO o.a.j.JMeter: Creating summariser <summary>
2025-10-05 21:18:33,665 INFO o.a.j.r.d.ReportGenerator: ReportGenerator will use for Parsing the separator: ','
2025-10-05 21:18:33,665 INFO o.a.j.r.d.ReportGenerator: Will generate report at end of test from  results file: /home/runner/work/grepwise/grepwise/target/jmeter/results/20251005-combined-parallel-bsh.csv
2025-10-05 21:18:33,665 INFO o.a.j.r.d.ReportGenerator: Reading report generator properties from: /home/runner/work/grepwise/grepwise/target/b734b675-89a8-418e-9328-13db2c932aa3/jmeter/bin/reportgenerator.properties
2025-10-05 21:18:33,665 INFO o.a.j.r.d.ReportGenerator: Merging with JMeter properties
2025-10-05 21:18:33,668 INFO o.a.j.r.c.ReportGeneratorConfiguration: Property 'jmeter.reportgenerator.temp_dir' not found, using default value 'temp' instead.
2025-10-05 21:18:33,670 INFO o.a.j.r.c.ReportGeneratorConfiguration: Property 'jmeter.reportgenerator.apdex_per_transaction' not found, using default value 'null' instead.
2025-10-05 21:18:33,670 INFO o.a.j.r.c.ReportGeneratorConfiguration: apdex_per_transaction is empty, not APDEX per transaction customization
2025-10-05 21:18:33,670 INFO o.a.j.r.c.ReportGeneratorConfiguration: Property 'jmeter.reportgenerator.sample_filter' not found, using default value 'null' instead.
2025-10-05 21:18:33,670 INFO o.a.j.r.c.ReportGeneratorConfiguration: Property 'jmeter.reportgenerator.report_title' not found, using default value 'null' instead.
2025-10-05 21:18:33,671 INFO o.a.j.r.c.ReportGeneratorConfiguration: Property 'jmeter.reportgenerator.start_date' not found, using default value 'null' instead.
2025-10-05 21:18:33,671 INFO o.a.j.r.c.ReportGeneratorConfiguration: Property 'jmeter.reportgenerator.end_date' not found, using default value 'null' instead.
2025-10-05 21:18:33,671 INFO o.a.j.r.c.ReportGeneratorConfiguration: Property 'jmeter.reportgenerator.date_format' not found, using default value 'null' instead.
2025-10-05 21:18:33,671 INFO o.a.j.r.c.ReportGeneratorConfiguration: Will use date range start date: null, end date: null
2025-10-05 21:18:33,674 INFO o.a.j.r.c.ReportGeneratorConfiguration: Property 'jmeter.reportgenerator.graph.totalTPS.exclude_controllers' not found, using default value 'false' instead.
2025-10-05 21:18:33,674 INFO o.a.j.r.c.ReportGeneratorConfiguration: Property 'jmeter.reportgenerator.graph.activeThreadsOverTime.exclude_controllers' not found, using default value 'false' instead.
2025-10-05 21:18:33,674 INFO o.a.j.r.c.ReportGeneratorConfiguration: Property 'jmeter.reportgenerator.graph.timeVsThreads.exclude_controllers' not found, using default value 'false' instead.
2025-10-05 21:18:33,674 INFO o.a.j.r.c.ReportGeneratorConfiguration: Property 'jmeter.reportgenerator.graph.responseTimeDistribution.exclude_controllers' not found, using default value 'false' instead.
2025-10-05 21:18:33,674 INFO o.a.j.r.c.ReportGeneratorConfiguration: Property 'jmeter.reportgenerator.graph.transactionsPerSecond.exclude_controllers' not found, using default value 'false' instead.
2025-10-05 21:18:33,674 INFO o.a.j.r.c.ReportGeneratorConfiguration: Property 'jmeter.reportgenerator.graph.responseTimePercentiles.exclude_controllers' not found, using default value 'false' instead.
2025-10-05 21:18:33,674 INFO o.a.j.r.c.ReportGeneratorConfiguration: Property 'jmeter.reportgenerator.graph.responseTimePercentilesOverTime.exclude_controllers' not found, using default value 'false' instead.
2025-10-05 21:18:33,675 INFO o.a.j.r.c.ReportGeneratorConfiguration: Property 'jmeter.reportgenerator.graph.responseTimesOverTime.exclude_controllers' not found, using default value 'false' instead.
2025-10-05 21:18:33,675 INFO o.a.j.r.c.ReportGeneratorConfiguration: Property 'jmeter.reportgenerator.graph.connectTimeOverTime.exclude_controllers' not found, using default value 'false' instead.
2025-10-05 21:18:33,675 INFO o.a.j.r.c.ReportGeneratorConfiguration: Property 'jmeter.reportgenerator.graph.latenciesOverTime.exclude_controllers' not found, using default value 'false' instead.
2025-10-05 21:18:33,676 INFO o.a.j.r.c.ReportGeneratorConfiguration: Property 'jmeter.reportgenerator.exporter.json.filters_only_sample_series' not found, using default value 'true' instead.
2025-10-05 21:18:33,676 INFO o.a.j.r.c.ReportGeneratorConfiguration: Property 'jmeter.reportgenerator.exporter.json.series_filter' not found, using default value '' instead.
2025-10-05 21:18:33,676 INFO o.a.j.r.c.ReportGeneratorConfiguration: Property 'jmeter.reportgenerator.exporter.json.show_controllers_only' not found, using default value 'false' instead.
2025-10-05 21:18:33,676 INFO o.a.j.r.c.ReportGeneratorConfiguration: Property 'jmeter.reportgenerator.exporter.html.filters_only_sample_series' not found, using default value 'true' instead.
2025-10-05 21:18:33,676 INFO o.a.j.r.c.ReportGeneratorConfiguration: Property 'jmeter.reportgenerator.exporter.html.series_filter' not found, using default value '' instead.
2025-10-05 21:18:33,676 INFO o.a.j.r.c.ReportGeneratorConfiguration: Property 'jmeter.reportgenerator.exporter.html.show_controllers_only' not found, using default value 'false' instead.
2025-10-05 21:18:33,685 INFO o.a.j.e.StandardJMeterEngine: Running the test!
2025-10-05 21:18:33,685 INFO o.a.j.s.SampleEvent: List of sample_variables: []
2025-10-05 21:18:33,685 INFO o.a.j.s.SampleEvent: List of sample_variables: []
2025-10-05 21:18:33,745 INFO o.a.j.JMeter: Running test (1759699113745)
2025-10-05 21:18:33,767 INFO o.a.j.e.StandardJMeterEngine: Starting ThreadGroup: 1 : UDP Ingestion
2025-10-05 21:18:33,768 INFO o.a.j.e.StandardJMeterEngine: Starting 10 threads for group UDP Ingestion.
2025-10-05 21:18:33,768 INFO o.a.j.e.StandardJMeterEngine: Thread will continue on error
2025-10-05 21:18:33,768 INFO o.a.j.t.ThreadGroup: Starting thread group... number=1 threads=10 ramp-up=10 delayedStart=false
2025-10-05 21:18:33,776 INFO o.a.j.t.JMeterThread: Thread started: UDP Ingestion 1-1
2025-10-05 21:18:33,799 INFO o.a.j.t.ThreadGroup: Started thread group number 1
2025-10-05 21:18:33,799 INFO o.a.j.e.StandardJMeterEngine: Starting ThreadGroup: 2 : HTTP Searchers
2025-10-05 21:18:33,799 INFO o.a.j.e.StandardJMeterEngine: Starting 10 threads for group HTTP Searchers.
2025-10-05 21:18:33,799 INFO o.a.j.e.StandardJMeterEngine: Thread will continue on error
2025-10-05 21:18:33,799 INFO o.a.j.t.ThreadGroup: Starting thread group... number=2 threads=10 ramp-up=10 delayedStart=false
2025-10-05 21:18:33,800 INFO o.a.j.t.JMeterThread: Thread started: HTTP Searchers 2-1
2025-10-05 21:18:33,807 INFO o.a.j.t.ThreadGroup: Started thread group number 2
2025-10-05 21:18:33,807 INFO o.a.j.e.StandardJMeterEngine: All thread groups have been started
2025-10-05 21:18:33,809 INFO o.a.j.s.SampleResult: Note: Sample TimeStamps are END times
2025-10-05 21:18:33,809 INFO o.a.j.s.SampleResult: sampleresult.default.encoding is set to UTF-8
2025-10-05 21:18:33,809 INFO o.a.j.s.SampleResult: sampleresult.useNanoTime=true
2025-10-05 21:18:33,809 INFO o.a.j.s.SampleResult: sampleresult.nanoThreadSleep=5000
2025-10-05 21:18:33,816 INFO o.a.j.p.h.s.HTTPHCAbstractImpl: Local host = runnervmwhb2z
2025-10-05 21:18:33,816 INFO o.a.j.r.Summariser: summary +      1 in 00:00:00 =   14.5/s Avg:     1 Min:     1 Max:     1 Err:     0 (0.00%) Active: 2 Started: 2 Finished: 0
2025-10-05 21:18:33,820 INFO o.a.j.p.h.s.HTTPHC4Impl: HTTP request retry count = 0
2025-10-05 21:18:34,774 INFO o.a.j.t.JMeterThread: Thread started: UDP Ingestion 1-2
2025-10-05 21:18:34,800 INFO o.a.j.t.JMeterThread: Thread started: HTTP Searchers 2-2
2025-10-05 21:18:35,772 INFO o.a.j.t.JMeterThread: Thread started: UDP Ingestion 1-3
2025-10-05 21:18:35,800 INFO o.a.j.t.JMeterThread: Thread started: HTTP Searchers 2-3
2025-10-05 21:18:36,771 INFO o.a.j.t.JMeterThread: Thread started: UDP Ingestion 1-4
2025-10-05 21:18:36,800 INFO o.a.j.t.JMeterThread: Thread started: HTTP Searchers 2-4
2025-10-05 21:18:37,770 INFO o.a.j.t.JMeterThread: Thread started: UDP Ingestion 1-5
2025-10-05 21:18:37,800 INFO o.a.j.t.JMeterThread: Thread started: HTTP Searchers 2-5
2025-10-05 21:18:38,771 INFO o.a.j.t.JMeterThread: Thread started: UDP Ingestion 1-6
2025-10-05 21:18:38,800 INFO o.a.j.t.JMeterThread: Thread started: HTTP Searchers 2-6
2025-10-05 21:18:39,000 INFO o.a.j.r.Summariser: summary +  17855 in 00:00:05 = 3442.9/s Avg:     0 Min:     0 Max:    24 Err:     0 (0.00%) Active: 12 Started: 12 Finished: 0
2025-10-05 21:18:39,000 INFO o.a.j.r.Summariser: summary =  17856 in 00:00:05 = 3397.9/s Avg:     0 Min:     0 Max:    24 Err:     0 (0.00%)
2025-10-05 21:18:39,773 INFO o.a.j.t.JMeterThread: Thread started: UDP Ingestion 1-7
2025-10-05 21:18:39,800 INFO o.a.j.t.JMeterThread: Thread started: HTTP Searchers 2-7
2025-10-05 21:18:40,770 INFO o.a.j.t.JMeterThread: Thread started: UDP Ingestion 1-8
2025-10-05 21:18:40,800 INFO o.a.j.t.JMeterThread: Thread started: HTTP Searchers 2-8
2025-10-05 21:18:41,772 INFO o.a.j.t.JMeterThread: Thread started: UDP Ingestion 1-9
2025-10-05 21:18:41,801 INFO o.a.j.t.JMeterThread: Thread started: HTTP Searchers 2-9
2025-10-05 21:18:42,770 INFO o.a.j.t.JMeterThread: Thread started: UDP Ingestion 1-10
2025-10-05 21:18:42,801 INFO o.a.j.t.JMeterThread: Thread started: HTTP Searchers 2-10
2025-10-05 21:18:45,000 INFO o.a.j.r.Summariser: summary +  41875 in 00:00:06 = 6979.2/s Avg:     1 Min:     0 Max:    14 Err:     0 (0.00%) Active: 20 Started: 20 Finished: 0
2025-10-05 21:18:45,000 INFO o.a.j.r.Summariser: summary =  59731 in 00:00:11 = 5307.1/s Avg:     1 Min:     0 Max:    24 Err:     0 (0.00%)
2025-10-05 21:18:51,000 INFO o.a.j.r.Summariser: summary +  48593 in 00:00:06 = 8098.8/s Avg:     1 Min:     0 Max:    13 Err:     0 (0.00%) Active: 20 Started: 20 Finished: 0
2025-10-05 21:18:51,000 INFO o.a.j.r.Summariser: summary = 108324 in 00:00:17 = 6277.8/s Avg:     1 Min:     0 Max:    24 Err:     0 (0.00%)
2025-10-05 21:18:57,001 INFO o.a.j.r.Summariser: summary +  50448 in 00:00:06 = 8408.0/s Avg:     1 Min:     0 Max:    10 Err:     0 (0.00%) Active: 20 Started: 20 Finished: 0
2025-10-05 21:18:57,003 INFO o.a.j.r.Summariser: summary = 158772 in 00:00:23 = 6827.4/s Avg:     1 Min:     0 Max:    24 Err:     0 (0.00%)
2025-10-05 21:19:03,000 INFO o.a.j.r.Summariser: summary +  50182 in 00:00:06 = 8363.7/s Avg:     1 Min:     0 Max:    11 Err:     0 (0.00%) Active: 20 Started: 20 Finished: 0
2025-10-05 21:19:03,000 INFO o.a.j.r.Summariser: summary = 208954 in 00:00:29 = 7142.5/s Avg:     1 Min:     0 Max:    24 Err:     0 (0.00%)
2025-10-05 21:19:09,000 INFO o.a.j.r.Summariser: summary +  50451 in 00:00:06 = 8408.5/s Avg:     1 Min:     0 Max:     9 Err:     0 (0.00%) Active: 20 Started: 20 Finished: 0
2025-10-05 21:19:09,000 INFO o.a.j.r.Summariser: summary = 259405 in 00:00:35 = 7358.0/s Avg:     1 Min:     0 Max:    24 Err:     0 (0.00%)
2025-10-05 21:19:15,000 INFO o.a.j.r.Summariser: summary +  51319 in 00:00:06 = 8553.2/s Avg:     1 Min:     0 Max:    11 Err:     0 (0.00%) Active: 20 Started: 20 Finished: 0
2025-10-05 21:19:15,000 INFO o.a.j.r.Summariser: summary = 310724 in 00:00:41 = 7531.8/s Avg:     1 Min:     0 Max:    24 Err:     0 (0.00%)
2025-10-05 21:19:21,000 INFO o.a.j.r.Summariser: summary +  51235 in 00:00:06 = 8539.2/s Avg:     1 Min:     0 Max:    12 Err:     0 (0.00%) Active: 20 Started: 20 Finished: 0
2025-10-05 21:19:21,002 INFO o.a.j.r.Summariser: summary = 361959 in 00:00:47 = 7659.7/s Avg:     1 Min:     0 Max:    24 Err:     0 (0.00%)
2025-10-05 21:19:27,001 INFO o.a.j.r.Summariser: summary +  51265 in 00:00:06 = 8544.2/s Avg:     1 Min:     0 Max:    13 Err:     0 (0.00%) Active: 20 Started: 20 Finished: 0
2025-10-05 21:19:27,001 INFO o.a.j.r.Summariser: summary = 413224 in 00:00:53 = 7759.3/s Avg:     1 Min:     0 Max:    24 Err:     0 (0.00%)
2025-10-05 21:19:33,000 INFO o.a.j.r.Summariser: summary +  51764 in 00:00:06 = 8627.3/s Avg:     1 Min:     0 Max:     9 Err:     0 (0.00%) Active: 20 Started: 20 Finished: 0
2025-10-05 21:19:33,000 INFO o.a.j.r.Summariser: summary = 464988 in 00:00:59 = 7847.2/s Avg:     1 Min:     0 Max:    24 Err:     0 (0.00%)
2025-10-05 21:19:33,750 INFO o.a.j.t.JMeterThread: Thread finished: UDP Ingestion 1-3
2025-10-05 21:19:33,751 INFO o.a.j.t.JMeterThread: Thread finished: UDP Ingestion 1-1
2025-10-05 21:19:33,754 INFO o.a.j.t.JMeterThread: Thread finished: UDP Ingestion 1-7
2025-10-05 21:19:33,755 INFO o.a.j.t.JMeterThread: Thread finished: UDP Ingestion 1-6
2025-10-05 21:19:33,761 INFO o.a.j.t.JMeterThread: Thread finished: UDP Ingestion 1-5
2025-10-05 21:19:33,761 INFO o.a.j.t.JMeterThread: Thread finished: UDP Ingestion 1-8
2025-10-05 21:19:33,763 INFO o.a.j.t.JMeterThread: Thread finished: UDP Ingestion 1-9
2025-10-05 21:19:33,764 INFO o.a.j.t.JMeterThread: Thread finished: UDP Ingestion 1-4
2025-10-05 21:19:33,772 INFO o.a.j.t.JMeterThread: Thread finished: UDP Ingestion 1-2
2025-10-05 21:19:33,790 INFO o.a.j.t.JMeterThread: Thread finished: UDP Ingestion 1-10
2025-10-05 21:19:33,799 INFO o.a.j.t.JMeterThread: Stopping because end time detected by thread: HTTP Searchers 2-1
2025-10-05 21:19:33,800 INFO o.a.j.t.JMeterThread: Stopping because end time detected by thread: HTTP Searchers 2-3
2025-10-05 21:19:33,800 INFO o.a.j.t.JMeterThread: Thread finished: HTTP Searchers 2-3
2025-10-05 21:19:33,799 INFO o.a.j.t.JMeterThread: Thread finished: HTTP Searchers 2-1
2025-10-05 21:19:33,800 INFO o.a.j.t.JMeterThread: Stopping because end time detected by thread: HTTP Searchers 2-2
2025-10-05 21:19:33,802 INFO o.a.j.t.JMeterThread: Thread finished: HTTP Searchers 2-2
2025-10-05 21:19:33,802 INFO o.a.j.t.JMeterThread: Stopping because end time detected by thread: HTTP Searchers 2-5
2025-10-05 21:19:33,802 INFO o.a.j.t.JMeterThread: Thread finished: HTTP Searchers 2-5
2025-10-05 21:19:33,802 INFO o.a.j.t.JMeterThread: Stopping because end time detected by thread: HTTP Searchers 2-4
2025-10-05 21:19:33,802 INFO o.a.j.t.JMeterThread: Thread finished: HTTP Searchers 2-4
2025-10-05 21:19:33,803 INFO o.a.j.t.JMeterThread: Stopping because end time detected by thread: HTTP Searchers 2-7
2025-10-05 21:19:33,803 INFO o.a.j.t.JMeterThread: Thread finished: HTTP Searchers 2-7
2025-10-05 21:19:33,803 INFO o.a.j.t.JMeterThread: Stopping because end time detected by thread: HTTP Searchers 2-6
2025-10-05 21:19:33,803 INFO o.a.j.t.JMeterThread: Thread finished: HTTP Searchers 2-6
2025-10-05 21:19:33,803 INFO o.a.j.t.JMeterThread: Stopping because end time detected by thread: HTTP Searchers 2-8
2025-10-05 21:19:33,803 INFO o.a.j.t.JMeterThread: Thread finished: HTTP Searchers 2-8
2025-10-05 21:19:33,804 INFO o.a.j.t.JMeterThread: Stopping because end time detected by thread: HTTP Searchers 2-9
2025-10-05 21:19:33,804 INFO o.a.j.t.JMeterThread: Thread finished: HTTP Searchers 2-9
2025-10-05 21:19:33,805 INFO o.a.j.t.JMeterThread: Stopping because end time detected by thread: HTTP Searchers 2-10
2025-10-05 21:19:33,805 INFO o.a.j.t.JMeterThread: Thread finished: HTTP Searchers 2-10
2025-10-05 21:19:33,805 INFO o.a.j.e.StandardJMeterEngine: Notifying test listeners of end of test
2025-10-05 21:19:33,806 INFO o.a.j.r.Summariser: summary +   6868 in 00:00:01 = 8531.7/s Avg:     1 Min:     0 Max:    13 Err:     0 (0.00%) Active: 0 Started: 20 Finished: 20
2025-10-05 21:19:33,806 INFO o.a.j.r.Summariser: summary = 471856 in 00:01:00 = 7856.3/s Avg:     1 Min:     0 Max:    24 Err:     0 (0.00%)
2025-10-05 21:19:33,806 INFO o.a.j.JMeter: Generating Dashboard
2025-10-05 21:19:33,806 INFO o.a.j.r.d.ReportGenerator: Flushing result collector before report Generation
2025-10-05 21:19:33,816 INFO o.a.j.r.p.NormalizerSampleConsumer: Using format, 'ms', to parse timeStamp field
2025-10-05 21:19:38,826 INFO o.a.j.r.p.AbstractSampleConsumer: class org.apache.jmeter.report.processor.AggregateConsumer#stopProducing(): beginDate produced 0 samples
2025-10-05 21:19:38,826 INFO o.a.j.r.p.AbstractSampleConsumer: class org.apache.jmeter.report.processor.AggregateConsumer#stopProducing(): endDate produced 0 samples
2025-10-05 21:19:38,828 INFO o.a.j.r.p.AbstractSampleConsumer: class org.apache.jmeter.report.processor.ApdexSummaryConsumer#stopProducing(): apdexSummary produced 0 samples
2025-10-05 21:19:38,828 INFO o.a.j.r.p.AbstractSampleConsumer: class org.apache.jmeter.report.processor.RequestsSummaryConsumer#stopProducing(): requestsSummary produced 0 samples
2025-10-05 21:19:38,848 INFO o.a.j.r.p.AbstractSampleConsumer: class org.apache.jmeter.report.processor.StatisticsSummaryConsumer#stopProducing(): statisticsSummary produced 0 samples
2025-10-05 21:19:38,850 INFO o.a.j.r.p.AbstractSampleConsumer: class org.apache.jmeter.report.processor.Top5ErrorsBySamplerConsumer#stopProducing(): top5ErrorsBySampler produced 0 samples
2025-10-05 21:19:38,850 INFO o.a.j.r.p.AbstractSampleConsumer: class org.apache.jmeter.report.processor.ErrorsSummaryConsumer#stopProducing(): errorsSummary produced 0 samples
2025-10-05 21:19:38,850 INFO o.a.j.r.p.AbstractSampleConsumer: class org.apache.jmeter.report.processor.graph.impl.HitsPerSecondGraphConsumer#stopProducing(): hitsPerSecond produced 0 samples
2025-10-05 21:19:40,313 INFO o.a.j.r.p.AbstractSampleConsumer: class org.apache.jmeter.report.processor.graph.impl.LatencyVSRequestGraphConsumer#stopProducing(): latencyVsRequest produced 0 samples
2025-10-05 21:19:40,322 INFO o.a.j.r.p.AbstractSampleConsumer: class org.apache.jmeter.report.processor.graph.impl.SyntheticResponseTimeDistributionGraphConsumer#stopProducing(): syntheticResponseTimeDistribution produced 0 samples
2025-10-05 21:19:40,322 INFO o.a.j.r.p.AbstractSampleConsumer: class org.apache.jmeter.report.processor.graph.impl.BytesThroughputGraphConsumer#stopProducing(): bytesThroughputOverTime produced 0 samples
2025-10-05 21:19:40,322 INFO o.a.j.r.p.AbstractSampleConsumer: class org.apache.jmeter.report.processor.graph.impl.CodesPerSecondGraphConsumer#stopProducing(): codesPerSecond produced 0 samples
2025-10-05 21:19:41,702 INFO o.a.j.r.p.AbstractSampleConsumer: class org.apache.jmeter.report.processor.graph.impl.ResponseTimeVSRequestGraphConsumer#stopProducing(): responseTimeVsRequest produced 0 samples
2025-10-05 21:19:41,712 INFO o.a.j.r.p.AbstractSampleConsumer: class org.apache.jmeter.report.processor.FilterConsumer#stopProducing(): startIntervalControlerFilter produced 3302992 samples
2025-10-05 21:19:41,712 INFO o.a.j.r.p.AbstractSampleConsumer: class org.apache.jmeter.report.processor.graph.impl.TotalTPSGraphConsumer#stopProducing(): totalTPS produced 0 samples
2025-10-05 21:19:41,712 INFO o.a.j.r.p.AbstractSampleConsumer: class org.apache.jmeter.report.processor.graph.impl.ActiveThreadsGraphConsumer#stopProducing(): activeThreadsOverTime produced 0 samples
2025-10-05 21:19:41,712 INFO o.a.j.r.p.AbstractSampleConsumer: class org.apache.jmeter.report.processor.graph.impl.TimeVSThreadGraphConsumer#stopProducing(): timeVsThreads produced 0 samples
2025-10-05 21:19:41,712 INFO o.a.j.r.p.AbstractSampleConsumer: class org.apache.jmeter.report.processor.graph.impl.ResponseTimeDistributionGraphConsumer#stopProducing(): responseTimeDistribution produced 0 samples
2025-10-05 21:19:41,712 INFO o.a.j.r.p.AbstractSampleConsumer: class org.apache.jmeter.report.processor.graph.impl.TransactionsPerSecondGraphConsumer#stopProducing(): transactionsPerSecond produced 0 samples
2025-10-05 21:19:41,712 INFO o.a.j.r.p.AbstractSampleConsumer: class org.apache.jmeter.report.processor.graph.impl.ResponseTimePercentilesGraphConsumer#stopProducing(): responseTimePercentiles produced 0 samples
2025-10-05 21:19:41,713 INFO o.a.j.r.p.AbstractSampleConsumer: class org.apache.jmeter.report.processor.graph.impl.ResponseTimePercentilesOverTimeGraphConsumer#stopProducing(): responseTimePercentilesOverTime produced 0 samples
2025-10-05 21:19:41,715 INFO o.a.j.r.p.AbstractSampleConsumer: class org.apache.jmeter.report.processor.graph.impl.ResponseTimeOverTimeGraphConsumer#stopProducing(): responseTimesOverTime produced 0 samples
2025-10-05 21:19:41,715 INFO o.a.j.r.p.AbstractSampleConsumer: class org.apache.jmeter.report.processor.graph.impl.ConnectTimeOverTimeGraphConsumer#stopProducing(): connectTimeOverTime produced 0 samples
2025-10-05 21:19:41,715 INFO o.a.j.r.p.AbstractSampleConsumer: class org.apache.jmeter.report.processor.graph.impl.LatencyOverTimeGraphConsumer#stopProducing(): latenciesOverTime produced 0 samples
2025-10-05 21:19:41,715 INFO o.a.j.r.p.AbstractSampleConsumer: class org.apache.jmeter.report.processor.FilterConsumer#stopProducing(): nameFilter produced 7077840 samples
2025-10-05 21:19:41,715 INFO o.a.j.r.p.AbstractSampleConsumer: class org.apache.jmeter.report.processor.FilterConsumer#stopProducing(): dateRangeFilter produced 1415568 samples
2025-10-05 21:19:41,715 INFO o.a.j.r.p.AbstractSampleConsumer: class org.apache.jmeter.report.processor.NormalizerSampleConsumer#stopProducing(): normalizer produced 471856 samples
2025-10-05 21:19:41,715 INFO o.a.j.r.p.CsvFileSampleSource: produce(): 471856 samples produced in 7s 879 ms on channel 0
2025-10-05 21:19:41,715 INFO o.a.j.r.d.ReportGenerator: Exporting data using exporter:'json' of className:'org.apache.jmeter.report.dashboard.JsonExporter'
2025-10-05 21:19:41,797 INFO o.a.j.r.d.JsonExporter: Found data for consumer statisticsSummary in context
2025-10-05 21:19:41,797 INFO o.a.j.r.d.JsonExporter: Creating statistics for overall
2025-10-05 21:19:41,797 INFO o.a.j.r.d.JsonExporter: Creating statistics for other transactions
2025-10-05 21:19:41,798 INFO o.a.j.r.d.JsonExporter: Checking output folder
2025-10-05 21:19:41,798 INFO o.a.j.r.d.JsonExporter: Writing statistics JSON to /home/runner/work/grepwise/grepwise/target/jmeter/reports/combined-parallel-bsh/statistics.json
2025-10-05 21:19:41,832 INFO o.a.j.r.d.ReportGenerator: Exporting data using exporter:'html' of className:'org.apache.jmeter.report.dashboard.HtmlTemplateExporter'
2025-10-05 21:19:41,833 INFO o.a.j.r.d.HtmlTemplateExporter: Will generate dashboard in folder: /home/runner/work/grepwise/grepwise/target/jmeter/reports/combined-parallel-bsh
2025-10-05 21:19:41,903 INFO o.a.j.r.d.HtmlTemplateExporter: Report will be generated in: /home/runner/work/grepwise/grepwise/target/jmeter/reports/combined-parallel-bsh, creating folder structure
2025-10-05 21:19:41,904 INFO o.a.j.r.d.TemplateVisitor: Copying folder from '/home/runner/work/grepwise/grepwise/target/b734b675-89a8-418e-9328-13db2c932aa3/jmeter/bin/report-template' to '/home/runner/work/grepwise/grepwise/target/jmeter/reports/combined-parallel-bsh', got message: /home/runner/work/grepwise/grepwise/target/jmeter/reports/combined-parallel-bsh, found non empty folder with following content [/home/runner/work/grepwise/grepwise/target/jmeter/reports/combined-parallel-bsh/statistics.json], will be ignored
2025-10-05 21:19:42,059 INFO o.a.j.JMeter: Dashboard generated
