2025-10-05 21:17:30,251 INFO o.a.j.u.JMeterUtils: Setting Locale to en
2025-10-05 21:17:30,264 INFO o.a.j.JMeter: Loading additional properties from: /home/runner/work/grepwise/grepwise/src/test/jmeter/jmeter.properties
2025-10-05 21:17:30,265 INFO o.a.j.JMeter: Setting System property: sun.net.http.allowRestrictedHeaders=true
2025-10-05 21:17:30,269 INFO o.a.j.JMeter: Copyright (c) 1998-2023 The Apache Software Foundation
2025-10-05 21:17:30,269 INFO o.a.j.JMeter: Version 5.6.2
2025-10-05 21:17:30,269 INFO o.a.j.JMeter: java.version=25
2025-10-05 21:17:30,269 INFO o.a.j.JMeter: java.vm.name=OpenJDK 64-Bit Server VM
2025-10-05 21:17:30,270 INFO o.a.j.JMeter: os.name=Linux
2025-10-05 21:17:30,270 INFO o.a.j.JMeter: os.arch=amd64
2025-10-05 21:17:30,270 INFO o.a.j.JMeter: os.version=6.11.0-1018-azure
2025-10-05 21:17:30,270 INFO o.a.j.JMeter: file.encoding=UTF-8
2025-10-05 21:17:30,270 INFO o.a.j.JMeter: java.awt.headless=true
2025-10-05 21:17:30,270 INFO o.a.j.JMeter: Max memory     =536870912
2025-10-05 21:17:30,270 INFO o.a.j.JMeter: Available Processors =4
2025-10-05 21:17:30,279 INFO o.a.j.JMeter: Default Locale=English
2025-10-05 21:17:30,280 INFO o.a.j.JMeter: JMeter  Locale=English
2025-10-05 21:17:30,280 INFO o.a.j.JMeter: JMeterHome=/home/runner/work/grepwise/grepwise/target/b734b675-89a8-418e-9328-13db2c932aa3/jmeter
2025-10-05 21:17:30,280 INFO o.a.j.JMeter: user.dir  =/home/runner/work/grepwise/grepwise/target/b734b675-89a8-418e-9328-13db2c932aa3/jmeter/bin
2025-10-05 21:17:30,280 INFO o.a.j.JMeter: PWD       =/home/runner/work/grepwise/grepwise/target/b734b675-89a8-418e-9328-13db2c932aa3/jmeter/bin
2025-10-05 21:17:30,280 INFO o.a.j.JMeter: IP: 10.1.0.25 Name: runnervmwhb2z FullName: runnervmwhb2z.f4530jdhkuyexk22dkczxkimmd.phxx.internal.cloudapp.net
2025-10-05 21:17:30,290 INFO o.a.j.JMeter: Setting property 'jmeter.reportgenerator.outputdir' to:'/home/runner/work/grepwise/grepwise/target/jmeter/reports/http-search'
2025-10-05 21:17:30,292 INFO o.a.j.s.FileServer: Default base='/home/runner/work/grepwise/grepwise/target/b734b675-89a8-418e-9328-13db2c932aa3/jmeter/bin'
2025-10-05 21:17:30,292 INFO o.a.j.s.FileServer: Set new base='/home/runner/work/grepwise/grepwise/target/jmeter/testFiles'
2025-10-05 21:17:30,519 INFO o.a.j.s.SaveService: Testplan (JMX) version: 2.2. Testlog (JTL) version: 2.2
2025-10-05 21:17:30,540 INFO o.a.j.s.SaveService: Using SaveService properties version 5.0
2025-10-05 21:17:30,544 INFO o.a.j.s.SaveService: Using SaveService properties file encoding UTF-8
2025-10-05 21:17:30,547 INFO o.a.j.s.SaveService: Loading file: /home/runner/work/grepwise/grepwise/target/jmeter/testFiles/http-search.jmx
2025-10-05 21:17:30,614 INFO o.a.j.JMeter: Creating summariser <summary>
2025-10-05 21:17:30,618 INFO o.a.j.r.d.ReportGenerator: ReportGenerator will use for Parsing the separator: ','
2025-10-05 21:17:30,618 INFO o.a.j.r.d.ReportGenerator: Will generate report at end of test from  results file: /home/runner/work/grepwise/grepwise/target/jmeter/results/20251005-http-search.csv
2025-10-05 21:17:30,618 INFO o.a.j.r.d.ReportGenerator: Reading report generator properties from: /home/runner/work/grepwise/grepwise/target/b734b675-89a8-418e-9328-13db2c932aa3/jmeter/bin/reportgenerator.properties
2025-10-05 21:17:30,618 INFO o.a.j.r.d.ReportGenerator: Merging with JMeter properties
2025-10-05 21:17:30,621 INFO o.a.j.r.c.ReportGeneratorConfiguration: Property 'jmeter.reportgenerator.temp_dir' not found, using default value 'temp' instead.
2025-10-05 21:17:30,623 INFO o.a.j.r.c.ReportGeneratorConfiguration: Property 'jmeter.reportgenerator.apdex_per_transaction' not found, using default value 'null' instead.
2025-10-05 21:17:30,623 INFO o.a.j.r.c.ReportGeneratorConfiguration: apdex_per_transaction is empty, not APDEX per transaction customization
2025-10-05 21:17:30,623 INFO o.a.j.r.c.ReportGeneratorConfiguration: Property 'jmeter.reportgenerator.sample_filter' not found, using default value 'null' instead.
2025-10-05 21:17:30,624 INFO o.a.j.r.c.ReportGeneratorConfiguration: Property 'jmeter.reportgenerator.report_title' not found, using default value 'null' instead.
2025-10-05 21:17:30,624 INFO o.a.j.r.c.ReportGeneratorConfiguration: Property 'jmeter.reportgenerator.start_date' not found, using default value 'null' instead.
2025-10-05 21:17:30,624 INFO o.a.j.r.c.ReportGeneratorConfiguration: Property 'jmeter.reportgenerator.end_date' not found, using default value 'null' instead.
2025-10-05 21:17:30,624 INFO o.a.j.r.c.ReportGeneratorConfiguration: Property 'jmeter.reportgenerator.date_format' not found, using default value 'null' instead.
2025-10-05 21:17:30,624 INFO o.a.j.r.c.ReportGeneratorConfiguration: Will use date range start date: null, end date: null
2025-10-05 21:17:30,627 INFO o.a.j.r.c.ReportGeneratorConfiguration: Property 'jmeter.reportgenerator.graph.totalTPS.exclude_controllers' not found, using default value 'false' instead.
2025-10-05 21:17:30,627 INFO o.a.j.r.c.ReportGeneratorConfiguration: Property 'jmeter.reportgenerator.graph.activeThreadsOverTime.exclude_controllers' not found, using default value 'false' instead.
2025-10-05 21:17:30,627 INFO o.a.j.r.c.ReportGeneratorConfiguration: Property 'jmeter.reportgenerator.graph.timeVsThreads.exclude_controllers' not found, using default value 'false' instead.
2025-10-05 21:17:30,627 INFO o.a.j.r.c.ReportGeneratorConfiguration: Property 'jmeter.reportgenerator.graph.responseTimeDistribution.exclude_controllers' not found, using default value 'false' instead.
2025-10-05 21:17:30,627 INFO o.a.j.r.c.ReportGeneratorConfiguration: Property 'jmeter.reportgenerator.graph.transactionsPerSecond.exclude_controllers' not found, using default value 'false' instead.
2025-10-05 21:17:30,627 INFO o.a.j.r.c.ReportGeneratorConfiguration: Property 'jmeter.reportgenerator.graph.responseTimePercentiles.exclude_controllers' not found, using default value 'false' instead.
2025-10-05 21:17:30,627 INFO o.a.j.r.c.ReportGeneratorConfiguration: Property 'jmeter.reportgenerator.graph.responseTimePercentilesOverTime.exclude_controllers' not found, using default value 'false' instead.
2025-10-05 21:17:30,627 INFO o.a.j.r.c.ReportGeneratorConfiguration: Property 'jmeter.reportgenerator.graph.responseTimesOverTime.exclude_controllers' not found, using default value 'false' instead.
2025-10-05 21:17:30,628 INFO o.a.j.r.c.ReportGeneratorConfiguration: Property 'jmeter.reportgenerator.graph.connectTimeOverTime.exclude_controllers' not found, using default value 'false' instead.
2025-10-05 21:17:30,628 INFO o.a.j.r.c.ReportGeneratorConfiguration: Property 'jmeter.reportgenerator.graph.latenciesOverTime.exclude_controllers' not found, using default value 'false' instead.
2025-10-05 21:17:30,628 INFO o.a.j.r.c.ReportGeneratorConfiguration: Property 'jmeter.reportgenerator.exporter.json.filters_only_sample_series' not found, using default value 'true' instead.
2025-10-05 21:17:30,628 INFO o.a.j.r.c.ReportGeneratorConfiguration: Property 'jmeter.reportgenerator.exporter.json.series_filter' not found, using default value '' instead.
2025-10-05 21:17:30,629 INFO o.a.j.r.c.ReportGeneratorConfiguration: Property 'jmeter.reportgenerator.exporter.json.show_controllers_only' not found, using default value 'false' instead.
2025-10-05 21:17:30,629 INFO o.a.j.r.c.ReportGeneratorConfiguration: Property 'jmeter.reportgenerator.exporter.html.filters_only_sample_series' not found, using default value 'true' instead.
2025-10-05 21:17:30,629 INFO o.a.j.r.c.ReportGeneratorConfiguration: Property 'jmeter.reportgenerator.exporter.html.series_filter' not found, using default value '' instead.
2025-10-05 21:17:30,629 INFO o.a.j.r.c.ReportGeneratorConfiguration: Property 'jmeter.reportgenerator.exporter.html.show_controllers_only' not found, using default value 'false' instead.
2025-10-05 21:17:30,638 INFO o.a.j.e.StandardJMeterEngine: Running the test!
2025-10-05 21:17:30,639 INFO o.a.j.s.SampleEvent: List of sample_variables: []
2025-10-05 21:17:30,639 INFO o.a.j.s.SampleEvent: List of sample_variables: []
2025-10-05 21:17:30,711 INFO o.a.j.JMeter: Running test (1759699050711)
2025-10-05 21:17:30,734 INFO o.a.j.e.StandardJMeterEngine: Starting ThreadGroup: 1 : Searchers
2025-10-05 21:17:30,735 INFO o.a.j.e.StandardJMeterEngine: Starting 10 threads for group Searchers.
2025-10-05 21:17:30,735 INFO o.a.j.e.StandardJMeterEngine: Thread will continue on error
2025-10-05 21:17:30,735 INFO o.a.j.t.ThreadGroup: Starting thread group... number=1 threads=10 ramp-up=10 delayedStart=false
2025-10-05 21:17:30,743 INFO o.a.j.t.JMeterThread: Thread started: Searchers 1-1
2025-10-05 21:17:30,747 INFO o.a.j.t.ThreadGroup: Started thread group number 1
2025-10-05 21:17:30,747 INFO o.a.j.e.StandardJMeterEngine: All thread groups have been started
2025-10-05 21:17:31,099 INFO o.a.j.p.h.s.HTTPHCAbstractImpl: Local host = runnervmwhb2z
2025-10-05 21:17:31,104 INFO o.a.j.p.h.s.HTTPHC4Impl: HTTP request retry count = 0
2025-10-05 21:17:31,104 INFO o.a.j.s.SampleResult: Note: Sample TimeStamps are END times
2025-10-05 21:17:31,104 INFO o.a.j.s.SampleResult: sampleresult.default.encoding is set to UTF-8
2025-10-05 21:17:31,105 INFO o.a.j.s.SampleResult: sampleresult.useNanoTime=true
2025-10-05 21:17:31,105 INFO o.a.j.s.SampleResult: sampleresult.nanoThreadSleep=5000
2025-10-05 21:17:31,183 INFO o.a.j.r.Summariser: summary +      1 in 00:00:00 =    2.1/s Avg:    25 Min:    25 Max:    25 Err:     0 (0.00%) Active: 1 Started: 1 Finished: 0
2025-10-05 21:17:31,739 INFO o.a.j.t.JMeterThread: Thread started: Searchers 1-2
2025-10-05 21:17:32,738 INFO o.a.j.t.JMeterThread: Thread started: Searchers 1-3
2025-10-05 21:17:33,736 INFO o.a.j.t.JMeterThread: Thread started: Searchers 1-4
2025-10-05 21:17:34,736 INFO o.a.j.t.JMeterThread: Thread started: Searchers 1-5
2025-10-05 21:17:35,736 INFO o.a.j.t.JMeterThread: Thread started: Searchers 1-6
2025-10-05 21:17:36,736 INFO o.a.j.t.JMeterThread: Thread started: Searchers 1-7
2025-10-05 21:17:37,074 INFO o.a.j.r.Summariser: summary +     61 in 00:00:06 =   10.4/s Avg:     1 Min:     1 Max:     7 Err:     0 (0.00%) Active: 7 Started: 7 Finished: 0
2025-10-05 21:17:37,074 INFO o.a.j.r.Summariser: summary =     62 in 00:00:06 =    9.7/s Avg:     2 Min:     1 Max:    25 Err:     0 (0.00%)
2025-10-05 21:17:37,737 INFO o.a.j.t.JMeterThread: Thread started: Searchers 1-8
2025-10-05 21:17:38,735 INFO o.a.j.t.JMeterThread: Thread started: Searchers 1-9
2025-10-05 21:17:39,738 INFO o.a.j.t.JMeterThread: Thread started: Searchers 1-10
2025-10-05 21:17:43,015 INFO o.a.j.r.Summariser: summary +    155 in 00:00:06 =   26.1/s Avg:     1 Min:     0 Max:     3 Err:     0 (0.00%) Active: 10 Started: 10 Finished: 0
2025-10-05 21:17:43,015 INFO o.a.j.r.Summariser: summary =    217 in 00:00:12 =   17.6/s Avg:     1 Min:     0 Max:    25 Err:     0 (0.00%)
2025-10-05 21:17:49,004 INFO o.a.j.r.Summariser: summary +    173 in 00:00:06 =   28.9/s Avg:     0 Min:     0 Max:     7 Err:     0 (0.00%) Active: 10 Started: 10 Finished: 0
2025-10-05 21:17:49,004 INFO o.a.j.r.Summariser: summary =    390 in 00:00:18 =   21.3/s Avg:     1 Min:     0 Max:    25 Err:     0 (0.00%)
2025-10-05 21:17:55,017 INFO o.a.j.r.Summariser: summary +    171 in 00:00:06 =   28.4/s Avg:     0 Min:     0 Max:     2 Err:     0 (0.00%) Active: 10 Started: 10 Finished: 0
2025-10-05 21:17:55,017 INFO o.a.j.r.Summariser: summary =    561 in 00:00:24 =   23.1/s Avg:     1 Min:     0 Max:    25 Err:     0 (0.00%)
2025-10-05 21:18:01,102 INFO o.a.j.r.Summariser: summary +    172 in 00:00:06 =   28.3/s Avg:     0 Min:     0 Max:     2 Err:     0 (0.00%) Active: 10 Started: 10 Finished: 0
2025-10-05 21:18:01,102 INFO o.a.j.r.Summariser: summary =    733 in 00:00:30 =   24.1/s Avg:     0 Min:     0 Max:    25 Err:     0 (0.00%)
2025-10-05 21:18:07,068 INFO o.a.j.r.Summariser: summary +    172 in 00:00:06 =   28.8/s Avg:     0 Min:     0 Max:     2 Err:     0 (0.00%) Active: 10 Started: 10 Finished: 0
2025-10-05 21:18:07,068 INFO o.a.j.r.Summariser: summary =    905 in 00:00:36 =   24.9/s Avg:     0 Min:     0 Max:    25 Err:     0 (0.00%)
2025-10-05 21:18:13,055 INFO o.a.j.r.Summariser: summary +    169 in 00:00:06 =   28.2/s Avg:     0 Min:     0 Max:     2 Err:     0 (0.00%) Active: 10 Started: 10 Finished: 0
2025-10-05 21:18:13,055 INFO o.a.j.r.Summariser: summary =   1074 in 00:00:42 =   25.4/s Avg:     0 Min:     0 Max:    25 Err:     0 (0.00%)
2025-10-05 21:18:19,069 INFO o.a.j.r.Summariser: summary +    172 in 00:00:06 =   28.6/s Avg:     0 Min:     0 Max:     3 Err:     0 (0.00%) Active: 10 Started: 10 Finished: 0
2025-10-05 21:18:19,069 INFO o.a.j.r.Summariser: summary =   1246 in 00:00:48 =   25.8/s Avg:     0 Min:     0 Max:    25 Err:     0 (0.00%)
2025-10-05 21:18:25,017 INFO o.a.j.r.Summariser: summary +    166 in 00:00:06 =   27.9/s Avg:     0 Min:     0 Max:     2 Err:     0 (0.00%) Active: 10 Started: 10 Finished: 0
2025-10-05 21:18:25,017 INFO o.a.j.r.Summariser: summary =   1412 in 00:00:54 =   26.0/s Avg:     0 Min:     0 Max:    25 Err:     0 (0.00%)
2025-10-05 21:18:30,320 INFO o.a.j.t.JMeterThread: Thread finished: Searchers 1-10
2025-10-05 21:18:30,380 INFO o.a.j.t.JMeterThread: Thread finished: Searchers 1-1
2025-10-05 21:18:30,455 INFO o.a.j.t.JMeterThread: Thread finished: Searchers 1-3
2025-10-05 21:18:30,476 INFO o.a.j.t.JMeterThread: Thread finished: Searchers 1-8
2025-10-05 21:18:30,485 INFO o.a.j.t.JMeterThread: Thread finished: Searchers 1-5
2025-10-05 21:18:30,677 INFO o.a.j.t.JMeterThread: Thread finished: Searchers 1-2
2025-10-05 21:18:30,692 INFO o.a.j.t.JMeterThread: Thread finished: Searchers 1-6
2025-10-05 21:18:30,694 INFO o.a.j.t.JMeterThread: Thread finished: Searchers 1-9
2025-10-05 21:18:30,735 INFO o.a.j.t.JMeterThread: Thread finished: Searchers 1-4
2025-10-05 21:18:30,735 INFO o.a.j.t.JMeterThread: Thread finished: Searchers 1-7
2025-10-05 21:18:30,736 INFO o.a.j.e.StandardJMeterEngine: Notifying test listeners of end of test
2025-10-05 21:18:30,736 INFO o.a.j.r.Summariser: summary +    169 in 00:00:06 =   29.6/s Avg:     0 Min:     0 Max:     1 Err:     0 (0.00%) Active: 0 Started: 10 Finished: 10
2025-10-05 21:18:30,736 INFO o.a.j.r.Summariser: summary =   1581 in 00:01:00 =   26.3/s Avg:     0 Min:     0 Max:    25 Err:     0 (0.00%)
2025-10-05 21:18:30,737 INFO o.a.j.JMeter: Generating Dashboard
2025-10-05 21:18:30,737 INFO o.a.j.r.d.ReportGenerator: Flushing result collector before report Generation
2025-10-05 21:18:30,747 INFO o.a.j.r.p.NormalizerSampleConsumer: Using format, 'ms', to parse timeStamp field
2025-10-05 21:18:30,860 INFO o.a.j.r.p.AbstractSampleConsumer: class org.apache.jmeter.report.processor.AggregateConsumer#stopProducing(): beginDate produced 0 samples
2025-10-05 21:18:30,860 INFO o.a.j.r.p.AbstractSampleConsumer: class org.apache.jmeter.report.processor.AggregateConsumer#stopProducing(): endDate produced 0 samples
2025-10-05 21:18:30,861 INFO o.a.j.r.p.AbstractSampleConsumer: class org.apache.jmeter.report.processor.ApdexSummaryConsumer#stopProducing(): apdexSummary produced 0 samples
2025-10-05 21:18:30,861 INFO o.a.j.r.p.AbstractSampleConsumer: class org.apache.jmeter.report.processor.RequestsSummaryConsumer#stopProducing(): requestsSummary produced 0 samples
2025-10-05 21:18:30,866 INFO o.a.j.r.p.AbstractSampleConsumer: class org.apache.jmeter.report.processor.StatisticsSummaryConsumer#stopProducing(): statisticsSummary produced 0 samples
2025-10-05 21:18:30,867 INFO o.a.j.r.p.AbstractSampleConsumer: class org.apache.jmeter.report.processor.Top5ErrorsBySamplerConsumer#stopProducing(): top5ErrorsBySampler produced 0 samples
2025-10-05 21:18:30,868 INFO o.a.j.r.p.AbstractSampleConsumer: class org.apache.jmeter.report.processor.ErrorsSummaryConsumer#stopProducing(): errorsSummary produced 0 samples
2025-10-05 21:18:30,868 INFO o.a.j.r.p.AbstractSampleConsumer: class org.apache.jmeter.report.processor.graph.impl.HitsPerSecondGraphConsumer#stopProducing(): hitsPerSecond produced 0 samples
2025-10-05 21:18:30,893 INFO o.a.j.r.p.AbstractSampleConsumer: class org.apache.jmeter.report.processor.graph.impl.LatencyVSRequestGraphConsumer#stopProducing(): latencyVsRequest produced 0 samples
2025-10-05 21:18:30,894 INFO o.a.j.r.p.AbstractSampleConsumer: class org.apache.jmeter.report.processor.graph.impl.SyntheticResponseTimeDistributionGraphConsumer#stopProducing(): syntheticResponseTimeDistribution produced 0 samples
2025-10-05 21:18:30,894 INFO o.a.j.r.p.AbstractSampleConsumer: class org.apache.jmeter.report.processor.graph.impl.BytesThroughputGraphConsumer#stopProducing(): bytesThroughputOverTime produced 0 samples
2025-10-05 21:18:30,894 INFO o.a.j.r.p.AbstractSampleConsumer: class org.apache.jmeter.report.processor.graph.impl.CodesPerSecondGraphConsumer#stopProducing(): codesPerSecond produced 0 samples
2025-10-05 21:18:30,908 INFO o.a.j.r.p.AbstractSampleConsumer: class org.apache.jmeter.report.processor.graph.impl.ResponseTimeVSRequestGraphConsumer#stopProducing(): responseTimeVsRequest produced 0 samples
2025-10-05 21:18:30,909 INFO o.a.j.r.p.AbstractSampleConsumer: class org.apache.jmeter.report.processor.FilterConsumer#stopProducing(): startIntervalControlerFilter produced 11067 samples
2025-10-05 21:18:30,909 INFO o.a.j.r.p.AbstractSampleConsumer: class org.apache.jmeter.report.processor.graph.impl.TotalTPSGraphConsumer#stopProducing(): totalTPS produced 0 samples
2025-10-05 21:18:30,909 INFO o.a.j.r.p.AbstractSampleConsumer: class org.apache.jmeter.report.processor.graph.impl.ActiveThreadsGraphConsumer#stopProducing(): activeThreadsOverTime produced 0 samples
2025-10-05 21:18:30,909 INFO o.a.j.r.p.AbstractSampleConsumer: class org.apache.jmeter.report.processor.graph.impl.TimeVSThreadGraphConsumer#stopProducing(): timeVsThreads produced 0 samples
2025-10-05 21:18:30,910 INFO o.a.j.r.p.AbstractSampleConsumer: class org.apache.jmeter.report.processor.graph.impl.ResponseTimeDistributionGraphConsumer#stopProducing(): responseTimeDistribution produced 0 samples
2025-10-05 21:18:30,910 INFO o.a.j.r.p.AbstractSampleConsumer: class org.apache.jmeter.report.processor.graph.impl.TransactionsPerSecondGraphConsumer#stopProducing(): transactionsPerSecond produced 0 samples
2025-10-05 21:18:30,910 INFO o.a.j.r.p.AbstractSampleConsumer: class org.apache.jmeter.report.processor.graph.impl.ResponseTimePercentilesGraphConsumer#stopProducing(): responseTimePercentiles produced 0 samples
2025-10-05 21:18:30,911 INFO o.a.j.r.p.AbstractSampleConsumer: class org.apache.jmeter.report.processor.graph.impl.ResponseTimePercentilesOverTimeGraphConsumer#stopProducing(): responseTimePercentilesOverTime produced 0 samples
2025-10-05 21:18:30,911 INFO o.a.j.r.p.AbstractSampleConsumer: class org.apache.jmeter.report.processor.graph.impl.ResponseTimeOverTimeGraphConsumer#stopProducing(): responseTimesOverTime produced 0 samples
2025-10-05 21:18:30,912 INFO o.a.j.r.p.AbstractSampleConsumer: class org.apache.jmeter.report.processor.graph.impl.ConnectTimeOverTimeGraphConsumer#stopProducing(): connectTimeOverTime produced 0 samples
2025-10-05 21:18:30,912 INFO o.a.j.r.p.AbstractSampleConsumer: class org.apache.jmeter.report.processor.graph.impl.LatencyOverTimeGraphConsumer#stopProducing(): latenciesOverTime produced 0 samples
2025-10-05 21:18:30,912 INFO o.a.j.r.p.AbstractSampleConsumer: class org.apache.jmeter.report.processor.FilterConsumer#stopProducing(): nameFilter produced 23715 samples
2025-10-05 21:18:30,912 INFO o.a.j.r.p.AbstractSampleConsumer: class org.apache.jmeter.report.processor.FilterConsumer#stopProducing(): dateRangeFilter produced 4743 samples
2025-10-05 21:18:30,912 INFO o.a.j.r.p.AbstractSampleConsumer: class org.apache.jmeter.report.processor.NormalizerSampleConsumer#stopProducing(): normalizer produced 1581 samples
2025-10-05 21:18:30,912 INFO o.a.j.r.p.CsvFileSampleSource: produce(): 1581 samples produced in 145ms on channel 0
2025-10-05 21:18:30,912 INFO o.a.j.r.d.ReportGenerator: Exporting data using exporter:'json' of className:'org.apache.jmeter.report.dashboard.JsonExporter'
2025-10-05 21:18:30,994 INFO o.a.j.r.d.JsonExporter: Found data for consumer statisticsSummary in context
2025-10-05 21:18:30,994 INFO o.a.j.r.d.JsonExporter: Creating statistics for overall
2025-10-05 21:18:30,995 INFO o.a.j.r.d.JsonExporter: Creating statistics for other transactions
2025-10-05 21:18:30,995 INFO o.a.j.r.d.JsonExporter: Checking output folder
2025-10-05 21:18:30,995 INFO o.a.j.r.d.JsonExporter: Writing statistics JSON to /home/runner/work/grepwise/grepwise/target/jmeter/reports/http-search/statistics.json
2025-10-05 21:18:31,029 INFO o.a.j.r.d.ReportGenerator: Exporting data using exporter:'html' of className:'org.apache.jmeter.report.dashboard.HtmlTemplateExporter'
2025-10-05 21:18:31,031 INFO o.a.j.r.d.HtmlTemplateExporter: Will generate dashboard in folder: /home/runner/work/grepwise/grepwise/target/jmeter/reports/http-search
2025-10-05 21:18:31,100 INFO o.a.j.r.d.HtmlTemplateExporter: Report will be generated in: /home/runner/work/grepwise/grepwise/target/jmeter/reports/http-search, creating folder structure
2025-10-05 21:18:31,102 INFO o.a.j.r.d.TemplateVisitor: Copying folder from '/home/runner/work/grepwise/grepwise/target/b734b675-89a8-418e-9328-13db2c932aa3/jmeter/bin/report-template' to '/home/runner/work/grepwise/grepwise/target/jmeter/reports/http-search', got message: /home/runner/work/grepwise/grepwise/target/jmeter/reports/http-search, found non empty folder with following content [/home/runner/work/grepwise/grepwise/target/jmeter/reports/http-search/statistics.json], will be ignored
2025-10-05 21:18:31,267 INFO o.a.j.JMeter: Dashboard generated
