2025-10-05 21:16:24,397 INFO o.a.j.u.JMeterUtils: Setting Locale to en
2025-10-05 21:16:24,415 INFO o.a.j.JMeter: Loading additional properties from: /home/runner/work/grepwise/grepwise/src/test/jmeter/jmeter.properties
2025-10-05 21:16:24,415 INFO o.a.j.JMeter: Setting System property: sun.net.http.allowRestrictedHeaders=true
2025-10-05 21:16:24,420 INFO o.a.j.JMeter: Copyright (c) 1998-2023 The Apache Software Foundation
2025-10-05 21:16:24,420 INFO o.a.j.JMeter: Version 5.6.2
2025-10-05 21:16:24,420 INFO o.a.j.JMeter: java.version=25
2025-10-05 21:16:24,420 INFO o.a.j.JMeter: java.vm.name=OpenJDK 64-Bit Server VM
2025-10-05 21:16:24,420 INFO o.a.j.JMeter: os.name=Linux
2025-10-05 21:16:24,420 INFO o.a.j.JMeter: os.arch=amd64
2025-10-05 21:16:24,421 INFO o.a.j.JMeter: os.version=6.11.0-1018-azure
2025-10-05 21:16:24,421 INFO o.a.j.JMeter: file.encoding=UTF-8
2025-10-05 21:16:24,421 INFO o.a.j.JMeter: java.awt.headless=true
2025-10-05 21:16:24,421 INFO o.a.j.JMeter: Max memory     =536870912
2025-10-05 21:16:24,421 INFO o.a.j.JMeter: Available Processors =4
2025-10-05 21:16:24,431 INFO o.a.j.JMeter: Default Locale=English
2025-10-05 21:16:24,431 INFO o.a.j.JMeter: JMeter  Locale=English
2025-10-05 21:16:24,431 INFO o.a.j.JMeter: JMeterHome=/home/runner/work/grepwise/grepwise/target/b734b675-89a8-418e-9328-13db2c932aa3/jmeter
2025-10-05 21:16:24,431 INFO o.a.j.JMeter: user.dir  =/home/runner/work/grepwise/grepwise/target/b734b675-89a8-418e-9328-13db2c932aa3/jmeter/bin
2025-10-05 21:16:24,431 INFO o.a.j.JMeter: PWD       =/home/runner/work/grepwise/grepwise/target/b734b675-89a8-418e-9328-13db2c932aa3/jmeter/bin
2025-10-05 21:16:24,432 INFO o.a.j.JMeter: IP: 10.1.0.25 Name: runnervmwhb2z FullName: runnervmwhb2z.f4530jdhkuyexk22dkczxkimmd.phxx.internal.cloudapp.net
2025-10-05 21:16:24,440 INFO o.a.j.JMeter: Setting property 'jmeter.reportgenerator.outputdir' to:'/home/runner/work/grepwise/grepwise/target/jmeter/reports/syslog-udp'
2025-10-05 21:16:24,442 INFO o.a.j.s.FileServer: Default base='/home/runner/work/grepwise/grepwise/target/b734b675-89a8-418e-9328-13db2c932aa3/jmeter/bin'
2025-10-05 21:16:24,443 INFO o.a.j.s.FileServer: Set new base='/home/runner/work/grepwise/grepwise/target/jmeter/testFiles'
2025-10-05 21:16:24,669 INFO o.a.j.s.SaveService: Testplan (JMX) version: 2.2. Testlog (JTL) version: 2.2
2025-10-05 21:16:24,690 INFO o.a.j.s.SaveService: Using SaveService properties version 5.0
2025-10-05 21:16:24,693 INFO o.a.j.s.SaveService: Using SaveService properties file encoding UTF-8
2025-10-05 21:16:24,696 INFO o.a.j.s.SaveService: Loading file: /home/runner/work/grepwise/grepwise/target/jmeter/testFiles/syslog-udp.jmx
2025-10-05 21:16:24,779 INFO o.a.j.JMeter: Creating summariser <summary>
2025-10-05 21:16:24,784 INFO o.a.j.r.d.ReportGenerator: ReportGenerator will use for Parsing the separator: ','
2025-10-05 21:16:24,784 INFO o.a.j.r.d.ReportGenerator: Will generate report at end of test from  results file: /home/runner/work/grepwise/grepwise/target/jmeter/results/20251005-syslog-udp.csv
2025-10-05 21:16:24,785 INFO o.a.j.r.d.ReportGenerator: Reading report generator properties from: /home/runner/work/grepwise/grepwise/target/b734b675-89a8-418e-9328-13db2c932aa3/jmeter/bin/reportgenerator.properties
2025-10-05 21:16:24,785 INFO o.a.j.r.d.ReportGenerator: Merging with JMeter properties
2025-10-05 21:16:24,788 INFO o.a.j.r.c.ReportGeneratorConfiguration: Property 'jmeter.reportgenerator.temp_dir' not found, using default value 'temp' instead.
2025-10-05 21:16:24,790 INFO o.a.j.r.c.ReportGeneratorConfiguration: Property 'jmeter.reportgenerator.apdex_per_transaction' not found, using default value 'null' instead.
2025-10-05 21:16:24,790 INFO o.a.j.r.c.ReportGeneratorConfiguration: apdex_per_transaction is empty, not APDEX per transaction customization
2025-10-05 21:16:24,790 INFO o.a.j.r.c.ReportGeneratorConfiguration: Property 'jmeter.reportgenerator.sample_filter' not found, using default value 'null' instead.
2025-10-05 21:16:24,790 INFO o.a.j.r.c.ReportGeneratorConfiguration: Property 'jmeter.reportgenerator.report_title' not found, using default value 'null' instead.
2025-10-05 21:16:24,790 INFO o.a.j.r.c.ReportGeneratorConfiguration: Property 'jmeter.reportgenerator.start_date' not found, using default value 'null' instead.
2025-10-05 21:16:24,791 INFO o.a.j.r.c.ReportGeneratorConfiguration: Property 'jmeter.reportgenerator.end_date' not found, using default value 'null' instead.
2025-10-05 21:16:24,791 INFO o.a.j.r.c.ReportGeneratorConfiguration: Property 'jmeter.reportgenerator.date_format' not found, using default value 'null' instead.
2025-10-05 21:16:24,791 INFO o.a.j.r.c.ReportGeneratorConfiguration: Will use date range start date: null, end date: null
2025-10-05 21:16:24,794 INFO o.a.j.r.c.ReportGeneratorConfiguration: Property 'jmeter.reportgenerator.graph.totalTPS.exclude_controllers' not found, using default value 'false' instead.
2025-10-05 21:16:24,794 INFO o.a.j.r.c.ReportGeneratorConfiguration: Property 'jmeter.reportgenerator.graph.activeThreadsOverTime.exclude_controllers' not found, using default value 'false' instead.
2025-10-05 21:16:24,794 INFO o.a.j.r.c.ReportGeneratorConfiguration: Property 'jmeter.reportgenerator.graph.timeVsThreads.exclude_controllers' not found, using default value 'false' instead.
2025-10-05 21:16:24,794 INFO o.a.j.r.c.ReportGeneratorConfiguration: Property 'jmeter.reportgenerator.graph.responseTimeDistribution.exclude_controllers' not found, using default value 'false' instead.
2025-10-05 21:16:24,794 INFO o.a.j.r.c.ReportGeneratorConfiguration: Property 'jmeter.reportgenerator.graph.transactionsPerSecond.exclude_controllers' not found, using default value 'false' instead.
2025-10-05 21:16:24,794 INFO o.a.j.r.c.ReportGeneratorConfiguration: Property 'jmeter.reportgenerator.graph.responseTimePercentiles.exclude_controllers' not found, using default value 'false' instead.
2025-10-05 21:16:24,795 INFO o.a.j.r.c.ReportGeneratorConfiguration: Property 'jmeter.reportgenerator.graph.responseTimePercentilesOverTime.exclude_controllers' not found, using default value 'false' instead.
2025-10-05 21:16:24,795 INFO o.a.j.r.c.ReportGeneratorConfiguration: Property 'jmeter.reportgenerator.graph.responseTimesOverTime.exclude_controllers' not found, using default value 'false' instead.
2025-10-05 21:16:24,795 INFO o.a.j.r.c.ReportGeneratorConfiguration: Property 'jmeter.reportgenerator.graph.connectTimeOverTime.exclude_controllers' not found, using default value 'false' instead.
2025-10-05 21:16:24,795 INFO o.a.j.r.c.ReportGeneratorConfiguration: Property 'jmeter.reportgenerator.graph.latenciesOverTime.exclude_controllers' not found, using default value 'false' instead.
2025-10-05 21:16:24,796 INFO o.a.j.r.c.ReportGeneratorConfiguration: Property 'jmeter.reportgenerator.exporter.json.filters_only_sample_series' not found, using default value 'true' instead.
2025-10-05 21:16:24,796 INFO o.a.j.r.c.ReportGeneratorConfiguration: Property 'jmeter.reportgenerator.exporter.json.series_filter' not found, using default value '' instead.
2025-10-05 21:16:24,796 INFO o.a.j.r.c.ReportGeneratorConfiguration: Property 'jmeter.reportgenerator.exporter.json.show_controllers_only' not found, using default value 'false' instead.
2025-10-05 21:16:24,796 INFO o.a.j.r.c.ReportGeneratorConfiguration: Property 'jmeter.reportgenerator.exporter.html.filters_only_sample_series' not found, using default value 'true' instead.
2025-10-05 21:16:24,796 INFO o.a.j.r.c.ReportGeneratorConfiguration: Property 'jmeter.reportgenerator.exporter.html.series_filter' not found, using default value '' instead.
2025-10-05 21:16:24,796 INFO o.a.j.r.c.ReportGeneratorConfiguration: Property 'jmeter.reportgenerator.exporter.html.show_controllers_only' not found, using default value 'false' instead.
2025-10-05 21:16:24,806 INFO o.a.j.e.StandardJMeterEngine: Running the test!
2025-10-05 21:16:24,807 INFO o.a.j.s.SampleEvent: List of sample_variables: []
2025-10-05 21:16:24,807 INFO o.a.j.s.SampleEvent: List of sample_variables: []
2025-10-05 21:16:24,868 INFO o.a.j.JMeter: Running test (1759698984868)
2025-10-05 21:16:24,891 INFO o.a.j.e.StandardJMeterEngine: Starting ThreadGroup: 1 : UDP Senders
2025-10-05 21:16:24,892 INFO o.a.j.e.StandardJMeterEngine: Starting 10 threads for group UDP Senders.
2025-10-05 21:16:24,892 INFO o.a.j.e.StandardJMeterEngine: Thread will continue on error
2025-10-05 21:16:24,892 INFO o.a.j.t.ThreadGroup: Starting thread group... number=1 threads=10 ramp-up=10 delayedStart=false
2025-10-05 21:16:24,901 INFO o.a.j.t.JMeterThread: Thread started: UDP Senders 1-1
2025-10-05 21:16:24,922 INFO o.a.j.t.ThreadGroup: Started thread group number 1
2025-10-05 21:16:24,922 INFO o.a.j.e.StandardJMeterEngine: Starting ThreadGroup: 2 : Search Verifier
2025-10-05 21:16:24,922 INFO o.a.j.e.StandardJMeterEngine: Starting 1 threads for group Search Verifier.
2025-10-05 21:16:24,922 INFO o.a.j.e.StandardJMeterEngine: Thread will continue on error
2025-10-05 21:16:24,922 INFO o.a.j.t.ThreadGroup: Starting thread group... number=2 threads=1 ramp-up=1 delayedStart=false
2025-10-05 21:16:24,923 INFO o.a.j.t.ThreadGroup: Started thread group number 2
2025-10-05 21:16:24,923 INFO o.a.j.e.StandardJMeterEngine: All thread groups have been started
2025-10-05 21:16:24,923 INFO o.a.j.t.JMeterThread: Thread started: Search Verifier 2-1
2025-10-05 21:16:24,934 INFO o.a.j.p.h.s.HTTPHCAbstractImpl: Local host = runnervmwhb2z
2025-10-05 21:16:24,939 INFO o.a.j.p.h.s.HTTPHC4Impl: HTTP request retry count = 0
2025-10-05 21:16:24,939 INFO o.a.j.s.SampleResult: Note: Sample TimeStamps are END times
2025-10-05 21:16:24,939 INFO o.a.j.s.SampleResult: sampleresult.default.encoding is set to UTF-8
2025-10-05 21:16:24,940 INFO o.a.j.s.SampleResult: sampleresult.useNanoTime=true
2025-10-05 21:16:24,940 INFO o.a.j.s.SampleResult: sampleresult.nanoThreadSleep=5000
2025-10-05 21:16:24,987 INFO o.a.j.r.Summariser: summary +      1 in 00:00:00 =    8.5/s Avg:     2 Min:     2 Max:     2 Err:     0 (0.00%) Active: 2 Started: 2 Finished: 0
2025-10-05 21:16:25,901 INFO o.a.j.t.JMeterThread: Thread started: UDP Senders 1-2
2025-10-05 21:16:26,896 INFO o.a.j.t.JMeterThread: Thread started: UDP Senders 1-3
2025-10-05 21:16:27,896 INFO o.a.j.t.JMeterThread: Thread started: UDP Senders 1-4
2025-10-05 21:16:28,895 INFO o.a.j.t.JMeterThread: Thread started: UDP Senders 1-5
2025-10-05 21:16:29,895 INFO o.a.j.t.JMeterThread: Thread started: UDP Senders 1-6
2025-10-05 21:16:30,000 INFO o.a.j.r.Summariser: summary +   4691 in 00:00:05 =  935.4/s Avg:     0 Min:     0 Max:    41 Err:     0 (0.00%) Active: 7 Started: 7 Finished: 0
2025-10-05 21:16:30,001 INFO o.a.j.r.Summariser: summary =   4692 in 00:00:05 =  914.3/s Avg:     0 Min:     0 Max:    41 Err:     0 (0.00%)
2025-10-05 21:16:30,894 INFO o.a.j.t.JMeterThread: Thread started: UDP Senders 1-7
2025-10-05 21:16:31,894 INFO o.a.j.t.JMeterThread: Thread started: UDP Senders 1-8
2025-10-05 21:16:32,895 INFO o.a.j.t.JMeterThread: Thread started: UDP Senders 1-9
2025-10-05 21:16:33,895 INFO o.a.j.t.JMeterThread: Thread started: UDP Senders 1-10
2025-10-05 21:16:36,000 INFO o.a.j.r.Summariser: summary +  10243 in 00:00:06 = 1707.2/s Avg:     0 Min:     0 Max:    11 Err:     0 (0.00%) Active: 11 Started: 11 Finished: 0
2025-10-05 21:16:36,000 INFO o.a.j.r.Summariser: summary =  14935 in 00:00:11 = 1341.6/s Avg:     0 Min:     0 Max:    41 Err:     0 (0.00%)
2025-10-05 21:16:42,000 INFO o.a.j.r.Summariser: summary +  14175 in 00:00:06 = 2362.5/s Avg:     0 Min:     0 Max:     9 Err:     0 (0.00%) Active: 11 Started: 11 Finished: 0
2025-10-05 21:16:42,000 INFO o.a.j.r.Summariser: summary =  29110 in 00:00:17 = 1699.2/s Avg:     0 Min:     0 Max:    41 Err:     0 (0.00%)
2025-10-05 21:16:48,000 INFO o.a.j.r.Summariser: summary +  18334 in 00:00:06 = 3055.7/s Avg:     0 Min:     0 Max:     3 Err:     0 (0.00%) Active: 11 Started: 11 Finished: 0
2025-10-05 21:16:48,000 INFO o.a.j.r.Summariser: summary =  47444 in 00:00:23 = 2051.0/s Avg:     0 Min:     0 Max:    41 Err:     0 (0.00%)
2025-10-05 21:16:54,000 INFO o.a.j.r.Summariser: summary +  18529 in 00:00:06 = 3088.2/s Avg:     0 Min:     0 Max:     3 Err:     0 (0.00%) Active: 11 Started: 11 Finished: 0
2025-10-05 21:16:54,000 INFO o.a.j.r.Summariser: summary =  65973 in 00:00:29 = 2264.6/s Avg:     0 Min:     0 Max:    41 Err:     0 (0.00%)
2025-10-05 21:17:00,000 INFO o.a.j.r.Summariser: summary +  18238 in 00:00:06 = 3039.7/s Avg:     0 Min:     0 Max:     4 Err:     0 (0.00%) Active: 11 Started: 11 Finished: 0
2025-10-05 21:17:00,000 INFO o.a.j.r.Summariser: summary =  84211 in 00:00:35 = 2397.0/s Avg:     0 Min:     0 Max:    41 Err:     0 (0.00%)
2025-10-05 21:17:06,000 INFO o.a.j.r.Summariser: summary +  18833 in 00:00:06 = 3138.8/s Avg:     0 Min:     0 Max:     3 Err:     0 (0.00%) Active: 11 Started: 11 Finished: 0
2025-10-05 21:17:06,000 INFO o.a.j.r.Summariser: summary = 103044 in 00:00:41 = 2505.2/s Avg:     0 Min:     0 Max:    41 Err:     0 (0.00%)
2025-10-05 21:17:12,000 INFO o.a.j.r.Summariser: summary +  18741 in 00:00:06 = 3123.5/s Avg:     0 Min:     0 Max:     4 Err:     0 (0.00%) Active: 11 Started: 11 Finished: 0
2025-10-05 21:17:12,000 INFO o.a.j.r.Summariser: summary = 121785 in 00:00:47 = 2583.9/s Avg:     0 Min:     0 Max:    41 Err:     0 (0.00%)
2025-10-05 21:17:18,000 INFO o.a.j.r.Summariser: summary +  18480 in 00:00:06 = 3080.0/s Avg:     0 Min:     0 Max:     3 Err:     0 (0.00%) Active: 11 Started: 11 Finished: 0
2025-10-05 21:17:18,000 INFO o.a.j.r.Summariser: summary = 140265 in 00:00:53 = 2639.9/s Avg:     0 Min:     0 Max:    41 Err:     0 (0.00%)
2025-10-05 21:17:24,000 INFO o.a.j.r.Summariser: summary +  18935 in 00:00:06 = 3155.8/s Avg:     0 Min:     0 Max:     3 Err:     0 (0.00%) Active: 11 Started: 11 Finished: 0
2025-10-05 21:17:24,000 INFO o.a.j.r.Summariser: summary = 159200 in 00:00:59 = 2692.3/s Avg:     0 Min:     0 Max:    41 Err:     0 (0.00%)
2025-10-05 21:17:24,847 INFO o.a.j.t.JMeterThread: Thread finished: UDP Senders 1-6
2025-10-05 21:17:24,855 INFO o.a.j.t.JMeterThread: Thread finished: UDP Senders 1-4
2025-10-05 21:17:24,868 INFO o.a.j.t.JMeterThread: Thread finished: UDP Senders 1-2
2025-10-05 21:17:24,869 INFO o.a.j.t.JMeterThread: Thread finished: UDP Senders 1-10
2025-10-05 21:17:24,872 INFO o.a.j.t.JMeterThread: Thread finished: UDP Senders 1-1
2025-10-05 21:17:24,889 INFO o.a.j.t.JMeterThread: Thread finished: UDP Senders 1-3
2025-10-05 21:17:24,904 INFO o.a.j.t.JMeterThread: Thread finished: UDP Senders 1-8
2025-10-05 21:17:24,906 INFO o.a.j.t.JMeterThread: Thread finished: UDP Senders 1-7
2025-10-05 21:17:24,906 INFO o.a.j.t.JMeterThread: Thread finished: UDP Senders 1-9
2025-10-05 21:17:24,910 INFO o.a.j.t.JMeterThread: Stopping because end time detected by thread: UDP Senders 1-5
2025-10-05 21:17:24,910 INFO o.a.j.t.JMeterThread: Thread finished: UDP Senders 1-5
2025-10-05 21:17:24,922 INFO o.a.j.t.JMeterThread: Stopping because end time detected by thread: Search Verifier 2-1
2025-10-05 21:17:24,922 INFO o.a.j.t.JMeterThread: Thread finished: Search Verifier 2-1
2025-10-05 21:17:24,922 INFO o.a.j.e.StandardJMeterEngine: Notifying test listeners of end of test
2025-10-05 21:17:24,923 INFO o.a.j.r.Summariser: summary +   2915 in 00:00:01 = 3158.2/s Avg:     0 Min:     0 Max:     2 Err:     0 (0.00%) Active: 0 Started: 11 Finished: 11
2025-10-05 21:17:24,923 INFO o.a.j.r.Summariser: summary = 162115 in 00:01:00 = 2699.4/s Avg:     0 Min:     0 Max:    41 Err:     0 (0.00%)
2025-10-05 21:17:24,923 INFO o.a.j.JMeter: Generating Dashboard
2025-10-05 21:17:24,923 INFO o.a.j.r.d.ReportGenerator: Flushing result collector before report Generation
2025-10-05 21:17:24,934 INFO o.a.j.r.p.NormalizerSampleConsumer: Using format, 'ms', to parse timeStamp field
2025-10-05 21:17:26,913 INFO o.a.j.r.p.AbstractSampleConsumer: class org.apache.jmeter.report.processor.AggregateConsumer#stopProducing(): beginDate produced 0 samples
2025-10-05 21:17:26,913 INFO o.a.j.r.p.AbstractSampleConsumer: class org.apache.jmeter.report.processor.AggregateConsumer#stopProducing(): endDate produced 0 samples
2025-10-05 21:17:26,915 INFO o.a.j.r.p.AbstractSampleConsumer: class org.apache.jmeter.report.processor.ApdexSummaryConsumer#stopProducing(): apdexSummary produced 0 samples
2025-10-05 21:17:26,915 INFO o.a.j.r.p.AbstractSampleConsumer: class org.apache.jmeter.report.processor.RequestsSummaryConsumer#stopProducing(): requestsSummary produced 0 samples
2025-10-05 21:17:26,927 INFO o.a.j.r.p.AbstractSampleConsumer: class org.apache.jmeter.report.processor.StatisticsSummaryConsumer#stopProducing(): statisticsSummary produced 0 samples
2025-10-05 21:17:26,928 INFO o.a.j.r.p.AbstractSampleConsumer: class org.apache.jmeter.report.processor.Top5ErrorsBySamplerConsumer#stopProducing(): top5ErrorsBySampler produced 0 samples
2025-10-05 21:17:26,928 INFO o.a.j.r.p.AbstractSampleConsumer: class org.apache.jmeter.report.processor.ErrorsSummaryConsumer#stopProducing(): errorsSummary produced 0 samples
2025-10-05 21:17:26,928 INFO o.a.j.r.p.AbstractSampleConsumer: class org.apache.jmeter.report.processor.graph.impl.HitsPerSecondGraphConsumer#stopProducing(): hitsPerSecond produced 0 samples
2025-10-05 21:17:27,427 INFO o.a.j.r.p.AbstractSampleConsumer: class org.apache.jmeter.report.processor.graph.impl.LatencyVSRequestGraphConsumer#stopProducing(): latencyVsRequest produced 0 samples
2025-10-05 21:17:27,432 INFO o.a.j.r.p.AbstractSampleConsumer: class org.apache.jmeter.report.processor.graph.impl.SyntheticResponseTimeDistributionGraphConsumer#stopProducing(): syntheticResponseTimeDistribution produced 0 samples
2025-10-05 21:17:27,433 INFO o.a.j.r.p.AbstractSampleConsumer: class org.apache.jmeter.report.processor.graph.impl.BytesThroughputGraphConsumer#stopProducing(): bytesThroughputOverTime produced 0 samples
2025-10-05 21:17:27,433 INFO o.a.j.r.p.AbstractSampleConsumer: class org.apache.jmeter.report.processor.graph.impl.CodesPerSecondGraphConsumer#stopProducing(): codesPerSecond produced 0 samples
2025-10-05 21:17:27,864 INFO o.a.j.r.p.AbstractSampleConsumer: class org.apache.jmeter.report.processor.graph.impl.ResponseTimeVSRequestGraphConsumer#stopProducing(): responseTimeVsRequest produced 0 samples
2025-10-05 21:17:27,867 INFO o.a.j.r.p.AbstractSampleConsumer: class org.apache.jmeter.report.processor.FilterConsumer#stopProducing(): startIntervalControlerFilter produced 1134805 samples
2025-10-05 21:17:27,868 INFO o.a.j.r.p.AbstractSampleConsumer: class org.apache.jmeter.report.processor.graph.impl.TotalTPSGraphConsumer#stopProducing(): totalTPS produced 0 samples
2025-10-05 21:17:27,868 INFO o.a.j.r.p.AbstractSampleConsumer: class org.apache.jmeter.report.processor.graph.impl.ActiveThreadsGraphConsumer#stopProducing(): activeThreadsOverTime produced 0 samples
2025-10-05 21:17:27,868 INFO o.a.j.r.p.AbstractSampleConsumer: class org.apache.jmeter.report.processor.graph.impl.TimeVSThreadGraphConsumer#stopProducing(): timeVsThreads produced 0 samples
2025-10-05 21:17:27,868 INFO o.a.j.r.p.AbstractSampleConsumer: class org.apache.jmeter.report.processor.graph.impl.ResponseTimeDistributionGraphConsumer#stopProducing(): responseTimeDistribution produced 0 samples
2025-10-05 21:17:27,868 INFO o.a.j.r.p.AbstractSampleConsumer: class org.apache.jmeter.report.processor.graph.impl.TransactionsPerSecondGraphConsumer#stopProducing(): transactionsPerSecond produced 0 samples
2025-10-05 21:17:27,868 INFO o.a.j.r.p.AbstractSampleConsumer: class org.apache.jmeter.report.processor.graph.impl.ResponseTimePercentilesGraphConsumer#stopProducing(): responseTimePercentiles produced 0 samples
2025-10-05 21:17:27,869 INFO o.a.j.r.p.AbstractSampleConsumer: class org.apache.jmeter.report.processor.graph.impl.ResponseTimePercentilesOverTimeGraphConsumer#stopProducing(): responseTimePercentilesOverTime produced 0 samples
2025-10-05 21:17:27,872 INFO o.a.j.r.p.AbstractSampleConsumer: class org.apache.jmeter.report.processor.graph.impl.ResponseTimeOverTimeGraphConsumer#stopProducing(): responseTimesOverTime produced 0 samples
2025-10-05 21:17:27,872 INFO o.a.j.r.p.AbstractSampleConsumer: class org.apache.jmeter.report.processor.graph.impl.ConnectTimeOverTimeGraphConsumer#stopProducing(): connectTimeOverTime produced 0 samples
2025-10-05 21:17:27,872 INFO o.a.j.r.p.AbstractSampleConsumer: class org.apache.jmeter.report.processor.graph.impl.LatencyOverTimeGraphConsumer#stopProducing(): latenciesOverTime produced 0 samples
2025-10-05 21:17:27,872 INFO o.a.j.r.p.AbstractSampleConsumer: class org.apache.jmeter.report.processor.FilterConsumer#stopProducing(): nameFilter produced 2431725 samples
2025-10-05 21:17:27,872 INFO o.a.j.r.p.AbstractSampleConsumer: class org.apache.jmeter.report.processor.FilterConsumer#stopProducing(): dateRangeFilter produced 486345 samples
2025-10-05 21:17:27,872 INFO o.a.j.r.p.AbstractSampleConsumer: class org.apache.jmeter.report.processor.NormalizerSampleConsumer#stopProducing(): normalizer produced 162115 samples
2025-10-05 21:17:27,873 INFO o.a.j.r.p.CsvFileSampleSource: produce(): 162115 samples produced in 2s 918 ms on channel 0
2025-10-05 21:17:27,873 INFO o.a.j.r.d.ReportGenerator: Exporting data using exporter:'json' of className:'org.apache.jmeter.report.dashboard.JsonExporter'
2025-10-05 21:17:27,953 INFO o.a.j.r.d.JsonExporter: Found data for consumer statisticsSummary in context
2025-10-05 21:17:27,953 INFO o.a.j.r.d.JsonExporter: Creating statistics for overall
2025-10-05 21:17:27,953 INFO o.a.j.r.d.JsonExporter: Creating statistics for other transactions
2025-10-05 21:17:27,954 INFO o.a.j.r.d.JsonExporter: Checking output folder
2025-10-05 21:17:27,954 INFO o.a.j.r.d.JsonExporter: Writing statistics JSON to /home/runner/work/grepwise/grepwise/target/jmeter/reports/syslog-udp/statistics.json
2025-10-05 21:17:27,986 INFO o.a.j.r.d.ReportGenerator: Exporting data using exporter:'html' of className:'org.apache.jmeter.report.dashboard.HtmlTemplateExporter'
2025-10-05 21:17:27,988 INFO o.a.j.r.d.HtmlTemplateExporter: Will generate dashboard in folder: /home/runner/work/grepwise/grepwise/target/jmeter/reports/syslog-udp
2025-10-05 21:17:28,074 INFO o.a.j.r.d.HtmlTemplateExporter: Report will be generated in: /home/runner/work/grepwise/grepwise/target/jmeter/reports/syslog-udp, creating folder structure
2025-10-05 21:17:28,076 INFO o.a.j.r.d.TemplateVisitor: Copying folder from '/home/runner/work/grepwise/grepwise/target/b734b675-89a8-418e-9328-13db2c932aa3/jmeter/bin/report-template' to '/home/runner/work/grepwise/grepwise/target/jmeter/reports/syslog-udp', got message: /home/runner/work/grepwise/grepwise/target/jmeter/reports/syslog-udp, found non empty folder with following content [/home/runner/work/grepwise/grepwise/target/jmeter/reports/syslog-udp/statistics.json], will be ignored
2025-10-05 21:17:28,240 INFO o.a.j.JMeter: Dashboard generated
