2025-10-06 00:04:35,050 INFO o.a.j.u.JMeterUtils: Setting Locale to en
2025-10-06 00:04:35,063 INFO o.a.j.JMeter: Loading additional properties from: /home/runner/work/grepwise/grepwise/src/test/jmeter/jmeter.properties
2025-10-06 00:04:35,063 INFO o.a.j.JMeter: Setting System property: sun.net.http.allowRestrictedHeaders=true
2025-10-06 00:04:35,067 INFO o.a.j.JMeter: Copyright (c) 1998-2023 The Apache Software Foundation
2025-10-06 00:04:35,067 INFO o.a.j.JMeter: Version 5.6.2
2025-10-06 00:04:35,067 INFO o.a.j.JMeter: java.version=25
2025-10-06 00:04:35,067 INFO o.a.j.JMeter: java.vm.name=OpenJDK 64-Bit Server VM
2025-10-06 00:04:35,068 INFO o.a.j.JMeter: os.name=Linux
2025-10-06 00:04:35,068 INFO o.a.j.JMeter: os.arch=amd64
2025-10-06 00:04:35,068 INFO o.a.j.JMeter: os.version=6.11.0-1018-azure
2025-10-06 00:04:35,068 INFO o.a.j.JMeter: file.encoding=UTF-8
2025-10-06 00:04:35,068 INFO o.a.j.JMeter: java.awt.headless=true
2025-10-06 00:04:35,068 INFO o.a.j.JMeter: Max memory     =536870912
2025-10-06 00:04:35,068 INFO o.a.j.JMeter: Available Processors =4
2025-10-06 00:04:35,078 INFO o.a.j.JMeter: Default Locale=English
2025-10-06 00:04:35,078 INFO o.a.j.JMeter: JMeter  Locale=English
2025-10-06 00:04:35,078 INFO o.a.j.JMeter: JMeterHome=/home/runner/work/grepwise/grepwise/target/56d5aad5-f267-4774-9b11-72a6fd17213f/jmeter
2025-10-06 00:04:35,078 INFO o.a.j.JMeter: user.dir  =/home/runner/work/grepwise/grepwise/target/56d5aad5-f267-4774-9b11-72a6fd17213f/jmeter/bin
2025-10-06 00:04:35,078 INFO o.a.j.JMeter: PWD       =/home/runner/work/grepwise/grepwise/target/56d5aad5-f267-4774-9b11-72a6fd17213f/jmeter/bin
2025-10-06 00:04:35,078 INFO o.a.j.JMeter: IP: 10.1.0.28 Name: runnervmwhb2z FullName: runnervmwhb2z
2025-10-06 00:04:35,087 INFO o.a.j.JMeter: Setting property 'jmeter.reportgenerator.outputdir' to:'/home/runner/work/grepwise/grepwise/target/jmeter/reports/combined-parallel-bsh'
2025-10-06 00:04:35,089 INFO o.a.j.s.FileServer: Default base='/home/runner/work/grepwise/grepwise/target/56d5aad5-f267-4774-9b11-72a6fd17213f/jmeter/bin'
2025-10-06 00:04:35,090 INFO o.a.j.s.FileServer: Set new base='/home/runner/work/grepwise/grepwise/target/jmeter/testFiles'
2025-10-06 00:04:35,322 INFO o.a.j.s.SaveService: Testplan (JMX) version: 2.2. Testlog (JTL) version: 2.2
2025-10-06 00:04:35,342 INFO o.a.j.s.SaveService: Using SaveService properties version 5.0
2025-10-06 00:04:35,345 INFO o.a.j.s.SaveService: Using SaveService properties file encoding UTF-8
2025-10-06 00:04:35,348 INFO o.a.j.s.SaveService: Loading file: /home/runner/work/grepwise/grepwise/target/jmeter/testFiles/combined-parallel-bsh.jmx
2025-10-06 00:04:35,432 INFO o.a.j.JMeter: Creating summariser <summary>
2025-10-06 00:04:35,437 INFO o.a.j.r.d.ReportGenerator: ReportGenerator will use for Parsing the separator: ','
2025-10-06 00:04:35,437 INFO o.a.j.r.d.ReportGenerator: Will generate report at end of test from  results file: /home/runner/work/grepwise/grepwise/target/jmeter/results/20251006-combined-parallel-bsh.csv
2025-10-06 00:04:35,437 INFO o.a.j.r.d.ReportGenerator: Reading report generator properties from: /home/runner/work/grepwise/grepwise/target/56d5aad5-f267-4774-9b11-72a6fd17213f/jmeter/bin/reportgenerator.properties
2025-10-06 00:04:35,438 INFO o.a.j.r.d.ReportGenerator: Merging with JMeter properties
2025-10-06 00:04:35,441 INFO o.a.j.r.c.ReportGeneratorConfiguration: Property 'jmeter.reportgenerator.temp_dir' not found, using default value 'temp' instead.
2025-10-06 00:04:35,443 INFO o.a.j.r.c.ReportGeneratorConfiguration: Property 'jmeter.reportgenerator.apdex_per_transaction' not found, using default value 'null' instead.
2025-10-06 00:04:35,443 INFO o.a.j.r.c.ReportGeneratorConfiguration: apdex_per_transaction is empty, not APDEX per transaction customization
2025-10-06 00:04:35,443 INFO o.a.j.r.c.ReportGeneratorConfiguration: Property 'jmeter.reportgenerator.sample_filter' not found, using default value 'null' instead.
2025-10-06 00:04:35,443 INFO o.a.j.r.c.ReportGeneratorConfiguration: Property 'jmeter.reportgenerator.report_title' not found, using default value 'null' instead.
2025-10-06 00:04:35,443 INFO o.a.j.r.c.ReportGeneratorConfiguration: Property 'jmeter.reportgenerator.start_date' not found, using default value 'null' instead.
2025-10-06 00:04:35,443 INFO o.a.j.r.c.ReportGeneratorConfiguration: Property 'jmeter.reportgenerator.end_date' not found, using default value 'null' instead.
2025-10-06 00:04:35,443 INFO o.a.j.r.c.ReportGeneratorConfiguration: Property 'jmeter.reportgenerator.date_format' not found, using default value 'null' instead.
2025-10-06 00:04:35,443 INFO o.a.j.r.c.ReportGeneratorConfiguration: Will use date range start date: null, end date: null
2025-10-06 00:04:35,446 INFO o.a.j.r.c.ReportGeneratorConfiguration: Property 'jmeter.reportgenerator.graph.totalTPS.exclude_controllers' not found, using default value 'false' instead.
2025-10-06 00:04:35,446 INFO o.a.j.r.c.ReportGeneratorConfiguration: Property 'jmeter.reportgenerator.graph.activeThreadsOverTime.exclude_controllers' not found, using default value 'false' instead.
2025-10-06 00:04:35,446 INFO o.a.j.r.c.ReportGeneratorConfiguration: Property 'jmeter.reportgenerator.graph.timeVsThreads.exclude_controllers' not found, using default value 'false' instead.
2025-10-06 00:04:35,446 INFO o.a.j.r.c.ReportGeneratorConfiguration: Property 'jmeter.reportgenerator.graph.responseTimeDistribution.exclude_controllers' not found, using default value 'false' instead.
2025-10-06 00:04:35,446 INFO o.a.j.r.c.ReportGeneratorConfiguration: Property 'jmeter.reportgenerator.graph.transactionsPerSecond.exclude_controllers' not found, using default value 'false' instead.
2025-10-06 00:04:35,447 INFO o.a.j.r.c.ReportGeneratorConfiguration: Property 'jmeter.reportgenerator.graph.responseTimePercentiles.exclude_controllers' not found, using default value 'false' instead.
2025-10-06 00:04:35,447 INFO o.a.j.r.c.ReportGeneratorConfiguration: Property 'jmeter.reportgenerator.graph.responseTimePercentilesOverTime.exclude_controllers' not found, using default value 'false' instead.
2025-10-06 00:04:35,447 INFO o.a.j.r.c.ReportGeneratorConfiguration: Property 'jmeter.reportgenerator.graph.responseTimesOverTime.exclude_controllers' not found, using default value 'false' instead.
2025-10-06 00:04:35,447 INFO o.a.j.r.c.ReportGeneratorConfiguration: Property 'jmeter.reportgenerator.graph.connectTimeOverTime.exclude_controllers' not found, using default value 'false' instead.
2025-10-06 00:04:35,447 INFO o.a.j.r.c.ReportGeneratorConfiguration: Property 'jmeter.reportgenerator.graph.latenciesOverTime.exclude_controllers' not found, using default value 'false' instead.
2025-10-06 00:04:35,448 INFO o.a.j.r.c.ReportGeneratorConfiguration: Property 'jmeter.reportgenerator.exporter.json.filters_only_sample_series' not found, using default value 'true' instead.
2025-10-06 00:04:35,448 INFO o.a.j.r.c.ReportGeneratorConfiguration: Property 'jmeter.reportgenerator.exporter.json.series_filter' not found, using default value '' instead.
2025-10-06 00:04:35,448 INFO o.a.j.r.c.ReportGeneratorConfiguration: Property 'jmeter.reportgenerator.exporter.json.show_controllers_only' not found, using default value 'false' instead.
2025-10-06 00:04:35,448 INFO o.a.j.r.c.ReportGeneratorConfiguration: Property 'jmeter.reportgenerator.exporter.html.filters_only_sample_series' not found, using default value 'true' instead.
2025-10-06 00:04:35,448 INFO o.a.j.r.c.ReportGeneratorConfiguration: Property 'jmeter.reportgenerator.exporter.html.series_filter' not found, using default value '' instead.
2025-10-06 00:04:35,448 INFO o.a.j.r.c.ReportGeneratorConfiguration: Property 'jmeter.reportgenerator.exporter.html.show_controllers_only' not found, using default value 'false' instead.
2025-10-06 00:04:35,457 INFO o.a.j.e.StandardJMeterEngine: Running the test!
2025-10-06 00:04:35,457 INFO o.a.j.s.SampleEvent: List of sample_variables: []
2025-10-06 00:04:35,457 INFO o.a.j.s.SampleEvent: List of sample_variables: []
2025-10-06 00:04:35,516 INFO o.a.j.JMeter: Running test (1759709075516)
2025-10-06 00:04:35,540 INFO o.a.j.e.StandardJMeterEngine: Starting ThreadGroup: 1 : UDP Ingestion
2025-10-06 00:04:35,540 INFO o.a.j.e.StandardJMeterEngine: Starting 10 threads for group UDP Ingestion.
2025-10-06 00:04:35,540 INFO o.a.j.e.StandardJMeterEngine: Thread will continue on error
2025-10-06 00:04:35,541 INFO o.a.j.t.ThreadGroup: Starting thread group... number=1 threads=10 ramp-up=10 delayedStart=false
2025-10-06 00:04:35,552 INFO o.a.j.t.JMeterThread: Thread started: UDP Ingestion 1-1
2025-10-06 00:04:35,575 INFO o.a.j.t.ThreadGroup: Started thread group number 1
2025-10-06 00:04:35,575 INFO o.a.j.e.StandardJMeterEngine: Starting ThreadGroup: 2 : HTTP Searchers
2025-10-06 00:04:35,575 INFO o.a.j.e.StandardJMeterEngine: Starting 10 threads for group HTTP Searchers.
2025-10-06 00:04:35,575 INFO o.a.j.e.StandardJMeterEngine: Thread will continue on error
2025-10-06 00:04:35,575 INFO o.a.j.t.ThreadGroup: Starting thread group... number=2 threads=10 ramp-up=10 delayedStart=false
2025-10-06 00:04:35,576 INFO o.a.j.t.JMeterThread: Thread started: HTTP Searchers 2-1
2025-10-06 00:04:35,581 INFO o.a.j.s.SampleResult: Note: Sample TimeStamps are END times
2025-10-06 00:04:35,581 INFO o.a.j.s.SampleResult: sampleresult.default.encoding is set to UTF-8
2025-10-06 00:04:35,581 INFO o.a.j.s.SampleResult: sampleresult.useNanoTime=true
2025-10-06 00:04:35,581 INFO o.a.j.s.SampleResult: sampleresult.nanoThreadSleep=5000
2025-10-06 00:04:35,583 INFO o.a.j.t.ThreadGroup: Started thread group number 2
2025-10-06 00:04:35,583 INFO o.a.j.e.StandardJMeterEngine: All thread groups have been started
2025-10-06 00:04:35,588 INFO o.a.j.r.Summariser: summary +      1 in 00:00:00 =   14.3/s Avg:     2 Min:     2 Max:     2 Err:     0 (0.00%) Active: 2 Started: 2 Finished: 0
2025-10-06 00:04:35,594 INFO o.a.j.p.h.s.HTTPHCAbstractImpl: Local host = runnervmwhb2z
2025-10-06 00:04:35,600 INFO o.a.j.p.h.s.HTTPHC4Impl: HTTP request retry count = 0
2025-10-06 00:04:36,547 INFO o.a.j.t.JMeterThread: Thread started: UDP Ingestion 1-2
2025-10-06 00:04:36,576 INFO o.a.j.t.JMeterThread: Thread started: HTTP Searchers 2-2
2025-10-06 00:04:37,545 INFO o.a.j.t.JMeterThread: Thread started: UDP Ingestion 1-3
2025-10-06 00:04:37,579 INFO o.a.j.t.JMeterThread: Thread started: HTTP Searchers 2-3
2025-10-06 00:04:38,545 INFO o.a.j.t.JMeterThread: Thread started: UDP Ingestion 1-4
2025-10-06 00:04:38,577 INFO o.a.j.t.JMeterThread: Thread started: HTTP Searchers 2-4
2025-10-06 00:04:39,544 INFO o.a.j.t.JMeterThread: Thread started: UDP Ingestion 1-5
2025-10-06 00:04:39,577 INFO o.a.j.t.JMeterThread: Thread started: HTTP Searchers 2-5
2025-10-06 00:04:40,545 INFO o.a.j.t.JMeterThread: Thread started: UDP Ingestion 1-6
2025-10-06 00:04:40,577 INFO o.a.j.t.JMeterThread: Thread started: HTTP Searchers 2-6
2025-10-06 00:04:41,000 INFO o.a.j.r.Summariser: summary +  18828 in 00:00:05 = 3478.3/s Avg:     0 Min:     0 Max:    23 Err:     0 (0.00%) Active: 12 Started: 12 Finished: 0
2025-10-06 00:04:41,000 INFO o.a.j.r.Summariser: summary =  18829 in 00:00:05 = 3433.4/s Avg:     0 Min:     0 Max:    23 Err:     0 (0.00%)
2025-10-06 00:04:41,544 INFO o.a.j.t.JMeterThread: Thread started: UDP Ingestion 1-7
2025-10-06 00:04:41,576 INFO o.a.j.t.JMeterThread: Thread started: HTTP Searchers 2-7
2025-10-06 00:04:42,543 INFO o.a.j.t.JMeterThread: Thread started: UDP Ingestion 1-8
2025-10-06 00:04:42,576 INFO o.a.j.t.JMeterThread: Thread started: HTTP Searchers 2-8
2025-10-06 00:04:43,544 INFO o.a.j.t.JMeterThread: Thread started: UDP Ingestion 1-9
2025-10-06 00:04:43,577 INFO o.a.j.t.JMeterThread: Thread started: HTTP Searchers 2-9
2025-10-06 00:04:44,543 INFO o.a.j.t.JMeterThread: Thread started: UDP Ingestion 1-10
2025-10-06 00:04:44,577 INFO o.a.j.t.JMeterThread: Thread started: HTTP Searchers 2-10
2025-10-06 00:04:47,000 INFO o.a.j.r.Summariser: summary +  42213 in 00:00:06 = 7035.5/s Avg:     1 Min:     0 Max:    11 Err:     0 (0.00%) Active: 20 Started: 20 Finished: 0
2025-10-06 00:04:47,000 INFO o.a.j.r.Summariser: summary =  61042 in 00:00:11 = 5315.4/s Avg:     1 Min:     0 Max:    23 Err:     0 (0.00%)
2025-10-06 00:04:53,000 INFO o.a.j.r.Summariser: summary +  49838 in 00:00:06 = 8306.3/s Avg:     1 Min:     0 Max:    14 Err:     0 (0.00%) Active: 20 Started: 20 Finished: 0
2025-10-06 00:04:53,000 INFO o.a.j.r.Summariser: summary = 110880 in 00:00:17 = 6341.8/s Avg:     1 Min:     0 Max:    23 Err:     0 (0.00%)
2025-10-06 00:04:59,000 INFO o.a.j.r.Summariser: summary +  49559 in 00:00:06 = 8259.8/s Avg:     1 Min:     0 Max:    11 Err:     0 (0.00%) Active: 20 Started: 20 Finished: 0
2025-10-06 00:04:59,002 INFO o.a.j.r.Summariser: summary = 160439 in 00:00:23 = 6831.8/s Avg:     1 Min:     0 Max:    23 Err:     0 (0.00%)
2025-10-06 00:05:05,000 INFO o.a.j.r.Summariser: summary +  50375 in 00:00:06 = 8395.8/s Avg:     1 Min:     0 Max:    10 Err:     0 (0.00%) Active: 20 Started: 20 Finished: 0
2025-10-06 00:05:05,000 INFO o.a.j.r.Summariser: summary = 210814 in 00:00:29 = 7150.1/s Avg:     1 Min:     0 Max:    23 Err:     0 (0.00%)
2025-10-06 00:05:11,000 INFO o.a.j.r.Summariser: summary +  51319 in 00:00:06 = 8553.2/s Avg:     1 Min:     0 Max:    14 Err:     0 (0.00%) Active: 20 Started: 20 Finished: 0
2025-10-06 00:05:11,000 INFO o.a.j.r.Summariser: summary = 262133 in 00:00:35 = 7387.4/s Avg:     1 Min:     0 Max:    23 Err:     0 (0.00%)
2025-10-06 00:05:17,000 INFO o.a.j.r.Summariser: summary +  50840 in 00:00:06 = 8473.3/s Avg:     1 Min:     0 Max:    12 Err:     0 (0.00%) Active: 20 Started: 20 Finished: 0
2025-10-06 00:05:17,000 INFO o.a.j.r.Summariser: summary = 312973 in 00:00:41 = 7544.4/s Avg:     1 Min:     0 Max:    23 Err:     0 (0.00%)
2025-10-06 00:05:23,000 INFO o.a.j.r.Summariser: summary +  51494 in 00:00:06 = 8582.3/s Avg:     1 Min:     0 Max:     9 Err:     0 (0.00%) Active: 20 Started: 20 Finished: 0
2025-10-06 00:05:23,000 INFO o.a.j.r.Summariser: summary = 364467 in 00:00:47 = 7675.6/s Avg:     1 Min:     0 Max:    23 Err:     0 (0.00%)
2025-10-06 00:05:29,002 INFO o.a.j.r.Summariser: summary +  51818 in 00:00:06 = 8636.3/s Avg:     1 Min:     0 Max:    11 Err:     0 (0.00%) Active: 20 Started: 20 Finished: 0
2025-10-06 00:05:29,003 INFO o.a.j.r.Summariser: summary = 416285 in 00:00:53 = 7783.4/s Avg:     1 Min:     0 Max:    23 Err:     0 (0.00%)
2025-10-06 00:05:35,000 INFO o.a.j.r.Summariser: summary +  51945 in 00:00:06 = 8657.5/s Avg:     1 Min:     0 Max:    12 Err:     0 (0.00%) Active: 20 Started: 20 Finished: 0
2025-10-06 00:05:35,000 INFO o.a.j.r.Summariser: summary = 468230 in 00:00:59 = 7871.5/s Avg:     1 Min:     0 Max:    23 Err:     0 (0.00%)
2025-10-06 00:05:35,511 INFO o.a.j.t.JMeterThread: Thread finished: UDP Ingestion 1-2
2025-10-06 00:05:35,521 INFO o.a.j.t.JMeterThread: Thread finished: UDP Ingestion 1-3
2025-10-06 00:05:35,534 INFO o.a.j.t.JMeterThread: Thread finished: UDP Ingestion 1-4
2025-10-06 00:05:35,536 INFO o.a.j.t.JMeterThread: Thread finished: UDP Ingestion 1-1
2025-10-06 00:05:35,549 INFO o.a.j.t.JMeterThread: Thread finished: UDP Ingestion 1-7
2025-10-06 00:05:35,554 INFO o.a.j.t.JMeterThread: Thread finished: UDP Ingestion 1-5
2025-10-06 00:05:35,559 INFO o.a.j.t.JMeterThread: Thread finished: UDP Ingestion 1-10
2025-10-06 00:05:35,560 INFO o.a.j.t.JMeterThread: Thread finished: UDP Ingestion 1-6
2025-10-06 00:05:35,560 INFO o.a.j.t.JMeterThread: Thread finished: UDP Ingestion 1-8
2025-10-06 00:05:35,564 INFO o.a.j.t.JMeterThread: Thread finished: UDP Ingestion 1-9
2025-10-06 00:05:35,575 INFO o.a.j.t.JMeterThread: Stopping because end time detected by thread: HTTP Searchers 2-1
2025-10-06 00:05:35,575 INFO o.a.j.t.JMeterThread: Thread finished: HTTP Searchers 2-1
2025-10-06 00:05:35,575 INFO o.a.j.t.JMeterThread: Stopping because end time detected by thread: HTTP Searchers 2-2
2025-10-06 00:05:35,575 INFO o.a.j.t.JMeterThread: Thread finished: HTTP Searchers 2-2
2025-10-06 00:05:35,576 INFO o.a.j.t.JMeterThread: Stopping because end time detected by thread: HTTP Searchers 2-3
2025-10-06 00:05:35,576 INFO o.a.j.t.JMeterThread: Thread finished: HTTP Searchers 2-3
2025-10-06 00:05:35,577 INFO o.a.j.t.JMeterThread: Stopping because end time detected by thread: HTTP Searchers 2-4
2025-10-06 00:05:35,577 INFO o.a.j.t.JMeterThread: Thread finished: HTTP Searchers 2-4
2025-10-06 00:05:35,578 INFO o.a.j.t.JMeterThread: Stopping because end time detected by thread: HTTP Searchers 2-6
2025-10-06 00:05:35,578 INFO o.a.j.t.JMeterThread: Stopping because end time detected by thread: HTTP Searchers 2-5
2025-10-06 00:05:35,578 INFO o.a.j.t.JMeterThread: Thread finished: HTTP Searchers 2-6
2025-10-06 00:05:35,578 INFO o.a.j.t.JMeterThread: Thread finished: HTTP Searchers 2-5
2025-10-06 00:05:35,579 INFO o.a.j.t.JMeterThread: Stopping because end time detected by thread: HTTP Searchers 2-7
2025-10-06 00:05:35,579 INFO o.a.j.t.JMeterThread: Thread finished: HTTP Searchers 2-7
2025-10-06 00:05:35,580 INFO o.a.j.t.JMeterThread: Stopping because end time detected by thread: HTTP Searchers 2-8
2025-10-06 00:05:35,580 INFO o.a.j.t.JMeterThread: Thread finished: HTTP Searchers 2-8
2025-10-06 00:05:35,581 INFO o.a.j.t.JMeterThread: Stopping because end time detected by thread: HTTP Searchers 2-9
2025-10-06 00:05:35,581 INFO o.a.j.t.JMeterThread: Thread finished: HTTP Searchers 2-9
2025-10-06 00:05:35,583 INFO o.a.j.t.JMeterThread: Stopping because end time detected by thread: HTTP Searchers 2-10
2025-10-06 00:05:35,583 INFO o.a.j.t.JMeterThread: Thread finished: HTTP Searchers 2-10
2025-10-06 00:05:35,583 INFO o.a.j.e.StandardJMeterEngine: Notifying test listeners of end of test
2025-10-06 00:05:35,583 INFO o.a.j.r.Summariser: summary +   4949 in 00:00:01 = 8488.9/s Avg:     1 Min:     0 Max:     8 Err:     0 (0.00%) Active: 0 Started: 20 Finished: 20
2025-10-06 00:05:35,584 INFO o.a.j.r.Summariser: summary = 473179 in 00:01:00 = 7877.4/s Avg:     1 Min:     0 Max:    23 Err:     0 (0.00%)
2025-10-06 00:05:35,584 INFO o.a.j.JMeter: Generating Dashboard
2025-10-06 00:05:35,584 INFO o.a.j.r.d.ReportGenerator: Flushing result collector before report Generation
2025-10-06 00:05:35,595 INFO o.a.j.r.p.NormalizerSampleConsumer: Using format, 'ms', to parse timeStamp field
2025-10-06 00:05:40,671 INFO o.a.j.r.p.AbstractSampleConsumer: class org.apache.jmeter.report.processor.AggregateConsumer#stopProducing(): beginDate produced 0 samples
2025-10-06 00:05:40,671 INFO o.a.j.r.p.AbstractSampleConsumer: class org.apache.jmeter.report.processor.AggregateConsumer#stopProducing(): endDate produced 0 samples
2025-10-06 00:05:40,672 INFO o.a.j.r.p.AbstractSampleConsumer: class org.apache.jmeter.report.processor.ApdexSummaryConsumer#stopProducing(): apdexSummary produced 0 samples
2025-10-06 00:05:40,672 INFO o.a.j.r.p.AbstractSampleConsumer: class org.apache.jmeter.report.processor.RequestsSummaryConsumer#stopProducing(): requestsSummary produced 0 samples
2025-10-06 00:05:40,687 INFO o.a.j.r.p.AbstractSampleConsumer: class org.apache.jmeter.report.processor.StatisticsSummaryConsumer#stopProducing(): statisticsSummary produced 0 samples
2025-10-06 00:05:40,688 INFO o.a.j.r.p.AbstractSampleConsumer: class org.apache.jmeter.report.processor.Top5ErrorsBySamplerConsumer#stopProducing(): top5ErrorsBySampler produced 0 samples
2025-10-06 00:05:40,688 INFO o.a.j.r.p.AbstractSampleConsumer: class org.apache.jmeter.report.processor.ErrorsSummaryConsumer#stopProducing(): errorsSummary produced 0 samples
2025-10-06 00:05:40,688 INFO o.a.j.r.p.AbstractSampleConsumer: class org.apache.jmeter.report.processor.graph.impl.HitsPerSecondGraphConsumer#stopProducing(): hitsPerSecond produced 0 samples
2025-10-06 00:05:42,155 INFO o.a.j.r.p.AbstractSampleConsumer: class org.apache.jmeter.report.processor.graph.impl.LatencyVSRequestGraphConsumer#stopProducing(): latencyVsRequest produced 0 samples
2025-10-06 00:05:42,174 INFO o.a.j.r.p.AbstractSampleConsumer: class org.apache.jmeter.report.processor.graph.impl.SyntheticResponseTimeDistributionGraphConsumer#stopProducing(): syntheticResponseTimeDistribution produced 0 samples
2025-10-06 00:05:42,175 INFO o.a.j.r.p.AbstractSampleConsumer: class org.apache.jmeter.report.processor.graph.impl.BytesThroughputGraphConsumer#stopProducing(): bytesThroughputOverTime produced 0 samples
2025-10-06 00:05:42,175 INFO o.a.j.r.p.AbstractSampleConsumer: class org.apache.jmeter.report.processor.graph.impl.CodesPerSecondGraphConsumer#stopProducing(): codesPerSecond produced 0 samples
2025-10-06 00:05:43,566 INFO o.a.j.r.p.AbstractSampleConsumer: class org.apache.jmeter.report.processor.graph.impl.ResponseTimeVSRequestGraphConsumer#stopProducing(): responseTimeVsRequest produced 0 samples
2025-10-06 00:05:43,576 INFO o.a.j.r.p.AbstractSampleConsumer: class org.apache.jmeter.report.processor.FilterConsumer#stopProducing(): startIntervalControlerFilter produced 3312253 samples
2025-10-06 00:05:43,576 INFO o.a.j.r.p.AbstractSampleConsumer: class org.apache.jmeter.report.processor.graph.impl.TotalTPSGraphConsumer#stopProducing(): totalTPS produced 0 samples
2025-10-06 00:05:43,576 INFO o.a.j.r.p.AbstractSampleConsumer: class org.apache.jmeter.report.processor.graph.impl.ActiveThreadsGraphConsumer#stopProducing(): activeThreadsOverTime produced 0 samples
2025-10-06 00:05:43,576 INFO o.a.j.r.p.AbstractSampleConsumer: class org.apache.jmeter.report.processor.graph.impl.TimeVSThreadGraphConsumer#stopProducing(): timeVsThreads produced 0 samples
2025-10-06 00:05:43,576 INFO o.a.j.r.p.AbstractSampleConsumer: class org.apache.jmeter.report.processor.graph.impl.ResponseTimeDistributionGraphConsumer#stopProducing(): responseTimeDistribution produced 0 samples
2025-10-06 00:05:43,576 INFO o.a.j.r.p.AbstractSampleConsumer: class org.apache.jmeter.report.processor.graph.impl.TransactionsPerSecondGraphConsumer#stopProducing(): transactionsPerSecond produced 0 samples
2025-10-06 00:05:43,576 INFO o.a.j.r.p.AbstractSampleConsumer: class org.apache.jmeter.report.processor.graph.impl.ResponseTimePercentilesGraphConsumer#stopProducing(): responseTimePercentiles produced 0 samples
2025-10-06 00:05:43,577 INFO o.a.j.r.p.AbstractSampleConsumer: class org.apache.jmeter.report.processor.graph.impl.ResponseTimePercentilesOverTimeGraphConsumer#stopProducing(): responseTimePercentilesOverTime produced 0 samples
2025-10-06 00:05:43,578 INFO o.a.j.r.p.AbstractSampleConsumer: class org.apache.jmeter.report.processor.graph.impl.ResponseTimeOverTimeGraphConsumer#stopProducing(): responseTimesOverTime produced 0 samples
2025-10-06 00:05:43,579 INFO o.a.j.r.p.AbstractSampleConsumer: class org.apache.jmeter.report.processor.graph.impl.ConnectTimeOverTimeGraphConsumer#stopProducing(): connectTimeOverTime produced 0 samples
2025-10-06 00:05:43,579 INFO o.a.j.r.p.AbstractSampleConsumer: class org.apache.jmeter.report.processor.graph.impl.LatencyOverTimeGraphConsumer#stopProducing(): latenciesOverTime produced 0 samples
2025-10-06 00:05:43,579 INFO o.a.j.r.p.AbstractSampleConsumer: class org.apache.jmeter.report.processor.FilterConsumer#stopProducing(): nameFilter produced 7097685 samples
2025-10-06 00:05:43,579 INFO o.a.j.r.p.AbstractSampleConsumer: class org.apache.jmeter.report.processor.FilterConsumer#stopProducing(): dateRangeFilter produced 1419537 samples
2025-10-06 00:05:43,579 INFO o.a.j.r.p.AbstractSampleConsumer: class org.apache.jmeter.report.processor.NormalizerSampleConsumer#stopProducing(): normalizer produced 473179 samples
2025-10-06 00:05:43,579 INFO o.a.j.r.p.CsvFileSampleSource: produce(): 473179 samples produced in 7s 964 ms on channel 0
2025-10-06 00:05:43,579 INFO o.a.j.r.d.ReportGenerator: Exporting data using exporter:'json' of className:'org.apache.jmeter.report.dashboard.JsonExporter'
2025-10-06 00:05:43,659 INFO o.a.j.r.d.JsonExporter: Found data for consumer statisticsSummary in context
2025-10-06 00:05:43,659 INFO o.a.j.r.d.JsonExporter: Creating statistics for overall
2025-10-06 00:05:43,660 INFO o.a.j.r.d.JsonExporter: Creating statistics for other transactions
2025-10-06 00:05:43,660 INFO o.a.j.r.d.JsonExporter: Checking output folder
2025-10-06 00:05:43,660 INFO o.a.j.r.d.JsonExporter: Writing statistics JSON to /home/runner/work/grepwise/grepwise/target/jmeter/reports/combined-parallel-bsh/statistics.json
2025-10-06 00:05:43,694 INFO o.a.j.r.d.ReportGenerator: Exporting data using exporter:'html' of className:'org.apache.jmeter.report.dashboard.HtmlTemplateExporter'
2025-10-06 00:05:43,696 INFO o.a.j.r.d.HtmlTemplateExporter: Will generate dashboard in folder: /home/runner/work/grepwise/grepwise/target/jmeter/reports/combined-parallel-bsh
2025-10-06 00:05:43,765 INFO o.a.j.r.d.HtmlTemplateExporter: Report will be generated in: /home/runner/work/grepwise/grepwise/target/jmeter/reports/combined-parallel-bsh, creating folder structure
2025-10-06 00:05:43,766 INFO o.a.j.r.d.TemplateVisitor: Copying folder from '/home/runner/work/grepwise/grepwise/target/56d5aad5-f267-4774-9b11-72a6fd17213f/jmeter/bin/report-template' to '/home/runner/work/grepwise/grepwise/target/jmeter/reports/combined-parallel-bsh', got message: /home/runner/work/grepwise/grepwise/target/jmeter/reports/combined-parallel-bsh, found non empty folder with following content [/home/runner/work/grepwise/grepwise/target/jmeter/reports/combined-parallel-bsh/statistics.json], will be ignored
2025-10-06 00:05:43,926 INFO o.a.j.JMeter: Dashboard generated
