2025-10-06 00:03:32,101 INFO o.a.j.u.JMeterUtils: Setting Locale to en
2025-10-06 00:03:32,113 INFO o.a.j.JMeter: Loading additional properties from: /home/runner/work/grepwise/grepwise/src/test/jmeter/jmeter.properties
2025-10-06 00:03:32,114 INFO o.a.j.JMeter: Setting System property: sun.net.http.allowRestrictedHeaders=true
2025-10-06 00:03:32,118 INFO o.a.j.JMeter: Copyright (c) 1998-2023 The Apache Software Foundation
2025-10-06 00:03:32,118 INFO o.a.j.JMeter: Version 5.6.2
2025-10-06 00:03:32,118 INFO o.a.j.JMeter: java.version=25
2025-10-06 00:03:32,118 INFO o.a.j.JMeter: java.vm.name=OpenJDK 64-Bit Server VM
2025-10-06 00:03:32,119 INFO o.a.j.JMeter: os.name=Linux
2025-10-06 00:03:32,119 INFO o.a.j.JMeter: os.arch=amd64
2025-10-06 00:03:32,119 INFO o.a.j.JMeter: os.version=6.11.0-1018-azure
2025-10-06 00:03:32,119 INFO o.a.j.JMeter: file.encoding=UTF-8
2025-10-06 00:03:32,119 INFO o.a.j.JMeter: java.awt.headless=true
2025-10-06 00:03:32,119 INFO o.a.j.JMeter: Max memory     =536870912
2025-10-06 00:03:32,119 INFO o.a.j.JMeter: Available Processors =4
2025-10-06 00:03:32,129 INFO o.a.j.JMeter: Default Locale=English
2025-10-06 00:03:32,129 INFO o.a.j.JMeter: JMeter  Locale=English
2025-10-06 00:03:32,129 INFO o.a.j.JMeter: JMeterHome=/home/runner/work/grepwise/grepwise/target/56d5aad5-f267-4774-9b11-72a6fd17213f/jmeter
2025-10-06 00:03:32,129 INFO o.a.j.JMeter: user.dir  =/home/runner/work/grepwise/grepwise/target/56d5aad5-f267-4774-9b11-72a6fd17213f/jmeter/bin
2025-10-06 00:03:32,129 INFO o.a.j.JMeter: PWD       =/home/runner/work/grepwise/grepwise/target/56d5aad5-f267-4774-9b11-72a6fd17213f/jmeter/bin
2025-10-06 00:03:32,129 INFO o.a.j.JMeter: IP: 10.1.0.28 Name: runnervmwhb2z FullName: runnervmwhb2z
2025-10-06 00:03:32,138 INFO o.a.j.JMeter: Setting property 'jmeter.reportgenerator.outputdir' to:'/home/runner/work/grepwise/grepwise/target/jmeter/reports/http-search'
2025-10-06 00:03:32,140 INFO o.a.j.s.FileServer: Default base='/home/runner/work/grepwise/grepwise/target/56d5aad5-f267-4774-9b11-72a6fd17213f/jmeter/bin'
2025-10-06 00:03:32,140 INFO o.a.j.s.FileServer: Set new base='/home/runner/work/grepwise/grepwise/target/jmeter/testFiles'
2025-10-06 00:03:32,368 INFO o.a.j.s.SaveService: Testplan (JMX) version: 2.2. Testlog (JTL) version: 2.2
2025-10-06 00:03:32,388 INFO o.a.j.s.SaveService: Using SaveService properties version 5.0
2025-10-06 00:03:32,391 INFO o.a.j.s.SaveService: Using SaveService properties file encoding UTF-8
2025-10-06 00:03:32,394 INFO o.a.j.s.SaveService: Loading file: /home/runner/work/grepwise/grepwise/target/jmeter/testFiles/http-search.jmx
2025-10-06 00:03:32,460 INFO o.a.j.JMeter: Creating summariser <summary>
2025-10-06 00:03:32,463 INFO o.a.j.r.d.ReportGenerator: ReportGenerator will use for Parsing the separator: ','
2025-10-06 00:03:32,464 INFO o.a.j.r.d.ReportGenerator: Will generate report at end of test from  results file: /home/runner/work/grepwise/grepwise/target/jmeter/results/20251006-http-search.csv
2025-10-06 00:03:32,464 INFO o.a.j.r.d.ReportGenerator: Reading report generator properties from: /home/runner/work/grepwise/grepwise/target/56d5aad5-f267-4774-9b11-72a6fd17213f/jmeter/bin/reportgenerator.properties
2025-10-06 00:03:32,464 INFO o.a.j.r.d.ReportGenerator: Merging with JMeter properties
2025-10-06 00:03:32,467 INFO o.a.j.r.c.ReportGeneratorConfiguration: Property 'jmeter.reportgenerator.temp_dir' not found, using default value 'temp' instead.
2025-10-06 00:03:32,469 INFO o.a.j.r.c.ReportGeneratorConfiguration: Property 'jmeter.reportgenerator.apdex_per_transaction' not found, using default value 'null' instead.
2025-10-06 00:03:32,469 INFO o.a.j.r.c.ReportGeneratorConfiguration: apdex_per_transaction is empty, not APDEX per transaction customization
2025-10-06 00:03:32,469 INFO o.a.j.r.c.ReportGeneratorConfiguration: Property 'jmeter.reportgenerator.sample_filter' not found, using default value 'null' instead.
2025-10-06 00:03:32,469 INFO o.a.j.r.c.ReportGeneratorConfiguration: Property 'jmeter.reportgenerator.report_title' not found, using default value 'null' instead.
2025-10-06 00:03:32,469 INFO o.a.j.r.c.ReportGeneratorConfiguration: Property 'jmeter.reportgenerator.start_date' not found, using default value 'null' instead.
2025-10-06 00:03:32,470 INFO o.a.j.r.c.ReportGeneratorConfiguration: Property 'jmeter.reportgenerator.end_date' not found, using default value 'null' instead.
2025-10-06 00:03:32,470 INFO o.a.j.r.c.ReportGeneratorConfiguration: Property 'jmeter.reportgenerator.date_format' not found, using default value 'null' instead.
2025-10-06 00:03:32,470 INFO o.a.j.r.c.ReportGeneratorConfiguration: Will use date range start date: null, end date: null
2025-10-06 00:03:32,472 INFO o.a.j.r.c.ReportGeneratorConfiguration: Property 'jmeter.reportgenerator.graph.totalTPS.exclude_controllers' not found, using default value 'false' instead.
2025-10-06 00:03:32,472 INFO o.a.j.r.c.ReportGeneratorConfiguration: Property 'jmeter.reportgenerator.graph.activeThreadsOverTime.exclude_controllers' not found, using default value 'false' instead.
2025-10-06 00:03:32,473 INFO o.a.j.r.c.ReportGeneratorConfiguration: Property 'jmeter.reportgenerator.graph.timeVsThreads.exclude_controllers' not found, using default value 'false' instead.
2025-10-06 00:03:32,473 INFO o.a.j.r.c.ReportGeneratorConfiguration: Property 'jmeter.reportgenerator.graph.responseTimeDistribution.exclude_controllers' not found, using default value 'false' instead.
2025-10-06 00:03:32,473 INFO o.a.j.r.c.ReportGeneratorConfiguration: Property 'jmeter.reportgenerator.graph.transactionsPerSecond.exclude_controllers' not found, using default value 'false' instead.
2025-10-06 00:03:32,473 INFO o.a.j.r.c.ReportGeneratorConfiguration: Property 'jmeter.reportgenerator.graph.responseTimePercentiles.exclude_controllers' not found, using default value 'false' instead.
2025-10-06 00:03:32,473 INFO o.a.j.r.c.ReportGeneratorConfiguration: Property 'jmeter.reportgenerator.graph.responseTimePercentilesOverTime.exclude_controllers' not found, using default value 'false' instead.
2025-10-06 00:03:32,473 INFO o.a.j.r.c.ReportGeneratorConfiguration: Property 'jmeter.reportgenerator.graph.responseTimesOverTime.exclude_controllers' not found, using default value 'false' instead.
2025-10-06 00:03:32,473 INFO o.a.j.r.c.ReportGeneratorConfiguration: Property 'jmeter.reportgenerator.graph.connectTimeOverTime.exclude_controllers' not found, using default value 'false' instead.
2025-10-06 00:03:32,473 INFO o.a.j.r.c.ReportGeneratorConfiguration: Property 'jmeter.reportgenerator.graph.latenciesOverTime.exclude_controllers' not found, using default value 'false' instead.
2025-10-06 00:03:32,474 INFO o.a.j.r.c.ReportGeneratorConfiguration: Property 'jmeter.reportgenerator.exporter.json.filters_only_sample_series' not found, using default value 'true' instead.
2025-10-06 00:03:32,474 INFO o.a.j.r.c.ReportGeneratorConfiguration: Property 'jmeter.reportgenerator.exporter.json.series_filter' not found, using default value '' instead.
2025-10-06 00:03:32,474 INFO o.a.j.r.c.ReportGeneratorConfiguration: Property 'jmeter.reportgenerator.exporter.json.show_controllers_only' not found, using default value 'false' instead.
2025-10-06 00:03:32,474 INFO o.a.j.r.c.ReportGeneratorConfiguration: Property 'jmeter.reportgenerator.exporter.html.filters_only_sample_series' not found, using default value 'true' instead.
2025-10-06 00:03:32,474 INFO o.a.j.r.c.ReportGeneratorConfiguration: Property 'jmeter.reportgenerator.exporter.html.series_filter' not found, using default value '' instead.
2025-10-06 00:03:32,474 INFO o.a.j.r.c.ReportGeneratorConfiguration: Property 'jmeter.reportgenerator.exporter.html.show_controllers_only' not found, using default value 'false' instead.
2025-10-06 00:03:32,483 INFO o.a.j.e.StandardJMeterEngine: Running the test!
2025-10-06 00:03:32,483 INFO o.a.j.s.SampleEvent: List of sample_variables: []
2025-10-06 00:03:32,484 INFO o.a.j.s.SampleEvent: List of sample_variables: []
2025-10-06 00:03:32,547 INFO o.a.j.JMeter: Running test (1759709012547)
2025-10-06 00:03:32,570 INFO o.a.j.e.StandardJMeterEngine: Starting ThreadGroup: 1 : Searchers
2025-10-06 00:03:32,570 INFO o.a.j.e.StandardJMeterEngine: Starting 10 threads for group Searchers.
2025-10-06 00:03:32,570 INFO o.a.j.e.StandardJMeterEngine: Thread will continue on error
2025-10-06 00:03:32,570 INFO o.a.j.t.ThreadGroup: Starting thread group... number=1 threads=10 ramp-up=10 delayedStart=false
2025-10-06 00:03:32,578 INFO o.a.j.t.JMeterThread: Thread started: Searchers 1-1
2025-10-06 00:03:32,582 INFO o.a.j.t.ThreadGroup: Started thread group number 1
2025-10-06 00:03:32,582 INFO o.a.j.e.StandardJMeterEngine: All thread groups have been started
2025-10-06 00:03:32,849 INFO o.a.j.p.h.s.HTTPHCAbstractImpl: Local host = runnervmwhb2z
2025-10-06 00:03:32,855 INFO o.a.j.p.h.s.HTTPHC4Impl: HTTP request retry count = 0
2025-10-06 00:03:32,856 INFO o.a.j.s.SampleResult: Note: Sample TimeStamps are END times
2025-10-06 00:03:32,856 INFO o.a.j.s.SampleResult: sampleresult.default.encoding is set to UTF-8
2025-10-06 00:03:32,856 INFO o.a.j.s.SampleResult: sampleresult.useNanoTime=true
2025-10-06 00:03:32,856 INFO o.a.j.s.SampleResult: sampleresult.nanoThreadSleep=5000
2025-10-06 00:03:32,931 INFO o.a.j.r.Summariser: summary +      1 in 00:00:00 =    2.6/s Avg:    26 Min:    26 Max:    26 Err:     0 (0.00%) Active: 1 Started: 1 Finished: 0
2025-10-06 00:03:33,574 INFO o.a.j.t.JMeterThread: Thread started: Searchers 1-2
2025-10-06 00:03:34,573 INFO o.a.j.t.JMeterThread: Thread started: Searchers 1-3
2025-10-06 00:03:35,573 INFO o.a.j.t.JMeterThread: Thread started: Searchers 1-4
2025-10-06 00:03:36,572 INFO o.a.j.t.JMeterThread: Thread started: Searchers 1-5
2025-10-06 00:03:37,573 INFO o.a.j.t.JMeterThread: Thread started: Searchers 1-6
2025-10-06 00:03:38,017 INFO o.a.j.r.Summariser: summary +     48 in 00:00:05 =    9.4/s Avg:     1 Min:     1 Max:     7 Err:     0 (0.00%) Active: 6 Started: 6 Finished: 0
2025-10-06 00:03:38,017 INFO o.a.j.r.Summariser: summary =     49 in 00:00:05 =    9.0/s Avg:     2 Min:     1 Max:    26 Err:     0 (0.00%)
2025-10-06 00:03:38,573 INFO o.a.j.t.JMeterThread: Thread started: Searchers 1-7
2025-10-06 00:03:39,571 INFO o.a.j.t.JMeterThread: Thread started: Searchers 1-8
2025-10-06 00:03:40,572 INFO o.a.j.t.JMeterThread: Thread started: Searchers 1-9
2025-10-06 00:03:41,573 INFO o.a.j.t.JMeterThread: Thread started: Searchers 1-10
2025-10-06 00:03:44,001 INFO o.a.j.r.Summariser: summary +    147 in 00:00:06 =   24.6/s Avg:     1 Min:     0 Max:     2 Err:     0 (0.00%) Active: 10 Started: 10 Finished: 0
2025-10-06 00:03:44,001 INFO o.a.j.r.Summariser: summary =    196 in 00:00:11 =   17.1/s Avg:     1 Min:     0 Max:    26 Err:     0 (0.00%)
2025-10-06 00:03:50,019 INFO o.a.j.r.Summariser: summary +    162 in 00:00:06 =   26.9/s Avg:     0 Min:     0 Max:     3 Err:     0 (0.00%) Active: 10 Started: 10 Finished: 0
2025-10-06 00:03:50,020 INFO o.a.j.r.Summariser: summary =    358 in 00:00:17 =   20.5/s Avg:     1 Min:     0 Max:    26 Err:     0 (0.00%)
2025-10-06 00:03:56,044 INFO o.a.j.r.Summariser: summary +    168 in 00:00:06 =   27.9/s Avg:     0 Min:     0 Max:     1 Err:     0 (0.00%) Active: 10 Started: 10 Finished: 0
2025-10-06 00:03:56,044 INFO o.a.j.r.Summariser: summary =    526 in 00:00:23 =   22.4/s Avg:     0 Min:     0 Max:    26 Err:     0 (0.00%)
2025-10-06 00:04:02,064 INFO o.a.j.r.Summariser: summary +    174 in 00:00:06 =   28.9/s Avg:     0 Min:     0 Max:     1 Err:     0 (0.00%) Active: 10 Started: 10 Finished: 0
2025-10-06 00:04:02,064 INFO o.a.j.r.Summariser: summary =    700 in 00:00:30 =   23.7/s Avg:     0 Min:     0 Max:    26 Err:     0 (0.00%)
2025-10-06 00:04:08,016 INFO o.a.j.r.Summariser: summary +    174 in 00:00:06 =   29.2/s Avg:     0 Min:     0 Max:     1 Err:     0 (0.00%) Active: 10 Started: 10 Finished: 0
2025-10-06 00:04:08,016 INFO o.a.j.r.Summariser: summary =    874 in 00:00:35 =   24.6/s Avg:     0 Min:     0 Max:    26 Err:     0 (0.00%)
2025-10-06 00:04:14,016 INFO o.a.j.r.Summariser: summary +    170 in 00:00:06 =   28.3/s Avg:     0 Min:     0 Max:     1 Err:     0 (0.00%) Active: 10 Started: 10 Finished: 0
2025-10-06 00:04:14,016 INFO o.a.j.r.Summariser: summary =   1044 in 00:00:41 =   25.2/s Avg:     0 Min:     0 Max:    26 Err:     0 (0.00%)
2025-10-06 00:04:20,009 INFO o.a.j.r.Summariser: summary +    169 in 00:00:06 =   28.2/s Avg:     0 Min:     0 Max:     1 Err:     0 (0.00%) Active: 10 Started: 10 Finished: 0
2025-10-06 00:04:20,009 INFO o.a.j.r.Summariser: summary =   1213 in 00:00:47 =   25.6/s Avg:     0 Min:     0 Max:    26 Err:     0 (0.00%)
2025-10-06 00:04:26,032 INFO o.a.j.r.Summariser: summary +    175 in 00:00:06 =   29.1/s Avg:     0 Min:     0 Max:     2 Err:     0 (0.00%) Active: 10 Started: 10 Finished: 0
2025-10-06 00:04:26,033 INFO o.a.j.r.Summariser: summary =   1388 in 00:00:53 =   26.0/s Avg:     0 Min:     0 Max:    26 Err:     0 (0.00%)
2025-10-06 00:04:32,006 INFO o.a.j.r.Summariser: summary +    171 in 00:00:06 =   28.6/s Avg:     0 Min:     0 Max:     1 Err:     0 (0.00%) Active: 10 Started: 10 Finished: 0
2025-10-06 00:04:32,006 INFO o.a.j.r.Summariser: summary =   1559 in 00:00:59 =   26.2/s Avg:     0 Min:     0 Max:    26 Err:     0 (0.00%)
2025-10-06 00:04:32,179 INFO o.a.j.t.JMeterThread: Thread finished: Searchers 1-9
2025-10-06 00:04:32,252 INFO o.a.j.t.JMeterThread: Thread finished: Searchers 1-6
2025-10-06 00:04:32,260 INFO o.a.j.t.JMeterThread: Thread finished: Searchers 1-8
2025-10-06 00:04:32,319 INFO o.a.j.t.JMeterThread: Thread finished: Searchers 1-10
2025-10-06 00:04:32,347 INFO o.a.j.t.JMeterThread: Thread finished: Searchers 1-4
2025-10-06 00:04:32,348 INFO o.a.j.t.JMeterThread: Thread finished: Searchers 1-5
2025-10-06 00:04:32,427 INFO o.a.j.t.JMeterThread: Thread finished: Searchers 1-2
2025-10-06 00:04:32,427 INFO o.a.j.t.JMeterThread: Thread finished: Searchers 1-3
2025-10-06 00:04:32,498 INFO o.a.j.t.JMeterThread: Thread finished: Searchers 1-1
2025-10-06 00:04:32,520 INFO o.a.j.t.JMeterThread: Thread finished: Searchers 1-7
2025-10-06 00:04:32,520 INFO o.a.j.e.StandardJMeterEngine: Notifying test listeners of end of test
2025-10-06 00:04:32,521 INFO o.a.j.r.Summariser: summary +     12 in 00:00:01 =   23.3/s Avg:     0 Min:     0 Max:     1 Err:     0 (0.00%) Active: 0 Started: 10 Finished: 10
2025-10-06 00:04:32,521 INFO o.a.j.r.Summariser: summary =   1571 in 00:01:00 =   26.2/s Avg:     0 Min:     0 Max:    26 Err:     0 (0.00%)
2025-10-06 00:04:32,521 INFO o.a.j.JMeter: Generating Dashboard
2025-10-06 00:04:32,521 INFO o.a.j.r.d.ReportGenerator: Flushing result collector before report Generation
2025-10-06 00:04:32,530 INFO o.a.j.r.p.NormalizerSampleConsumer: Using format, 'ms', to parse timeStamp field
2025-10-06 00:04:32,642 INFO o.a.j.r.p.AbstractSampleConsumer: class org.apache.jmeter.report.processor.AggregateConsumer#stopProducing(): beginDate produced 0 samples
2025-10-06 00:04:32,642 INFO o.a.j.r.p.AbstractSampleConsumer: class org.apache.jmeter.report.processor.AggregateConsumer#stopProducing(): endDate produced 0 samples
2025-10-06 00:04:32,643 INFO o.a.j.r.p.AbstractSampleConsumer: class org.apache.jmeter.report.processor.ApdexSummaryConsumer#stopProducing(): apdexSummary produced 0 samples
2025-10-06 00:04:32,643 INFO o.a.j.r.p.AbstractSampleConsumer: class org.apache.jmeter.report.processor.RequestsSummaryConsumer#stopProducing(): requestsSummary produced 0 samples
2025-10-06 00:04:32,648 INFO o.a.j.r.p.AbstractSampleConsumer: class org.apache.jmeter.report.processor.StatisticsSummaryConsumer#stopProducing(): statisticsSummary produced 0 samples
2025-10-06 00:04:32,649 INFO o.a.j.r.p.AbstractSampleConsumer: class org.apache.jmeter.report.processor.Top5ErrorsBySamplerConsumer#stopProducing(): top5ErrorsBySampler produced 0 samples
2025-10-06 00:04:32,650 INFO o.a.j.r.p.AbstractSampleConsumer: class org.apache.jmeter.report.processor.ErrorsSummaryConsumer#stopProducing(): errorsSummary produced 0 samples
2025-10-06 00:04:32,650 INFO o.a.j.r.p.AbstractSampleConsumer: class org.apache.jmeter.report.processor.graph.impl.HitsPerSecondGraphConsumer#stopProducing(): hitsPerSecond produced 0 samples
2025-10-06 00:04:32,674 INFO o.a.j.r.p.AbstractSampleConsumer: class org.apache.jmeter.report.processor.graph.impl.LatencyVSRequestGraphConsumer#stopProducing(): latencyVsRequest produced 0 samples
2025-10-06 00:04:32,675 INFO o.a.j.r.p.AbstractSampleConsumer: class org.apache.jmeter.report.processor.graph.impl.SyntheticResponseTimeDistributionGraphConsumer#stopProducing(): syntheticResponseTimeDistribution produced 0 samples
2025-10-06 00:04:32,675 INFO o.a.j.r.p.AbstractSampleConsumer: class org.apache.jmeter.report.processor.graph.impl.BytesThroughputGraphConsumer#stopProducing(): bytesThroughputOverTime produced 0 samples
2025-10-06 00:04:32,675 INFO o.a.j.r.p.AbstractSampleConsumer: class org.apache.jmeter.report.processor.graph.impl.CodesPerSecondGraphConsumer#stopProducing(): codesPerSecond produced 0 samples
2025-10-06 00:04:32,688 INFO o.a.j.r.p.AbstractSampleConsumer: class org.apache.jmeter.report.processor.graph.impl.ResponseTimeVSRequestGraphConsumer#stopProducing(): responseTimeVsRequest produced 0 samples
2025-10-06 00:04:32,689 INFO o.a.j.r.p.AbstractSampleConsumer: class org.apache.jmeter.report.processor.FilterConsumer#stopProducing(): startIntervalControlerFilter produced 10997 samples
2025-10-06 00:04:32,689 INFO o.a.j.r.p.AbstractSampleConsumer: class org.apache.jmeter.report.processor.graph.impl.TotalTPSGraphConsumer#stopProducing(): totalTPS produced 0 samples
2025-10-06 00:04:32,689 INFO o.a.j.r.p.AbstractSampleConsumer: class org.apache.jmeter.report.processor.graph.impl.ActiveThreadsGraphConsumer#stopProducing(): activeThreadsOverTime produced 0 samples
2025-10-06 00:04:32,689 INFO o.a.j.r.p.AbstractSampleConsumer: class org.apache.jmeter.report.processor.graph.impl.TimeVSThreadGraphConsumer#stopProducing(): timeVsThreads produced 0 samples
2025-10-06 00:04:32,689 INFO o.a.j.r.p.AbstractSampleConsumer: class org.apache.jmeter.report.processor.graph.impl.ResponseTimeDistributionGraphConsumer#stopProducing(): responseTimeDistribution produced 0 samples
2025-10-06 00:04:32,689 INFO o.a.j.r.p.AbstractSampleConsumer: class org.apache.jmeter.report.processor.graph.impl.TransactionsPerSecondGraphConsumer#stopProducing(): transactionsPerSecond produced 0 samples
2025-10-06 00:04:32,689 INFO o.a.j.r.p.AbstractSampleConsumer: class org.apache.jmeter.report.processor.graph.impl.ResponseTimePercentilesGraphConsumer#stopProducing(): responseTimePercentiles produced 0 samples
2025-10-06 00:04:32,690 INFO o.a.j.r.p.AbstractSampleConsumer: class org.apache.jmeter.report.processor.graph.impl.ResponseTimePercentilesOverTimeGraphConsumer#stopProducing(): responseTimePercentilesOverTime produced 0 samples
2025-10-06 00:04:32,691 INFO o.a.j.r.p.AbstractSampleConsumer: class org.apache.jmeter.report.processor.graph.impl.ResponseTimeOverTimeGraphConsumer#stopProducing(): responseTimesOverTime produced 0 samples
2025-10-06 00:04:32,691 INFO o.a.j.r.p.AbstractSampleConsumer: class org.apache.jmeter.report.processor.graph.impl.ConnectTimeOverTimeGraphConsumer#stopProducing(): connectTimeOverTime produced 0 samples
2025-10-06 00:04:32,691 INFO o.a.j.r.p.AbstractSampleConsumer: class org.apache.jmeter.report.processor.graph.impl.LatencyOverTimeGraphConsumer#stopProducing(): latenciesOverTime produced 0 samples
2025-10-06 00:04:32,691 INFO o.a.j.r.p.AbstractSampleConsumer: class org.apache.jmeter.report.processor.FilterConsumer#stopProducing(): nameFilter produced 23565 samples
2025-10-06 00:04:32,691 INFO o.a.j.r.p.AbstractSampleConsumer: class org.apache.jmeter.report.processor.FilterConsumer#stopProducing(): dateRangeFilter produced 4713 samples
2025-10-06 00:04:32,691 INFO o.a.j.r.p.AbstractSampleConsumer: class org.apache.jmeter.report.processor.NormalizerSampleConsumer#stopProducing(): normalizer produced 1571 samples
2025-10-06 00:04:32,692 INFO o.a.j.r.p.CsvFileSampleSource: produce(): 1571 samples produced in 143ms on channel 0
2025-10-06 00:04:32,692 INFO o.a.j.r.d.ReportGenerator: Exporting data using exporter:'json' of className:'org.apache.jmeter.report.dashboard.JsonExporter'
2025-10-06 00:04:32,770 INFO o.a.j.r.d.JsonExporter: Found data for consumer statisticsSummary in context
2025-10-06 00:04:32,770 INFO o.a.j.r.d.JsonExporter: Creating statistics for overall
2025-10-06 00:04:32,770 INFO o.a.j.r.d.JsonExporter: Creating statistics for other transactions
2025-10-06 00:04:32,771 INFO o.a.j.r.d.JsonExporter: Checking output folder
2025-10-06 00:04:32,771 INFO o.a.j.r.d.JsonExporter: Writing statistics JSON to /home/runner/work/grepwise/grepwise/target/jmeter/reports/http-search/statistics.json
2025-10-06 00:04:32,804 INFO o.a.j.r.d.ReportGenerator: Exporting data using exporter:'html' of className:'org.apache.jmeter.report.dashboard.HtmlTemplateExporter'
2025-10-06 00:04:32,805 INFO o.a.j.r.d.HtmlTemplateExporter: Will generate dashboard in folder: /home/runner/work/grepwise/grepwise/target/jmeter/reports/http-search
2025-10-06 00:04:32,872 INFO o.a.j.r.d.HtmlTemplateExporter: Report will be generated in: /home/runner/work/grepwise/grepwise/target/jmeter/reports/http-search, creating folder structure
2025-10-06 00:04:32,873 INFO o.a.j.r.d.TemplateVisitor: Copying folder from '/home/runner/work/grepwise/grepwise/target/56d5aad5-f267-4774-9b11-72a6fd17213f/jmeter/bin/report-template' to '/home/runner/work/grepwise/grepwise/target/jmeter/reports/http-search', got message: /home/runner/work/grepwise/grepwise/target/jmeter/reports/http-search, found non empty folder with following content [/home/runner/work/grepwise/grepwise/target/jmeter/reports/http-search/statistics.json], will be ignored
2025-10-06 00:04:33,037 INFO o.a.j.JMeter: Dashboard generated
