2025-10-06 00:02:26,363 INFO o.a.j.u.JMeterUtils: Setting Locale to en
2025-10-06 00:02:26,381 INFO o.a.j.JMeter: Loading additional properties from: /home/runner/work/grepwise/grepwise/src/test/jmeter/jmeter.properties
2025-10-06 00:02:26,381 INFO o.a.j.JMeter: Setting System property: sun.net.http.allowRestrictedHeaders=true
2025-10-06 00:02:26,386 INFO o.a.j.JMeter: Copyright (c) 1998-2023 The Apache Software Foundation
2025-10-06 00:02:26,386 INFO o.a.j.JMeter: Version 5.6.2
2025-10-06 00:02:26,386 INFO o.a.j.JMeter: java.version=25
2025-10-06 00:02:26,386 INFO o.a.j.JMeter: java.vm.name=OpenJDK 64-Bit Server VM
2025-10-06 00:02:26,386 INFO o.a.j.JMeter: os.name=Linux
2025-10-06 00:02:26,386 INFO o.a.j.JMeter: os.arch=amd64
2025-10-06 00:02:26,386 INFO o.a.j.JMeter: os.version=6.11.0-1018-azure
2025-10-06 00:02:26,386 INFO o.a.j.JMeter: file.encoding=UTF-8
2025-10-06 00:02:26,386 INFO o.a.j.JMeter: java.awt.headless=true
2025-10-06 00:02:26,386 INFO o.a.j.JMeter: Max memory     =536870912
2025-10-06 00:02:26,386 INFO o.a.j.JMeter: Available Processors =4
2025-10-06 00:02:26,396 INFO o.a.j.JMeter: Default Locale=English
2025-10-06 00:02:26,396 INFO o.a.j.JMeter: JMeter  Locale=English
2025-10-06 00:02:26,396 INFO o.a.j.JMeter: JMeterHome=/home/runner/work/grepwise/grepwise/target/56d5aad5-f267-4774-9b11-72a6fd17213f/jmeter
2025-10-06 00:02:26,397 INFO o.a.j.JMeter: user.dir  =/home/runner/work/grepwise/grepwise/target/56d5aad5-f267-4774-9b11-72a6fd17213f/jmeter/bin
2025-10-06 00:02:26,397 INFO o.a.j.JMeter: PWD       =/home/runner/work/grepwise/grepwise/target/56d5aad5-f267-4774-9b11-72a6fd17213f/jmeter/bin
2025-10-06 00:02:26,397 INFO o.a.j.JMeter: IP: 10.1.0.28 Name: runnervmwhb2z FullName: runnervmwhb2z
2025-10-06 00:02:26,405 INFO o.a.j.JMeter: Setting property 'jmeter.reportgenerator.outputdir' to:'/home/runner/work/grepwise/grepwise/target/jmeter/reports/syslog-udp'
2025-10-06 00:02:26,407 INFO o.a.j.s.FileServer: Default base='/home/runner/work/grepwise/grepwise/target/56d5aad5-f267-4774-9b11-72a6fd17213f/jmeter/bin'
2025-10-06 00:02:26,408 INFO o.a.j.s.FileServer: Set new base='/home/runner/work/grepwise/grepwise/target/jmeter/testFiles'
2025-10-06 00:02:26,636 INFO o.a.j.s.SaveService: Testplan (JMX) version: 2.2. Testlog (JTL) version: 2.2
2025-10-06 00:02:26,657 INFO o.a.j.s.SaveService: Using SaveService properties version 5.0
2025-10-06 00:02:26,660 INFO o.a.j.s.SaveService: Using SaveService properties file encoding UTF-8
2025-10-06 00:02:26,663 INFO o.a.j.s.SaveService: Loading file: /home/runner/work/grepwise/grepwise/target/jmeter/testFiles/syslog-udp.jmx
2025-10-06 00:02:26,745 INFO o.a.j.JMeter: Creating summariser <summary>
2025-10-06 00:02:26,750 INFO o.a.j.r.d.ReportGenerator: ReportGenerator will use for Parsing the separator: ','
2025-10-06 00:02:26,750 INFO o.a.j.r.d.ReportGenerator: Will generate report at end of test from  results file: /home/runner/work/grepwise/grepwise/target/jmeter/results/20251006-syslog-udp.csv
2025-10-06 00:02:26,750 INFO o.a.j.r.d.ReportGenerator: Reading report generator properties from: /home/runner/work/grepwise/grepwise/target/56d5aad5-f267-4774-9b11-72a6fd17213f/jmeter/bin/reportgenerator.properties
2025-10-06 00:02:26,751 INFO o.a.j.r.d.ReportGenerator: Merging with JMeter properties
2025-10-06 00:02:26,753 INFO o.a.j.r.c.ReportGeneratorConfiguration: Property 'jmeter.reportgenerator.temp_dir' not found, using default value 'temp' instead.
2025-10-06 00:02:26,755 INFO o.a.j.r.c.ReportGeneratorConfiguration: Property 'jmeter.reportgenerator.apdex_per_transaction' not found, using default value 'null' instead.
2025-10-06 00:02:26,755 INFO o.a.j.r.c.ReportGeneratorConfiguration: apdex_per_transaction is empty, not APDEX per transaction customization
2025-10-06 00:02:26,756 INFO o.a.j.r.c.ReportGeneratorConfiguration: Property 'jmeter.reportgenerator.sample_filter' not found, using default value 'null' instead.
2025-10-06 00:02:26,756 INFO o.a.j.r.c.ReportGeneratorConfiguration: Property 'jmeter.reportgenerator.report_title' not found, using default value 'null' instead.
2025-10-06 00:02:26,756 INFO o.a.j.r.c.ReportGeneratorConfiguration: Property 'jmeter.reportgenerator.start_date' not found, using default value 'null' instead.
2025-10-06 00:02:26,756 INFO o.a.j.r.c.ReportGeneratorConfiguration: Property 'jmeter.reportgenerator.end_date' not found, using default value 'null' instead.
2025-10-06 00:02:26,756 INFO o.a.j.r.c.ReportGeneratorConfiguration: Property 'jmeter.reportgenerator.date_format' not found, using default value 'null' instead.
2025-10-06 00:02:26,756 INFO o.a.j.r.c.ReportGeneratorConfiguration: Will use date range start date: null, end date: null
2025-10-06 00:02:26,759 INFO o.a.j.r.c.ReportGeneratorConfiguration: Property 'jmeter.reportgenerator.graph.totalTPS.exclude_controllers' not found, using default value 'false' instead.
2025-10-06 00:02:26,759 INFO o.a.j.r.c.ReportGeneratorConfiguration: Property 'jmeter.reportgenerator.graph.activeThreadsOverTime.exclude_controllers' not found, using default value 'false' instead.
2025-10-06 00:02:26,759 INFO o.a.j.r.c.ReportGeneratorConfiguration: Property 'jmeter.reportgenerator.graph.timeVsThreads.exclude_controllers' not found, using default value 'false' instead.
2025-10-06 00:02:26,759 INFO o.a.j.r.c.ReportGeneratorConfiguration: Property 'jmeter.reportgenerator.graph.responseTimeDistribution.exclude_controllers' not found, using default value 'false' instead.
2025-10-06 00:02:26,759 INFO o.a.j.r.c.ReportGeneratorConfiguration: Property 'jmeter.reportgenerator.graph.transactionsPerSecond.exclude_controllers' not found, using default value 'false' instead.
2025-10-06 00:02:26,759 INFO o.a.j.r.c.ReportGeneratorConfiguration: Property 'jmeter.reportgenerator.graph.responseTimePercentiles.exclude_controllers' not found, using default value 'false' instead.
2025-10-06 00:02:26,759 INFO o.a.j.r.c.ReportGeneratorConfiguration: Property 'jmeter.reportgenerator.graph.responseTimePercentilesOverTime.exclude_controllers' not found, using default value 'false' instead.
2025-10-06 00:02:26,759 INFO o.a.j.r.c.ReportGeneratorConfiguration: Property 'jmeter.reportgenerator.graph.responseTimesOverTime.exclude_controllers' not found, using default value 'false' instead.
2025-10-06 00:02:26,760 INFO o.a.j.r.c.ReportGeneratorConfiguration: Property 'jmeter.reportgenerator.graph.connectTimeOverTime.exclude_controllers' not found, using default value 'false' instead.
2025-10-06 00:02:26,760 INFO o.a.j.r.c.ReportGeneratorConfiguration: Property 'jmeter.reportgenerator.graph.latenciesOverTime.exclude_controllers' not found, using default value 'false' instead.
2025-10-06 00:02:26,760 INFO o.a.j.r.c.ReportGeneratorConfiguration: Property 'jmeter.reportgenerator.exporter.json.filters_only_sample_series' not found, using default value 'true' instead.
2025-10-06 00:02:26,760 INFO o.a.j.r.c.ReportGeneratorConfiguration: Property 'jmeter.reportgenerator.exporter.json.series_filter' not found, using default value '' instead.
2025-10-06 00:02:26,761 INFO o.a.j.r.c.ReportGeneratorConfiguration: Property 'jmeter.reportgenerator.exporter.json.show_controllers_only' not found, using default value 'false' instead.
2025-10-06 00:02:26,761 INFO o.a.j.r.c.ReportGeneratorConfiguration: Property 'jmeter.reportgenerator.exporter.html.filters_only_sample_series' not found, using default value 'true' instead.
2025-10-06 00:02:26,761 INFO o.a.j.r.c.ReportGeneratorConfiguration: Property 'jmeter.reportgenerator.exporter.html.series_filter' not found, using default value '' instead.
2025-10-06 00:02:26,761 INFO o.a.j.r.c.ReportGeneratorConfiguration: Property 'jmeter.reportgenerator.exporter.html.show_controllers_only' not found, using default value 'false' instead.
2025-10-06 00:02:26,770 INFO o.a.j.e.StandardJMeterEngine: Running the test!
2025-10-06 00:02:26,771 INFO o.a.j.s.SampleEvent: List of sample_variables: []
2025-10-06 00:02:26,771 INFO o.a.j.s.SampleEvent: List of sample_variables: []
2025-10-06 00:02:26,834 INFO o.a.j.JMeter: Running test (1759708946833)
2025-10-06 00:02:26,856 INFO o.a.j.e.StandardJMeterEngine: Starting ThreadGroup: 1 : UDP Senders
2025-10-06 00:02:26,857 INFO o.a.j.e.StandardJMeterEngine: Starting 10 threads for group UDP Senders.
2025-10-06 00:02:26,857 INFO o.a.j.e.StandardJMeterEngine: Thread will continue on error
2025-10-06 00:02:26,857 INFO o.a.j.t.ThreadGroup: Starting thread group... number=1 threads=10 ramp-up=10 delayedStart=false
2025-10-06 00:02:26,866 INFO o.a.j.t.JMeterThread: Thread started: UDP Senders 1-1
2025-10-06 00:02:26,887 INFO o.a.j.t.ThreadGroup: Started thread group number 1
2025-10-06 00:02:26,888 INFO o.a.j.e.StandardJMeterEngine: Starting ThreadGroup: 2 : Search Verifier
2025-10-06 00:02:26,888 INFO o.a.j.e.StandardJMeterEngine: Starting 1 threads for group Search Verifier.
2025-10-06 00:02:26,888 INFO o.a.j.e.StandardJMeterEngine: Thread will continue on error
2025-10-06 00:02:26,888 INFO o.a.j.t.ThreadGroup: Starting thread group... number=2 threads=1 ramp-up=1 delayedStart=false
2025-10-06 00:02:26,889 INFO o.a.j.t.ThreadGroup: Started thread group number 2
2025-10-06 00:02:26,889 INFO o.a.j.e.StandardJMeterEngine: All thread groups have been started
2025-10-06 00:02:26,890 INFO o.a.j.t.JMeterThread: Thread started: Search Verifier 2-1
2025-10-06 00:02:26,902 INFO o.a.j.p.h.s.HTTPHCAbstractImpl: Local host = runnervmwhb2z
2025-10-06 00:02:26,906 INFO o.a.j.p.h.s.HTTPHC4Impl: HTTP request retry count = 0
2025-10-06 00:02:26,907 INFO o.a.j.s.SampleResult: Note: Sample TimeStamps are END times
2025-10-06 00:02:26,907 INFO o.a.j.s.SampleResult: sampleresult.default.encoding is set to UTF-8
2025-10-06 00:02:26,907 INFO o.a.j.s.SampleResult: sampleresult.useNanoTime=true
2025-10-06 00:02:26,907 INFO o.a.j.s.SampleResult: sampleresult.nanoThreadSleep=5000
2025-10-06 00:02:26,925 INFO o.a.j.r.Summariser: summary +      1 in 00:00:00 =   11.0/s Avg:     1 Min:     1 Max:     1 Err:     0 (0.00%) Active: 2 Started: 2 Finished: 0
2025-10-06 00:02:27,864 INFO o.a.j.t.JMeterThread: Thread started: UDP Senders 1-2
2025-10-06 00:02:28,861 INFO o.a.j.t.JMeterThread: Thread started: UDP Senders 1-3
2025-10-06 00:02:29,860 INFO o.a.j.t.JMeterThread: Thread started: UDP Senders 1-4
2025-10-06 00:02:30,859 INFO o.a.j.t.JMeterThread: Thread started: UDP Senders 1-5
2025-10-06 00:02:31,859 INFO o.a.j.t.JMeterThread: Thread started: UDP Senders 1-6
2025-10-06 00:02:32,001 INFO o.a.j.r.Summariser: summary +   4656 in 00:00:05 =  917.1/s Avg:     0 Min:     0 Max:    47 Err:     0 (0.00%) Active: 7 Started: 7 Finished: 0
2025-10-06 00:02:32,002 INFO o.a.j.r.Summariser: summary =   4657 in 00:00:05 =  901.1/s Avg:     0 Min:     0 Max:    47 Err:     0 (0.00%)
2025-10-06 00:02:32,859 INFO o.a.j.t.JMeterThread: Thread started: UDP Senders 1-7
2025-10-06 00:02:33,859 INFO o.a.j.t.JMeterThread: Thread started: UDP Senders 1-8
2025-10-06 00:02:34,861 INFO o.a.j.t.JMeterThread: Thread started: UDP Senders 1-9
2025-10-06 00:02:35,860 INFO o.a.j.t.JMeterThread: Thread started: UDP Senders 1-10
2025-10-06 00:02:38,000 INFO o.a.j.r.Summariser: summary +  10175 in 00:00:06 = 1696.1/s Avg:     0 Min:     0 Max:    10 Err:     0 (0.00%) Active: 11 Started: 11 Finished: 0
2025-10-06 00:02:38,000 INFO o.a.j.r.Summariser: summary =  14832 in 00:00:11 = 1328.2/s Avg:     0 Min:     0 Max:    47 Err:     0 (0.00%)
2025-10-06 00:02:44,000 INFO o.a.j.r.Summariser: summary +  14525 in 00:00:06 = 2420.8/s Avg:     0 Min:     0 Max:    13 Err:     0 (0.00%) Active: 11 Started: 11 Finished: 0
2025-10-06 00:02:44,000 INFO o.a.j.r.Summariser: summary =  29357 in 00:00:17 = 1710.1/s Avg:     0 Min:     0 Max:    47 Err:     0 (0.00%)
2025-10-06 00:02:50,000 INFO o.a.j.r.Summariser: summary +  18237 in 00:00:06 = 3039.5/s Avg:     0 Min:     0 Max:     3 Err:     0 (0.00%) Active: 11 Started: 11 Finished: 0
2025-10-06 00:02:50,000 INFO o.a.j.r.Summariser: summary =  47594 in 00:00:23 = 2054.4/s Avg:     0 Min:     0 Max:    47 Err:     0 (0.00%)
2025-10-06 00:02:56,000 INFO o.a.j.r.Summariser: summary +  18495 in 00:00:06 = 3082.5/s Avg:     0 Min:     0 Max:     4 Err:     0 (0.00%) Active: 11 Started: 11 Finished: 0
2025-10-06 00:02:56,001 INFO o.a.j.r.Summariser: summary =  66089 in 00:00:29 = 2265.9/s Avg:     0 Min:     0 Max:    47 Err:     0 (0.00%)
2025-10-06 00:03:02,000 INFO o.a.j.r.Summariser: summary +  18323 in 00:00:06 = 3053.8/s Avg:     0 Min:     0 Max:     5 Err:     0 (0.00%) Active: 11 Started: 11 Finished: 0
2025-10-06 00:03:02,000 INFO o.a.j.r.Summariser: summary =  84412 in 00:00:35 = 2400.3/s Avg:     0 Min:     0 Max:    47 Err:     0 (0.00%)
2025-10-06 00:03:08,000 INFO o.a.j.r.Summariser: summary +  18687 in 00:00:06 = 3114.5/s Avg:     0 Min:     0 Max:     4 Err:     0 (0.00%) Active: 11 Started: 11 Finished: 0
2025-10-06 00:03:08,000 INFO o.a.j.r.Summariser: summary = 103099 in 00:00:41 = 2504.4/s Avg:     0 Min:     0 Max:    47 Err:     0 (0.00%)
2025-10-06 00:03:14,000 INFO o.a.j.r.Summariser: summary +  18502 in 00:00:06 = 3083.7/s Avg:     0 Min:     0 Max:     4 Err:     0 (0.00%) Active: 11 Started: 11 Finished: 0
2025-10-06 00:03:14,000 INFO o.a.j.r.Summariser: summary = 121601 in 00:00:47 = 2578.1/s Avg:     0 Min:     0 Max:    47 Err:     0 (0.00%)
2025-10-06 00:03:20,000 INFO o.a.j.r.Summariser: summary +  18759 in 00:00:06 = 3126.5/s Avg:     0 Min:     0 Max:     4 Err:     0 (0.00%) Active: 11 Started: 11 Finished: 0
2025-10-06 00:03:20,000 INFO o.a.j.r.Summariser: summary = 140360 in 00:00:53 = 2640.0/s Avg:     0 Min:     0 Max:    47 Err:     0 (0.00%)
2025-10-06 00:03:26,000 INFO o.a.j.r.Summariser: summary +  18922 in 00:00:06 = 3153.7/s Avg:     0 Min:     0 Max:     3 Err:     0 (0.00%) Active: 11 Started: 11 Finished: 0
2025-10-06 00:03:26,000 INFO o.a.j.r.Summariser: summary = 159282 in 00:00:59 = 2692.1/s Avg:     0 Min:     0 Max:    47 Err:     0 (0.00%)
2025-10-06 00:03:26,808 INFO o.a.j.t.JMeterThread: Thread finished: UDP Senders 1-5
2025-10-06 00:03:26,819 INFO o.a.j.t.JMeterThread: Thread finished: UDP Senders 1-3
2025-10-06 00:03:26,831 INFO o.a.j.t.JMeterThread: Thread finished: UDP Senders 1-9
2025-10-06 00:03:26,842 INFO o.a.j.t.JMeterThread: Thread finished: UDP Senders 1-2
2025-10-06 00:03:26,846 INFO o.a.j.t.JMeterThread: Thread finished: UDP Senders 1-1
2025-10-06 00:03:26,852 INFO o.a.j.t.JMeterThread: Thread finished: UDP Senders 1-10
2025-10-06 00:03:26,853 INFO o.a.j.t.JMeterThread: Thread finished: UDP Senders 1-7
2025-10-06 00:03:26,855 INFO o.a.j.t.JMeterThread: Thread finished: UDP Senders 1-8
2025-10-06 00:03:26,859 INFO o.a.j.t.JMeterThread: Thread finished: UDP Senders 1-4
2025-10-06 00:03:26,877 INFO o.a.j.t.JMeterThread: Stopping because end time detected by thread: UDP Senders 1-6
2025-10-06 00:03:26,877 INFO o.a.j.t.JMeterThread: Thread finished: UDP Senders 1-6
2025-10-06 00:03:26,888 INFO o.a.j.t.JMeterThread: Stopping because end time detected by thread: Search Verifier 2-1
2025-10-06 00:03:26,888 INFO o.a.j.t.JMeterThread: Thread finished: Search Verifier 2-1
2025-10-06 00:03:26,888 INFO o.a.j.e.StandardJMeterEngine: Notifying test listeners of end of test
2025-10-06 00:03:26,889 INFO o.a.j.r.Summariser: summary +   2780 in 00:00:01 = 3127.1/s Avg:     0 Min:     0 Max:     1 Err:     0 (0.00%) Active: 0 Started: 11 Finished: 11
2025-10-06 00:03:26,889 INFO o.a.j.r.Summariser: summary = 162062 in 00:01:00 = 2698.5/s Avg:     0 Min:     0 Max:    47 Err:     0 (0.00%)
2025-10-06 00:03:26,889 INFO o.a.j.JMeter: Generating Dashboard
2025-10-06 00:03:26,889 INFO o.a.j.r.d.ReportGenerator: Flushing result collector before report Generation
2025-10-06 00:03:26,901 INFO o.a.j.r.p.NormalizerSampleConsumer: Using format, 'ms', to parse timeStamp field
2025-10-06 00:03:28,718 INFO o.a.j.r.p.AbstractSampleConsumer: class org.apache.jmeter.report.processor.AggregateConsumer#stopProducing(): beginDate produced 0 samples
2025-10-06 00:03:28,719 INFO o.a.j.r.p.AbstractSampleConsumer: class org.apache.jmeter.report.processor.AggregateConsumer#stopProducing(): endDate produced 0 samples
2025-10-06 00:03:28,720 INFO o.a.j.r.p.AbstractSampleConsumer: class org.apache.jmeter.report.processor.ApdexSummaryConsumer#stopProducing(): apdexSummary produced 0 samples
2025-10-06 00:03:28,720 INFO o.a.j.r.p.AbstractSampleConsumer: class org.apache.jmeter.report.processor.RequestsSummaryConsumer#stopProducing(): requestsSummary produced 0 samples
2025-10-06 00:03:28,734 INFO o.a.j.r.p.AbstractSampleConsumer: class org.apache.jmeter.report.processor.StatisticsSummaryConsumer#stopProducing(): statisticsSummary produced 0 samples
2025-10-06 00:03:28,735 INFO o.a.j.r.p.AbstractSampleConsumer: class org.apache.jmeter.report.processor.Top5ErrorsBySamplerConsumer#stopProducing(): top5ErrorsBySampler produced 0 samples
2025-10-06 00:03:28,735 INFO o.a.j.r.p.AbstractSampleConsumer: class org.apache.jmeter.report.processor.ErrorsSummaryConsumer#stopProducing(): errorsSummary produced 0 samples
2025-10-06 00:03:28,735 INFO o.a.j.r.p.AbstractSampleConsumer: class org.apache.jmeter.report.processor.graph.impl.HitsPerSecondGraphConsumer#stopProducing(): hitsPerSecond produced 0 samples
2025-10-06 00:03:29,240 INFO o.a.j.r.p.AbstractSampleConsumer: class org.apache.jmeter.report.processor.graph.impl.LatencyVSRequestGraphConsumer#stopProducing(): latencyVsRequest produced 0 samples
2025-10-06 00:03:29,245 INFO o.a.j.r.p.AbstractSampleConsumer: class org.apache.jmeter.report.processor.graph.impl.SyntheticResponseTimeDistributionGraphConsumer#stopProducing(): syntheticResponseTimeDistribution produced 0 samples
2025-10-06 00:03:29,246 INFO o.a.j.r.p.AbstractSampleConsumer: class org.apache.jmeter.report.processor.graph.impl.BytesThroughputGraphConsumer#stopProducing(): bytesThroughputOverTime produced 0 samples
2025-10-06 00:03:29,246 INFO o.a.j.r.p.AbstractSampleConsumer: class org.apache.jmeter.report.processor.graph.impl.CodesPerSecondGraphConsumer#stopProducing(): codesPerSecond produced 0 samples
2025-10-06 00:03:29,674 INFO o.a.j.r.p.AbstractSampleConsumer: class org.apache.jmeter.report.processor.graph.impl.ResponseTimeVSRequestGraphConsumer#stopProducing(): responseTimeVsRequest produced 0 samples
2025-10-06 00:03:29,678 INFO o.a.j.r.p.AbstractSampleConsumer: class org.apache.jmeter.report.processor.FilterConsumer#stopProducing(): startIntervalControlerFilter produced 1134434 samples
2025-10-06 00:03:29,678 INFO o.a.j.r.p.AbstractSampleConsumer: class org.apache.jmeter.report.processor.graph.impl.TotalTPSGraphConsumer#stopProducing(): totalTPS produced 0 samples
2025-10-06 00:03:29,678 INFO o.a.j.r.p.AbstractSampleConsumer: class org.apache.jmeter.report.processor.graph.impl.ActiveThreadsGraphConsumer#stopProducing(): activeThreadsOverTime produced 0 samples
2025-10-06 00:03:29,679 INFO o.a.j.r.p.AbstractSampleConsumer: class org.apache.jmeter.report.processor.graph.impl.TimeVSThreadGraphConsumer#stopProducing(): timeVsThreads produced 0 samples
2025-10-06 00:03:29,679 INFO o.a.j.r.p.AbstractSampleConsumer: class org.apache.jmeter.report.processor.graph.impl.ResponseTimeDistributionGraphConsumer#stopProducing(): responseTimeDistribution produced 0 samples
2025-10-06 00:03:29,679 INFO o.a.j.r.p.AbstractSampleConsumer: class org.apache.jmeter.report.processor.graph.impl.TransactionsPerSecondGraphConsumer#stopProducing(): transactionsPerSecond produced 0 samples
2025-10-06 00:03:29,679 INFO o.a.j.r.p.AbstractSampleConsumer: class org.apache.jmeter.report.processor.graph.impl.ResponseTimePercentilesGraphConsumer#stopProducing(): responseTimePercentiles produced 0 samples
2025-10-06 00:03:29,680 INFO o.a.j.r.p.AbstractSampleConsumer: class org.apache.jmeter.report.processor.graph.impl.ResponseTimePercentilesOverTimeGraphConsumer#stopProducing(): responseTimePercentilesOverTime produced 0 samples
2025-10-06 00:03:29,681 INFO o.a.j.r.p.AbstractSampleConsumer: class org.apache.jmeter.report.processor.graph.impl.ResponseTimeOverTimeGraphConsumer#stopProducing(): responseTimesOverTime produced 0 samples
2025-10-06 00:03:29,681 INFO o.a.j.r.p.AbstractSampleConsumer: class org.apache.jmeter.report.processor.graph.impl.ConnectTimeOverTimeGraphConsumer#stopProducing(): connectTimeOverTime produced 0 samples
2025-10-06 00:03:29,681 INFO o.a.j.r.p.AbstractSampleConsumer: class org.apache.jmeter.report.processor.graph.impl.LatencyOverTimeGraphConsumer#stopProducing(): latenciesOverTime produced 0 samples
2025-10-06 00:03:29,681 INFO o.a.j.r.p.AbstractSampleConsumer: class org.apache.jmeter.report.processor.FilterConsumer#stopProducing(): nameFilter produced 2430930 samples
2025-10-06 00:03:29,681 INFO o.a.j.r.p.AbstractSampleConsumer: class org.apache.jmeter.report.processor.FilterConsumer#stopProducing(): dateRangeFilter produced 486186 samples
2025-10-06 00:03:29,681 INFO o.a.j.r.p.AbstractSampleConsumer: class org.apache.jmeter.report.processor.NormalizerSampleConsumer#stopProducing(): normalizer produced 162062 samples
2025-10-06 00:03:29,681 INFO o.a.j.r.p.CsvFileSampleSource: produce(): 162062 samples produced in 2s 757 ms on channel 0
2025-10-06 00:03:29,682 INFO o.a.j.r.d.ReportGenerator: Exporting data using exporter:'json' of className:'org.apache.jmeter.report.dashboard.JsonExporter'
2025-10-06 00:03:29,762 INFO o.a.j.r.d.JsonExporter: Found data for consumer statisticsSummary in context
2025-10-06 00:03:29,762 INFO o.a.j.r.d.JsonExporter: Creating statistics for overall
2025-10-06 00:03:29,762 INFO o.a.j.r.d.JsonExporter: Creating statistics for other transactions
2025-10-06 00:03:29,762 INFO o.a.j.r.d.JsonExporter: Checking output folder
2025-10-06 00:03:29,763 INFO o.a.j.r.d.JsonExporter: Writing statistics JSON to /home/runner/work/grepwise/grepwise/target/jmeter/reports/syslog-udp/statistics.json
2025-10-06 00:03:29,795 INFO o.a.j.r.d.ReportGenerator: Exporting data using exporter:'html' of className:'org.apache.jmeter.report.dashboard.HtmlTemplateExporter'
2025-10-06 00:03:29,797 INFO o.a.j.r.d.HtmlTemplateExporter: Will generate dashboard in folder: /home/runner/work/grepwise/grepwise/target/jmeter/reports/syslog-udp
2025-10-06 00:03:29,895 INFO o.a.j.r.d.HtmlTemplateExporter: Report will be generated in: /home/runner/work/grepwise/grepwise/target/jmeter/reports/syslog-udp, creating folder structure
2025-10-06 00:03:29,898 INFO o.a.j.r.d.TemplateVisitor: Copying folder from '/home/runner/work/grepwise/grepwise/target/56d5aad5-f267-4774-9b11-72a6fd17213f/jmeter/bin/report-template' to '/home/runner/work/grepwise/grepwise/target/jmeter/reports/syslog-udp', got message: /home/runner/work/grepwise/grepwise/target/jmeter/reports/syslog-udp, found non empty folder with following content [/home/runner/work/grepwise/grepwise/target/jmeter/reports/syslog-udp/statistics.json], will be ignored
2025-10-06 00:03:30,073 INFO o.a.j.JMeter: Dashboard generated
