2025-09-29 19:09:37,987 INFO o.a.j.u.JMeterUtils: Setting Locale to en
2025-09-29 19:09:38,000 INFO o.a.j.JMeter: Loading additional properties from: /home/runner/work/grepwise/grepwise/src/test/jmeter/jmeter.properties
2025-09-29 19:09:38,001 INFO o.a.j.JMeter: Setting System property: sun.net.http.allowRestrictedHeaders=true
2025-09-29 19:09:38,005 INFO o.a.j.JMeter: Copyright (c) 1998-2023 The Apache Software Foundation
2025-09-29 19:09:38,005 INFO o.a.j.JMeter: Version 5.6.2
2025-09-29 19:09:38,005 INFO o.a.j.JMeter: java.version=25
2025-09-29 19:09:38,005 INFO o.a.j.JMeter: java.vm.name=OpenJDK 64-Bit Server VM
2025-09-29 19:09:38,006 INFO o.a.j.JMeter: os.name=Linux
2025-09-29 19:09:38,006 INFO o.a.j.JMeter: os.arch=amd64
2025-09-29 19:09:38,006 INFO o.a.j.JMeter: os.version=6.11.0-1018-azure
2025-09-29 19:09:38,006 INFO o.a.j.JMeter: file.encoding=UTF-8
2025-09-29 19:09:38,006 INFO o.a.j.JMeter: java.awt.headless=true
2025-09-29 19:09:38,006 INFO o.a.j.JMeter: Max memory     =536870912
2025-09-29 19:09:38,006 INFO o.a.j.JMeter: Available Processors =4
2025-09-29 19:09:38,016 INFO o.a.j.JMeter: Default Locale=English
2025-09-29 19:09:38,016 INFO o.a.j.JMeter: JMeter  Locale=English
2025-09-29 19:09:38,016 INFO o.a.j.JMeter: JMeterHome=/home/runner/work/grepwise/grepwise/target/e5b2d2fb-0f3f-41b2-b3f1-515cd56eedaf/jmeter
2025-09-29 19:09:38,016 INFO o.a.j.JMeter: user.dir  =/home/runner/work/grepwise/grepwise/target/e5b2d2fb-0f3f-41b2-b3f1-515cd56eedaf/jmeter/bin
2025-09-29 19:09:38,016 INFO o.a.j.JMeter: PWD       =/home/runner/work/grepwise/grepwise/target/e5b2d2fb-0f3f-41b2-b3f1-515cd56eedaf/jmeter/bin
2025-09-29 19:09:38,016 INFO o.a.j.JMeter: IP: 10.1.0.18 Name: runnervm3ublj FullName: runnervm3ublj.msujwtbwninu5popuwrl3ofwkh.dx.internal.cloudapp.net
2025-09-29 19:09:38,025 INFO o.a.j.JMeter: Setting property 'jmeter.reportgenerator.outputdir' to:'/home/runner/work/grepwise/grepwise/target/jmeter/reports/combined-parallel-bsh'
2025-09-29 19:09:38,027 INFO o.a.j.s.FileServer: Default base='/home/runner/work/grepwise/grepwise/target/e5b2d2fb-0f3f-41b2-b3f1-515cd56eedaf/jmeter/bin'
2025-09-29 19:09:38,028 INFO o.a.j.s.FileServer: Set new base='/home/runner/work/grepwise/grepwise/target/jmeter/testFiles'
2025-09-29 19:09:38,256 INFO o.a.j.s.SaveService: Testplan (JMX) version: 2.2. Testlog (JTL) version: 2.2
2025-09-29 19:09:38,276 INFO o.a.j.s.SaveService: Using SaveService properties version 5.0
2025-09-29 19:09:38,279 INFO o.a.j.s.SaveService: Using SaveService properties file encoding UTF-8
2025-09-29 19:09:38,282 INFO o.a.j.s.SaveService: Loading file: /home/runner/work/grepwise/grepwise/target/jmeter/testFiles/combined-parallel-bsh.jmx
2025-09-29 19:09:38,366 INFO o.a.j.JMeter: Creating summariser <summary>
2025-09-29 19:09:38,372 INFO o.a.j.r.d.ReportGenerator: ReportGenerator will use for Parsing the separator: ','
2025-09-29 19:09:38,372 INFO o.a.j.r.d.ReportGenerator: Will generate report at end of test from  results file: /home/runner/work/grepwise/grepwise/target/jmeter/results/20250929-combined-parallel-bsh.csv
2025-09-29 19:09:38,372 INFO o.a.j.r.d.ReportGenerator: Reading report generator properties from: /home/runner/work/grepwise/grepwise/target/e5b2d2fb-0f3f-41b2-b3f1-515cd56eedaf/jmeter/bin/reportgenerator.properties
2025-09-29 19:09:38,372 INFO o.a.j.r.d.ReportGenerator: Merging with JMeter properties
2025-09-29 19:09:38,375 INFO o.a.j.r.c.ReportGeneratorConfiguration: Property 'jmeter.reportgenerator.temp_dir' not found, using default value 'temp' instead.
2025-09-29 19:09:38,377 INFO o.a.j.r.c.ReportGeneratorConfiguration: Property 'jmeter.reportgenerator.apdex_per_transaction' not found, using default value 'null' instead.
2025-09-29 19:09:38,377 INFO o.a.j.r.c.ReportGeneratorConfiguration: apdex_per_transaction is empty, not APDEX per transaction customization
2025-09-29 19:09:38,377 INFO o.a.j.r.c.ReportGeneratorConfiguration: Property 'jmeter.reportgenerator.sample_filter' not found, using default value 'null' instead.
2025-09-29 19:09:38,377 INFO o.a.j.r.c.ReportGeneratorConfiguration: Property 'jmeter.reportgenerator.report_title' not found, using default value 'null' instead.
2025-09-29 19:09:38,377 INFO o.a.j.r.c.ReportGeneratorConfiguration: Property 'jmeter.reportgenerator.start_date' not found, using default value 'null' instead.
2025-09-29 19:09:38,378 INFO o.a.j.r.c.ReportGeneratorConfiguration: Property 'jmeter.reportgenerator.end_date' not found, using default value 'null' instead.
2025-09-29 19:09:38,378 INFO o.a.j.r.c.ReportGeneratorConfiguration: Property 'jmeter.reportgenerator.date_format' not found, using default value 'null' instead.
2025-09-29 19:09:38,378 INFO o.a.j.r.c.ReportGeneratorConfiguration: Will use date range start date: null, end date: null
2025-09-29 19:09:38,381 INFO o.a.j.r.c.ReportGeneratorConfiguration: Property 'jmeter.reportgenerator.graph.totalTPS.exclude_controllers' not found, using default value 'false' instead.
2025-09-29 19:09:38,381 INFO o.a.j.r.c.ReportGeneratorConfiguration: Property 'jmeter.reportgenerator.graph.activeThreadsOverTime.exclude_controllers' not found, using default value 'false' instead.
2025-09-29 19:09:38,381 INFO o.a.j.r.c.ReportGeneratorConfiguration: Property 'jmeter.reportgenerator.graph.timeVsThreads.exclude_controllers' not found, using default value 'false' instead.
2025-09-29 19:09:38,381 INFO o.a.j.r.c.ReportGeneratorConfiguration: Property 'jmeter.reportgenerator.graph.responseTimeDistribution.exclude_controllers' not found, using default value 'false' instead.
2025-09-29 19:09:38,381 INFO o.a.j.r.c.ReportGeneratorConfiguration: Property 'jmeter.reportgenerator.graph.transactionsPerSecond.exclude_controllers' not found, using default value 'false' instead.
2025-09-29 19:09:38,381 INFO o.a.j.r.c.ReportGeneratorConfiguration: Property 'jmeter.reportgenerator.graph.responseTimePercentiles.exclude_controllers' not found, using default value 'false' instead.
2025-09-29 19:09:38,381 INFO o.a.j.r.c.ReportGeneratorConfiguration: Property 'jmeter.reportgenerator.graph.responseTimePercentilesOverTime.exclude_controllers' not found, using default value 'false' instead.
2025-09-29 19:09:38,381 INFO o.a.j.r.c.ReportGeneratorConfiguration: Property 'jmeter.reportgenerator.graph.responseTimesOverTime.exclude_controllers' not found, using default value 'false' instead.
2025-09-29 19:09:38,382 INFO o.a.j.r.c.ReportGeneratorConfiguration: Property 'jmeter.reportgenerator.graph.connectTimeOverTime.exclude_controllers' not found, using default value 'false' instead.
2025-09-29 19:09:38,382 INFO o.a.j.r.c.ReportGeneratorConfiguration: Property 'jmeter.reportgenerator.graph.latenciesOverTime.exclude_controllers' not found, using default value 'false' instead.
2025-09-29 19:09:38,382 INFO o.a.j.r.c.ReportGeneratorConfiguration: Property 'jmeter.reportgenerator.exporter.json.filters_only_sample_series' not found, using default value 'true' instead.
2025-09-29 19:09:38,382 INFO o.a.j.r.c.ReportGeneratorConfiguration: Property 'jmeter.reportgenerator.exporter.json.series_filter' not found, using default value '' instead.
2025-09-29 19:09:38,382 INFO o.a.j.r.c.ReportGeneratorConfiguration: Property 'jmeter.reportgenerator.exporter.json.show_controllers_only' not found, using default value 'false' instead.
2025-09-29 19:09:38,383 INFO o.a.j.r.c.ReportGeneratorConfiguration: Property 'jmeter.reportgenerator.exporter.html.filters_only_sample_series' not found, using default value 'true' instead.
2025-09-29 19:09:38,383 INFO o.a.j.r.c.ReportGeneratorConfiguration: Property 'jmeter.reportgenerator.exporter.html.series_filter' not found, using default value '' instead.
2025-09-29 19:09:38,383 INFO o.a.j.r.c.ReportGeneratorConfiguration: Property 'jmeter.reportgenerator.exporter.html.show_controllers_only' not found, using default value 'false' instead.
2025-09-29 19:09:38,392 INFO o.a.j.e.StandardJMeterEngine: Running the test!
2025-09-29 19:09:38,392 INFO o.a.j.s.SampleEvent: List of sample_variables: []
2025-09-29 19:09:38,393 INFO o.a.j.s.SampleEvent: List of sample_variables: []
2025-09-29 19:09:38,464 INFO o.a.j.JMeter: Running test (1759172978464)
2025-09-29 19:09:38,488 INFO o.a.j.e.StandardJMeterEngine: Starting ThreadGroup: 1 : UDP Ingestion
2025-09-29 19:09:38,489 INFO o.a.j.e.StandardJMeterEngine: Starting 10 threads for group UDP Ingestion.
2025-09-29 19:09:38,489 INFO o.a.j.e.StandardJMeterEngine: Thread will continue on error
2025-09-29 19:09:38,489 INFO o.a.j.t.ThreadGroup: Starting thread group... number=1 threads=10 ramp-up=10 delayedStart=false
2025-09-29 19:09:38,498 INFO o.a.j.t.JMeterThread: Thread started: UDP Ingestion 1-1
2025-09-29 19:09:38,518 INFO o.a.j.t.ThreadGroup: Started thread group number 1
2025-09-29 19:09:38,518 INFO o.a.j.e.StandardJMeterEngine: Starting ThreadGroup: 2 : HTTP Searchers
2025-09-29 19:09:38,518 INFO o.a.j.e.StandardJMeterEngine: Starting 10 threads for group HTTP Searchers.
2025-09-29 19:09:38,519 INFO o.a.j.e.StandardJMeterEngine: Thread will continue on error
2025-09-29 19:09:38,519 INFO o.a.j.t.ThreadGroup: Starting thread group... number=2 threads=10 ramp-up=10 delayedStart=false
2025-09-29 19:09:38,520 INFO o.a.j.t.JMeterThread: Thread started: HTTP Searchers 2-1
2025-09-29 19:09:38,526 INFO o.a.j.t.ThreadGroup: Started thread group number 2
2025-09-29 19:09:38,526 INFO o.a.j.e.StandardJMeterEngine: All thread groups have been started
2025-09-29 19:09:38,534 INFO o.a.j.p.h.s.HTTPHCAbstractImpl: Local host = runnervm3ublj
2025-09-29 19:09:38,539 INFO o.a.j.p.h.s.HTTPHC4Impl: HTTP request retry count = 0
2025-09-29 19:09:38,540 INFO o.a.j.s.SampleResult: Note: Sample TimeStamps are END times
2025-09-29 19:09:38,540 INFO o.a.j.s.SampleResult: sampleresult.default.encoding is set to UTF-8
2025-09-29 19:09:38,540 INFO o.a.j.s.SampleResult: sampleresult.useNanoTime=true
2025-09-29 19:09:38,540 INFO o.a.j.s.SampleResult: sampleresult.nanoThreadSleep=5000
2025-09-29 19:09:38,547 INFO o.a.j.r.Summariser: summary +      1 in 00:00:00 =   12.2/s Avg:     2 Min:     2 Max:     2 Err:     0 (0.00%) Active: 2 Started: 2 Finished: 0
2025-09-29 19:09:39,494 INFO o.a.j.t.JMeterThread: Thread started: UDP Ingestion 1-2
2025-09-29 19:09:39,520 INFO o.a.j.t.JMeterThread: Thread started: HTTP Searchers 2-2
2025-09-29 19:09:40,493 INFO o.a.j.t.JMeterThread: Thread started: UDP Ingestion 1-3
2025-09-29 19:09:40,520 INFO o.a.j.t.JMeterThread: Thread started: HTTP Searchers 2-3
2025-09-29 19:09:41,493 INFO o.a.j.t.JMeterThread: Thread started: UDP Ingestion 1-4
2025-09-29 19:09:41,522 INFO o.a.j.t.JMeterThread: Thread started: HTTP Searchers 2-4
2025-09-29 19:09:42,491 INFO o.a.j.t.JMeterThread: Thread started: UDP Ingestion 1-5
2025-09-29 19:09:42,520 INFO o.a.j.t.JMeterThread: Thread started: HTTP Searchers 2-5
2025-09-29 19:09:43,492 INFO o.a.j.t.JMeterThread: Thread started: UDP Ingestion 1-6
2025-09-29 19:09:43,519 INFO o.a.j.t.JMeterThread: Thread started: HTTP Searchers 2-6
2025-09-29 19:09:44,001 INFO o.a.j.r.Summariser: summary +  11993 in 00:00:05 = 2198.9/s Avg:     1 Min:     0 Max:    23 Err:     0 (0.00%) Active: 12 Started: 12 Finished: 0
2025-09-29 19:09:44,001 INFO o.a.j.r.Summariser: summary =  11994 in 00:00:06 = 2166.5/s Avg:     1 Min:     0 Max:    23 Err:     0 (0.00%)
2025-09-29 19:09:44,492 INFO o.a.j.t.JMeterThread: Thread started: UDP Ingestion 1-7
2025-09-29 19:09:44,520 INFO o.a.j.t.JMeterThread: Thread started: HTTP Searchers 2-7
2025-09-29 19:09:45,491 INFO o.a.j.t.JMeterThread: Thread started: UDP Ingestion 1-8
2025-09-29 19:09:45,520 INFO o.a.j.t.JMeterThread: Thread started: HTTP Searchers 2-8
2025-09-29 19:09:46,492 INFO o.a.j.t.JMeterThread: Thread started: UDP Ingestion 1-9
2025-09-29 19:09:46,523 INFO o.a.j.t.JMeterThread: Thread started: HTTP Searchers 2-9
2025-09-29 19:09:47,492 INFO o.a.j.t.JMeterThread: Thread started: UDP Ingestion 1-10
2025-09-29 19:09:47,523 INFO o.a.j.t.JMeterThread: Thread started: HTTP Searchers 2-10
2025-09-29 19:09:50,001 INFO o.a.j.r.Summariser: summary +  20779 in 00:00:06 = 3463.2/s Avg:     2 Min:     0 Max:    27 Err:     0 (0.00%) Active: 20 Started: 20 Finished: 0
2025-09-29 19:09:50,004 INFO o.a.j.r.Summariser: summary =  32773 in 00:00:12 = 2840.9/s Avg:     2 Min:     0 Max:    27 Err:     0 (0.00%)
2025-09-29 19:09:56,000 INFO o.a.j.r.Summariser: summary +  24822 in 00:00:06 = 4137.0/s Avg:     2 Min:     0 Max:    17 Err:     0 (0.00%) Active: 20 Started: 20 Finished: 0
2025-09-29 19:09:56,000 INFO o.a.j.r.Summariser: summary =  57595 in 00:00:18 = 3284.4/s Avg:     2 Min:     0 Max:    27 Err:     0 (0.00%)
2025-09-29 19:10:02,000 INFO o.a.j.r.Summariser: summary +  24953 in 00:00:06 = 4158.8/s Avg:     2 Min:     0 Max:    18 Err:     0 (0.00%) Active: 20 Started: 20 Finished: 0
2025-09-29 19:10:02,000 INFO o.a.j.r.Summariser: summary =  82548 in 00:00:24 = 3507.3/s Avg:     2 Min:     0 Max:    27 Err:     0 (0.00%)
2025-09-29 19:10:08,000 INFO o.a.j.r.Summariser: summary +  25048 in 00:00:06 = 4174.7/s Avg:     2 Min:     0 Max:    18 Err:     0 (0.00%) Active: 20 Started: 20 Finished: 0
2025-09-29 19:10:08,000 INFO o.a.j.r.Summariser: summary = 107596 in 00:00:30 = 3642.9/s Avg:     2 Min:     0 Max:    27 Err:     0 (0.00%)
2025-09-29 19:10:14,000 INFO o.a.j.r.Summariser: summary +  25087 in 00:00:06 = 4181.2/s Avg:     2 Min:     0 Max:    19 Err:     0 (0.00%) Active: 20 Started: 20 Finished: 0
2025-09-29 19:10:14,002 INFO o.a.j.r.Summariser: summary = 132683 in 00:00:36 = 3733.8/s Avg:     2 Min:     0 Max:    27 Err:     0 (0.00%)
2025-09-29 19:10:20,000 INFO o.a.j.r.Summariser: summary +  25694 in 00:00:06 = 4282.3/s Avg:     2 Min:     0 Max:    18 Err:     0 (0.00%) Active: 20 Started: 20 Finished: 0
2025-09-29 19:10:20,003 INFO o.a.j.r.Summariser: summary = 158377 in 00:00:42 = 3813.0/s Avg:     2 Min:     0 Max:    27 Err:     0 (0.00%)
2025-09-29 19:10:26,000 INFO o.a.j.r.Summariser: summary +  26242 in 00:00:06 = 4373.7/s Avg:     2 Min:     0 Max:    17 Err:     0 (0.00%) Active: 20 Started: 20 Finished: 0
2025-09-29 19:10:26,001 INFO o.a.j.r.Summariser: summary = 184619 in 00:00:48 = 3883.8/s Avg:     2 Min:     0 Max:    27 Err:     0 (0.00%)
2025-09-29 19:10:32,004 INFO o.a.j.r.Summariser: summary +  26133 in 00:00:06 = 4355.5/s Avg:     2 Min:     0 Max:    16 Err:     0 (0.00%) Active: 20 Started: 20 Finished: 0
2025-09-29 19:10:32,004 INFO o.a.j.r.Summariser: summary = 210752 in 00:00:54 = 3936.6/s Avg:     2 Min:     0 Max:    27 Err:     0 (0.00%)
2025-09-29 19:10:38,000 INFO o.a.j.r.Summariser: summary +  26465 in 00:00:06 = 4410.8/s Avg:     2 Min:     0 Max:    18 Err:     0 (0.00%) Active: 20 Started: 20 Finished: 0
2025-09-29 19:10:38,000 INFO o.a.j.r.Summariser: summary = 237217 in 00:01:00 = 3984.4/s Avg:     2 Min:     0 Max:    27 Err:     0 (0.00%)
2025-09-29 19:10:38,472 INFO o.a.j.t.JMeterThread: Thread finished: UDP Ingestion 1-1
2025-09-29 19:10:38,484 INFO o.a.j.t.JMeterThread: Thread finished: UDP Ingestion 1-3
2025-09-29 19:10:38,485 INFO o.a.j.t.JMeterThread: Thread finished: UDP Ingestion 1-2
2025-09-29 19:10:38,490 INFO o.a.j.t.JMeterThread: Thread finished: UDP Ingestion 1-5
2025-09-29 19:10:38,497 INFO o.a.j.t.JMeterThread: Thread finished: UDP Ingestion 1-8
2025-09-29 19:10:38,500 INFO o.a.j.t.JMeterThread: Thread finished: UDP Ingestion 1-6
2025-09-29 19:10:38,502 INFO o.a.j.t.JMeterThread: Thread finished: UDP Ingestion 1-7
2025-09-29 19:10:38,502 INFO o.a.j.t.JMeterThread: Thread finished: UDP Ingestion 1-4
2025-09-29 19:10:38,503 INFO o.a.j.t.JMeterThread: Thread finished: UDP Ingestion 1-10
2025-09-29 19:10:38,509 INFO o.a.j.t.JMeterThread: Thread finished: UDP Ingestion 1-9
2025-09-29 19:10:38,519 INFO o.a.j.t.JMeterThread: Stopping because end time detected by thread: HTTP Searchers 2-1
2025-09-29 19:10:38,519 INFO o.a.j.t.JMeterThread: Thread finished: HTTP Searchers 2-1
2025-09-29 19:10:38,520 INFO o.a.j.t.JMeterThread: Stopping because end time detected by thread: HTTP Searchers 2-3
2025-09-29 19:10:38,520 INFO o.a.j.t.JMeterThread: Thread finished: HTTP Searchers 2-3
2025-09-29 19:10:38,520 INFO o.a.j.t.JMeterThread: Stopping because end time detected by thread: HTTP Searchers 2-4
2025-09-29 19:10:38,520 INFO o.a.j.t.JMeterThread: Thread finished: HTTP Searchers 2-4
2025-09-29 19:10:38,521 INFO o.a.j.t.JMeterThread: Stopping because end time detected by thread: HTTP Searchers 2-5
2025-09-29 19:10:38,521 INFO o.a.j.t.JMeterThread: Thread finished: HTTP Searchers 2-5
2025-09-29 19:10:38,522 INFO o.a.j.t.JMeterThread: Stopping because end time detected by thread: HTTP Searchers 2-7
2025-09-29 19:10:38,522 INFO o.a.j.t.JMeterThread: Thread finished: HTTP Searchers 2-7
2025-09-29 19:10:38,523 INFO o.a.j.t.JMeterThread: Stopping because end time detected by thread: HTTP Searchers 2-8
2025-09-29 19:10:38,523 INFO o.a.j.t.JMeterThread: Thread finished: HTTP Searchers 2-8
2025-09-29 19:10:38,523 INFO o.a.j.t.JMeterThread: Stopping because end time detected by thread: HTTP Searchers 2-6
2025-09-29 19:10:38,523 INFO o.a.j.t.JMeterThread: Thread finished: HTTP Searchers 2-6
2025-09-29 19:10:38,523 INFO o.a.j.t.JMeterThread: Stopping because end time detected by thread: HTTP Searchers 2-2
2025-09-29 19:10:38,523 INFO o.a.j.t.JMeterThread: Thread finished: HTTP Searchers 2-2
2025-09-29 19:10:38,523 INFO o.a.j.t.JMeterThread: Stopping because end time detected by thread: HTTP Searchers 2-9
2025-09-29 19:10:38,523 INFO o.a.j.t.JMeterThread: Thread finished: HTTP Searchers 2-9
2025-09-29 19:10:38,525 INFO o.a.j.t.JMeterThread: Stopping because end time detected by thread: HTTP Searchers 2-10
2025-09-29 19:10:38,525 INFO o.a.j.t.JMeterThread: Thread finished: HTTP Searchers 2-10
2025-09-29 19:10:38,525 INFO o.a.j.e.StandardJMeterEngine: Notifying test listeners of end of test
2025-09-29 19:10:38,526 INFO o.a.j.r.Summariser: summary +   2247 in 00:00:01 = 4280.0/s Avg:     2 Min:     0 Max:    14 Err:     0 (0.00%) Active: 0 Started: 20 Finished: 20
2025-09-29 19:10:38,526 INFO o.a.j.r.Summariser: summary = 239464 in 00:01:00 = 3986.9/s Avg:     2 Min:     0 Max:    27 Err:     0 (0.00%)
2025-09-29 19:10:38,526 INFO o.a.j.JMeter: Generating Dashboard
2025-09-29 19:10:38,526 INFO o.a.j.r.d.ReportGenerator: Flushing result collector before report Generation
2025-09-29 19:10:38,538 INFO o.a.j.r.p.NormalizerSampleConsumer: Using format, 'ms', to parse timeStamp field
2025-09-29 19:10:41,229 INFO o.a.j.r.p.AbstractSampleConsumer: class org.apache.jmeter.report.processor.AggregateConsumer#stopProducing(): beginDate produced 0 samples
2025-09-29 19:10:41,229 INFO o.a.j.r.p.AbstractSampleConsumer: class org.apache.jmeter.report.processor.AggregateConsumer#stopProducing(): endDate produced 0 samples
2025-09-29 19:10:41,230 INFO o.a.j.r.p.AbstractSampleConsumer: class org.apache.jmeter.report.processor.ApdexSummaryConsumer#stopProducing(): apdexSummary produced 0 samples
2025-09-29 19:10:41,230 INFO o.a.j.r.p.AbstractSampleConsumer: class org.apache.jmeter.report.processor.RequestsSummaryConsumer#stopProducing(): requestsSummary produced 0 samples
2025-09-29 19:10:41,251 INFO o.a.j.r.p.AbstractSampleConsumer: class org.apache.jmeter.report.processor.StatisticsSummaryConsumer#stopProducing(): statisticsSummary produced 0 samples
2025-09-29 19:10:41,253 INFO o.a.j.r.p.AbstractSampleConsumer: class org.apache.jmeter.report.processor.Top5ErrorsBySamplerConsumer#stopProducing(): top5ErrorsBySampler produced 0 samples
2025-09-29 19:10:41,253 INFO o.a.j.r.p.AbstractSampleConsumer: class org.apache.jmeter.report.processor.ErrorsSummaryConsumer#stopProducing(): errorsSummary produced 0 samples
2025-09-29 19:10:41,253 INFO o.a.j.r.p.AbstractSampleConsumer: class org.apache.jmeter.report.processor.graph.impl.HitsPerSecondGraphConsumer#stopProducing(): hitsPerSecond produced 0 samples
2025-09-29 19:10:42,057 INFO o.a.j.r.p.AbstractSampleConsumer: class org.apache.jmeter.report.processor.graph.impl.LatencyVSRequestGraphConsumer#stopProducing(): latencyVsRequest produced 0 samples
2025-09-29 19:10:42,067 INFO o.a.j.r.p.AbstractSampleConsumer: class org.apache.jmeter.report.processor.graph.impl.SyntheticResponseTimeDistributionGraphConsumer#stopProducing(): syntheticResponseTimeDistribution produced 0 samples
2025-09-29 19:10:42,067 INFO o.a.j.r.p.AbstractSampleConsumer: class org.apache.jmeter.report.processor.graph.impl.BytesThroughputGraphConsumer#stopProducing(): bytesThroughputOverTime produced 0 samples
2025-09-29 19:10:42,067 INFO o.a.j.r.p.AbstractSampleConsumer: class org.apache.jmeter.report.processor.graph.impl.CodesPerSecondGraphConsumer#stopProducing(): codesPerSecond produced 0 samples
2025-09-29 19:10:42,782 INFO o.a.j.r.p.AbstractSampleConsumer: class org.apache.jmeter.report.processor.graph.impl.ResponseTimeVSRequestGraphConsumer#stopProducing(): responseTimeVsRequest produced 0 samples
2025-09-29 19:10:42,786 INFO o.a.j.r.p.AbstractSampleConsumer: class org.apache.jmeter.report.processor.FilterConsumer#stopProducing(): startIntervalControlerFilter produced 1676248 samples
2025-09-29 19:10:42,786 INFO o.a.j.r.p.AbstractSampleConsumer: class org.apache.jmeter.report.processor.graph.impl.TotalTPSGraphConsumer#stopProducing(): totalTPS produced 0 samples
2025-09-29 19:10:42,786 INFO o.a.j.r.p.AbstractSampleConsumer: class org.apache.jmeter.report.processor.graph.impl.ActiveThreadsGraphConsumer#stopProducing(): activeThreadsOverTime produced 0 samples
2025-09-29 19:10:42,786 INFO o.a.j.r.p.AbstractSampleConsumer: class org.apache.jmeter.report.processor.graph.impl.TimeVSThreadGraphConsumer#stopProducing(): timeVsThreads produced 0 samples
2025-09-29 19:10:42,786 INFO o.a.j.r.p.AbstractSampleConsumer: class org.apache.jmeter.report.processor.graph.impl.ResponseTimeDistributionGraphConsumer#stopProducing(): responseTimeDistribution produced 0 samples
2025-09-29 19:10:42,787 INFO o.a.j.r.p.AbstractSampleConsumer: class org.apache.jmeter.report.processor.graph.impl.TransactionsPerSecondGraphConsumer#stopProducing(): transactionsPerSecond produced 0 samples
2025-09-29 19:10:42,787 INFO o.a.j.r.p.AbstractSampleConsumer: class org.apache.jmeter.report.processor.graph.impl.ResponseTimePercentilesGraphConsumer#stopProducing(): responseTimePercentiles produced 0 samples
2025-09-29 19:10:42,788 INFO o.a.j.r.p.AbstractSampleConsumer: class org.apache.jmeter.report.processor.graph.impl.ResponseTimePercentilesOverTimeGraphConsumer#stopProducing(): responseTimePercentilesOverTime produced 0 samples
2025-09-29 19:10:42,790 INFO o.a.j.r.p.AbstractSampleConsumer: class org.apache.jmeter.report.processor.graph.impl.ResponseTimeOverTimeGraphConsumer#stopProducing(): responseTimesOverTime produced 0 samples
2025-09-29 19:10:42,790 INFO o.a.j.r.p.AbstractSampleConsumer: class org.apache.jmeter.report.processor.graph.impl.ConnectTimeOverTimeGraphConsumer#stopProducing(): connectTimeOverTime produced 0 samples
2025-09-29 19:10:42,790 INFO o.a.j.r.p.AbstractSampleConsumer: class org.apache.jmeter.report.processor.graph.impl.LatencyOverTimeGraphConsumer#stopProducing(): latenciesOverTime produced 0 samples
2025-09-29 19:10:42,790 INFO o.a.j.r.p.AbstractSampleConsumer: class org.apache.jmeter.report.processor.FilterConsumer#stopProducing(): nameFilter produced 3591960 samples
2025-09-29 19:10:42,790 INFO o.a.j.r.p.AbstractSampleConsumer: class org.apache.jmeter.report.processor.FilterConsumer#stopProducing(): dateRangeFilter produced 718392 samples
2025-09-29 19:10:42,790 INFO o.a.j.r.p.AbstractSampleConsumer: class org.apache.jmeter.report.processor.NormalizerSampleConsumer#stopProducing(): normalizer produced 239464 samples
2025-09-29 19:10:42,791 INFO o.a.j.r.p.CsvFileSampleSource: produce(): 239464 samples produced in 4s 227 ms on channel 0
2025-09-29 19:10:42,791 INFO o.a.j.r.d.ReportGenerator: Exporting data using exporter:'json' of className:'org.apache.jmeter.report.dashboard.JsonExporter'
2025-09-29 19:10:42,878 INFO o.a.j.r.d.JsonExporter: Found data for consumer statisticsSummary in context
2025-09-29 19:10:42,878 INFO o.a.j.r.d.JsonExporter: Creating statistics for overall
2025-09-29 19:10:42,878 INFO o.a.j.r.d.JsonExporter: Creating statistics for other transactions
2025-09-29 19:10:42,879 INFO o.a.j.r.d.JsonExporter: Checking output folder
2025-09-29 19:10:42,879 INFO o.a.j.r.d.JsonExporter: Writing statistics JSON to /home/runner/work/grepwise/grepwise/target/jmeter/reports/combined-parallel-bsh/statistics.json
2025-09-29 19:10:42,912 INFO o.a.j.r.d.ReportGenerator: Exporting data using exporter:'html' of className:'org.apache.jmeter.report.dashboard.HtmlTemplateExporter'
2025-09-29 19:10:42,914 INFO o.a.j.r.d.HtmlTemplateExporter: Will generate dashboard in folder: /home/runner/work/grepwise/grepwise/target/jmeter/reports/combined-parallel-bsh
2025-09-29 19:10:42,985 INFO o.a.j.r.d.HtmlTemplateExporter: Report will be generated in: /home/runner/work/grepwise/grepwise/target/jmeter/reports/combined-parallel-bsh, creating folder structure
2025-09-29 19:10:42,987 INFO o.a.j.r.d.TemplateVisitor: Copying folder from '/home/runner/work/grepwise/grepwise/target/e5b2d2fb-0f3f-41b2-b3f1-515cd56eedaf/jmeter/bin/report-template' to '/home/runner/work/grepwise/grepwise/target/jmeter/reports/combined-parallel-bsh', got message: /home/runner/work/grepwise/grepwise/target/jmeter/reports/combined-parallel-bsh, found non empty folder with following content [/home/runner/work/grepwise/grepwise/target/jmeter/reports/combined-parallel-bsh/statistics.json], will be ignored
2025-09-29 19:10:43,146 INFO o.a.j.JMeter: Dashboard generated
