2025-09-29 19:08:34,934 INFO o.a.j.u.JMeterUtils: Setting Locale to en
2025-09-29 19:08:34,947 INFO o.a.j.JMeter: Loading additional properties from: /home/runner/work/grepwise/grepwise/src/test/jmeter/jmeter.properties
2025-09-29 19:08:34,947 INFO o.a.j.JMeter: Setting System property: sun.net.http.allowRestrictedHeaders=true
2025-09-29 19:08:34,952 INFO o.a.j.JMeter: Copyright (c) 1998-2023 The Apache Software Foundation
2025-09-29 19:08:34,952 INFO o.a.j.JMeter: Version 5.6.2
2025-09-29 19:08:34,952 INFO o.a.j.JMeter: java.version=25
2025-09-29 19:08:34,952 INFO o.a.j.JMeter: java.vm.name=OpenJDK 64-Bit Server VM
2025-09-29 19:08:34,952 INFO o.a.j.JMeter: os.name=Linux
2025-09-29 19:08:34,952 INFO o.a.j.JMeter: os.arch=amd64
2025-09-29 19:08:34,952 INFO o.a.j.JMeter: os.version=6.11.0-1018-azure
2025-09-29 19:08:34,952 INFO o.a.j.JMeter: file.encoding=UTF-8
2025-09-29 19:08:34,952 INFO o.a.j.JMeter: java.awt.headless=true
2025-09-29 19:08:34,952 INFO o.a.j.JMeter: Max memory     =536870912
2025-09-29 19:08:34,953 INFO o.a.j.JMeter: Available Processors =4
2025-09-29 19:08:34,964 INFO o.a.j.JMeter: Default Locale=English
2025-09-29 19:08:34,964 INFO o.a.j.JMeter: JMeter  Locale=English
2025-09-29 19:08:34,964 INFO o.a.j.JMeter: JMeterHome=/home/runner/work/grepwise/grepwise/target/e5b2d2fb-0f3f-41b2-b3f1-515cd56eedaf/jmeter
2025-09-29 19:08:34,964 INFO o.a.j.JMeter: user.dir  =/home/runner/work/grepwise/grepwise/target/e5b2d2fb-0f3f-41b2-b3f1-515cd56eedaf/jmeter/bin
2025-09-29 19:08:34,965 INFO o.a.j.JMeter: PWD       =/home/runner/work/grepwise/grepwise/target/e5b2d2fb-0f3f-41b2-b3f1-515cd56eedaf/jmeter/bin
2025-09-29 19:08:34,965 INFO o.a.j.JMeter: IP: 10.1.0.18 Name: runnervm3ublj FullName: runnervm3ublj.msujwtbwninu5popuwrl3ofwkh.dx.internal.cloudapp.net
2025-09-29 19:08:34,977 INFO o.a.j.JMeter: Setting property 'jmeter.reportgenerator.outputdir' to:'/home/runner/work/grepwise/grepwise/target/jmeter/reports/http-search'
2025-09-29 19:08:34,979 INFO o.a.j.s.FileServer: Default base='/home/runner/work/grepwise/grepwise/target/e5b2d2fb-0f3f-41b2-b3f1-515cd56eedaf/jmeter/bin'
2025-09-29 19:08:34,980 INFO o.a.j.s.FileServer: Set new base='/home/runner/work/grepwise/grepwise/target/jmeter/testFiles'
2025-09-29 19:08:35,214 INFO o.a.j.s.SaveService: Testplan (JMX) version: 2.2. Testlog (JTL) version: 2.2
2025-09-29 19:08:35,235 INFO o.a.j.s.SaveService: Using SaveService properties version 5.0
2025-09-29 19:08:35,238 INFO o.a.j.s.SaveService: Using SaveService properties file encoding UTF-8
2025-09-29 19:08:35,242 INFO o.a.j.s.SaveService: Loading file: /home/runner/work/grepwise/grepwise/target/jmeter/testFiles/http-search.jmx
2025-09-29 19:08:35,310 INFO o.a.j.JMeter: Creating summariser <summary>
2025-09-29 19:08:35,313 INFO o.a.j.r.d.ReportGenerator: ReportGenerator will use for Parsing the separator: ','
2025-09-29 19:08:35,313 INFO o.a.j.r.d.ReportGenerator: Will generate report at end of test from  results file: /home/runner/work/grepwise/grepwise/target/jmeter/results/20250929-http-search.csv
2025-09-29 19:08:35,313 INFO o.a.j.r.d.ReportGenerator: Reading report generator properties from: /home/runner/work/grepwise/grepwise/target/e5b2d2fb-0f3f-41b2-b3f1-515cd56eedaf/jmeter/bin/reportgenerator.properties
2025-09-29 19:08:35,314 INFO o.a.j.r.d.ReportGenerator: Merging with JMeter properties
2025-09-29 19:08:35,317 INFO o.a.j.r.c.ReportGeneratorConfiguration: Property 'jmeter.reportgenerator.temp_dir' not found, using default value 'temp' instead.
2025-09-29 19:08:35,319 INFO o.a.j.r.c.ReportGeneratorConfiguration: Property 'jmeter.reportgenerator.apdex_per_transaction' not found, using default value 'null' instead.
2025-09-29 19:08:35,319 INFO o.a.j.r.c.ReportGeneratorConfiguration: apdex_per_transaction is empty, not APDEX per transaction customization
2025-09-29 19:08:35,319 INFO o.a.j.r.c.ReportGeneratorConfiguration: Property 'jmeter.reportgenerator.sample_filter' not found, using default value 'null' instead.
2025-09-29 19:08:35,319 INFO o.a.j.r.c.ReportGeneratorConfiguration: Property 'jmeter.reportgenerator.report_title' not found, using default value 'null' instead.
2025-09-29 19:08:35,319 INFO o.a.j.r.c.ReportGeneratorConfiguration: Property 'jmeter.reportgenerator.start_date' not found, using default value 'null' instead.
2025-09-29 19:08:35,319 INFO o.a.j.r.c.ReportGeneratorConfiguration: Property 'jmeter.reportgenerator.end_date' not found, using default value 'null' instead.
2025-09-29 19:08:35,319 INFO o.a.j.r.c.ReportGeneratorConfiguration: Property 'jmeter.reportgenerator.date_format' not found, using default value 'null' instead.
2025-09-29 19:08:35,320 INFO o.a.j.r.c.ReportGeneratorConfiguration: Will use date range start date: null, end date: null
2025-09-29 19:08:35,322 INFO o.a.j.r.c.ReportGeneratorConfiguration: Property 'jmeter.reportgenerator.graph.totalTPS.exclude_controllers' not found, using default value 'false' instead.
2025-09-29 19:08:35,322 INFO o.a.j.r.c.ReportGeneratorConfiguration: Property 'jmeter.reportgenerator.graph.activeThreadsOverTime.exclude_controllers' not found, using default value 'false' instead.
2025-09-29 19:08:35,323 INFO o.a.j.r.c.ReportGeneratorConfiguration: Property 'jmeter.reportgenerator.graph.timeVsThreads.exclude_controllers' not found, using default value 'false' instead.
2025-09-29 19:08:35,323 INFO o.a.j.r.c.ReportGeneratorConfiguration: Property 'jmeter.reportgenerator.graph.responseTimeDistribution.exclude_controllers' not found, using default value 'false' instead.
2025-09-29 19:08:35,323 INFO o.a.j.r.c.ReportGeneratorConfiguration: Property 'jmeter.reportgenerator.graph.transactionsPerSecond.exclude_controllers' not found, using default value 'false' instead.
2025-09-29 19:08:35,323 INFO o.a.j.r.c.ReportGeneratorConfiguration: Property 'jmeter.reportgenerator.graph.responseTimePercentiles.exclude_controllers' not found, using default value 'false' instead.
2025-09-29 19:08:35,323 INFO o.a.j.r.c.ReportGeneratorConfiguration: Property 'jmeter.reportgenerator.graph.responseTimePercentilesOverTime.exclude_controllers' not found, using default value 'false' instead.
2025-09-29 19:08:35,323 INFO o.a.j.r.c.ReportGeneratorConfiguration: Property 'jmeter.reportgenerator.graph.responseTimesOverTime.exclude_controllers' not found, using default value 'false' instead.
2025-09-29 19:08:35,323 INFO o.a.j.r.c.ReportGeneratorConfiguration: Property 'jmeter.reportgenerator.graph.connectTimeOverTime.exclude_controllers' not found, using default value 'false' instead.
2025-09-29 19:08:35,323 INFO o.a.j.r.c.ReportGeneratorConfiguration: Property 'jmeter.reportgenerator.graph.latenciesOverTime.exclude_controllers' not found, using default value 'false' instead.
2025-09-29 19:08:35,324 INFO o.a.j.r.c.ReportGeneratorConfiguration: Property 'jmeter.reportgenerator.exporter.json.filters_only_sample_series' not found, using default value 'true' instead.
2025-09-29 19:08:35,324 INFO o.a.j.r.c.ReportGeneratorConfiguration: Property 'jmeter.reportgenerator.exporter.json.series_filter' not found, using default value '' instead.
2025-09-29 19:08:35,324 INFO o.a.j.r.c.ReportGeneratorConfiguration: Property 'jmeter.reportgenerator.exporter.json.show_controllers_only' not found, using default value 'false' instead.
2025-09-29 19:08:35,324 INFO o.a.j.r.c.ReportGeneratorConfiguration: Property 'jmeter.reportgenerator.exporter.html.filters_only_sample_series' not found, using default value 'true' instead.
2025-09-29 19:08:35,325 INFO o.a.j.r.c.ReportGeneratorConfiguration: Property 'jmeter.reportgenerator.exporter.html.series_filter' not found, using default value '' instead.
2025-09-29 19:08:35,325 INFO o.a.j.r.c.ReportGeneratorConfiguration: Property 'jmeter.reportgenerator.exporter.html.show_controllers_only' not found, using default value 'false' instead.
2025-09-29 19:08:35,334 INFO o.a.j.e.StandardJMeterEngine: Running the test!
2025-09-29 19:08:35,334 INFO o.a.j.s.SampleEvent: List of sample_variables: []
2025-09-29 19:08:35,334 INFO o.a.j.s.SampleEvent: List of sample_variables: []
2025-09-29 19:08:35,399 INFO o.a.j.JMeter: Running test (1759172915399)
2025-09-29 19:08:35,424 INFO o.a.j.e.StandardJMeterEngine: Starting ThreadGroup: 1 : Searchers
2025-09-29 19:08:35,424 INFO o.a.j.e.StandardJMeterEngine: Starting 10 threads for group Searchers.
2025-09-29 19:08:35,424 INFO o.a.j.e.StandardJMeterEngine: Thread will continue on error
2025-09-29 19:08:35,424 INFO o.a.j.t.ThreadGroup: Starting thread group... number=1 threads=10 ramp-up=10 delayedStart=false
2025-09-29 19:08:35,435 INFO o.a.j.t.JMeterThread: Thread started: Searchers 1-1
2025-09-29 19:08:35,438 INFO o.a.j.t.ThreadGroup: Started thread group number 1
2025-09-29 19:08:35,438 INFO o.a.j.e.StandardJMeterEngine: All thread groups have been started
2025-09-29 19:08:35,863 INFO o.a.j.p.h.s.HTTPHCAbstractImpl: Local host = runnervm3ublj
2025-09-29 19:08:35,868 INFO o.a.j.p.h.s.HTTPHC4Impl: HTTP request retry count = 0
2025-09-29 19:08:35,868 INFO o.a.j.s.SampleResult: Note: Sample TimeStamps are END times
2025-09-29 19:08:35,869 INFO o.a.j.s.SampleResult: sampleresult.default.encoding is set to UTF-8
2025-09-29 19:08:35,869 INFO o.a.j.s.SampleResult: sampleresult.useNanoTime=true
2025-09-29 19:08:35,869 INFO o.a.j.s.SampleResult: sampleresult.nanoThreadSleep=5000
2025-09-29 19:08:35,946 INFO o.a.j.r.Summariser: summary +      1 in 00:00:01 =    1.8/s Avg:    24 Min:    24 Max:    24 Err:     0 (0.00%) Active: 1 Started: 1 Finished: 0
2025-09-29 19:08:36,429 INFO o.a.j.t.JMeterThread: Thread started: Searchers 1-2
2025-09-29 19:08:37,427 INFO o.a.j.t.JMeterThread: Thread started: Searchers 1-3
2025-09-29 19:08:38,427 INFO o.a.j.t.JMeterThread: Thread started: Searchers 1-4
2025-09-29 19:08:39,426 INFO o.a.j.t.JMeterThread: Thread started: Searchers 1-5
2025-09-29 19:08:40,425 INFO o.a.j.t.JMeterThread: Thread started: Searchers 1-6
2025-09-29 19:08:41,036 INFO o.a.j.r.Summariser: summary +     47 in 00:00:05 =    9.2/s Avg:     1 Min:     1 Max:    14 Err:     0 (0.00%) Active: 6 Started: 6 Finished: 0
2025-09-29 19:08:41,036 INFO o.a.j.r.Summariser: summary =     48 in 00:00:06 =    8.5/s Avg:     2 Min:     1 Max:    24 Err:     0 (0.00%)
2025-09-29 19:08:41,425 INFO o.a.j.t.JMeterThread: Thread started: Searchers 1-7
2025-09-29 19:08:42,425 INFO o.a.j.t.JMeterThread: Thread started: Searchers 1-8
2025-09-29 19:08:43,425 INFO o.a.j.t.JMeterThread: Thread started: Searchers 1-9
2025-09-29 19:08:44,427 INFO o.a.j.t.JMeterThread: Thread started: Searchers 1-10
2025-09-29 19:08:47,019 INFO o.a.j.r.Summariser: summary +    149 in 00:00:06 =   24.9/s Avg:     1 Min:     1 Max:     2 Err:     0 (0.00%) Active: 10 Started: 10 Finished: 0
2025-09-29 19:08:47,020 INFO o.a.j.r.Summariser: summary =    197 in 00:00:12 =   17.0/s Avg:     1 Min:     1 Max:    24 Err:     0 (0.00%)
2025-09-29 19:08:53,018 INFO o.a.j.r.Summariser: summary +    174 in 00:00:06 =   29.0/s Avg:     1 Min:     0 Max:     3 Err:     0 (0.00%) Active: 10 Started: 10 Finished: 0
2025-09-29 19:08:53,019 INFO o.a.j.r.Summariser: summary =    371 in 00:00:18 =   21.1/s Avg:     1 Min:     0 Max:    24 Err:     0 (0.00%)
2025-09-29 19:08:59,011 INFO o.a.j.r.Summariser: summary +    175 in 00:00:06 =   29.2/s Avg:     1 Min:     0 Max:     2 Err:     0 (0.00%) Active: 10 Started: 10 Finished: 0
2025-09-29 19:08:59,011 INFO o.a.j.r.Summariser: summary =    546 in 00:00:24 =   23.1/s Avg:     1 Min:     0 Max:    24 Err:     0 (0.00%)
2025-09-29 19:09:05,030 INFO o.a.j.r.Summariser: summary +    175 in 00:00:06 =   29.1/s Avg:     1 Min:     0 Max:     2 Err:     0 (0.00%) Active: 10 Started: 10 Finished: 0
2025-09-29 19:09:05,030 INFO o.a.j.r.Summariser: summary =    721 in 00:00:30 =   24.3/s Avg:     1 Min:     0 Max:    24 Err:     0 (0.00%)
2025-09-29 19:09:11,015 INFO o.a.j.r.Summariser: summary +    175 in 00:00:06 =   29.2/s Avg:     1 Min:     0 Max:     2 Err:     0 (0.00%) Active: 10 Started: 10 Finished: 0
2025-09-29 19:09:11,015 INFO o.a.j.r.Summariser: summary =    896 in 00:00:36 =   25.2/s Avg:     1 Min:     0 Max:    24 Err:     0 (0.00%)
2025-09-29 19:09:17,008 INFO o.a.j.r.Summariser: summary +    175 in 00:00:06 =   29.2/s Avg:     1 Min:     0 Max:     2 Err:     0 (0.00%) Active: 10 Started: 10 Finished: 0
2025-09-29 19:09:17,008 INFO o.a.j.r.Summariser: summary =   1071 in 00:00:42 =   25.7/s Avg:     1 Min:     0 Max:    24 Err:     0 (0.00%)
2025-09-29 19:09:23,042 INFO o.a.j.r.Summariser: summary +    176 in 00:00:06 =   29.2/s Avg:     1 Min:     0 Max:     2 Err:     0 (0.00%) Active: 10 Started: 10 Finished: 0
2025-09-29 19:09:23,042 INFO o.a.j.r.Summariser: summary =   1247 in 00:00:48 =   26.2/s Avg:     1 Min:     0 Max:    24 Err:     0 (0.00%)
2025-09-29 19:09:29,018 INFO o.a.j.r.Summariser: summary +    169 in 00:00:06 =   28.3/s Avg:     1 Min:     0 Max:     3 Err:     0 (0.00%) Active: 10 Started: 10 Finished: 0
2025-09-29 19:09:29,018 INFO o.a.j.r.Summariser: summary =   1416 in 00:00:54 =   26.4/s Avg:     1 Min:     0 Max:    24 Err:     0 (0.00%)
2025-09-29 19:09:34,990 INFO o.a.j.t.JMeterThread: Thread finished: Searchers 1-5
2025-09-29 19:09:35,032 INFO o.a.j.r.Summariser: summary +    171 in 00:00:06 =   28.4/s Avg:     1 Min:     0 Max:     4 Err:     0 (0.00%) Active: 9 Started: 10 Finished: 1
2025-09-29 19:09:35,032 INFO o.a.j.r.Summariser: summary =   1587 in 00:01:00 =   26.6/s Avg:     1 Min:     0 Max:    24 Err:     0 (0.00%)
2025-09-29 19:09:35,130 INFO o.a.j.t.JMeterThread: Thread finished: Searchers 1-6
2025-09-29 19:09:35,191 INFO o.a.j.t.JMeterThread: Thread finished: Searchers 1-3
2025-09-29 19:09:35,237 INFO o.a.j.t.JMeterThread: Thread finished: Searchers 1-10
2025-09-29 19:09:35,240 INFO o.a.j.t.JMeterThread: Thread finished: Searchers 1-9
2025-09-29 19:09:35,246 INFO o.a.j.t.JMeterThread: Thread finished: Searchers 1-1
2025-09-29 19:09:35,303 INFO o.a.j.t.JMeterThread: Thread finished: Searchers 1-7
2025-09-29 19:09:35,327 INFO o.a.j.t.JMeterThread: Thread finished: Searchers 1-2
2025-09-29 19:09:35,392 INFO o.a.j.t.JMeterThread: Thread finished: Searchers 1-8
2025-09-29 19:09:35,420 INFO o.a.j.t.JMeterThread: Thread finished: Searchers 1-4
2025-09-29 19:09:35,420 INFO o.a.j.e.StandardJMeterEngine: Notifying test listeners of end of test
2025-09-29 19:09:35,421 INFO o.a.j.r.Summariser: summary +     11 in 00:00:00 =   28.3/s Avg:     1 Min:     1 Max:     2 Err:     0 (0.00%) Active: 0 Started: 10 Finished: 10
2025-09-29 19:09:35,421 INFO o.a.j.r.Summariser: summary =   1598 in 00:01:00 =   26.6/s Avg:     1 Min:     0 Max:    24 Err:     0 (0.00%)
2025-09-29 19:09:35,421 INFO o.a.j.JMeter: Generating Dashboard
2025-09-29 19:09:35,421 INFO o.a.j.r.d.ReportGenerator: Flushing result collector before report Generation
2025-09-29 19:09:35,431 INFO o.a.j.r.p.NormalizerSampleConsumer: Using format, 'ms', to parse timeStamp field
2025-09-29 19:09:35,546 INFO o.a.j.r.p.AbstractSampleConsumer: class org.apache.jmeter.report.processor.AggregateConsumer#stopProducing(): beginDate produced 0 samples
2025-09-29 19:09:35,546 INFO o.a.j.r.p.AbstractSampleConsumer: class org.apache.jmeter.report.processor.AggregateConsumer#stopProducing(): endDate produced 0 samples
2025-09-29 19:09:35,547 INFO o.a.j.r.p.AbstractSampleConsumer: class org.apache.jmeter.report.processor.ApdexSummaryConsumer#stopProducing(): apdexSummary produced 0 samples
2025-09-29 19:09:35,548 INFO o.a.j.r.p.AbstractSampleConsumer: class org.apache.jmeter.report.processor.RequestsSummaryConsumer#stopProducing(): requestsSummary produced 0 samples
2025-09-29 19:09:35,553 INFO o.a.j.r.p.AbstractSampleConsumer: class org.apache.jmeter.report.processor.StatisticsSummaryConsumer#stopProducing(): statisticsSummary produced 0 samples
2025-09-29 19:09:35,554 INFO o.a.j.r.p.AbstractSampleConsumer: class org.apache.jmeter.report.processor.Top5ErrorsBySamplerConsumer#stopProducing(): top5ErrorsBySampler produced 0 samples
2025-09-29 19:09:35,554 INFO o.a.j.r.p.AbstractSampleConsumer: class org.apache.jmeter.report.processor.ErrorsSummaryConsumer#stopProducing(): errorsSummary produced 0 samples
2025-09-29 19:09:35,554 INFO o.a.j.r.p.AbstractSampleConsumer: class org.apache.jmeter.report.processor.graph.impl.HitsPerSecondGraphConsumer#stopProducing(): hitsPerSecond produced 0 samples
2025-09-29 19:09:35,581 INFO o.a.j.r.p.AbstractSampleConsumer: class org.apache.jmeter.report.processor.graph.impl.LatencyVSRequestGraphConsumer#stopProducing(): latencyVsRequest produced 0 samples
2025-09-29 19:09:35,582 INFO o.a.j.r.p.AbstractSampleConsumer: class org.apache.jmeter.report.processor.graph.impl.SyntheticResponseTimeDistributionGraphConsumer#stopProducing(): syntheticResponseTimeDistribution produced 0 samples
2025-09-29 19:09:35,582 INFO o.a.j.r.p.AbstractSampleConsumer: class org.apache.jmeter.report.processor.graph.impl.BytesThroughputGraphConsumer#stopProducing(): bytesThroughputOverTime produced 0 samples
2025-09-29 19:09:35,582 INFO o.a.j.r.p.AbstractSampleConsumer: class org.apache.jmeter.report.processor.graph.impl.CodesPerSecondGraphConsumer#stopProducing(): codesPerSecond produced 0 samples
2025-09-29 19:09:35,596 INFO o.a.j.r.p.AbstractSampleConsumer: class org.apache.jmeter.report.processor.graph.impl.ResponseTimeVSRequestGraphConsumer#stopProducing(): responseTimeVsRequest produced 0 samples
2025-09-29 19:09:35,597 INFO o.a.j.r.p.AbstractSampleConsumer: class org.apache.jmeter.report.processor.FilterConsumer#stopProducing(): startIntervalControlerFilter produced 11186 samples
2025-09-29 19:09:35,597 INFO o.a.j.r.p.AbstractSampleConsumer: class org.apache.jmeter.report.processor.graph.impl.TotalTPSGraphConsumer#stopProducing(): totalTPS produced 0 samples
2025-09-29 19:09:35,597 INFO o.a.j.r.p.AbstractSampleConsumer: class org.apache.jmeter.report.processor.graph.impl.ActiveThreadsGraphConsumer#stopProducing(): activeThreadsOverTime produced 0 samples
2025-09-29 19:09:35,597 INFO o.a.j.r.p.AbstractSampleConsumer: class org.apache.jmeter.report.processor.graph.impl.TimeVSThreadGraphConsumer#stopProducing(): timeVsThreads produced 0 samples
2025-09-29 19:09:35,597 INFO o.a.j.r.p.AbstractSampleConsumer: class org.apache.jmeter.report.processor.graph.impl.ResponseTimeDistributionGraphConsumer#stopProducing(): responseTimeDistribution produced 0 samples
2025-09-29 19:09:35,597 INFO o.a.j.r.p.AbstractSampleConsumer: class org.apache.jmeter.report.processor.graph.impl.TransactionsPerSecondGraphConsumer#stopProducing(): transactionsPerSecond produced 0 samples
2025-09-29 19:09:35,597 INFO o.a.j.r.p.AbstractSampleConsumer: class org.apache.jmeter.report.processor.graph.impl.ResponseTimePercentilesGraphConsumer#stopProducing(): responseTimePercentiles produced 0 samples
2025-09-29 19:09:35,598 INFO o.a.j.r.p.AbstractSampleConsumer: class org.apache.jmeter.report.processor.graph.impl.ResponseTimePercentilesOverTimeGraphConsumer#stopProducing(): responseTimePercentilesOverTime produced 0 samples
2025-09-29 19:09:35,599 INFO o.a.j.r.p.AbstractSampleConsumer: class org.apache.jmeter.report.processor.graph.impl.ResponseTimeOverTimeGraphConsumer#stopProducing(): responseTimesOverTime produced 0 samples
2025-09-29 19:09:35,599 INFO o.a.j.r.p.AbstractSampleConsumer: class org.apache.jmeter.report.processor.graph.impl.ConnectTimeOverTimeGraphConsumer#stopProducing(): connectTimeOverTime produced 0 samples
2025-09-29 19:09:35,599 INFO o.a.j.r.p.AbstractSampleConsumer: class org.apache.jmeter.report.processor.graph.impl.LatencyOverTimeGraphConsumer#stopProducing(): latenciesOverTime produced 0 samples
2025-09-29 19:09:35,599 INFO o.a.j.r.p.AbstractSampleConsumer: class org.apache.jmeter.report.processor.FilterConsumer#stopProducing(): nameFilter produced 23970 samples
2025-09-29 19:09:35,599 INFO o.a.j.r.p.AbstractSampleConsumer: class org.apache.jmeter.report.processor.FilterConsumer#stopProducing(): dateRangeFilter produced 4794 samples
2025-09-29 19:09:35,599 INFO o.a.j.r.p.AbstractSampleConsumer: class org.apache.jmeter.report.processor.NormalizerSampleConsumer#stopProducing(): normalizer produced 1598 samples
2025-09-29 19:09:35,600 INFO o.a.j.r.p.CsvFileSampleSource: produce(): 1598 samples produced in 148ms on channel 0
2025-09-29 19:09:35,600 INFO o.a.j.r.d.ReportGenerator: Exporting data using exporter:'json' of className:'org.apache.jmeter.report.dashboard.JsonExporter'
2025-09-29 19:09:35,681 INFO o.a.j.r.d.JsonExporter: Found data for consumer statisticsSummary in context
2025-09-29 19:09:35,681 INFO o.a.j.r.d.JsonExporter: Creating statistics for overall
2025-09-29 19:09:35,682 INFO o.a.j.r.d.JsonExporter: Creating statistics for other transactions
2025-09-29 19:09:35,682 INFO o.a.j.r.d.JsonExporter: Checking output folder
2025-09-29 19:09:35,682 INFO o.a.j.r.d.JsonExporter: Writing statistics JSON to /home/runner/work/grepwise/grepwise/target/jmeter/reports/http-search/statistics.json
2025-09-29 19:09:35,716 INFO o.a.j.r.d.ReportGenerator: Exporting data using exporter:'html' of className:'org.apache.jmeter.report.dashboard.HtmlTemplateExporter'
2025-09-29 19:09:35,718 INFO o.a.j.r.d.HtmlTemplateExporter: Will generate dashboard in folder: /home/runner/work/grepwise/grepwise/target/jmeter/reports/http-search
2025-09-29 19:09:35,790 INFO o.a.j.r.d.HtmlTemplateExporter: Report will be generated in: /home/runner/work/grepwise/grepwise/target/jmeter/reports/http-search, creating folder structure
2025-09-29 19:09:35,792 INFO o.a.j.r.d.TemplateVisitor: Copying folder from '/home/runner/work/grepwise/grepwise/target/e5b2d2fb-0f3f-41b2-b3f1-515cd56eedaf/jmeter/bin/report-template' to '/home/runner/work/grepwise/grepwise/target/jmeter/reports/http-search', got message: /home/runner/work/grepwise/grepwise/target/jmeter/reports/http-search, found non empty folder with following content [/home/runner/work/grepwise/grepwise/target/jmeter/reports/http-search/statistics.json], will be ignored
2025-09-29 19:09:35,953 INFO o.a.j.JMeter: Dashboard generated
