2025-09-29 19:07:30,062 INFO o.a.j.u.JMeterUtils: Setting Locale to en
2025-09-29 19:07:30,087 INFO o.a.j.JMeter: Loading additional properties from: /home/runner/work/grepwise/grepwise/src/test/jmeter/jmeter.properties
2025-09-29 19:07:30,087 INFO o.a.j.JMeter: Setting System property: sun.net.http.allowRestrictedHeaders=true
2025-09-29 19:07:30,093 INFO o.a.j.JMeter: Copyright (c) 1998-2023 The Apache Software Foundation
2025-09-29 19:07:30,094 INFO o.a.j.JMeter: Version 5.6.2
2025-09-29 19:07:30,094 INFO o.a.j.JMeter: java.version=25
2025-09-29 19:07:30,094 INFO o.a.j.JMeter: java.vm.name=OpenJDK 64-Bit Server VM
2025-09-29 19:07:30,094 INFO o.a.j.JMeter: os.name=Linux
2025-09-29 19:07:30,094 INFO o.a.j.JMeter: os.arch=amd64
2025-09-29 19:07:30,094 INFO o.a.j.JMeter: os.version=6.11.0-1018-azure
2025-09-29 19:07:30,094 INFO o.a.j.JMeter: file.encoding=UTF-8
2025-09-29 19:07:30,094 INFO o.a.j.JMeter: java.awt.headless=true
2025-09-29 19:07:30,094 INFO o.a.j.JMeter: Max memory     =536870912
2025-09-29 19:07:30,094 INFO o.a.j.JMeter: Available Processors =4
2025-09-29 19:07:30,107 INFO o.a.j.JMeter: Default Locale=English
2025-09-29 19:07:30,107 INFO o.a.j.JMeter: JMeter  Locale=English
2025-09-29 19:07:30,107 INFO o.a.j.JMeter: JMeterHome=/home/runner/work/grepwise/grepwise/target/e5b2d2fb-0f3f-41b2-b3f1-515cd56eedaf/jmeter
2025-09-29 19:07:30,107 INFO o.a.j.JMeter: user.dir  =/home/runner/work/grepwise/grepwise/target/e5b2d2fb-0f3f-41b2-b3f1-515cd56eedaf/jmeter/bin
2025-09-29 19:07:30,107 INFO o.a.j.JMeter: PWD       =/home/runner/work/grepwise/grepwise/target/e5b2d2fb-0f3f-41b2-b3f1-515cd56eedaf/jmeter/bin
2025-09-29 19:07:30,107 INFO o.a.j.JMeter: IP: 10.1.0.18 Name: runnervm3ublj FullName: runnervm3ublj.msujwtbwninu5popuwrl3ofwkh.dx.internal.cloudapp.net
2025-09-29 19:07:30,116 INFO o.a.j.JMeter: Setting property 'jmeter.reportgenerator.outputdir' to:'/home/runner/work/grepwise/grepwise/target/jmeter/reports/syslog-udp'
2025-09-29 19:07:30,118 INFO o.a.j.s.FileServer: Default base='/home/runner/work/grepwise/grepwise/target/e5b2d2fb-0f3f-41b2-b3f1-515cd56eedaf/jmeter/bin'
2025-09-29 19:07:30,119 INFO o.a.j.s.FileServer: Set new base='/home/runner/work/grepwise/grepwise/target/jmeter/testFiles'
2025-09-29 19:07:30,371 INFO o.a.j.s.SaveService: Testplan (JMX) version: 2.2. Testlog (JTL) version: 2.2
2025-09-29 19:07:30,392 INFO o.a.j.s.SaveService: Using SaveService properties version 5.0
2025-09-29 19:07:30,395 INFO o.a.j.s.SaveService: Using SaveService properties file encoding UTF-8
2025-09-29 19:07:30,398 INFO o.a.j.s.SaveService: Loading file: /home/runner/work/grepwise/grepwise/target/jmeter/testFiles/syslog-udp.jmx
2025-09-29 19:07:30,478 INFO o.a.j.JMeter: Creating summariser <summary>
2025-09-29 19:07:30,483 INFO o.a.j.r.d.ReportGenerator: ReportGenerator will use for Parsing the separator: ','
2025-09-29 19:07:30,483 INFO o.a.j.r.d.ReportGenerator: Will generate report at end of test from  results file: /home/runner/work/grepwise/grepwise/target/jmeter/results/20250929-syslog-udp.csv
2025-09-29 19:07:30,483 INFO o.a.j.r.d.ReportGenerator: Reading report generator properties from: /home/runner/work/grepwise/grepwise/target/e5b2d2fb-0f3f-41b2-b3f1-515cd56eedaf/jmeter/bin/reportgenerator.properties
2025-09-29 19:07:30,484 INFO o.a.j.r.d.ReportGenerator: Merging with JMeter properties
2025-09-29 19:07:30,487 INFO o.a.j.r.c.ReportGeneratorConfiguration: Property 'jmeter.reportgenerator.temp_dir' not found, using default value 'temp' instead.
2025-09-29 19:07:30,489 INFO o.a.j.r.c.ReportGeneratorConfiguration: Property 'jmeter.reportgenerator.apdex_per_transaction' not found, using default value 'null' instead.
2025-09-29 19:07:30,489 INFO o.a.j.r.c.ReportGeneratorConfiguration: apdex_per_transaction is empty, not APDEX per transaction customization
2025-09-29 19:07:30,489 INFO o.a.j.r.c.ReportGeneratorConfiguration: Property 'jmeter.reportgenerator.sample_filter' not found, using default value 'null' instead.
2025-09-29 19:07:30,489 INFO o.a.j.r.c.ReportGeneratorConfiguration: Property 'jmeter.reportgenerator.report_title' not found, using default value 'null' instead.
2025-09-29 19:07:30,489 INFO o.a.j.r.c.ReportGeneratorConfiguration: Property 'jmeter.reportgenerator.start_date' not found, using default value 'null' instead.
2025-09-29 19:07:30,489 INFO o.a.j.r.c.ReportGeneratorConfiguration: Property 'jmeter.reportgenerator.end_date' not found, using default value 'null' instead.
2025-09-29 19:07:30,489 INFO o.a.j.r.c.ReportGeneratorConfiguration: Property 'jmeter.reportgenerator.date_format' not found, using default value 'null' instead.
2025-09-29 19:07:30,490 INFO o.a.j.r.c.ReportGeneratorConfiguration: Will use date range start date: null, end date: null
2025-09-29 19:07:30,492 INFO o.a.j.r.c.ReportGeneratorConfiguration: Property 'jmeter.reportgenerator.graph.totalTPS.exclude_controllers' not found, using default value 'false' instead.
2025-09-29 19:07:30,492 INFO o.a.j.r.c.ReportGeneratorConfiguration: Property 'jmeter.reportgenerator.graph.activeThreadsOverTime.exclude_controllers' not found, using default value 'false' instead.
2025-09-29 19:07:30,493 INFO o.a.j.r.c.ReportGeneratorConfiguration: Property 'jmeter.reportgenerator.graph.timeVsThreads.exclude_controllers' not found, using default value 'false' instead.
2025-09-29 19:07:30,493 INFO o.a.j.r.c.ReportGeneratorConfiguration: Property 'jmeter.reportgenerator.graph.responseTimeDistribution.exclude_controllers' not found, using default value 'false' instead.
2025-09-29 19:07:30,493 INFO o.a.j.r.c.ReportGeneratorConfiguration: Property 'jmeter.reportgenerator.graph.transactionsPerSecond.exclude_controllers' not found, using default value 'false' instead.
2025-09-29 19:07:30,493 INFO o.a.j.r.c.ReportGeneratorConfiguration: Property 'jmeter.reportgenerator.graph.responseTimePercentiles.exclude_controllers' not found, using default value 'false' instead.
2025-09-29 19:07:30,493 INFO o.a.j.r.c.ReportGeneratorConfiguration: Property 'jmeter.reportgenerator.graph.responseTimePercentilesOverTime.exclude_controllers' not found, using default value 'false' instead.
2025-09-29 19:07:30,493 INFO o.a.j.r.c.ReportGeneratorConfiguration: Property 'jmeter.reportgenerator.graph.responseTimesOverTime.exclude_controllers' not found, using default value 'false' instead.
2025-09-29 19:07:30,493 INFO o.a.j.r.c.ReportGeneratorConfiguration: Property 'jmeter.reportgenerator.graph.connectTimeOverTime.exclude_controllers' not found, using default value 'false' instead.
2025-09-29 19:07:30,493 INFO o.a.j.r.c.ReportGeneratorConfiguration: Property 'jmeter.reportgenerator.graph.latenciesOverTime.exclude_controllers' not found, using default value 'false' instead.
2025-09-29 19:07:30,494 INFO o.a.j.r.c.ReportGeneratorConfiguration: Property 'jmeter.reportgenerator.exporter.json.filters_only_sample_series' not found, using default value 'true' instead.
2025-09-29 19:07:30,494 INFO o.a.j.r.c.ReportGeneratorConfiguration: Property 'jmeter.reportgenerator.exporter.json.series_filter' not found, using default value '' instead.
2025-09-29 19:07:30,494 INFO o.a.j.r.c.ReportGeneratorConfiguration: Property 'jmeter.reportgenerator.exporter.json.show_controllers_only' not found, using default value 'false' instead.
2025-09-29 19:07:30,494 INFO o.a.j.r.c.ReportGeneratorConfiguration: Property 'jmeter.reportgenerator.exporter.html.filters_only_sample_series' not found, using default value 'true' instead.
2025-09-29 19:07:30,494 INFO o.a.j.r.c.ReportGeneratorConfiguration: Property 'jmeter.reportgenerator.exporter.html.series_filter' not found, using default value '' instead.
2025-09-29 19:07:30,495 INFO o.a.j.r.c.ReportGeneratorConfiguration: Property 'jmeter.reportgenerator.exporter.html.show_controllers_only' not found, using default value 'false' instead.
2025-09-29 19:07:30,504 INFO o.a.j.e.StandardJMeterEngine: Running the test!
2025-09-29 19:07:30,504 INFO o.a.j.s.SampleEvent: List of sample_variables: []
2025-09-29 19:07:30,505 INFO o.a.j.s.SampleEvent: List of sample_variables: []
2025-09-29 19:07:30,569 INFO o.a.j.JMeter: Running test (1759172850569)
2025-09-29 19:07:30,593 INFO o.a.j.e.StandardJMeterEngine: Starting ThreadGroup: 1 : UDP Senders
2025-09-29 19:07:30,593 INFO o.a.j.e.StandardJMeterEngine: Starting 10 threads for group UDP Senders.
2025-09-29 19:07:30,593 INFO o.a.j.e.StandardJMeterEngine: Thread will continue on error
2025-09-29 19:07:30,594 INFO o.a.j.t.ThreadGroup: Starting thread group... number=1 threads=10 ramp-up=10 delayedStart=false
2025-09-29 19:07:30,603 INFO o.a.j.t.JMeterThread: Thread started: UDP Senders 1-1
2025-09-29 19:07:30,624 INFO o.a.j.t.ThreadGroup: Started thread group number 1
2025-09-29 19:07:30,624 INFO o.a.j.e.StandardJMeterEngine: Starting ThreadGroup: 2 : Search Verifier
2025-09-29 19:07:30,624 INFO o.a.j.e.StandardJMeterEngine: Starting 1 threads for group Search Verifier.
2025-09-29 19:07:30,624 INFO o.a.j.e.StandardJMeterEngine: Thread will continue on error
2025-09-29 19:07:30,624 INFO o.a.j.t.ThreadGroup: Starting thread group... number=2 threads=1 ramp-up=1 delayedStart=false
2025-09-29 19:07:30,625 INFO o.a.j.t.ThreadGroup: Started thread group number 2
2025-09-29 19:07:30,625 INFO o.a.j.e.StandardJMeterEngine: All thread groups have been started
2025-09-29 19:07:30,625 INFO o.a.j.t.JMeterThread: Thread started: Search Verifier 2-1
2025-09-29 19:07:30,636 INFO o.a.j.p.h.s.HTTPHCAbstractImpl: Local host = runnervm3ublj
2025-09-29 19:07:30,640 INFO o.a.j.p.h.s.HTTPHC4Impl: HTTP request retry count = 0
2025-09-29 19:07:30,641 INFO o.a.j.s.SampleResult: Note: Sample TimeStamps are END times
2025-09-29 19:07:30,641 INFO o.a.j.s.SampleResult: sampleresult.default.encoding is set to UTF-8
2025-09-29 19:07:30,641 INFO o.a.j.s.SampleResult: sampleresult.useNanoTime=true
2025-09-29 19:07:30,641 INFO o.a.j.s.SampleResult: sampleresult.nanoThreadSleep=5000
2025-09-29 19:07:30,677 INFO o.a.j.r.Summariser: summary +      1 in 00:00:00 =    9.4/s Avg:     1 Min:     1 Max:     1 Err:     0 (0.00%) Active: 2 Started: 2 Finished: 0
2025-09-29 19:07:31,600 INFO o.a.j.t.JMeterThread: Thread started: UDP Senders 1-2
2025-09-29 19:07:32,598 INFO o.a.j.t.JMeterThread: Thread started: UDP Senders 1-3
2025-09-29 19:07:33,597 INFO o.a.j.t.JMeterThread: Thread started: UDP Senders 1-4
2025-09-29 19:07:34,597 INFO o.a.j.t.JMeterThread: Thread started: UDP Senders 1-5
2025-09-29 19:07:35,597 INFO o.a.j.t.JMeterThread: Thread started: UDP Senders 1-6
2025-09-29 19:07:36,000 INFO o.a.j.r.Summariser: summary +   6058 in 00:00:05 = 1137.7/s Avg:     0 Min:     0 Max:    37 Err:     0 (0.00%) Active: 7 Started: 7 Finished: 0
2025-09-29 19:07:36,001 INFO o.a.j.r.Summariser: summary =   6059 in 00:00:05 = 1115.6/s Avg:     0 Min:     0 Max:    37 Err:     0 (0.00%)
2025-09-29 19:07:36,596 INFO o.a.j.t.JMeterThread: Thread started: UDP Senders 1-7
2025-09-29 19:07:37,596 INFO o.a.j.t.JMeterThread: Thread started: UDP Senders 1-8
2025-09-29 19:07:38,598 INFO o.a.j.t.JMeterThread: Thread started: UDP Senders 1-9
2025-09-29 19:07:39,596 INFO o.a.j.t.JMeterThread: Thread started: UDP Senders 1-10
2025-09-29 19:07:42,000 INFO o.a.j.r.Summariser: summary +   8696 in 00:00:06 = 1449.3/s Avg:     0 Min:     0 Max:    12 Err:     0 (0.00%) Active: 11 Started: 11 Finished: 0
2025-09-29 19:07:42,001 INFO o.a.j.r.Summariser: summary =  14755 in 00:00:11 = 1290.8/s Avg:     0 Min:     0 Max:    37 Err:     0 (0.00%)
2025-09-29 19:07:48,000 INFO o.a.j.r.Summariser: summary +   9410 in 00:00:06 = 1568.3/s Avg:     0 Min:     0 Max:    10 Err:     0 (0.00%) Active: 11 Started: 11 Finished: 0
2025-09-29 19:07:48,000 INFO o.a.j.r.Summariser: summary =  24165 in 00:00:17 = 1386.3/s Avg:     0 Min:     0 Max:    37 Err:     0 (0.00%)
2025-09-29 19:07:54,000 INFO o.a.j.r.Summariser: summary +   9731 in 00:00:06 = 1621.8/s Avg:     0 Min:     0 Max:     6 Err:     0 (0.00%) Active: 11 Started: 11 Finished: 0
2025-09-29 19:07:54,000 INFO o.a.j.r.Summariser: summary =  33896 in 00:00:23 = 1446.6/s Avg:     0 Min:     0 Max:    37 Err:     0 (0.00%)
2025-09-29 19:08:00,000 INFO o.a.j.r.Summariser: summary +   9682 in 00:00:06 = 1613.7/s Avg:     0 Min:     0 Max:     6 Err:     0 (0.00%) Active: 11 Started: 11 Finished: 0
2025-09-29 19:08:00,000 INFO o.a.j.r.Summariser: summary =  43578 in 00:00:29 = 1480.7/s Avg:     0 Min:     0 Max:    37 Err:     0 (0.00%)
2025-09-29 19:08:06,000 INFO o.a.j.r.Summariser: summary +   9464 in 00:00:06 = 1577.3/s Avg:     0 Min:     0 Max:     9 Err:     0 (0.00%) Active: 11 Started: 11 Finished: 0
2025-09-29 19:08:06,000 INFO o.a.j.r.Summariser: summary =  53042 in 00:00:35 = 1497.1/s Avg:     0 Min:     0 Max:    37 Err:     0 (0.00%)
2025-09-29 19:08:12,000 INFO o.a.j.r.Summariser: summary +   9713 in 00:00:06 = 1618.8/s Avg:     0 Min:     0 Max:     6 Err:     0 (0.00%) Active: 11 Started: 11 Finished: 0
2025-09-29 19:08:12,001 INFO o.a.j.r.Summariser: summary =  62755 in 00:00:41 = 1514.7/s Avg:     0 Min:     0 Max:    37 Err:     0 (0.00%)
2025-09-29 19:08:18,000 INFO o.a.j.r.Summariser: summary +   9680 in 00:00:06 = 1613.3/s Avg:     0 Min:     0 Max:     6 Err:     0 (0.00%) Active: 11 Started: 11 Finished: 0
2025-09-29 19:08:18,000 INFO o.a.j.r.Summariser: summary =  72435 in 00:00:47 = 1527.2/s Avg:     0 Min:     0 Max:    37 Err:     0 (0.00%)
2025-09-29 19:08:24,000 INFO o.a.j.r.Summariser: summary +   9737 in 00:00:06 = 1622.8/s Avg:     0 Min:     0 Max:     6 Err:     0 (0.00%) Active: 11 Started: 11 Finished: 0
2025-09-29 19:08:24,000 INFO o.a.j.r.Summariser: summary =  82172 in 00:00:53 = 1537.9/s Avg:     0 Min:     0 Max:    37 Err:     0 (0.00%)
2025-09-29 19:08:30,000 INFO o.a.j.r.Summariser: summary +   9811 in 00:00:06 = 1635.2/s Avg:     0 Min:     0 Max:     6 Err:     0 (0.00%) Active: 11 Started: 11 Finished: 0
2025-09-29 19:08:30,000 INFO o.a.j.r.Summariser: summary =  91983 in 00:00:59 = 1547.7/s Avg:     0 Min:     0 Max:    37 Err:     0 (0.00%)
2025-09-29 19:08:30,517 INFO o.a.j.t.JMeterThread: Thread finished: UDP Senders 1-2
2025-09-29 19:08:30,546 INFO o.a.j.t.JMeterThread: Thread finished: UDP Senders 1-6
2025-09-29 19:08:30,559 INFO o.a.j.t.JMeterThread: Thread finished: UDP Senders 1-3
2025-09-29 19:08:30,562 INFO o.a.j.t.JMeterThread: Thread finished: UDP Senders 1-1
2025-09-29 19:08:30,567 INFO o.a.j.t.JMeterThread: Thread finished: UDP Senders 1-4
2025-09-29 19:08:30,573 INFO o.a.j.t.JMeterThread: Thread finished: UDP Senders 1-8
2025-09-29 19:08:30,578 INFO o.a.j.t.JMeterThread: Thread finished: UDP Senders 1-9
2025-09-29 19:08:30,606 INFO o.a.j.t.JMeterThread: Thread finished: UDP Senders 1-7
2025-09-29 19:08:30,607 INFO o.a.j.t.JMeterThread: Thread finished: UDP Senders 1-5
2025-09-29 19:08:30,618 INFO o.a.j.t.JMeterThread: Thread finished: UDP Senders 1-10
2025-09-29 19:08:30,625 INFO o.a.j.t.JMeterThread: Stopping because end time detected by thread: Search Verifier 2-1
2025-09-29 19:08:30,625 INFO o.a.j.t.JMeterThread: Thread finished: Search Verifier 2-1
2025-09-29 19:08:30,626 INFO o.a.j.e.StandardJMeterEngine: Notifying test listeners of end of test
2025-09-29 19:08:30,626 INFO o.a.j.r.Summariser: summary +    988 in 00:00:01 = 1578.3/s Avg:     0 Min:     0 Max:     5 Err:     0 (0.00%) Active: 0 Started: 11 Finished: 11
2025-09-29 19:08:30,626 INFO o.a.j.r.Summariser: summary =  92971 in 00:01:00 = 1548.0/s Avg:     0 Min:     0 Max:    37 Err:     0 (0.00%)
2025-09-29 19:08:30,627 INFO o.a.j.JMeter: Generating Dashboard
2025-09-29 19:08:30,627 INFO o.a.j.r.d.ReportGenerator: Flushing result collector before report Generation
2025-09-29 19:08:30,639 INFO o.a.j.r.p.NormalizerSampleConsumer: Using format, 'ms', to parse timeStamp field
2025-09-29 19:08:31,895 INFO o.a.j.r.p.AbstractSampleConsumer: class org.apache.jmeter.report.processor.AggregateConsumer#stopProducing(): beginDate produced 0 samples
2025-09-29 19:08:31,896 INFO o.a.j.r.p.AbstractSampleConsumer: class org.apache.jmeter.report.processor.AggregateConsumer#stopProducing(): endDate produced 0 samples
2025-09-29 19:08:31,897 INFO o.a.j.r.p.AbstractSampleConsumer: class org.apache.jmeter.report.processor.ApdexSummaryConsumer#stopProducing(): apdexSummary produced 0 samples
2025-09-29 19:08:31,897 INFO o.a.j.r.p.AbstractSampleConsumer: class org.apache.jmeter.report.processor.RequestsSummaryConsumer#stopProducing(): requestsSummary produced 0 samples
2025-09-29 19:08:31,910 INFO o.a.j.r.p.AbstractSampleConsumer: class org.apache.jmeter.report.processor.StatisticsSummaryConsumer#stopProducing(): statisticsSummary produced 0 samples
2025-09-29 19:08:31,911 INFO o.a.j.r.p.AbstractSampleConsumer: class org.apache.jmeter.report.processor.Top5ErrorsBySamplerConsumer#stopProducing(): top5ErrorsBySampler produced 0 samples
2025-09-29 19:08:31,911 INFO o.a.j.r.p.AbstractSampleConsumer: class org.apache.jmeter.report.processor.ErrorsSummaryConsumer#stopProducing(): errorsSummary produced 0 samples
2025-09-29 19:08:31,911 INFO o.a.j.r.p.AbstractSampleConsumer: class org.apache.jmeter.report.processor.graph.impl.HitsPerSecondGraphConsumer#stopProducing(): hitsPerSecond produced 0 samples
2025-09-29 19:08:32,229 INFO o.a.j.r.p.AbstractSampleConsumer: class org.apache.jmeter.report.processor.graph.impl.LatencyVSRequestGraphConsumer#stopProducing(): latencyVsRequest produced 0 samples
2025-09-29 19:08:32,233 INFO o.a.j.r.p.AbstractSampleConsumer: class org.apache.jmeter.report.processor.graph.impl.SyntheticResponseTimeDistributionGraphConsumer#stopProducing(): syntheticResponseTimeDistribution produced 0 samples
2025-09-29 19:08:32,233 INFO o.a.j.r.p.AbstractSampleConsumer: class org.apache.jmeter.report.processor.graph.impl.BytesThroughputGraphConsumer#stopProducing(): bytesThroughputOverTime produced 0 samples
2025-09-29 19:08:32,233 INFO o.a.j.r.p.AbstractSampleConsumer: class org.apache.jmeter.report.processor.graph.impl.CodesPerSecondGraphConsumer#stopProducing(): codesPerSecond produced 0 samples
2025-09-29 19:08:32,485 INFO o.a.j.r.p.AbstractSampleConsumer: class org.apache.jmeter.report.processor.graph.impl.ResponseTimeVSRequestGraphConsumer#stopProducing(): responseTimeVsRequest produced 0 samples
2025-09-29 19:08:32,486 INFO o.a.j.r.p.AbstractSampleConsumer: class org.apache.jmeter.report.processor.FilterConsumer#stopProducing(): startIntervalControlerFilter produced 650797 samples
2025-09-29 19:08:32,486 INFO o.a.j.r.p.AbstractSampleConsumer: class org.apache.jmeter.report.processor.graph.impl.TotalTPSGraphConsumer#stopProducing(): totalTPS produced 0 samples
2025-09-29 19:08:32,486 INFO o.a.j.r.p.AbstractSampleConsumer: class org.apache.jmeter.report.processor.graph.impl.ActiveThreadsGraphConsumer#stopProducing(): activeThreadsOverTime produced 0 samples
2025-09-29 19:08:32,486 INFO o.a.j.r.p.AbstractSampleConsumer: class org.apache.jmeter.report.processor.graph.impl.TimeVSThreadGraphConsumer#stopProducing(): timeVsThreads produced 0 samples
2025-09-29 19:08:32,487 INFO o.a.j.r.p.AbstractSampleConsumer: class org.apache.jmeter.report.processor.graph.impl.ResponseTimeDistributionGraphConsumer#stopProducing(): responseTimeDistribution produced 0 samples
2025-09-29 19:08:32,487 INFO o.a.j.r.p.AbstractSampleConsumer: class org.apache.jmeter.report.processor.graph.impl.TransactionsPerSecondGraphConsumer#stopProducing(): transactionsPerSecond produced 0 samples
2025-09-29 19:08:32,487 INFO o.a.j.r.p.AbstractSampleConsumer: class org.apache.jmeter.report.processor.graph.impl.ResponseTimePercentilesGraphConsumer#stopProducing(): responseTimePercentiles produced 0 samples
2025-09-29 19:08:32,488 INFO o.a.j.r.p.AbstractSampleConsumer: class org.apache.jmeter.report.processor.graph.impl.ResponseTimePercentilesOverTimeGraphConsumer#stopProducing(): responseTimePercentilesOverTime produced 0 samples
2025-09-29 19:08:32,489 INFO o.a.j.r.p.AbstractSampleConsumer: class org.apache.jmeter.report.processor.graph.impl.ResponseTimeOverTimeGraphConsumer#stopProducing(): responseTimesOverTime produced 0 samples
2025-09-29 19:08:32,489 INFO o.a.j.r.p.AbstractSampleConsumer: class org.apache.jmeter.report.processor.graph.impl.ConnectTimeOverTimeGraphConsumer#stopProducing(): connectTimeOverTime produced 0 samples
2025-09-29 19:08:32,489 INFO o.a.j.r.p.AbstractSampleConsumer: class org.apache.jmeter.report.processor.graph.impl.LatencyOverTimeGraphConsumer#stopProducing(): latenciesOverTime produced 0 samples
2025-09-29 19:08:32,489 INFO o.a.j.r.p.AbstractSampleConsumer: class org.apache.jmeter.report.processor.FilterConsumer#stopProducing(): nameFilter produced 1394565 samples
2025-09-29 19:08:32,489 INFO o.a.j.r.p.AbstractSampleConsumer: class org.apache.jmeter.report.processor.FilterConsumer#stopProducing(): dateRangeFilter produced 278913 samples
2025-09-29 19:08:32,489 INFO o.a.j.r.p.AbstractSampleConsumer: class org.apache.jmeter.report.processor.NormalizerSampleConsumer#stopProducing(): normalizer produced 92971 samples
2025-09-29 19:08:32,489 INFO o.a.j.r.p.CsvFileSampleSource: produce(): 92971 samples produced in 1s 829 ms on channel 0
2025-09-29 19:08:32,490 INFO o.a.j.r.d.ReportGenerator: Exporting data using exporter:'json' of className:'org.apache.jmeter.report.dashboard.JsonExporter'
2025-09-29 19:08:32,570 INFO o.a.j.r.d.JsonExporter: Found data for consumer statisticsSummary in context
2025-09-29 19:08:32,570 INFO o.a.j.r.d.JsonExporter: Creating statistics for overall
2025-09-29 19:08:32,571 INFO o.a.j.r.d.JsonExporter: Creating statistics for other transactions
2025-09-29 19:08:32,571 INFO o.a.j.r.d.JsonExporter: Checking output folder
2025-09-29 19:08:32,571 INFO o.a.j.r.d.JsonExporter: Writing statistics JSON to /home/runner/work/grepwise/grepwise/target/jmeter/reports/syslog-udp/statistics.json
2025-09-29 19:08:32,604 INFO o.a.j.r.d.ReportGenerator: Exporting data using exporter:'html' of className:'org.apache.jmeter.report.dashboard.HtmlTemplateExporter'
2025-09-29 19:08:32,606 INFO o.a.j.r.d.HtmlTemplateExporter: Will generate dashboard in folder: /home/runner/work/grepwise/grepwise/target/jmeter/reports/syslog-udp
2025-09-29 19:08:32,693 INFO o.a.j.r.d.HtmlTemplateExporter: Report will be generated in: /home/runner/work/grepwise/grepwise/target/jmeter/reports/syslog-udp, creating folder structure
2025-09-29 19:08:32,694 INFO o.a.j.r.d.TemplateVisitor: Copying folder from '/home/runner/work/grepwise/grepwise/target/e5b2d2fb-0f3f-41b2-b3f1-515cd56eedaf/jmeter/bin/report-template' to '/home/runner/work/grepwise/grepwise/target/jmeter/reports/syslog-udp', got message: /home/runner/work/grepwise/grepwise/target/jmeter/reports/syslog-udp, found non empty folder with following content [/home/runner/work/grepwise/grepwise/target/jmeter/reports/syslog-udp/statistics.json], will be ignored
2025-09-29 19:08:32,856 INFO o.a.j.JMeter: Dashboard generated
