2025-09-29 19:28:17,396 INFO o.a.j.u.JMeterUtils: Setting Locale to en
2025-09-29 19:28:17,409 INFO o.a.j.JMeter: Loading additional properties from: /home/runner/work/grepwise/grepwise/src/test/jmeter/jmeter.properties
2025-09-29 19:28:17,409 INFO o.a.j.JMeter: Setting System property: sun.net.http.allowRestrictedHeaders=true
2025-09-29 19:28:17,414 INFO o.a.j.JMeter: Copyright (c) 1998-2023 The Apache Software Foundation
2025-09-29 19:28:17,414 INFO o.a.j.JMeter: Version 5.6.2
2025-09-29 19:28:17,414 INFO o.a.j.JMeter: java.version=25
2025-09-29 19:28:17,414 INFO o.a.j.JMeter: java.vm.name=OpenJDK 64-Bit Server VM
2025-09-29 19:28:17,414 INFO o.a.j.JMeter: os.name=Linux
2025-09-29 19:28:17,414 INFO o.a.j.JMeter: os.arch=amd64
2025-09-29 19:28:17,414 INFO o.a.j.JMeter: os.version=6.11.0-1018-azure
2025-09-29 19:28:17,414 INFO o.a.j.JMeter: file.encoding=UTF-8
2025-09-29 19:28:17,414 INFO o.a.j.JMeter: java.awt.headless=true
2025-09-29 19:28:17,414 INFO o.a.j.JMeter: Max memory     =536870912
2025-09-29 19:28:17,414 INFO o.a.j.JMeter: Available Processors =4
2025-09-29 19:28:17,424 INFO o.a.j.JMeter: Default Locale=English
2025-09-29 19:28:17,424 INFO o.a.j.JMeter: JMeter  Locale=English
2025-09-29 19:28:17,424 INFO o.a.j.JMeter: JMeterHome=/home/runner/work/grepwise/grepwise/target/96c615cf-de1f-4ab0-9792-3c31139a1d17/jmeter
2025-09-29 19:28:17,424 INFO o.a.j.JMeter: user.dir  =/home/runner/work/grepwise/grepwise/target/96c615cf-de1f-4ab0-9792-3c31139a1d17/jmeter/bin
2025-09-29 19:28:17,424 INFO o.a.j.JMeter: PWD       =/home/runner/work/grepwise/grepwise/target/96c615cf-de1f-4ab0-9792-3c31139a1d17/jmeter/bin
2025-09-29 19:28:17,424 INFO o.a.j.JMeter: IP: 10.1.0.135 Name: runnervm3ublj FullName: runnervm3ublj
2025-09-29 19:28:17,433 INFO o.a.j.JMeter: Setting property 'jmeter.reportgenerator.outputdir' to:'/home/runner/work/grepwise/grepwise/target/jmeter/reports/combined-parallel-bsh'
2025-09-29 19:28:17,435 INFO o.a.j.s.FileServer: Default base='/home/runner/work/grepwise/grepwise/target/96c615cf-de1f-4ab0-9792-3c31139a1d17/jmeter/bin'
2025-09-29 19:28:17,436 INFO o.a.j.s.FileServer: Set new base='/home/runner/work/grepwise/grepwise/target/jmeter/testFiles'
2025-09-29 19:28:17,653 INFO o.a.j.s.SaveService: Testplan (JMX) version: 2.2. Testlog (JTL) version: 2.2
2025-09-29 19:28:17,673 INFO o.a.j.s.SaveService: Using SaveService properties version 5.0
2025-09-29 19:28:17,676 INFO o.a.j.s.SaveService: Using SaveService properties file encoding UTF-8
2025-09-29 19:28:17,679 INFO o.a.j.s.SaveService: Loading file: /home/runner/work/grepwise/grepwise/target/jmeter/testFiles/combined-parallel-bsh.jmx
2025-09-29 19:28:17,772 INFO o.a.j.JMeter: Creating summariser <summary>
2025-09-29 19:28:17,778 INFO o.a.j.r.d.ReportGenerator: ReportGenerator will use for Parsing the separator: ','
2025-09-29 19:28:17,778 INFO o.a.j.r.d.ReportGenerator: Will generate report at end of test from  results file: /home/runner/work/grepwise/grepwise/target/jmeter/results/20250929-combined-parallel-bsh.csv
2025-09-29 19:28:17,778 INFO o.a.j.r.d.ReportGenerator: Reading report generator properties from: /home/runner/work/grepwise/grepwise/target/96c615cf-de1f-4ab0-9792-3c31139a1d17/jmeter/bin/reportgenerator.properties
2025-09-29 19:28:17,778 INFO o.a.j.r.d.ReportGenerator: Merging with JMeter properties
2025-09-29 19:28:17,781 INFO o.a.j.r.c.ReportGeneratorConfiguration: Property 'jmeter.reportgenerator.temp_dir' not found, using default value 'temp' instead.
2025-09-29 19:28:17,783 INFO o.a.j.r.c.ReportGeneratorConfiguration: Property 'jmeter.reportgenerator.apdex_per_transaction' not found, using default value 'null' instead.
2025-09-29 19:28:17,784 INFO o.a.j.r.c.ReportGeneratorConfiguration: apdex_per_transaction is empty, not APDEX per transaction customization
2025-09-29 19:28:17,784 INFO o.a.j.r.c.ReportGeneratorConfiguration: Property 'jmeter.reportgenerator.sample_filter' not found, using default value 'null' instead.
2025-09-29 19:28:17,784 INFO o.a.j.r.c.ReportGeneratorConfiguration: Property 'jmeter.reportgenerator.report_title' not found, using default value 'null' instead.
2025-09-29 19:28:17,784 INFO o.a.j.r.c.ReportGeneratorConfiguration: Property 'jmeter.reportgenerator.start_date' not found, using default value 'null' instead.
2025-09-29 19:28:17,784 INFO o.a.j.r.c.ReportGeneratorConfiguration: Property 'jmeter.reportgenerator.end_date' not found, using default value 'null' instead.
2025-09-29 19:28:17,784 INFO o.a.j.r.c.ReportGeneratorConfiguration: Property 'jmeter.reportgenerator.date_format' not found, using default value 'null' instead.
2025-09-29 19:28:17,784 INFO o.a.j.r.c.ReportGeneratorConfiguration: Will use date range start date: null, end date: null
2025-09-29 19:28:17,787 INFO o.a.j.r.c.ReportGeneratorConfiguration: Property 'jmeter.reportgenerator.graph.totalTPS.exclude_controllers' not found, using default value 'false' instead.
2025-09-29 19:28:17,787 INFO o.a.j.r.c.ReportGeneratorConfiguration: Property 'jmeter.reportgenerator.graph.activeThreadsOverTime.exclude_controllers' not found, using default value 'false' instead.
2025-09-29 19:28:17,787 INFO o.a.j.r.c.ReportGeneratorConfiguration: Property 'jmeter.reportgenerator.graph.timeVsThreads.exclude_controllers' not found, using default value 'false' instead.
2025-09-29 19:28:17,787 INFO o.a.j.r.c.ReportGeneratorConfiguration: Property 'jmeter.reportgenerator.graph.responseTimeDistribution.exclude_controllers' not found, using default value 'false' instead.
2025-09-29 19:28:17,787 INFO o.a.j.r.c.ReportGeneratorConfiguration: Property 'jmeter.reportgenerator.graph.transactionsPerSecond.exclude_controllers' not found, using default value 'false' instead.
2025-09-29 19:28:17,788 INFO o.a.j.r.c.ReportGeneratorConfiguration: Property 'jmeter.reportgenerator.graph.responseTimePercentiles.exclude_controllers' not found, using default value 'false' instead.
2025-09-29 19:28:17,788 INFO o.a.j.r.c.ReportGeneratorConfiguration: Property 'jmeter.reportgenerator.graph.responseTimePercentilesOverTime.exclude_controllers' not found, using default value 'false' instead.
2025-09-29 19:28:17,788 INFO o.a.j.r.c.ReportGeneratorConfiguration: Property 'jmeter.reportgenerator.graph.responseTimesOverTime.exclude_controllers' not found, using default value 'false' instead.
2025-09-29 19:28:17,788 INFO o.a.j.r.c.ReportGeneratorConfiguration: Property 'jmeter.reportgenerator.graph.connectTimeOverTime.exclude_controllers' not found, using default value 'false' instead.
2025-09-29 19:28:17,788 INFO o.a.j.r.c.ReportGeneratorConfiguration: Property 'jmeter.reportgenerator.graph.latenciesOverTime.exclude_controllers' not found, using default value 'false' instead.
2025-09-29 19:28:17,789 INFO o.a.j.r.c.ReportGeneratorConfiguration: Property 'jmeter.reportgenerator.exporter.json.filters_only_sample_series' not found, using default value 'true' instead.
2025-09-29 19:28:17,789 INFO o.a.j.r.c.ReportGeneratorConfiguration: Property 'jmeter.reportgenerator.exporter.json.series_filter' not found, using default value '' instead.
2025-09-29 19:28:17,789 INFO o.a.j.r.c.ReportGeneratorConfiguration: Property 'jmeter.reportgenerator.exporter.json.show_controllers_only' not found, using default value 'false' instead.
2025-09-29 19:28:17,789 INFO o.a.j.r.c.ReportGeneratorConfiguration: Property 'jmeter.reportgenerator.exporter.html.filters_only_sample_series' not found, using default value 'true' instead.
2025-09-29 19:28:17,789 INFO o.a.j.r.c.ReportGeneratorConfiguration: Property 'jmeter.reportgenerator.exporter.html.series_filter' not found, using default value '' instead.
2025-09-29 19:28:17,789 INFO o.a.j.r.c.ReportGeneratorConfiguration: Property 'jmeter.reportgenerator.exporter.html.show_controllers_only' not found, using default value 'false' instead.
2025-09-29 19:28:17,798 INFO o.a.j.e.StandardJMeterEngine: Running the test!
2025-09-29 19:28:17,799 INFO o.a.j.s.SampleEvent: List of sample_variables: []
2025-09-29 19:28:17,799 INFO o.a.j.s.SampleEvent: List of sample_variables: []
2025-09-29 19:28:17,859 INFO o.a.j.JMeter: Running test (1759174097859)
2025-09-29 19:28:17,883 INFO o.a.j.e.StandardJMeterEngine: Starting ThreadGroup: 1 : UDP Ingestion
2025-09-29 19:28:17,883 INFO o.a.j.e.StandardJMeterEngine: Starting 10 threads for group UDP Ingestion.
2025-09-29 19:28:17,883 INFO o.a.j.e.StandardJMeterEngine: Thread will continue on error
2025-09-29 19:28:17,883 INFO o.a.j.t.ThreadGroup: Starting thread group... number=1 threads=10 ramp-up=10 delayedStart=false
2025-09-29 19:28:17,892 INFO o.a.j.t.JMeterThread: Thread started: UDP Ingestion 1-1
2025-09-29 19:28:17,913 INFO o.a.j.t.ThreadGroup: Started thread group number 1
2025-09-29 19:28:17,914 INFO o.a.j.e.StandardJMeterEngine: Starting ThreadGroup: 2 : HTTP Searchers
2025-09-29 19:28:17,914 INFO o.a.j.e.StandardJMeterEngine: Starting 10 threads for group HTTP Searchers.
2025-09-29 19:28:17,914 INFO o.a.j.e.StandardJMeterEngine: Thread will continue on error
2025-09-29 19:28:17,914 INFO o.a.j.t.ThreadGroup: Starting thread group... number=2 threads=10 ramp-up=10 delayedStart=false
2025-09-29 19:28:17,915 INFO o.a.j.t.JMeterThread: Thread started: HTTP Searchers 2-1
2025-09-29 19:28:17,922 INFO o.a.j.t.ThreadGroup: Started thread group number 2
2025-09-29 19:28:17,922 INFO o.a.j.e.StandardJMeterEngine: All thread groups have been started
2025-09-29 19:28:17,923 INFO o.a.j.s.SampleResult: Note: Sample TimeStamps are END times
2025-09-29 19:28:17,923 INFO o.a.j.s.SampleResult: sampleresult.default.encoding is set to UTF-8
2025-09-29 19:28:17,923 INFO o.a.j.s.SampleResult: sampleresult.useNanoTime=true
2025-09-29 19:28:17,923 INFO o.a.j.s.SampleResult: sampleresult.nanoThreadSleep=5000
2025-09-29 19:28:17,928 INFO o.a.j.r.Summariser: summary +      1 in 00:00:00 =   14.7/s Avg:     1 Min:     1 Max:     1 Err:     0 (0.00%) Active: 2 Started: 2 Finished: 0
2025-09-29 19:28:17,933 INFO o.a.j.p.h.s.HTTPHCAbstractImpl: Local host = runnervm3ublj
2025-09-29 19:28:17,938 INFO o.a.j.p.h.s.HTTPHC4Impl: HTTP request retry count = 0
2025-09-29 19:28:18,888 INFO o.a.j.t.JMeterThread: Thread started: UDP Ingestion 1-2
2025-09-29 19:28:18,915 INFO o.a.j.t.JMeterThread: Thread started: HTTP Searchers 2-2
2025-09-29 19:28:19,887 INFO o.a.j.t.JMeterThread: Thread started: UDP Ingestion 1-3
2025-09-29 19:28:19,915 INFO o.a.j.t.JMeterThread: Thread started: HTTP Searchers 2-3
2025-09-29 19:28:20,887 INFO o.a.j.t.JMeterThread: Thread started: UDP Ingestion 1-4
2025-09-29 19:28:20,917 INFO o.a.j.t.JMeterThread: Thread started: HTTP Searchers 2-4
2025-09-29 19:28:21,886 INFO o.a.j.t.JMeterThread: Thread started: UDP Ingestion 1-5
2025-09-29 19:28:21,916 INFO o.a.j.t.JMeterThread: Thread started: HTTP Searchers 2-5
2025-09-29 19:28:22,886 INFO o.a.j.t.JMeterThread: Thread started: UDP Ingestion 1-6
2025-09-29 19:28:22,917 INFO o.a.j.t.JMeterThread: Thread started: HTTP Searchers 2-6
2025-09-29 19:28:23,000 INFO o.a.j.r.Summariser: summary +  10812 in 00:00:05 = 2131.3/s Avg:     1 Min:     0 Max:    23 Err:     0 (0.00%) Active: 12 Started: 12 Finished: 0
2025-09-29 19:28:23,000 INFO o.a.j.r.Summariser: summary =  10813 in 00:00:05 = 2103.3/s Avg:     1 Min:     0 Max:    23 Err:     0 (0.00%)
2025-09-29 19:28:23,886 INFO o.a.j.t.JMeterThread: Thread started: UDP Ingestion 1-7
2025-09-29 19:28:23,916 INFO o.a.j.t.JMeterThread: Thread started: HTTP Searchers 2-7
2025-09-29 19:28:24,888 INFO o.a.j.t.JMeterThread: Thread started: UDP Ingestion 1-8
2025-09-29 19:28:24,915 INFO o.a.j.t.JMeterThread: Thread started: HTTP Searchers 2-8
2025-09-29 19:28:25,888 INFO o.a.j.t.JMeterThread: Thread started: UDP Ingestion 1-9
2025-09-29 19:28:25,916 INFO o.a.j.t.JMeterThread: Thread started: HTTP Searchers 2-9
2025-09-29 19:28:26,888 INFO o.a.j.t.JMeterThread: Thread started: UDP Ingestion 1-10
2025-09-29 19:28:26,915 INFO o.a.j.t.JMeterThread: Thread started: HTTP Searchers 2-10
2025-09-29 19:28:29,000 INFO o.a.j.r.Summariser: summary +  19875 in 00:00:06 = 3312.5/s Avg:     2 Min:     0 Max:    21 Err:     0 (0.00%) Active: 20 Started: 20 Finished: 0
2025-09-29 19:28:29,002 INFO o.a.j.r.Summariser: summary =  30688 in 00:00:11 = 2754.5/s Avg:     2 Min:     0 Max:    23 Err:     0 (0.00%)
2025-09-29 19:28:35,000 INFO o.a.j.r.Summariser: summary +  24718 in 00:00:06 = 4119.7/s Avg:     2 Min:     0 Max:    20 Err:     0 (0.00%) Active: 20 Started: 20 Finished: 0
2025-09-29 19:28:35,000 INFO o.a.j.r.Summariser: summary =  55406 in 00:00:17 = 3232.4/s Avg:     2 Min:     0 Max:    23 Err:     0 (0.00%)
2025-09-29 19:28:41,001 INFO o.a.j.r.Summariser: summary +  24914 in 00:00:06 = 4152.3/s Avg:     2 Min:     0 Max:    19 Err:     0 (0.00%) Active: 20 Started: 20 Finished: 0
2025-09-29 19:28:41,002 INFO o.a.j.r.Summariser: summary =  80320 in 00:00:23 = 3470.9/s Avg:     2 Min:     0 Max:    23 Err:     0 (0.00%)
2025-09-29 19:28:47,000 INFO o.a.j.r.Summariser: summary +  24433 in 00:00:06 = 4072.2/s Avg:     2 Min:     0 Max:    17 Err:     0 (0.00%) Active: 20 Started: 20 Finished: 0
2025-09-29 19:28:47,001 INFO o.a.j.r.Summariser: summary = 104753 in 00:00:29 = 3594.7/s Avg:     2 Min:     0 Max:    23 Err:     0 (0.00%)
2025-09-29 19:28:53,001 INFO o.a.j.r.Summariser: summary +  24856 in 00:00:06 = 4142.7/s Avg:     2 Min:     0 Max:    21 Err:     0 (0.00%) Active: 20 Started: 20 Finished: 0
2025-09-29 19:28:53,001 INFO o.a.j.r.Summariser: summary = 129609 in 00:00:35 = 3688.3/s Avg:     2 Min:     0 Max:    23 Err:     0 (0.00%)
2025-09-29 19:28:59,000 INFO o.a.j.r.Summariser: summary +  25371 in 00:00:06 = 4228.5/s Avg:     2 Min:     0 Max:    17 Err:     0 (0.00%) Active: 20 Started: 20 Finished: 0
2025-09-29 19:28:59,001 INFO o.a.j.r.Summariser: summary = 154980 in 00:00:41 = 3767.0/s Avg:     2 Min:     0 Max:    23 Err:     0 (0.00%)
2025-09-29 19:29:05,001 INFO o.a.j.r.Summariser: summary +  25435 in 00:00:06 = 4239.2/s Avg:     2 Min:     0 Max:    16 Err:     0 (0.00%) Active: 20 Started: 20 Finished: 0
2025-09-29 19:29:05,001 INFO o.a.j.r.Summariser: summary = 180415 in 00:00:47 = 3827.1/s Avg:     2 Min:     0 Max:    23 Err:     0 (0.00%)
2025-09-29 19:29:11,001 INFO o.a.j.r.Summariser: summary +  25453 in 00:00:06 = 4242.2/s Avg:     2 Min:     0 Max:    18 Err:     0 (0.00%) Active: 20 Started: 20 Finished: 0
2025-09-29 19:29:11,001 INFO o.a.j.r.Summariser: summary = 205868 in 00:00:53 = 3874.0/s Avg:     2 Min:     0 Max:    23 Err:     0 (0.00%)
2025-09-29 19:29:17,000 INFO o.a.j.r.Summariser: summary +  25443 in 00:00:06 = 4240.5/s Avg:     2 Min:     0 Max:    17 Err:     0 (0.00%) Active: 20 Started: 20 Finished: 0
2025-09-29 19:29:17,000 INFO o.a.j.r.Summariser: summary = 231311 in 00:00:59 = 3911.2/s Avg:     2 Min:     0 Max:    23 Err:     0 (0.00%)
2025-09-29 19:29:17,867 INFO o.a.j.t.JMeterThread: Thread finished: UDP Ingestion 1-5
2025-09-29 19:29:17,871 INFO o.a.j.t.JMeterThread: Thread finished: UDP Ingestion 1-7
2025-09-29 19:29:17,874 INFO o.a.j.t.JMeterThread: Thread finished: UDP Ingestion 1-1
2025-09-29 19:29:17,879 INFO o.a.j.t.JMeterThread: Thread finished: UDP Ingestion 1-9
2025-09-29 19:29:17,879 INFO o.a.j.t.JMeterThread: Thread finished: UDP Ingestion 1-3
2025-09-29 19:29:17,880 INFO o.a.j.t.JMeterThread: Thread finished: UDP Ingestion 1-2
2025-09-29 19:29:17,887 INFO o.a.j.t.JMeterThread: Thread finished: UDP Ingestion 1-4
2025-09-29 19:29:17,890 INFO o.a.j.t.JMeterThread: Thread finished: UDP Ingestion 1-10
2025-09-29 19:29:17,893 INFO o.a.j.t.JMeterThread: Thread finished: UDP Ingestion 1-8
2025-09-29 19:29:17,900 INFO o.a.j.t.JMeterThread: Thread finished: UDP Ingestion 1-6
2025-09-29 19:29:17,915 INFO o.a.j.t.JMeterThread: Stopping because end time detected by thread: HTTP Searchers 2-1
2025-09-29 19:29:17,915 INFO o.a.j.t.JMeterThread: Thread finished: HTTP Searchers 2-1
2025-09-29 19:29:17,916 INFO o.a.j.t.JMeterThread: Stopping because end time detected by thread: HTTP Searchers 2-2
2025-09-29 19:29:17,916 INFO o.a.j.t.JMeterThread: Thread finished: HTTP Searchers 2-2
2025-09-29 19:29:17,917 INFO o.a.j.t.JMeterThread: Stopping because end time detected by thread: HTTP Searchers 2-5
2025-09-29 19:29:17,917 INFO o.a.j.t.JMeterThread: Thread finished: HTTP Searchers 2-5
2025-09-29 19:29:17,918 INFO o.a.j.t.JMeterThread: Stopping because end time detected by thread: HTTP Searchers 2-4
2025-09-29 19:29:17,918 INFO o.a.j.t.JMeterThread: Thread finished: HTTP Searchers 2-4
2025-09-29 19:29:17,918 INFO o.a.j.t.JMeterThread: Stopping because end time detected by thread: HTTP Searchers 2-3
2025-09-29 19:29:17,918 INFO o.a.j.t.JMeterThread: Thread finished: HTTP Searchers 2-3
2025-09-29 19:29:17,918 INFO o.a.j.t.JMeterThread: Stopping because end time detected by thread: HTTP Searchers 2-7
2025-09-29 19:29:17,918 INFO o.a.j.t.JMeterThread: Thread finished: HTTP Searchers 2-7
2025-09-29 19:29:17,919 INFO o.a.j.t.JMeterThread: Stopping because end time detected by thread: HTTP Searchers 2-6
2025-09-29 19:29:17,919 INFO o.a.j.t.JMeterThread: Thread finished: HTTP Searchers 2-6
2025-09-29 19:29:17,920 INFO o.a.j.t.JMeterThread: Stopping because end time detected by thread: HTTP Searchers 2-8
2025-09-29 19:29:17,920 INFO o.a.j.t.JMeterThread: Thread finished: HTTP Searchers 2-8
2025-09-29 19:29:17,921 INFO o.a.j.t.JMeterThread: Stopping because end time detected by thread: HTTP Searchers 2-9
2025-09-29 19:29:17,921 INFO o.a.j.t.JMeterThread: Thread finished: HTTP Searchers 2-9
2025-09-29 19:29:17,921 INFO o.a.j.t.JMeterThread: Stopping because end time detected by thread: HTTP Searchers 2-10
2025-09-29 19:29:17,921 INFO o.a.j.t.JMeterThread: Thread finished: HTTP Searchers 2-10
2025-09-29 19:29:17,922 INFO o.a.j.e.StandardJMeterEngine: Notifying test listeners of end of test
2025-09-29 19:29:17,922 INFO o.a.j.r.Summariser: summary +   3849 in 00:00:01 = 4174.6/s Avg:     2 Min:     0 Max:    16 Err:     0 (0.00%) Active: 0 Started: 20 Finished: 20
2025-09-29 19:29:17,922 INFO o.a.j.r.Summariser: summary = 235160 in 00:01:00 = 3915.2/s Avg:     2 Min:     0 Max:    23 Err:     0 (0.00%)
2025-09-29 19:29:17,923 INFO o.a.j.JMeter: Generating Dashboard
2025-09-29 19:29:17,923 INFO o.a.j.r.d.ReportGenerator: Flushing result collector before report Generation
2025-09-29 19:29:17,937 INFO o.a.j.r.p.NormalizerSampleConsumer: Using format, 'ms', to parse timeStamp field
2025-09-29 19:29:20,605 INFO o.a.j.r.p.AbstractSampleConsumer: class org.apache.jmeter.report.processor.AggregateConsumer#stopProducing(): beginDate produced 0 samples
2025-09-29 19:29:20,605 INFO o.a.j.r.p.AbstractSampleConsumer: class org.apache.jmeter.report.processor.AggregateConsumer#stopProducing(): endDate produced 0 samples
2025-09-29 19:29:20,607 INFO o.a.j.r.p.AbstractSampleConsumer: class org.apache.jmeter.report.processor.ApdexSummaryConsumer#stopProducing(): apdexSummary produced 0 samples
2025-09-29 19:29:20,607 INFO o.a.j.r.p.AbstractSampleConsumer: class org.apache.jmeter.report.processor.RequestsSummaryConsumer#stopProducing(): requestsSummary produced 0 samples
2025-09-29 19:29:20,622 INFO o.a.j.r.p.AbstractSampleConsumer: class org.apache.jmeter.report.processor.StatisticsSummaryConsumer#stopProducing(): statisticsSummary produced 0 samples
2025-09-29 19:29:20,624 INFO o.a.j.r.p.AbstractSampleConsumer: class org.apache.jmeter.report.processor.Top5ErrorsBySamplerConsumer#stopProducing(): top5ErrorsBySampler produced 0 samples
2025-09-29 19:29:20,624 INFO o.a.j.r.p.AbstractSampleConsumer: class org.apache.jmeter.report.processor.ErrorsSummaryConsumer#stopProducing(): errorsSummary produced 0 samples
2025-09-29 19:29:20,624 INFO o.a.j.r.p.AbstractSampleConsumer: class org.apache.jmeter.report.processor.graph.impl.HitsPerSecondGraphConsumer#stopProducing(): hitsPerSecond produced 0 samples
2025-09-29 19:29:21,392 INFO o.a.j.r.p.AbstractSampleConsumer: class org.apache.jmeter.report.processor.graph.impl.LatencyVSRequestGraphConsumer#stopProducing(): latencyVsRequest produced 0 samples
2025-09-29 19:29:21,401 INFO o.a.j.r.p.AbstractSampleConsumer: class org.apache.jmeter.report.processor.graph.impl.SyntheticResponseTimeDistributionGraphConsumer#stopProducing(): syntheticResponseTimeDistribution produced 0 samples
2025-09-29 19:29:21,401 INFO o.a.j.r.p.AbstractSampleConsumer: class org.apache.jmeter.report.processor.graph.impl.BytesThroughputGraphConsumer#stopProducing(): bytesThroughputOverTime produced 0 samples
2025-09-29 19:29:21,402 INFO o.a.j.r.p.AbstractSampleConsumer: class org.apache.jmeter.report.processor.graph.impl.CodesPerSecondGraphConsumer#stopProducing(): codesPerSecond produced 0 samples
2025-09-29 19:29:22,081 INFO o.a.j.r.p.AbstractSampleConsumer: class org.apache.jmeter.report.processor.graph.impl.ResponseTimeVSRequestGraphConsumer#stopProducing(): responseTimeVsRequest produced 0 samples
2025-09-29 19:29:22,085 INFO o.a.j.r.p.AbstractSampleConsumer: class org.apache.jmeter.report.processor.FilterConsumer#stopProducing(): startIntervalControlerFilter produced 1646120 samples
2025-09-29 19:29:22,085 INFO o.a.j.r.p.AbstractSampleConsumer: class org.apache.jmeter.report.processor.graph.impl.TotalTPSGraphConsumer#stopProducing(): totalTPS produced 0 samples
2025-09-29 19:29:22,085 INFO o.a.j.r.p.AbstractSampleConsumer: class org.apache.jmeter.report.processor.graph.impl.ActiveThreadsGraphConsumer#stopProducing(): activeThreadsOverTime produced 0 samples
2025-09-29 19:29:22,085 INFO o.a.j.r.p.AbstractSampleConsumer: class org.apache.jmeter.report.processor.graph.impl.TimeVSThreadGraphConsumer#stopProducing(): timeVsThreads produced 0 samples
2025-09-29 19:29:22,085 INFO o.a.j.r.p.AbstractSampleConsumer: class org.apache.jmeter.report.processor.graph.impl.ResponseTimeDistributionGraphConsumer#stopProducing(): responseTimeDistribution produced 0 samples
2025-09-29 19:29:22,086 INFO o.a.j.r.p.AbstractSampleConsumer: class org.apache.jmeter.report.processor.graph.impl.TransactionsPerSecondGraphConsumer#stopProducing(): transactionsPerSecond produced 0 samples
2025-09-29 19:29:22,086 INFO o.a.j.r.p.AbstractSampleConsumer: class org.apache.jmeter.report.processor.graph.impl.ResponseTimePercentilesGraphConsumer#stopProducing(): responseTimePercentiles produced 0 samples
2025-09-29 19:29:22,087 INFO o.a.j.r.p.AbstractSampleConsumer: class org.apache.jmeter.report.processor.graph.impl.ResponseTimePercentilesOverTimeGraphConsumer#stopProducing(): responseTimePercentilesOverTime produced 0 samples
2025-09-29 19:29:22,089 INFO o.a.j.r.p.AbstractSampleConsumer: class org.apache.jmeter.report.processor.graph.impl.ResponseTimeOverTimeGraphConsumer#stopProducing(): responseTimesOverTime produced 0 samples
2025-09-29 19:29:22,089 INFO o.a.j.r.p.AbstractSampleConsumer: class org.apache.jmeter.report.processor.graph.impl.ConnectTimeOverTimeGraphConsumer#stopProducing(): connectTimeOverTime produced 0 samples
2025-09-29 19:29:22,089 INFO o.a.j.r.p.AbstractSampleConsumer: class org.apache.jmeter.report.processor.graph.impl.LatencyOverTimeGraphConsumer#stopProducing(): latenciesOverTime produced 0 samples
2025-09-29 19:29:22,089 INFO o.a.j.r.p.AbstractSampleConsumer: class org.apache.jmeter.report.processor.FilterConsumer#stopProducing(): nameFilter produced 3527400 samples
2025-09-29 19:29:22,089 INFO o.a.j.r.p.AbstractSampleConsumer: class org.apache.jmeter.report.processor.FilterConsumer#stopProducing(): dateRangeFilter produced 705480 samples
2025-09-29 19:29:22,089 INFO o.a.j.r.p.AbstractSampleConsumer: class org.apache.jmeter.report.processor.NormalizerSampleConsumer#stopProducing(): normalizer produced 235160 samples
2025-09-29 19:29:22,090 INFO o.a.j.r.p.CsvFileSampleSource: produce(): 235160 samples produced in 4s 127 ms on channel 0
2025-09-29 19:29:22,090 INFO o.a.j.r.d.ReportGenerator: Exporting data using exporter:'json' of className:'org.apache.jmeter.report.dashboard.JsonExporter'
2025-09-29 19:29:22,178 INFO o.a.j.r.d.JsonExporter: Found data for consumer statisticsSummary in context
2025-09-29 19:29:22,178 INFO o.a.j.r.d.JsonExporter: Creating statistics for overall
2025-09-29 19:29:22,178 INFO o.a.j.r.d.JsonExporter: Creating statistics for other transactions
2025-09-29 19:29:22,179 INFO o.a.j.r.d.JsonExporter: Checking output folder
2025-09-29 19:29:22,179 INFO o.a.j.r.d.JsonExporter: Writing statistics JSON to /home/runner/work/grepwise/grepwise/target/jmeter/reports/combined-parallel-bsh/statistics.json
2025-09-29 19:29:22,212 INFO o.a.j.r.d.ReportGenerator: Exporting data using exporter:'html' of className:'org.apache.jmeter.report.dashboard.HtmlTemplateExporter'
2025-09-29 19:29:22,214 INFO o.a.j.r.d.HtmlTemplateExporter: Will generate dashboard in folder: /home/runner/work/grepwise/grepwise/target/jmeter/reports/combined-parallel-bsh
2025-09-29 19:29:22,285 INFO o.a.j.r.d.HtmlTemplateExporter: Report will be generated in: /home/runner/work/grepwise/grepwise/target/jmeter/reports/combined-parallel-bsh, creating folder structure
2025-09-29 19:29:22,286 INFO o.a.j.r.d.TemplateVisitor: Copying folder from '/home/runner/work/grepwise/grepwise/target/96c615cf-de1f-4ab0-9792-3c31139a1d17/jmeter/bin/report-template' to '/home/runner/work/grepwise/grepwise/target/jmeter/reports/combined-parallel-bsh', got message: /home/runner/work/grepwise/grepwise/target/jmeter/reports/combined-parallel-bsh, found non empty folder with following content [/home/runner/work/grepwise/grepwise/target/jmeter/reports/combined-parallel-bsh/statistics.json], will be ignored
2025-09-29 19:29:22,447 INFO o.a.j.JMeter: Dashboard generated
