2025-09-29 19:27:14,405 INFO o.a.j.u.JMeterUtils: Setting Locale to en
2025-09-29 19:27:14,418 INFO o.a.j.JMeter: Loading additional properties from: /home/runner/work/grepwise/grepwise/src/test/jmeter/jmeter.properties
2025-09-29 19:27:14,418 INFO o.a.j.JMeter: Setting System property: sun.net.http.allowRestrictedHeaders=true
2025-09-29 19:27:14,422 INFO o.a.j.JMeter: Copyright (c) 1998-2023 The Apache Software Foundation
2025-09-29 19:27:14,422 INFO o.a.j.JMeter: Version 5.6.2
2025-09-29 19:27:14,422 INFO o.a.j.JMeter: java.version=25
2025-09-29 19:27:14,422 INFO o.a.j.JMeter: java.vm.name=OpenJDK 64-Bit Server VM
2025-09-29 19:27:14,422 INFO o.a.j.JMeter: os.name=Linux
2025-09-29 19:27:14,423 INFO o.a.j.JMeter: os.arch=amd64
2025-09-29 19:27:14,423 INFO o.a.j.JMeter: os.version=6.11.0-1018-azure
2025-09-29 19:27:14,423 INFO o.a.j.JMeter: file.encoding=UTF-8
2025-09-29 19:27:14,423 INFO o.a.j.JMeter: java.awt.headless=true
2025-09-29 19:27:14,423 INFO o.a.j.JMeter: Max memory     =536870912
2025-09-29 19:27:14,423 INFO o.a.j.JMeter: Available Processors =4
2025-09-29 19:27:14,432 INFO o.a.j.JMeter: Default Locale=English
2025-09-29 19:27:14,433 INFO o.a.j.JMeter: JMeter  Locale=English
2025-09-29 19:27:14,433 INFO o.a.j.JMeter: JMeterHome=/home/runner/work/grepwise/grepwise/target/96c615cf-de1f-4ab0-9792-3c31139a1d17/jmeter
2025-09-29 19:27:14,433 INFO o.a.j.JMeter: user.dir  =/home/runner/work/grepwise/grepwise/target/96c615cf-de1f-4ab0-9792-3c31139a1d17/jmeter/bin
2025-09-29 19:27:14,433 INFO o.a.j.JMeter: PWD       =/home/runner/work/grepwise/grepwise/target/96c615cf-de1f-4ab0-9792-3c31139a1d17/jmeter/bin
2025-09-29 19:27:14,433 INFO o.a.j.JMeter: IP: 10.1.0.135 Name: runnervm3ublj FullName: runnervm3ublj
2025-09-29 19:27:14,442 INFO o.a.j.JMeter: Setting property 'jmeter.reportgenerator.outputdir' to:'/home/runner/work/grepwise/grepwise/target/jmeter/reports/http-search'
2025-09-29 19:27:14,443 INFO o.a.j.s.FileServer: Default base='/home/runner/work/grepwise/grepwise/target/96c615cf-de1f-4ab0-9792-3c31139a1d17/jmeter/bin'
2025-09-29 19:27:14,444 INFO o.a.j.s.FileServer: Set new base='/home/runner/work/grepwise/grepwise/target/jmeter/testFiles'
2025-09-29 19:27:14,676 INFO o.a.j.s.SaveService: Testplan (JMX) version: 2.2. Testlog (JTL) version: 2.2
2025-09-29 19:27:14,697 INFO o.a.j.s.SaveService: Using SaveService properties version 5.0
2025-09-29 19:27:14,700 INFO o.a.j.s.SaveService: Using SaveService properties file encoding UTF-8
2025-09-29 19:27:14,703 INFO o.a.j.s.SaveService: Loading file: /home/runner/work/grepwise/grepwise/target/jmeter/testFiles/http-search.jmx
2025-09-29 19:27:14,769 INFO o.a.j.JMeter: Creating summariser <summary>
2025-09-29 19:27:14,773 INFO o.a.j.r.d.ReportGenerator: ReportGenerator will use for Parsing the separator: ','
2025-09-29 19:27:14,773 INFO o.a.j.r.d.ReportGenerator: Will generate report at end of test from  results file: /home/runner/work/grepwise/grepwise/target/jmeter/results/20250929-http-search.csv
2025-09-29 19:27:14,773 INFO o.a.j.r.d.ReportGenerator: Reading report generator properties from: /home/runner/work/grepwise/grepwise/target/96c615cf-de1f-4ab0-9792-3c31139a1d17/jmeter/bin/reportgenerator.properties
2025-09-29 19:27:14,774 INFO o.a.j.r.d.ReportGenerator: Merging with JMeter properties
2025-09-29 19:27:14,778 INFO o.a.j.r.c.ReportGeneratorConfiguration: Property 'jmeter.reportgenerator.temp_dir' not found, using default value 'temp' instead.
2025-09-29 19:27:14,780 INFO o.a.j.r.c.ReportGeneratorConfiguration: Property 'jmeter.reportgenerator.apdex_per_transaction' not found, using default value 'null' instead.
2025-09-29 19:27:14,780 INFO o.a.j.r.c.ReportGeneratorConfiguration: apdex_per_transaction is empty, not APDEX per transaction customization
2025-09-29 19:27:14,780 INFO o.a.j.r.c.ReportGeneratorConfiguration: Property 'jmeter.reportgenerator.sample_filter' not found, using default value 'null' instead.
2025-09-29 19:27:14,780 INFO o.a.j.r.c.ReportGeneratorConfiguration: Property 'jmeter.reportgenerator.report_title' not found, using default value 'null' instead.
2025-09-29 19:27:14,780 INFO o.a.j.r.c.ReportGeneratorConfiguration: Property 'jmeter.reportgenerator.start_date' not found, using default value 'null' instead.
2025-09-29 19:27:14,780 INFO o.a.j.r.c.ReportGeneratorConfiguration: Property 'jmeter.reportgenerator.end_date' not found, using default value 'null' instead.
2025-09-29 19:27:14,780 INFO o.a.j.r.c.ReportGeneratorConfiguration: Property 'jmeter.reportgenerator.date_format' not found, using default value 'null' instead.
2025-09-29 19:27:14,781 INFO o.a.j.r.c.ReportGeneratorConfiguration: Will use date range start date: null, end date: null
2025-09-29 19:27:14,783 INFO o.a.j.r.c.ReportGeneratorConfiguration: Property 'jmeter.reportgenerator.graph.totalTPS.exclude_controllers' not found, using default value 'false' instead.
2025-09-29 19:27:14,784 INFO o.a.j.r.c.ReportGeneratorConfiguration: Property 'jmeter.reportgenerator.graph.activeThreadsOverTime.exclude_controllers' not found, using default value 'false' instead.
2025-09-29 19:27:14,784 INFO o.a.j.r.c.ReportGeneratorConfiguration: Property 'jmeter.reportgenerator.graph.timeVsThreads.exclude_controllers' not found, using default value 'false' instead.
2025-09-29 19:27:14,784 INFO o.a.j.r.c.ReportGeneratorConfiguration: Property 'jmeter.reportgenerator.graph.responseTimeDistribution.exclude_controllers' not found, using default value 'false' instead.
2025-09-29 19:27:14,784 INFO o.a.j.r.c.ReportGeneratorConfiguration: Property 'jmeter.reportgenerator.graph.transactionsPerSecond.exclude_controllers' not found, using default value 'false' instead.
2025-09-29 19:27:14,784 INFO o.a.j.r.c.ReportGeneratorConfiguration: Property 'jmeter.reportgenerator.graph.responseTimePercentiles.exclude_controllers' not found, using default value 'false' instead.
2025-09-29 19:27:14,784 INFO o.a.j.r.c.ReportGeneratorConfiguration: Property 'jmeter.reportgenerator.graph.responseTimePercentilesOverTime.exclude_controllers' not found, using default value 'false' instead.
2025-09-29 19:27:14,784 INFO o.a.j.r.c.ReportGeneratorConfiguration: Property 'jmeter.reportgenerator.graph.responseTimesOverTime.exclude_controllers' not found, using default value 'false' instead.
2025-09-29 19:27:14,784 INFO o.a.j.r.c.ReportGeneratorConfiguration: Property 'jmeter.reportgenerator.graph.connectTimeOverTime.exclude_controllers' not found, using default value 'false' instead.
2025-09-29 19:27:14,785 INFO o.a.j.r.c.ReportGeneratorConfiguration: Property 'jmeter.reportgenerator.graph.latenciesOverTime.exclude_controllers' not found, using default value 'false' instead.
2025-09-29 19:27:14,785 INFO o.a.j.r.c.ReportGeneratorConfiguration: Property 'jmeter.reportgenerator.exporter.json.filters_only_sample_series' not found, using default value 'true' instead.
2025-09-29 19:27:14,785 INFO o.a.j.r.c.ReportGeneratorConfiguration: Property 'jmeter.reportgenerator.exporter.json.series_filter' not found, using default value '' instead.
2025-09-29 19:27:14,785 INFO o.a.j.r.c.ReportGeneratorConfiguration: Property 'jmeter.reportgenerator.exporter.json.show_controllers_only' not found, using default value 'false' instead.
2025-09-29 19:27:14,786 INFO o.a.j.r.c.ReportGeneratorConfiguration: Property 'jmeter.reportgenerator.exporter.html.filters_only_sample_series' not found, using default value 'true' instead.
2025-09-29 19:27:14,786 INFO o.a.j.r.c.ReportGeneratorConfiguration: Property 'jmeter.reportgenerator.exporter.html.series_filter' not found, using default value '' instead.
2025-09-29 19:27:14,786 INFO o.a.j.r.c.ReportGeneratorConfiguration: Property 'jmeter.reportgenerator.exporter.html.show_controllers_only' not found, using default value 'false' instead.
2025-09-29 19:27:14,795 INFO o.a.j.e.StandardJMeterEngine: Running the test!
2025-09-29 19:27:14,795 INFO o.a.j.s.SampleEvent: List of sample_variables: []
2025-09-29 19:27:14,795 INFO o.a.j.s.SampleEvent: List of sample_variables: []
2025-09-29 19:27:14,857 INFO o.a.j.JMeter: Running test (1759174034857)
2025-09-29 19:27:14,879 INFO o.a.j.e.StandardJMeterEngine: Starting ThreadGroup: 1 : Searchers
2025-09-29 19:27:14,880 INFO o.a.j.e.StandardJMeterEngine: Starting 10 threads for group Searchers.
2025-09-29 19:27:14,880 INFO o.a.j.e.StandardJMeterEngine: Thread will continue on error
2025-09-29 19:27:14,880 INFO o.a.j.t.ThreadGroup: Starting thread group... number=1 threads=10 ramp-up=10 delayedStart=false
2025-09-29 19:27:14,887 INFO o.a.j.t.JMeterThread: Thread started: Searchers 1-1
2025-09-29 19:27:14,893 INFO o.a.j.t.ThreadGroup: Started thread group number 1
2025-09-29 19:27:14,893 INFO o.a.j.e.StandardJMeterEngine: All thread groups have been started
2025-09-29 19:27:15,379 INFO o.a.j.p.h.s.HTTPHCAbstractImpl: Local host = runnervm3ublj
2025-09-29 19:27:15,383 INFO o.a.j.p.h.s.HTTPHC4Impl: HTTP request retry count = 0
2025-09-29 19:27:15,384 INFO o.a.j.s.SampleResult: Note: Sample TimeStamps are END times
2025-09-29 19:27:15,384 INFO o.a.j.s.SampleResult: sampleresult.default.encoding is set to UTF-8
2025-09-29 19:27:15,384 INFO o.a.j.s.SampleResult: sampleresult.useNanoTime=true
2025-09-29 19:27:15,384 INFO o.a.j.s.SampleResult: sampleresult.nanoThreadSleep=5000
2025-09-29 19:27:15,461 INFO o.a.j.r.Summariser: summary +      1 in 00:00:01 =    1.7/s Avg:    24 Min:    24 Max:    24 Err:     0 (0.00%) Active: 1 Started: 1 Finished: 0
2025-09-29 19:27:15,884 INFO o.a.j.t.JMeterThread: Thread started: Searchers 1-2
2025-09-29 19:27:16,882 INFO o.a.j.t.JMeterThread: Thread started: Searchers 1-3
2025-09-29 19:27:17,882 INFO o.a.j.t.JMeterThread: Thread started: Searchers 1-4
2025-09-29 19:27:18,882 INFO o.a.j.t.JMeterThread: Thread started: Searchers 1-5
2025-09-29 19:27:19,882 INFO o.a.j.t.JMeterThread: Thread started: Searchers 1-6
2025-09-29 19:27:20,881 INFO o.a.j.t.JMeterThread: Thread started: Searchers 1-7
2025-09-29 19:27:21,043 INFO o.a.j.r.Summariser: summary +     55 in 00:00:06 =    9.9/s Avg:     1 Min:     1 Max:     6 Err:     0 (0.00%) Active: 7 Started: 7 Finished: 0
2025-09-29 19:27:21,043 INFO o.a.j.r.Summariser: summary =     56 in 00:00:06 =    9.1/s Avg:     2 Min:     1 Max:    24 Err:     0 (0.00%)
2025-09-29 19:27:21,881 INFO o.a.j.t.JMeterThread: Thread started: Searchers 1-8
2025-09-29 19:27:22,881 INFO o.a.j.t.JMeterThread: Thread started: Searchers 1-9
2025-09-29 19:27:23,881 INFO o.a.j.t.JMeterThread: Thread started: Searchers 1-10
2025-09-29 19:27:27,028 INFO o.a.j.r.Summariser: summary +    159 in 00:00:06 =   26.6/s Avg:     1 Min:     0 Max:     3 Err:     0 (0.00%) Active: 10 Started: 10 Finished: 0
2025-09-29 19:27:27,028 INFO o.a.j.r.Summariser: summary =    215 in 00:00:12 =   17.7/s Avg:     1 Min:     0 Max:    24 Err:     0 (0.00%)
2025-09-29 19:27:33,070 INFO o.a.j.r.Summariser: summary +    175 in 00:00:06 =   29.0/s Avg:     1 Min:     0 Max:     6 Err:     0 (0.00%) Active: 10 Started: 10 Finished: 0
2025-09-29 19:27:33,070 INFO o.a.j.r.Summariser: summary =    390 in 00:00:18 =   21.4/s Avg:     1 Min:     0 Max:    24 Err:     0 (0.00%)
2025-09-29 19:27:39,033 INFO o.a.j.r.Summariser: summary +    175 in 00:00:06 =   29.4/s Avg:     1 Min:     0 Max:     2 Err:     0 (0.00%) Active: 10 Started: 10 Finished: 0
2025-09-29 19:27:39,033 INFO o.a.j.r.Summariser: summary =    565 in 00:00:24 =   23.4/s Avg:     1 Min:     0 Max:    24 Err:     0 (0.00%)
2025-09-29 19:27:45,071 INFO o.a.j.r.Summariser: summary +    178 in 00:00:06 =   29.5/s Avg:     0 Min:     0 Max:     2 Err:     0 (0.00%) Active: 10 Started: 10 Finished: 0
2025-09-29 19:27:45,071 INFO o.a.j.r.Summariser: summary =    743 in 00:00:30 =   24.6/s Avg:     1 Min:     0 Max:    24 Err:     0 (0.00%)
2025-09-29 19:27:51,013 INFO o.a.j.r.Summariser: summary +    171 in 00:00:06 =   28.8/s Avg:     0 Min:     0 Max:     2 Err:     0 (0.00%) Active: 10 Started: 10 Finished: 0
2025-09-29 19:27:51,013 INFO o.a.j.r.Summariser: summary =    914 in 00:00:36 =   25.3/s Avg:     1 Min:     0 Max:    24 Err:     0 (0.00%)
2025-09-29 19:27:57,041 INFO o.a.j.r.Summariser: summary +    173 in 00:00:06 =   28.7/s Avg:     0 Min:     0 Max:     2 Err:     0 (0.00%) Active: 10 Started: 10 Finished: 0
2025-09-29 19:27:57,041 INFO o.a.j.r.Summariser: summary =   1087 in 00:00:42 =   25.8/s Avg:     1 Min:     0 Max:    24 Err:     0 (0.00%)
2025-09-29 19:28:03,026 INFO o.a.j.r.Summariser: summary +    166 in 00:00:06 =   27.7/s Avg:     0 Min:     0 Max:     3 Err:     0 (0.00%) Active: 10 Started: 10 Finished: 0
2025-09-29 19:28:03,027 INFO o.a.j.r.Summariser: summary =   1253 in 00:00:48 =   26.0/s Avg:     1 Min:     0 Max:    24 Err:     0 (0.00%)
2025-09-29 19:28:09,061 INFO o.a.j.r.Summariser: summary +    168 in 00:00:06 =   27.8/s Avg:     0 Min:     0 Max:     2 Err:     0 (0.00%) Active: 10 Started: 10 Finished: 0
2025-09-29 19:28:09,061 INFO o.a.j.r.Summariser: summary =   1421 in 00:00:54 =   26.2/s Avg:     1 Min:     0 Max:    24 Err:     0 (0.00%)
2025-09-29 19:28:14,527 INFO o.a.j.t.JMeterThread: Thread finished: Searchers 1-2
2025-09-29 19:28:14,608 INFO o.a.j.t.JMeterThread: Thread finished: Searchers 1-3
2025-09-29 19:28:14,682 INFO o.a.j.t.JMeterThread: Thread finished: Searchers 1-6
2025-09-29 19:28:14,683 INFO o.a.j.t.JMeterThread: Thread finished: Searchers 1-8
2025-09-29 19:28:14,720 INFO o.a.j.t.JMeterThread: Thread finished: Searchers 1-10
2025-09-29 19:28:14,735 INFO o.a.j.t.JMeterThread: Thread finished: Searchers 1-1
2025-09-29 19:28:14,817 INFO o.a.j.t.JMeterThread: Thread finished: Searchers 1-9
2025-09-29 19:28:14,838 INFO o.a.j.t.JMeterThread: Thread finished: Searchers 1-4
2025-09-29 19:28:14,852 INFO o.a.j.t.JMeterThread: Thread finished: Searchers 1-5
2025-09-29 19:28:14,853 INFO o.a.j.t.JMeterThread: Thread finished: Searchers 1-7
2025-09-29 19:28:14,853 INFO o.a.j.e.StandardJMeterEngine: Notifying test listeners of end of test
2025-09-29 19:28:14,853 INFO o.a.j.r.Summariser: summary +    167 in 00:00:06 =   28.8/s Avg:     0 Min:     0 Max:     2 Err:     0 (0.00%) Active: 0 Started: 10 Finished: 10
2025-09-29 19:28:14,854 INFO o.a.j.r.Summariser: summary =   1588 in 00:01:00 =   26.5/s Avg:     1 Min:     0 Max:    24 Err:     0 (0.00%)
2025-09-29 19:28:14,854 INFO o.a.j.JMeter: Generating Dashboard
2025-09-29 19:28:14,854 INFO o.a.j.r.d.ReportGenerator: Flushing result collector before report Generation
2025-09-29 19:28:14,863 INFO o.a.j.r.p.NormalizerSampleConsumer: Using format, 'ms', to parse timeStamp field
2025-09-29 19:28:14,980 INFO o.a.j.r.p.AbstractSampleConsumer: class org.apache.jmeter.report.processor.AggregateConsumer#stopProducing(): beginDate produced 0 samples
2025-09-29 19:28:14,980 INFO o.a.j.r.p.AbstractSampleConsumer: class org.apache.jmeter.report.processor.AggregateConsumer#stopProducing(): endDate produced 0 samples
2025-09-29 19:28:14,981 INFO o.a.j.r.p.AbstractSampleConsumer: class org.apache.jmeter.report.processor.ApdexSummaryConsumer#stopProducing(): apdexSummary produced 0 samples
2025-09-29 19:28:14,981 INFO o.a.j.r.p.AbstractSampleConsumer: class org.apache.jmeter.report.processor.RequestsSummaryConsumer#stopProducing(): requestsSummary produced 0 samples
2025-09-29 19:28:14,986 INFO o.a.j.r.p.AbstractSampleConsumer: class org.apache.jmeter.report.processor.StatisticsSummaryConsumer#stopProducing(): statisticsSummary produced 0 samples
2025-09-29 19:28:14,987 INFO o.a.j.r.p.AbstractSampleConsumer: class org.apache.jmeter.report.processor.Top5ErrorsBySamplerConsumer#stopProducing(): top5ErrorsBySampler produced 0 samples
2025-09-29 19:28:14,987 INFO o.a.j.r.p.AbstractSampleConsumer: class org.apache.jmeter.report.processor.ErrorsSummaryConsumer#stopProducing(): errorsSummary produced 0 samples
2025-09-29 19:28:14,987 INFO o.a.j.r.p.AbstractSampleConsumer: class org.apache.jmeter.report.processor.graph.impl.HitsPerSecondGraphConsumer#stopProducing(): hitsPerSecond produced 0 samples
2025-09-29 19:28:15,013 INFO o.a.j.r.p.AbstractSampleConsumer: class org.apache.jmeter.report.processor.graph.impl.LatencyVSRequestGraphConsumer#stopProducing(): latencyVsRequest produced 0 samples
2025-09-29 19:28:15,014 INFO o.a.j.r.p.AbstractSampleConsumer: class org.apache.jmeter.report.processor.graph.impl.SyntheticResponseTimeDistributionGraphConsumer#stopProducing(): syntheticResponseTimeDistribution produced 0 samples
2025-09-29 19:28:15,014 INFO o.a.j.r.p.AbstractSampleConsumer: class org.apache.jmeter.report.processor.graph.impl.BytesThroughputGraphConsumer#stopProducing(): bytesThroughputOverTime produced 0 samples
2025-09-29 19:28:15,014 INFO o.a.j.r.p.AbstractSampleConsumer: class org.apache.jmeter.report.processor.graph.impl.CodesPerSecondGraphConsumer#stopProducing(): codesPerSecond produced 0 samples
2025-09-29 19:28:15,029 INFO o.a.j.r.p.AbstractSampleConsumer: class org.apache.jmeter.report.processor.graph.impl.ResponseTimeVSRequestGraphConsumer#stopProducing(): responseTimeVsRequest produced 0 samples
2025-09-29 19:28:15,030 INFO o.a.j.r.p.AbstractSampleConsumer: class org.apache.jmeter.report.processor.FilterConsumer#stopProducing(): startIntervalControlerFilter produced 11116 samples
2025-09-29 19:28:15,030 INFO o.a.j.r.p.AbstractSampleConsumer: class org.apache.jmeter.report.processor.graph.impl.TotalTPSGraphConsumer#stopProducing(): totalTPS produced 0 samples
2025-09-29 19:28:15,030 INFO o.a.j.r.p.AbstractSampleConsumer: class org.apache.jmeter.report.processor.graph.impl.ActiveThreadsGraphConsumer#stopProducing(): activeThreadsOverTime produced 0 samples
2025-09-29 19:28:15,030 INFO o.a.j.r.p.AbstractSampleConsumer: class org.apache.jmeter.report.processor.graph.impl.TimeVSThreadGraphConsumer#stopProducing(): timeVsThreads produced 0 samples
2025-09-29 19:28:15,030 INFO o.a.j.r.p.AbstractSampleConsumer: class org.apache.jmeter.report.processor.graph.impl.ResponseTimeDistributionGraphConsumer#stopProducing(): responseTimeDistribution produced 0 samples
2025-09-29 19:28:15,030 INFO o.a.j.r.p.AbstractSampleConsumer: class org.apache.jmeter.report.processor.graph.impl.TransactionsPerSecondGraphConsumer#stopProducing(): transactionsPerSecond produced 0 samples
2025-09-29 19:28:15,030 INFO o.a.j.r.p.AbstractSampleConsumer: class org.apache.jmeter.report.processor.graph.impl.ResponseTimePercentilesGraphConsumer#stopProducing(): responseTimePercentiles produced 0 samples
2025-09-29 19:28:15,031 INFO o.a.j.r.p.AbstractSampleConsumer: class org.apache.jmeter.report.processor.graph.impl.ResponseTimePercentilesOverTimeGraphConsumer#stopProducing(): responseTimePercentilesOverTime produced 0 samples
2025-09-29 19:28:15,032 INFO o.a.j.r.p.AbstractSampleConsumer: class org.apache.jmeter.report.processor.graph.impl.ResponseTimeOverTimeGraphConsumer#stopProducing(): responseTimesOverTime produced 0 samples
2025-09-29 19:28:15,032 INFO o.a.j.r.p.AbstractSampleConsumer: class org.apache.jmeter.report.processor.graph.impl.ConnectTimeOverTimeGraphConsumer#stopProducing(): connectTimeOverTime produced 0 samples
2025-09-29 19:28:15,032 INFO o.a.j.r.p.AbstractSampleConsumer: class org.apache.jmeter.report.processor.graph.impl.LatencyOverTimeGraphConsumer#stopProducing(): latenciesOverTime produced 0 samples
2025-09-29 19:28:15,032 INFO o.a.j.r.p.AbstractSampleConsumer: class org.apache.jmeter.report.processor.FilterConsumer#stopProducing(): nameFilter produced 23820 samples
2025-09-29 19:28:15,032 INFO o.a.j.r.p.AbstractSampleConsumer: class org.apache.jmeter.report.processor.FilterConsumer#stopProducing(): dateRangeFilter produced 4764 samples
2025-09-29 19:28:15,032 INFO o.a.j.r.p.AbstractSampleConsumer: class org.apache.jmeter.report.processor.NormalizerSampleConsumer#stopProducing(): normalizer produced 1588 samples
2025-09-29 19:28:15,033 INFO o.a.j.r.p.CsvFileSampleSource: produce(): 1588 samples produced in 151ms on channel 0
2025-09-29 19:28:15,033 INFO o.a.j.r.d.ReportGenerator: Exporting data using exporter:'json' of className:'org.apache.jmeter.report.dashboard.JsonExporter'
2025-09-29 19:28:15,113 INFO o.a.j.r.d.JsonExporter: Found data for consumer statisticsSummary in context
2025-09-29 19:28:15,113 INFO o.a.j.r.d.JsonExporter: Creating statistics for overall
2025-09-29 19:28:15,114 INFO o.a.j.r.d.JsonExporter: Creating statistics for other transactions
2025-09-29 19:28:15,114 INFO o.a.j.r.d.JsonExporter: Checking output folder
2025-09-29 19:28:15,114 INFO o.a.j.r.d.JsonExporter: Writing statistics JSON to /home/runner/work/grepwise/grepwise/target/jmeter/reports/http-search/statistics.json
2025-09-29 19:28:15,147 INFO o.a.j.r.d.ReportGenerator: Exporting data using exporter:'html' of className:'org.apache.jmeter.report.dashboard.HtmlTemplateExporter'
2025-09-29 19:28:15,149 INFO o.a.j.r.d.HtmlTemplateExporter: Will generate dashboard in folder: /home/runner/work/grepwise/grepwise/target/jmeter/reports/http-search
2025-09-29 19:28:15,220 INFO o.a.j.r.d.HtmlTemplateExporter: Report will be generated in: /home/runner/work/grepwise/grepwise/target/jmeter/reports/http-search, creating folder structure
2025-09-29 19:28:15,222 INFO o.a.j.r.d.TemplateVisitor: Copying folder from '/home/runner/work/grepwise/grepwise/target/96c615cf-de1f-4ab0-9792-3c31139a1d17/jmeter/bin/report-template' to '/home/runner/work/grepwise/grepwise/target/jmeter/reports/http-search', got message: /home/runner/work/grepwise/grepwise/target/jmeter/reports/http-search, found non empty folder with following content [/home/runner/work/grepwise/grepwise/target/jmeter/reports/http-search/statistics.json], will be ignored
2025-09-29 19:28:15,385 INFO o.a.j.JMeter: Dashboard generated
