2025-09-29 19:26:09,620 INFO o.a.j.u.JMeterUtils: Setting Locale to en
2025-09-29 19:26:09,638 INFO o.a.j.JMeter: Loading additional properties from: /home/runner/work/grepwise/grepwise/src/test/jmeter/jmeter.properties
2025-09-29 19:26:09,639 INFO o.a.j.JMeter: Setting System property: sun.net.http.allowRestrictedHeaders=true
2025-09-29 19:26:09,644 INFO o.a.j.JMeter: Copyright (c) 1998-2023 The Apache Software Foundation
2025-09-29 19:26:09,644 INFO o.a.j.JMeter: Version 5.6.2
2025-09-29 19:26:09,644 INFO o.a.j.JMeter: java.version=25
2025-09-29 19:26:09,644 INFO o.a.j.JMeter: java.vm.name=OpenJDK 64-Bit Server VM
2025-09-29 19:26:09,644 INFO o.a.j.JMeter: os.name=Linux
2025-09-29 19:26:09,644 INFO o.a.j.JMeter: os.arch=amd64
2025-09-29 19:26:09,644 INFO o.a.j.JMeter: os.version=6.11.0-1018-azure
2025-09-29 19:26:09,644 INFO o.a.j.JMeter: file.encoding=UTF-8
2025-09-29 19:26:09,644 INFO o.a.j.JMeter: java.awt.headless=true
2025-09-29 19:26:09,644 INFO o.a.j.JMeter: Max memory     =536870912
2025-09-29 19:26:09,644 INFO o.a.j.JMeter: Available Processors =4
2025-09-29 19:26:09,654 INFO o.a.j.JMeter: Default Locale=English
2025-09-29 19:26:09,654 INFO o.a.j.JMeter: JMeter  Locale=English
2025-09-29 19:26:09,654 INFO o.a.j.JMeter: JMeterHome=/home/runner/work/grepwise/grepwise/target/96c615cf-de1f-4ab0-9792-3c31139a1d17/jmeter
2025-09-29 19:26:09,654 INFO o.a.j.JMeter: user.dir  =/home/runner/work/grepwise/grepwise/target/96c615cf-de1f-4ab0-9792-3c31139a1d17/jmeter/bin
2025-09-29 19:26:09,655 INFO o.a.j.JMeter: PWD       =/home/runner/work/grepwise/grepwise/target/96c615cf-de1f-4ab0-9792-3c31139a1d17/jmeter/bin
2025-09-29 19:26:09,655 INFO o.a.j.JMeter: IP: 10.1.0.135 Name: runnervm3ublj FullName: runnervm3ublj
2025-09-29 19:26:09,663 INFO o.a.j.JMeter: Setting property 'jmeter.reportgenerator.outputdir' to:'/home/runner/work/grepwise/grepwise/target/jmeter/reports/syslog-udp'
2025-09-29 19:26:09,665 INFO o.a.j.s.FileServer: Default base='/home/runner/work/grepwise/grepwise/target/96c615cf-de1f-4ab0-9792-3c31139a1d17/jmeter/bin'
2025-09-29 19:26:09,666 INFO o.a.j.s.FileServer: Set new base='/home/runner/work/grepwise/grepwise/target/jmeter/testFiles'
2025-09-29 19:26:09,895 INFO o.a.j.s.SaveService: Testplan (JMX) version: 2.2. Testlog (JTL) version: 2.2
2025-09-29 19:26:09,917 INFO o.a.j.s.SaveService: Using SaveService properties version 5.0
2025-09-29 19:26:09,920 INFO o.a.j.s.SaveService: Using SaveService properties file encoding UTF-8
2025-09-29 19:26:09,923 INFO o.a.j.s.SaveService: Loading file: /home/runner/work/grepwise/grepwise/target/jmeter/testFiles/syslog-udp.jmx
2025-09-29 19:26:10,006 INFO o.a.j.JMeter: Creating summariser <summary>
2025-09-29 19:26:10,011 INFO o.a.j.r.d.ReportGenerator: ReportGenerator will use for Parsing the separator: ','
2025-09-29 19:26:10,011 INFO o.a.j.r.d.ReportGenerator: Will generate report at end of test from  results file: /home/runner/work/grepwise/grepwise/target/jmeter/results/20250929-syslog-udp.csv
2025-09-29 19:26:10,011 INFO o.a.j.r.d.ReportGenerator: Reading report generator properties from: /home/runner/work/grepwise/grepwise/target/96c615cf-de1f-4ab0-9792-3c31139a1d17/jmeter/bin/reportgenerator.properties
2025-09-29 19:26:10,012 INFO o.a.j.r.d.ReportGenerator: Merging with JMeter properties
2025-09-29 19:26:10,015 INFO o.a.j.r.c.ReportGeneratorConfiguration: Property 'jmeter.reportgenerator.temp_dir' not found, using default value 'temp' instead.
2025-09-29 19:26:10,016 INFO o.a.j.r.c.ReportGeneratorConfiguration: Property 'jmeter.reportgenerator.apdex_per_transaction' not found, using default value 'null' instead.
2025-09-29 19:26:10,017 INFO o.a.j.r.c.ReportGeneratorConfiguration: apdex_per_transaction is empty, not APDEX per transaction customization
2025-09-29 19:26:10,017 INFO o.a.j.r.c.ReportGeneratorConfiguration: Property 'jmeter.reportgenerator.sample_filter' not found, using default value 'null' instead.
2025-09-29 19:26:10,017 INFO o.a.j.r.c.ReportGeneratorConfiguration: Property 'jmeter.reportgenerator.report_title' not found, using default value 'null' instead.
2025-09-29 19:26:10,017 INFO o.a.j.r.c.ReportGeneratorConfiguration: Property 'jmeter.reportgenerator.start_date' not found, using default value 'null' instead.
2025-09-29 19:26:10,017 INFO o.a.j.r.c.ReportGeneratorConfiguration: Property 'jmeter.reportgenerator.end_date' not found, using default value 'null' instead.
2025-09-29 19:26:10,017 INFO o.a.j.r.c.ReportGeneratorConfiguration: Property 'jmeter.reportgenerator.date_format' not found, using default value 'null' instead.
2025-09-29 19:26:10,017 INFO o.a.j.r.c.ReportGeneratorConfiguration: Will use date range start date: null, end date: null
2025-09-29 19:26:10,020 INFO o.a.j.r.c.ReportGeneratorConfiguration: Property 'jmeter.reportgenerator.graph.totalTPS.exclude_controllers' not found, using default value 'false' instead.
2025-09-29 19:26:10,020 INFO o.a.j.r.c.ReportGeneratorConfiguration: Property 'jmeter.reportgenerator.graph.activeThreadsOverTime.exclude_controllers' not found, using default value 'false' instead.
2025-09-29 19:26:10,020 INFO o.a.j.r.c.ReportGeneratorConfiguration: Property 'jmeter.reportgenerator.graph.timeVsThreads.exclude_controllers' not found, using default value 'false' instead.
2025-09-29 19:26:10,020 INFO o.a.j.r.c.ReportGeneratorConfiguration: Property 'jmeter.reportgenerator.graph.responseTimeDistribution.exclude_controllers' not found, using default value 'false' instead.
2025-09-29 19:26:10,020 INFO o.a.j.r.c.ReportGeneratorConfiguration: Property 'jmeter.reportgenerator.graph.transactionsPerSecond.exclude_controllers' not found, using default value 'false' instead.
2025-09-29 19:26:10,020 INFO o.a.j.r.c.ReportGeneratorConfiguration: Property 'jmeter.reportgenerator.graph.responseTimePercentiles.exclude_controllers' not found, using default value 'false' instead.
2025-09-29 19:26:10,020 INFO o.a.j.r.c.ReportGeneratorConfiguration: Property 'jmeter.reportgenerator.graph.responseTimePercentilesOverTime.exclude_controllers' not found, using default value 'false' instead.
2025-09-29 19:26:10,021 INFO o.a.j.r.c.ReportGeneratorConfiguration: Property 'jmeter.reportgenerator.graph.responseTimesOverTime.exclude_controllers' not found, using default value 'false' instead.
2025-09-29 19:26:10,021 INFO o.a.j.r.c.ReportGeneratorConfiguration: Property 'jmeter.reportgenerator.graph.connectTimeOverTime.exclude_controllers' not found, using default value 'false' instead.
2025-09-29 19:26:10,021 INFO o.a.j.r.c.ReportGeneratorConfiguration: Property 'jmeter.reportgenerator.graph.latenciesOverTime.exclude_controllers' not found, using default value 'false' instead.
2025-09-29 19:26:10,022 INFO o.a.j.r.c.ReportGeneratorConfiguration: Property 'jmeter.reportgenerator.exporter.json.filters_only_sample_series' not found, using default value 'true' instead.
2025-09-29 19:26:10,022 INFO o.a.j.r.c.ReportGeneratorConfiguration: Property 'jmeter.reportgenerator.exporter.json.series_filter' not found, using default value '' instead.
2025-09-29 19:26:10,022 INFO o.a.j.r.c.ReportGeneratorConfiguration: Property 'jmeter.reportgenerator.exporter.json.show_controllers_only' not found, using default value 'false' instead.
2025-09-29 19:26:10,022 INFO o.a.j.r.c.ReportGeneratorConfiguration: Property 'jmeter.reportgenerator.exporter.html.filters_only_sample_series' not found, using default value 'true' instead.
2025-09-29 19:26:10,022 INFO o.a.j.r.c.ReportGeneratorConfiguration: Property 'jmeter.reportgenerator.exporter.html.series_filter' not found, using default value '' instead.
2025-09-29 19:26:10,022 INFO o.a.j.r.c.ReportGeneratorConfiguration: Property 'jmeter.reportgenerator.exporter.html.show_controllers_only' not found, using default value 'false' instead.
2025-09-29 19:26:10,031 INFO o.a.j.e.StandardJMeterEngine: Running the test!
2025-09-29 19:26:10,032 INFO o.a.j.s.SampleEvent: List of sample_variables: []
2025-09-29 19:26:10,032 INFO o.a.j.s.SampleEvent: List of sample_variables: []
2025-09-29 19:26:10,092 INFO o.a.j.JMeter: Running test (1759173970092)
2025-09-29 19:26:10,115 INFO o.a.j.e.StandardJMeterEngine: Starting ThreadGroup: 1 : UDP Senders
2025-09-29 19:26:10,115 INFO o.a.j.e.StandardJMeterEngine: Starting 10 threads for group UDP Senders.
2025-09-29 19:26:10,115 INFO o.a.j.e.StandardJMeterEngine: Thread will continue on error
2025-09-29 19:26:10,116 INFO o.a.j.t.ThreadGroup: Starting thread group... number=1 threads=10 ramp-up=10 delayedStart=false
2025-09-29 19:26:10,124 INFO o.a.j.t.JMeterThread: Thread started: UDP Senders 1-1
2025-09-29 19:26:10,145 INFO o.a.j.t.ThreadGroup: Started thread group number 1
2025-09-29 19:26:10,145 INFO o.a.j.e.StandardJMeterEngine: Starting ThreadGroup: 2 : Search Verifier
2025-09-29 19:26:10,146 INFO o.a.j.e.StandardJMeterEngine: Starting 1 threads for group Search Verifier.
2025-09-29 19:26:10,146 INFO o.a.j.e.StandardJMeterEngine: Thread will continue on error
2025-09-29 19:26:10,146 INFO o.a.j.t.ThreadGroup: Starting thread group... number=2 threads=1 ramp-up=1 delayedStart=false
2025-09-29 19:26:10,146 INFO o.a.j.t.ThreadGroup: Started thread group number 2
2025-09-29 19:26:10,146 INFO o.a.j.e.StandardJMeterEngine: All thread groups have been started
2025-09-29 19:26:10,146 INFO o.a.j.t.JMeterThread: Thread started: Search Verifier 2-1
2025-09-29 19:26:10,157 INFO o.a.j.p.h.s.HTTPHCAbstractImpl: Local host = runnervm3ublj
2025-09-29 19:26:10,162 INFO o.a.j.p.h.s.HTTPHC4Impl: HTTP request retry count = 0
2025-09-29 19:26:10,163 INFO o.a.j.s.SampleResult: Note: Sample TimeStamps are END times
2025-09-29 19:26:10,163 INFO o.a.j.s.SampleResult: sampleresult.default.encoding is set to UTF-8
2025-09-29 19:26:10,163 INFO o.a.j.s.SampleResult: sampleresult.useNanoTime=true
2025-09-29 19:26:10,163 INFO o.a.j.s.SampleResult: sampleresult.nanoThreadSleep=5000
2025-09-29 19:26:10,211 INFO o.a.j.r.Summariser: summary +      1 in 00:00:00 =    8.5/s Avg:     1 Min:     1 Max:     1 Err:     0 (0.00%) Active: 2 Started: 2 Finished: 0
2025-09-29 19:26:11,122 INFO o.a.j.t.JMeterThread: Thread started: UDP Senders 1-2
2025-09-29 19:26:12,120 INFO o.a.j.t.JMeterThread: Thread started: UDP Senders 1-3
2025-09-29 19:26:13,119 INFO o.a.j.t.JMeterThread: Thread started: UDP Senders 1-4
2025-09-29 19:26:14,119 INFO o.a.j.t.JMeterThread: Thread started: UDP Senders 1-5
2025-09-29 19:26:15,119 INFO o.a.j.t.JMeterThread: Thread started: UDP Senders 1-6
2025-09-29 19:26:16,001 INFO o.a.j.r.Summariser: summary +   6835 in 00:00:06 = 1180.5/s Avg:     0 Min:     0 Max:    37 Err:     0 (0.00%) Active: 7 Started: 7 Finished: 0
2025-09-29 19:26:16,001 INFO o.a.j.r.Summariser: summary =   6836 in 00:00:06 = 1157.1/s Avg:     0 Min:     0 Max:    37 Err:     0 (0.00%)
2025-09-29 19:26:16,119 INFO o.a.j.t.JMeterThread: Thread started: UDP Senders 1-7
2025-09-29 19:26:17,119 INFO o.a.j.t.JMeterThread: Thread started: UDP Senders 1-8
2025-09-29 19:26:18,118 INFO o.a.j.t.JMeterThread: Thread started: UDP Senders 1-9
2025-09-29 19:26:19,118 INFO o.a.j.t.JMeterThread: Thread started: UDP Senders 1-10
2025-09-29 19:26:22,000 INFO o.a.j.r.Summariser: summary +   8819 in 00:00:06 = 1469.8/s Avg:     0 Min:     0 Max:    11 Err:     0 (0.00%) Active: 11 Started: 11 Finished: 0
2025-09-29 19:26:22,000 INFO o.a.j.r.Summariser: summary =  15655 in 00:00:12 = 1314.7/s Avg:     0 Min:     0 Max:    37 Err:     0 (0.00%)
2025-09-29 19:26:28,000 INFO o.a.j.r.Summariser: summary +   9511 in 00:00:06 = 1585.2/s Avg:     0 Min:     0 Max:     8 Err:     0 (0.00%) Active: 11 Started: 11 Finished: 0
2025-09-29 19:26:28,001 INFO o.a.j.r.Summariser: summary =  25166 in 00:00:18 = 1405.3/s Avg:     0 Min:     0 Max:    37 Err:     0 (0.00%)
2025-09-29 19:26:34,000 INFO o.a.j.r.Summariser: summary +   9788 in 00:00:06 = 1631.3/s Avg:     0 Min:     0 Max:     6 Err:     0 (0.00%) Active: 11 Started: 11 Finished: 0
2025-09-29 19:26:34,000 INFO o.a.j.r.Summariser: summary =  34954 in 00:00:24 = 1462.0/s Avg:     0 Min:     0 Max:    37 Err:     0 (0.00%)
2025-09-29 19:26:40,001 INFO o.a.j.r.Summariser: summary +   9618 in 00:00:06 = 1603.0/s Avg:     0 Min:     0 Max:     5 Err:     0 (0.00%) Active: 11 Started: 11 Finished: 0
2025-09-29 19:26:40,001 INFO o.a.j.r.Summariser: summary =  44572 in 00:00:30 = 1490.3/s Avg:     0 Min:     0 Max:    37 Err:     0 (0.00%)
2025-09-29 19:26:46,000 INFO o.a.j.r.Summariser: summary +   9755 in 00:00:06 = 1626.1/s Avg:     0 Min:     0 Max:     6 Err:     0 (0.00%) Active: 11 Started: 11 Finished: 0
2025-09-29 19:26:46,000 INFO o.a.j.r.Summariser: summary =  54327 in 00:00:36 = 1512.9/s Avg:     0 Min:     0 Max:    37 Err:     0 (0.00%)
2025-09-29 19:26:52,000 INFO o.a.j.r.Summariser: summary +   9862 in 00:00:06 = 1643.7/s Avg:     0 Min:     0 Max:     5 Err:     0 (0.00%) Active: 11 Started: 11 Finished: 0
2025-09-29 19:26:52,001 INFO o.a.j.r.Summariser: summary =  64189 in 00:00:42 = 1531.7/s Avg:     0 Min:     0 Max:    37 Err:     0 (0.00%)
2025-09-29 19:26:58,000 INFO o.a.j.r.Summariser: summary +   9764 in 00:00:06 = 1627.3/s Avg:     0 Min:     0 Max:     4 Err:     0 (0.00%) Active: 11 Started: 11 Finished: 0
2025-09-29 19:26:58,000 INFO o.a.j.r.Summariser: summary =  73953 in 00:00:48 = 1543.6/s Avg:     0 Min:     0 Max:    37 Err:     0 (0.00%)
2025-09-29 19:27:04,000 INFO o.a.j.r.Summariser: summary +   9867 in 00:00:06 = 1644.5/s Avg:     0 Min:     0 Max:     8 Err:     0 (0.00%) Active: 11 Started: 11 Finished: 0
2025-09-29 19:27:04,000 INFO o.a.j.r.Summariser: summary =  83820 in 00:00:54 = 1554.9/s Avg:     0 Min:     0 Max:    37 Err:     0 (0.00%)
2025-09-29 19:27:10,000 INFO o.a.j.r.Summariser: summary +   9878 in 00:00:06 = 1646.3/s Avg:     0 Min:     0 Max:     5 Err:     0 (0.00%) Active: 11 Started: 11 Finished: 0
2025-09-29 19:27:10,001 INFO o.a.j.r.Summariser: summary =  93698 in 00:01:00 = 1564.0/s Avg:     0 Min:     0 Max:    37 Err:     0 (0.00%)
2025-09-29 19:27:10,061 INFO o.a.j.t.JMeterThread: Thread finished: UDP Senders 1-4
2025-09-29 19:27:10,077 INFO o.a.j.t.JMeterThread: Thread finished: UDP Senders 1-7
2025-09-29 19:27:10,086 INFO o.a.j.t.JMeterThread: Thread finished: UDP Senders 1-1
2025-09-29 19:27:10,093 INFO o.a.j.t.JMeterThread: Thread finished: UDP Senders 1-10
2025-09-29 19:27:10,094 INFO o.a.j.t.JMeterThread: Thread finished: UDP Senders 1-9
2025-09-29 19:27:10,099 INFO o.a.j.t.JMeterThread: Thread finished: UDP Senders 1-2
2025-09-29 19:27:10,102 INFO o.a.j.t.JMeterThread: Thread finished: UDP Senders 1-5
2025-09-29 19:27:10,107 INFO o.a.j.t.JMeterThread: Thread finished: UDP Senders 1-6
2025-09-29 19:27:10,119 INFO o.a.j.t.JMeterThread: Thread finished: UDP Senders 1-3
2025-09-29 19:27:10,126 INFO o.a.j.t.JMeterThread: Thread finished: UDP Senders 1-8
2025-09-29 19:27:10,146 INFO o.a.j.t.JMeterThread: Stopping because end time detected by thread: Search Verifier 2-1
2025-09-29 19:27:10,146 INFO o.a.j.t.JMeterThread: Thread finished: Search Verifier 2-1
2025-09-29 19:27:10,146 INFO o.a.j.e.StandardJMeterEngine: Notifying test listeners of end of test
2025-09-29 19:27:10,147 INFO o.a.j.r.Summariser: summary +    234 in 00:00:00 = 1591.8/s Avg:     0 Min:     0 Max:     1 Err:     0 (0.00%) Active: 0 Started: 11 Finished: 11
2025-09-29 19:27:10,147 INFO o.a.j.r.Summariser: summary =  93932 in 00:01:00 = 1564.1/s Avg:     0 Min:     0 Max:    37 Err:     0 (0.00%)
2025-09-29 19:27:10,147 INFO o.a.j.JMeter: Generating Dashboard
2025-09-29 19:27:10,147 INFO o.a.j.r.d.ReportGenerator: Flushing result collector before report Generation
2025-09-29 19:27:10,160 INFO o.a.j.r.p.NormalizerSampleConsumer: Using format, 'ms', to parse timeStamp field
2025-09-29 19:27:11,418 INFO o.a.j.r.p.AbstractSampleConsumer: class org.apache.jmeter.report.processor.AggregateConsumer#stopProducing(): beginDate produced 0 samples
2025-09-29 19:27:11,418 INFO o.a.j.r.p.AbstractSampleConsumer: class org.apache.jmeter.report.processor.AggregateConsumer#stopProducing(): endDate produced 0 samples
2025-09-29 19:27:11,419 INFO o.a.j.r.p.AbstractSampleConsumer: class org.apache.jmeter.report.processor.ApdexSummaryConsumer#stopProducing(): apdexSummary produced 0 samples
2025-09-29 19:27:11,419 INFO o.a.j.r.p.AbstractSampleConsumer: class org.apache.jmeter.report.processor.RequestsSummaryConsumer#stopProducing(): requestsSummary produced 0 samples
2025-09-29 19:27:11,432 INFO o.a.j.r.p.AbstractSampleConsumer: class org.apache.jmeter.report.processor.StatisticsSummaryConsumer#stopProducing(): statisticsSummary produced 0 samples
2025-09-29 19:27:11,433 INFO o.a.j.r.p.AbstractSampleConsumer: class org.apache.jmeter.report.processor.Top5ErrorsBySamplerConsumer#stopProducing(): top5ErrorsBySampler produced 0 samples
2025-09-29 19:27:11,433 INFO o.a.j.r.p.AbstractSampleConsumer: class org.apache.jmeter.report.processor.ErrorsSummaryConsumer#stopProducing(): errorsSummary produced 0 samples
2025-09-29 19:27:11,433 INFO o.a.j.r.p.AbstractSampleConsumer: class org.apache.jmeter.report.processor.graph.impl.HitsPerSecondGraphConsumer#stopProducing(): hitsPerSecond produced 0 samples
2025-09-29 19:27:11,750 INFO o.a.j.r.p.AbstractSampleConsumer: class org.apache.jmeter.report.processor.graph.impl.LatencyVSRequestGraphConsumer#stopProducing(): latencyVsRequest produced 0 samples
2025-09-29 19:27:11,755 INFO o.a.j.r.p.AbstractSampleConsumer: class org.apache.jmeter.report.processor.graph.impl.SyntheticResponseTimeDistributionGraphConsumer#stopProducing(): syntheticResponseTimeDistribution produced 0 samples
2025-09-29 19:27:11,755 INFO o.a.j.r.p.AbstractSampleConsumer: class org.apache.jmeter.report.processor.graph.impl.BytesThroughputGraphConsumer#stopProducing(): bytesThroughputOverTime produced 0 samples
2025-09-29 19:27:11,755 INFO o.a.j.r.p.AbstractSampleConsumer: class org.apache.jmeter.report.processor.graph.impl.CodesPerSecondGraphConsumer#stopProducing(): codesPerSecond produced 0 samples
2025-09-29 19:27:12,012 INFO o.a.j.r.p.AbstractSampleConsumer: class org.apache.jmeter.report.processor.graph.impl.ResponseTimeVSRequestGraphConsumer#stopProducing(): responseTimeVsRequest produced 0 samples
2025-09-29 19:27:12,015 INFO o.a.j.r.p.AbstractSampleConsumer: class org.apache.jmeter.report.processor.FilterConsumer#stopProducing(): startIntervalControlerFilter produced 657524 samples
2025-09-29 19:27:12,015 INFO o.a.j.r.p.AbstractSampleConsumer: class org.apache.jmeter.report.processor.graph.impl.TotalTPSGraphConsumer#stopProducing(): totalTPS produced 0 samples
2025-09-29 19:27:12,015 INFO o.a.j.r.p.AbstractSampleConsumer: class org.apache.jmeter.report.processor.graph.impl.ActiveThreadsGraphConsumer#stopProducing(): activeThreadsOverTime produced 0 samples
2025-09-29 19:27:12,015 INFO o.a.j.r.p.AbstractSampleConsumer: class org.apache.jmeter.report.processor.graph.impl.TimeVSThreadGraphConsumer#stopProducing(): timeVsThreads produced 0 samples
2025-09-29 19:27:12,016 INFO o.a.j.r.p.AbstractSampleConsumer: class org.apache.jmeter.report.processor.graph.impl.ResponseTimeDistributionGraphConsumer#stopProducing(): responseTimeDistribution produced 0 samples
2025-09-29 19:27:12,016 INFO o.a.j.r.p.AbstractSampleConsumer: class org.apache.jmeter.report.processor.graph.impl.TransactionsPerSecondGraphConsumer#stopProducing(): transactionsPerSecond produced 0 samples
2025-09-29 19:27:12,016 INFO o.a.j.r.p.AbstractSampleConsumer: class org.apache.jmeter.report.processor.graph.impl.ResponseTimePercentilesGraphConsumer#stopProducing(): responseTimePercentiles produced 0 samples
2025-09-29 19:27:12,017 INFO o.a.j.r.p.AbstractSampleConsumer: class org.apache.jmeter.report.processor.graph.impl.ResponseTimePercentilesOverTimeGraphConsumer#stopProducing(): responseTimePercentilesOverTime produced 0 samples
2025-09-29 19:27:12,019 INFO o.a.j.r.p.AbstractSampleConsumer: class org.apache.jmeter.report.processor.graph.impl.ResponseTimeOverTimeGraphConsumer#stopProducing(): responseTimesOverTime produced 0 samples
2025-09-29 19:27:12,019 INFO o.a.j.r.p.AbstractSampleConsumer: class org.apache.jmeter.report.processor.graph.impl.ConnectTimeOverTimeGraphConsumer#stopProducing(): connectTimeOverTime produced 0 samples
2025-09-29 19:27:12,019 INFO o.a.j.r.p.AbstractSampleConsumer: class org.apache.jmeter.report.processor.graph.impl.LatencyOverTimeGraphConsumer#stopProducing(): latenciesOverTime produced 0 samples
2025-09-29 19:27:12,019 INFO o.a.j.r.p.AbstractSampleConsumer: class org.apache.jmeter.report.processor.FilterConsumer#stopProducing(): nameFilter produced 1408980 samples
2025-09-29 19:27:12,019 INFO o.a.j.r.p.AbstractSampleConsumer: class org.apache.jmeter.report.processor.FilterConsumer#stopProducing(): dateRangeFilter produced 281796 samples
2025-09-29 19:27:12,019 INFO o.a.j.r.p.AbstractSampleConsumer: class org.apache.jmeter.report.processor.NormalizerSampleConsumer#stopProducing(): normalizer produced 93932 samples
2025-09-29 19:27:12,020 INFO o.a.j.r.p.CsvFileSampleSource: produce(): 93932 samples produced in 1s 835 ms on channel 0
2025-09-29 19:27:12,020 INFO o.a.j.r.d.ReportGenerator: Exporting data using exporter:'json' of className:'org.apache.jmeter.report.dashboard.JsonExporter'
2025-09-29 19:27:12,103 INFO o.a.j.r.d.JsonExporter: Found data for consumer statisticsSummary in context
2025-09-29 19:27:12,103 INFO o.a.j.r.d.JsonExporter: Creating statistics for overall
2025-09-29 19:27:12,103 INFO o.a.j.r.d.JsonExporter: Creating statistics for other transactions
2025-09-29 19:27:12,104 INFO o.a.j.r.d.JsonExporter: Checking output folder
2025-09-29 19:27:12,104 INFO o.a.j.r.d.JsonExporter: Writing statistics JSON to /home/runner/work/grepwise/grepwise/target/jmeter/reports/syslog-udp/statistics.json
2025-09-29 19:27:12,137 INFO o.a.j.r.d.ReportGenerator: Exporting data using exporter:'html' of className:'org.apache.jmeter.report.dashboard.HtmlTemplateExporter'
2025-09-29 19:27:12,138 INFO o.a.j.r.d.HtmlTemplateExporter: Will generate dashboard in folder: /home/runner/work/grepwise/grepwise/target/jmeter/reports/syslog-udp
2025-09-29 19:27:12,233 INFO o.a.j.r.d.HtmlTemplateExporter: Report will be generated in: /home/runner/work/grepwise/grepwise/target/jmeter/reports/syslog-udp, creating folder structure
2025-09-29 19:27:12,234 INFO o.a.j.r.d.TemplateVisitor: Copying folder from '/home/runner/work/grepwise/grepwise/target/96c615cf-de1f-4ab0-9792-3c31139a1d17/jmeter/bin/report-template' to '/home/runner/work/grepwise/grepwise/target/jmeter/reports/syslog-udp', got message: /home/runner/work/grepwise/grepwise/target/jmeter/reports/syslog-udp, found non empty folder with following content [/home/runner/work/grepwise/grepwise/target/jmeter/reports/syslog-udp/statistics.json], will be ignored
2025-09-29 19:27:12,399 INFO o.a.j.JMeter: Dashboard generated
