2025-10-03 14:26:04,772 INFO o.a.j.u.JMeterUtils: Setting Locale to en
2025-10-03 14:26:04,789 INFO o.a.j.JMeter: Loading additional properties from: /home/runner/work/grepwise/grepwise/src/test/jmeter/jmeter.properties
2025-10-03 14:26:04,790 INFO o.a.j.JMeter: Setting System property: sun.net.http.allowRestrictedHeaders=true
2025-10-03 14:26:04,794 INFO o.a.j.JMeter: Copyright (c) 1998-2023 The Apache Software Foundation
2025-10-03 14:26:04,794 INFO o.a.j.JMeter: Version 5.6.2
2025-10-03 14:26:04,795 INFO o.a.j.JMeter: java.version=25
2025-10-03 14:26:04,795 INFO o.a.j.JMeter: java.vm.name=OpenJDK 64-Bit Server VM
2025-10-03 14:26:04,795 INFO o.a.j.JMeter: os.name=Linux
2025-10-03 14:26:04,795 INFO o.a.j.JMeter: os.arch=amd64
2025-10-03 14:26:04,795 INFO o.a.j.JMeter: os.version=6.11.0-1018-azure
2025-10-03 14:26:04,795 INFO o.a.j.JMeter: file.encoding=UTF-8
2025-10-03 14:26:04,795 INFO o.a.j.JMeter: java.awt.headless=true
2025-10-03 14:26:04,795 INFO o.a.j.JMeter: Max memory     =536870912
2025-10-03 14:26:04,795 INFO o.a.j.JMeter: Available Processors =4
2025-10-03 14:26:04,805 INFO o.a.j.JMeter: Default Locale=English
2025-10-03 14:26:04,806 INFO o.a.j.JMeter: JMeter  Locale=English
2025-10-03 14:26:04,806 INFO o.a.j.JMeter: JMeterHome=/home/runner/work/grepwise/grepwise/target/4cbbb5f0-8e1c-42be-a757-d3a17707dffe/jmeter
2025-10-03 14:26:04,806 INFO o.a.j.JMeter: user.dir  =/home/runner/work/grepwise/grepwise/target/4cbbb5f0-8e1c-42be-a757-d3a17707dffe/jmeter/bin
2025-10-03 14:26:04,806 INFO o.a.j.JMeter: PWD       =/home/runner/work/grepwise/grepwise/target/4cbbb5f0-8e1c-42be-a757-d3a17707dffe/jmeter/bin
2025-10-03 14:26:04,806 INFO o.a.j.JMeter: IP: 10.1.0.143 Name: runnervm3ublj FullName: runnervm3ublj.g3hwm4zdrdxutl2hw05zhfo4lf.dx.internal.cloudapp.net
2025-10-03 14:26:04,814 INFO o.a.j.JMeter: Setting property 'jmeter.reportgenerator.outputdir' to:'/home/runner/work/grepwise/grepwise/target/jmeter/reports/syslog-udp'
2025-10-03 14:26:04,817 INFO o.a.j.s.FileServer: Default base='/home/runner/work/grepwise/grepwise/target/4cbbb5f0-8e1c-42be-a757-d3a17707dffe/jmeter/bin'
2025-10-03 14:26:04,817 INFO o.a.j.s.FileServer: Set new base='/home/runner/work/grepwise/grepwise/target/jmeter/testFiles'
2025-10-03 14:26:05,042 INFO o.a.j.s.SaveService: Testplan (JMX) version: 2.2. Testlog (JTL) version: 2.2
2025-10-03 14:26:05,061 INFO o.a.j.s.SaveService: Using SaveService properties version 5.0
2025-10-03 14:26:05,063 INFO o.a.j.s.SaveService: Using SaveService properties file encoding UTF-8
2025-10-03 14:26:05,066 INFO o.a.j.s.SaveService: Loading file: /home/runner/work/grepwise/grepwise/target/jmeter/testFiles/syslog-udp.jmx
2025-10-03 14:26:05,146 INFO o.a.j.JMeter: Creating summariser <summary>
2025-10-03 14:26:05,151 INFO o.a.j.r.d.ReportGenerator: ReportGenerator will use for Parsing the separator: ','
2025-10-03 14:26:05,152 INFO o.a.j.r.d.ReportGenerator: Will generate report at end of test from  results file: /home/runner/work/grepwise/grepwise/target/jmeter/results/20251003-syslog-udp.csv
2025-10-03 14:26:05,152 INFO o.a.j.r.d.ReportGenerator: Reading report generator properties from: /home/runner/work/grepwise/grepwise/target/4cbbb5f0-8e1c-42be-a757-d3a17707dffe/jmeter/bin/reportgenerator.properties
2025-10-03 14:26:05,152 INFO o.a.j.r.d.ReportGenerator: Merging with JMeter properties
2025-10-03 14:26:05,155 INFO o.a.j.r.c.ReportGeneratorConfiguration: Property 'jmeter.reportgenerator.temp_dir' not found, using default value 'temp' instead.
2025-10-03 14:26:05,157 INFO o.a.j.r.c.ReportGeneratorConfiguration: Property 'jmeter.reportgenerator.apdex_per_transaction' not found, using default value 'null' instead.
2025-10-03 14:26:05,157 INFO o.a.j.r.c.ReportGeneratorConfiguration: apdex_per_transaction is empty, not APDEX per transaction customization
2025-10-03 14:26:05,157 INFO o.a.j.r.c.ReportGeneratorConfiguration: Property 'jmeter.reportgenerator.sample_filter' not found, using default value 'null' instead.
2025-10-03 14:26:05,157 INFO o.a.j.r.c.ReportGeneratorConfiguration: Property 'jmeter.reportgenerator.report_title' not found, using default value 'null' instead.
2025-10-03 14:26:05,158 INFO o.a.j.r.c.ReportGeneratorConfiguration: Property 'jmeter.reportgenerator.start_date' not found, using default value 'null' instead.
2025-10-03 14:26:05,158 INFO o.a.j.r.c.ReportGeneratorConfiguration: Property 'jmeter.reportgenerator.end_date' not found, using default value 'null' instead.
2025-10-03 14:26:05,158 INFO o.a.j.r.c.ReportGeneratorConfiguration: Property 'jmeter.reportgenerator.date_format' not found, using default value 'null' instead.
2025-10-03 14:26:05,158 INFO o.a.j.r.c.ReportGeneratorConfiguration: Will use date range start date: null, end date: null
2025-10-03 14:26:05,161 INFO o.a.j.r.c.ReportGeneratorConfiguration: Property 'jmeter.reportgenerator.graph.totalTPS.exclude_controllers' not found, using default value 'false' instead.
2025-10-03 14:26:05,161 INFO o.a.j.r.c.ReportGeneratorConfiguration: Property 'jmeter.reportgenerator.graph.activeThreadsOverTime.exclude_controllers' not found, using default value 'false' instead.
2025-10-03 14:26:05,161 INFO o.a.j.r.c.ReportGeneratorConfiguration: Property 'jmeter.reportgenerator.graph.timeVsThreads.exclude_controllers' not found, using default value 'false' instead.
2025-10-03 14:26:05,161 INFO o.a.j.r.c.ReportGeneratorConfiguration: Property 'jmeter.reportgenerator.graph.responseTimeDistribution.exclude_controllers' not found, using default value 'false' instead.
2025-10-03 14:26:05,161 INFO o.a.j.r.c.ReportGeneratorConfiguration: Property 'jmeter.reportgenerator.graph.transactionsPerSecond.exclude_controllers' not found, using default value 'false' instead.
2025-10-03 14:26:05,161 INFO o.a.j.r.c.ReportGeneratorConfiguration: Property 'jmeter.reportgenerator.graph.responseTimePercentiles.exclude_controllers' not found, using default value 'false' instead.
2025-10-03 14:26:05,161 INFO o.a.j.r.c.ReportGeneratorConfiguration: Property 'jmeter.reportgenerator.graph.responseTimePercentilesOverTime.exclude_controllers' not found, using default value 'false' instead.
2025-10-03 14:26:05,162 INFO o.a.j.r.c.ReportGeneratorConfiguration: Property 'jmeter.reportgenerator.graph.responseTimesOverTime.exclude_controllers' not found, using default value 'false' instead.
2025-10-03 14:26:05,162 INFO o.a.j.r.c.ReportGeneratorConfiguration: Property 'jmeter.reportgenerator.graph.connectTimeOverTime.exclude_controllers' not found, using default value 'false' instead.
2025-10-03 14:26:05,162 INFO o.a.j.r.c.ReportGeneratorConfiguration: Property 'jmeter.reportgenerator.graph.latenciesOverTime.exclude_controllers' not found, using default value 'false' instead.
2025-10-03 14:26:05,163 INFO o.a.j.r.c.ReportGeneratorConfiguration: Property 'jmeter.reportgenerator.exporter.json.filters_only_sample_series' not found, using default value 'true' instead.
2025-10-03 14:26:05,163 INFO o.a.j.r.c.ReportGeneratorConfiguration: Property 'jmeter.reportgenerator.exporter.json.series_filter' not found, using default value '' instead.
2025-10-03 14:26:05,163 INFO o.a.j.r.c.ReportGeneratorConfiguration: Property 'jmeter.reportgenerator.exporter.json.show_controllers_only' not found, using default value 'false' instead.
2025-10-03 14:26:05,163 INFO o.a.j.r.c.ReportGeneratorConfiguration: Property 'jmeter.reportgenerator.exporter.html.filters_only_sample_series' not found, using default value 'true' instead.
2025-10-03 14:26:05,163 INFO o.a.j.r.c.ReportGeneratorConfiguration: Property 'jmeter.reportgenerator.exporter.html.series_filter' not found, using default value '' instead.
2025-10-03 14:26:05,163 INFO o.a.j.r.c.ReportGeneratorConfiguration: Property 'jmeter.reportgenerator.exporter.html.show_controllers_only' not found, using default value 'false' instead.
2025-10-03 14:26:05,173 INFO o.a.j.e.StandardJMeterEngine: Running the test!
2025-10-03 14:26:05,173 INFO o.a.j.s.SampleEvent: List of sample_variables: []
2025-10-03 14:26:05,173 INFO o.a.j.s.SampleEvent: List of sample_variables: []
2025-10-03 14:26:05,233 INFO o.a.j.JMeter: Running test (1759501565232)
2025-10-03 14:26:05,258 INFO o.a.j.e.StandardJMeterEngine: Starting ThreadGroup: 1 : UDP Senders
2025-10-03 14:26:05,258 INFO o.a.j.e.StandardJMeterEngine: Starting 10 threads for group UDP Senders.
2025-10-03 14:26:05,258 INFO o.a.j.e.StandardJMeterEngine: Thread will continue on error
2025-10-03 14:26:05,259 INFO o.a.j.t.ThreadGroup: Starting thread group... number=1 threads=10 ramp-up=10 delayedStart=false
2025-10-03 14:26:05,270 INFO o.a.j.t.JMeterThread: Thread started: UDP Senders 1-1
2025-10-03 14:26:05,300 INFO o.a.j.t.ThreadGroup: Started thread group number 1
2025-10-03 14:26:05,300 INFO o.a.j.e.StandardJMeterEngine: Starting ThreadGroup: 2 : Search Verifier
2025-10-03 14:26:05,300 INFO o.a.j.e.StandardJMeterEngine: Starting 1 threads for group Search Verifier.
2025-10-03 14:26:05,300 INFO o.a.j.e.StandardJMeterEngine: Thread will continue on error
2025-10-03 14:26:05,300 INFO o.a.j.t.ThreadGroup: Starting thread group... number=2 threads=1 ramp-up=1 delayedStart=false
2025-10-03 14:26:05,301 INFO o.a.j.t.ThreadGroup: Started thread group number 2
2025-10-03 14:26:05,301 INFO o.a.j.e.StandardJMeterEngine: All thread groups have been started
2025-10-03 14:26:05,301 INFO o.a.j.t.JMeterThread: Thread started: Search Verifier 2-1
2025-10-03 14:26:05,312 INFO o.a.j.p.h.s.HTTPHCAbstractImpl: Local host = runnervm3ublj
2025-10-03 14:26:05,316 INFO o.a.j.p.h.s.HTTPHC4Impl: HTTP request retry count = 0
2025-10-03 14:26:05,317 INFO o.a.j.s.SampleResult: Note: Sample TimeStamps are END times
2025-10-03 14:26:05,317 INFO o.a.j.s.SampleResult: sampleresult.default.encoding is set to UTF-8
2025-10-03 14:26:05,317 INFO o.a.j.s.SampleResult: sampleresult.useNanoTime=true
2025-10-03 14:26:05,317 INFO o.a.j.s.SampleResult: sampleresult.nanoThreadSleep=5000
2025-10-03 14:26:05,362 INFO o.a.j.r.Summariser: summary +      1 in 00:00:00 =    7.8/s Avg:     2 Min:     2 Max:     2 Err:     0 (0.00%) Active: 2 Started: 2 Finished: 0
2025-10-03 14:26:06,265 INFO o.a.j.t.JMeterThread: Thread started: UDP Senders 1-2
2025-10-03 14:26:07,263 INFO o.a.j.t.JMeterThread: Thread started: UDP Senders 1-3
2025-10-03 14:26:08,264 INFO o.a.j.t.JMeterThread: Thread started: UDP Senders 1-4
2025-10-03 14:26:09,262 INFO o.a.j.t.JMeterThread: Thread started: UDP Senders 1-5
2025-10-03 14:26:10,264 INFO o.a.j.t.JMeterThread: Thread started: UDP Senders 1-6
2025-10-03 14:26:11,001 INFO o.a.j.r.Summariser: summary +   6532 in 00:00:06 = 1158.2/s Avg:     0 Min:     0 Max:    39 Err:     0 (0.00%) Active: 7 Started: 7 Finished: 0
2025-10-03 14:26:11,001 INFO o.a.j.r.Summariser: summary =   6533 in 00:00:06 = 1132.6/s Avg:     0 Min:     0 Max:    39 Err:     0 (0.00%)
2025-10-03 14:26:11,262 INFO o.a.j.t.JMeterThread: Thread started: UDP Senders 1-7
2025-10-03 14:26:12,262 INFO o.a.j.t.JMeterThread: Thread started: UDP Senders 1-8
2025-10-03 14:26:13,263 INFO o.a.j.t.JMeterThread: Thread started: UDP Senders 1-9
2025-10-03 14:26:14,262 INFO o.a.j.t.JMeterThread: Thread started: UDP Senders 1-10
2025-10-03 14:26:17,000 INFO o.a.j.r.Summariser: summary +   8680 in 00:00:06 = 1446.7/s Avg:     0 Min:     0 Max:    11 Err:     0 (0.00%) Active: 11 Started: 11 Finished: 0
2025-10-03 14:26:17,000 INFO o.a.j.r.Summariser: summary =  15213 in 00:00:12 = 1292.7/s Avg:     0 Min:     0 Max:    39 Err:     0 (0.00%)
2025-10-03 14:26:23,001 INFO o.a.j.r.Summariser: summary +   9456 in 00:00:06 = 1576.0/s Avg:     0 Min:     0 Max:     9 Err:     0 (0.00%) Active: 11 Started: 11 Finished: 0
2025-10-03 14:26:23,001 INFO o.a.j.r.Summariser: summary =  24669 in 00:00:18 = 1388.4/s Avg:     0 Min:     0 Max:    39 Err:     0 (0.00%)
2025-10-03 14:26:29,000 INFO o.a.j.r.Summariser: summary +   9697 in 00:00:06 = 1616.2/s Avg:     0 Min:     0 Max:     5 Err:     0 (0.00%) Active: 11 Started: 11 Finished: 0
2025-10-03 14:26:29,001 INFO o.a.j.r.Summariser: summary =  34366 in 00:00:24 = 1445.9/s Avg:     0 Min:     0 Max:    39 Err:     0 (0.00%)
2025-10-03 14:26:35,002 INFO o.a.j.r.Summariser: summary +   9717 in 00:00:06 = 1619.2/s Avg:     0 Min:     0 Max:     5 Err:     0 (0.00%) Active: 11 Started: 11 Finished: 0
2025-10-03 14:26:35,002 INFO o.a.j.r.Summariser: summary =  44083 in 00:00:30 = 1480.8/s Avg:     0 Min:     0 Max:    39 Err:     0 (0.00%)
2025-10-03 14:26:41,000 INFO o.a.j.r.Summariser: summary +   9522 in 00:00:06 = 1587.3/s Avg:     0 Min:     0 Max:     6 Err:     0 (0.00%) Active: 11 Started: 11 Finished: 0
2025-10-03 14:26:41,000 INFO o.a.j.r.Summariser: summary =  53605 in 00:00:36 = 1498.7/s Avg:     0 Min:     0 Max:    39 Err:     0 (0.00%)
2025-10-03 14:26:47,000 INFO o.a.j.r.Summariser: summary +   9764 in 00:00:06 = 1627.3/s Avg:     0 Min:     0 Max:     6 Err:     0 (0.00%) Active: 11 Started: 11 Finished: 0
2025-10-03 14:26:47,000 INFO o.a.j.r.Summariser: summary =  63369 in 00:00:42 = 1517.2/s Avg:     0 Min:     0 Max:    39 Err:     0 (0.00%)
2025-10-03 14:26:53,000 INFO o.a.j.r.Summariser: summary +   9663 in 00:00:06 = 1610.5/s Avg:     0 Min:     0 Max:     6 Err:     0 (0.00%) Active: 11 Started: 11 Finished: 0
2025-10-03 14:26:53,001 INFO o.a.j.r.Summariser: summary =  73032 in 00:00:48 = 1528.9/s Avg:     0 Min:     0 Max:    39 Err:     0 (0.00%)
2025-10-03 14:26:59,000 INFO o.a.j.r.Summariser: summary +   9790 in 00:00:06 = 1631.7/s Avg:     0 Min:     0 Max:     9 Err:     0 (0.00%) Active: 11 Started: 11 Finished: 0
2025-10-03 14:26:59,001 INFO o.a.j.r.Summariser: summary =  82822 in 00:00:54 = 1540.4/s Avg:     0 Min:     0 Max:    39 Err:     0 (0.00%)
2025-10-03 14:27:05,000 INFO o.a.j.r.Summariser: summary +   9794 in 00:00:06 = 1632.3/s Avg:     0 Min:     0 Max:    10 Err:     0 (0.00%) Active: 11 Started: 11 Finished: 0
2025-10-03 14:27:05,001 INFO o.a.j.r.Summariser: summary =  92616 in 00:01:00 = 1549.6/s Avg:     0 Min:     0 Max:    39 Err:     0 (0.00%)
2025-10-03 14:27:05,203 INFO o.a.j.t.JMeterThread: Thread finished: UDP Senders 1-1
2025-10-03 14:27:05,216 INFO o.a.j.t.JMeterThread: Thread finished: UDP Senders 1-3
2025-10-03 14:27:05,238 INFO o.a.j.t.JMeterThread: Thread finished: UDP Senders 1-2
2025-10-03 14:27:05,244 INFO o.a.j.t.JMeterThread: Thread finished: UDP Senders 1-10
2025-10-03 14:27:05,253 INFO o.a.j.t.JMeterThread: Thread finished: UDP Senders 1-4
2025-10-03 14:27:05,255 INFO o.a.j.t.JMeterThread: Thread finished: UDP Senders 1-9
2025-10-03 14:27:05,266 INFO o.a.j.t.JMeterThread: Thread finished: UDP Senders 1-6
2025-10-03 14:27:05,267 INFO o.a.j.t.JMeterThread: Thread finished: UDP Senders 1-5
2025-10-03 14:27:05,271 INFO o.a.j.t.JMeterThread: Thread finished: UDP Senders 1-7
2025-10-03 14:27:05,284 INFO o.a.j.t.JMeterThread: Thread finished: UDP Senders 1-8
2025-10-03 14:27:05,300 INFO o.a.j.t.JMeterThread: Stopping because end time detected by thread: Search Verifier 2-1
2025-10-03 14:27:05,300 INFO o.a.j.t.JMeterThread: Thread finished: Search Verifier 2-1
2025-10-03 14:27:05,301 INFO o.a.j.e.StandardJMeterEngine: Notifying test listeners of end of test
2025-10-03 14:27:05,301 INFO o.a.j.r.Summariser: summary +    487 in 00:00:00 = 1617.9/s Avg:     0 Min:     0 Max:     1 Err:     0 (0.00%) Active: 0 Started: 11 Finished: 11
2025-10-03 14:27:05,301 INFO o.a.j.r.Summariser: summary =  93103 in 00:01:00 = 1549.9/s Avg:     0 Min:     0 Max:    39 Err:     0 (0.00%)
2025-10-03 14:27:05,302 INFO o.a.j.JMeter: Generating Dashboard
2025-10-03 14:27:05,302 INFO o.a.j.r.d.ReportGenerator: Flushing result collector before report Generation
2025-10-03 14:27:05,313 INFO o.a.j.r.p.NormalizerSampleConsumer: Using format, 'ms', to parse timeStamp field
2025-10-03 14:27:06,585 INFO o.a.j.r.p.AbstractSampleConsumer: class org.apache.jmeter.report.processor.AggregateConsumer#stopProducing(): beginDate produced 0 samples
2025-10-03 14:27:06,585 INFO o.a.j.r.p.AbstractSampleConsumer: class org.apache.jmeter.report.processor.AggregateConsumer#stopProducing(): endDate produced 0 samples
2025-10-03 14:27:06,587 INFO o.a.j.r.p.AbstractSampleConsumer: class org.apache.jmeter.report.processor.ApdexSummaryConsumer#stopProducing(): apdexSummary produced 0 samples
2025-10-03 14:27:06,587 INFO o.a.j.r.p.AbstractSampleConsumer: class org.apache.jmeter.report.processor.RequestsSummaryConsumer#stopProducing(): requestsSummary produced 0 samples
2025-10-03 14:27:06,600 INFO o.a.j.r.p.AbstractSampleConsumer: class org.apache.jmeter.report.processor.StatisticsSummaryConsumer#stopProducing(): statisticsSummary produced 0 samples
2025-10-03 14:27:06,602 INFO o.a.j.r.p.AbstractSampleConsumer: class org.apache.jmeter.report.processor.Top5ErrorsBySamplerConsumer#stopProducing(): top5ErrorsBySampler produced 0 samples
2025-10-03 14:27:06,602 INFO o.a.j.r.p.AbstractSampleConsumer: class org.apache.jmeter.report.processor.ErrorsSummaryConsumer#stopProducing(): errorsSummary produced 0 samples
2025-10-03 14:27:06,602 INFO o.a.j.r.p.AbstractSampleConsumer: class org.apache.jmeter.report.processor.graph.impl.HitsPerSecondGraphConsumer#stopProducing(): hitsPerSecond produced 0 samples
2025-10-03 14:27:06,924 INFO o.a.j.r.p.AbstractSampleConsumer: class org.apache.jmeter.report.processor.graph.impl.LatencyVSRequestGraphConsumer#stopProducing(): latencyVsRequest produced 0 samples
2025-10-03 14:27:06,929 INFO o.a.j.r.p.AbstractSampleConsumer: class org.apache.jmeter.report.processor.graph.impl.SyntheticResponseTimeDistributionGraphConsumer#stopProducing(): syntheticResponseTimeDistribution produced 0 samples
2025-10-03 14:27:06,929 INFO o.a.j.r.p.AbstractSampleConsumer: class org.apache.jmeter.report.processor.graph.impl.BytesThroughputGraphConsumer#stopProducing(): bytesThroughputOverTime produced 0 samples
2025-10-03 14:27:06,929 INFO o.a.j.r.p.AbstractSampleConsumer: class org.apache.jmeter.report.processor.graph.impl.CodesPerSecondGraphConsumer#stopProducing(): codesPerSecond produced 0 samples
2025-10-03 14:27:07,183 INFO o.a.j.r.p.AbstractSampleConsumer: class org.apache.jmeter.report.processor.graph.impl.ResponseTimeVSRequestGraphConsumer#stopProducing(): responseTimeVsRequest produced 0 samples
2025-10-03 14:27:07,186 INFO o.a.j.r.p.AbstractSampleConsumer: class org.apache.jmeter.report.processor.FilterConsumer#stopProducing(): startIntervalControlerFilter produced 651721 samples
2025-10-03 14:27:07,186 INFO o.a.j.r.p.AbstractSampleConsumer: class org.apache.jmeter.report.processor.graph.impl.TotalTPSGraphConsumer#stopProducing(): totalTPS produced 0 samples
2025-10-03 14:27:07,186 INFO o.a.j.r.p.AbstractSampleConsumer: class org.apache.jmeter.report.processor.graph.impl.ActiveThreadsGraphConsumer#stopProducing(): activeThreadsOverTime produced 0 samples
2025-10-03 14:27:07,186 INFO o.a.j.r.p.AbstractSampleConsumer: class org.apache.jmeter.report.processor.graph.impl.TimeVSThreadGraphConsumer#stopProducing(): timeVsThreads produced 0 samples
2025-10-03 14:27:07,186 INFO o.a.j.r.p.AbstractSampleConsumer: class org.apache.jmeter.report.processor.graph.impl.ResponseTimeDistributionGraphConsumer#stopProducing(): responseTimeDistribution produced 0 samples
2025-10-03 14:27:07,186 INFO o.a.j.r.p.AbstractSampleConsumer: class org.apache.jmeter.report.processor.graph.impl.TransactionsPerSecondGraphConsumer#stopProducing(): transactionsPerSecond produced 0 samples
2025-10-03 14:27:07,187 INFO o.a.j.r.p.AbstractSampleConsumer: class org.apache.jmeter.report.processor.graph.impl.ResponseTimePercentilesGraphConsumer#stopProducing(): responseTimePercentiles produced 0 samples
2025-10-03 14:27:07,188 INFO o.a.j.r.p.AbstractSampleConsumer: class org.apache.jmeter.report.processor.graph.impl.ResponseTimePercentilesOverTimeGraphConsumer#stopProducing(): responseTimePercentilesOverTime produced 0 samples
2025-10-03 14:27:07,190 INFO o.a.j.r.p.AbstractSampleConsumer: class org.apache.jmeter.report.processor.graph.impl.ResponseTimeOverTimeGraphConsumer#stopProducing(): responseTimesOverTime produced 0 samples
2025-10-03 14:27:07,190 INFO o.a.j.r.p.AbstractSampleConsumer: class org.apache.jmeter.report.processor.graph.impl.ConnectTimeOverTimeGraphConsumer#stopProducing(): connectTimeOverTime produced 0 samples
2025-10-03 14:27:07,190 INFO o.a.j.r.p.AbstractSampleConsumer: class org.apache.jmeter.report.processor.graph.impl.LatencyOverTimeGraphConsumer#stopProducing(): latenciesOverTime produced 0 samples
2025-10-03 14:27:07,190 INFO o.a.j.r.p.AbstractSampleConsumer: class org.apache.jmeter.report.processor.FilterConsumer#stopProducing(): nameFilter produced 1396545 samples
2025-10-03 14:27:07,190 INFO o.a.j.r.p.AbstractSampleConsumer: class org.apache.jmeter.report.processor.FilterConsumer#stopProducing(): dateRangeFilter produced 279309 samples
2025-10-03 14:27:07,190 INFO o.a.j.r.p.AbstractSampleConsumer: class org.apache.jmeter.report.processor.NormalizerSampleConsumer#stopProducing(): normalizer produced 93103 samples
2025-10-03 14:27:07,191 INFO o.a.j.r.p.CsvFileSampleSource: produce(): 93103 samples produced in 1s 855 ms on channel 0
2025-10-03 14:27:07,191 INFO o.a.j.r.d.ReportGenerator: Exporting data using exporter:'json' of className:'org.apache.jmeter.report.dashboard.JsonExporter'
2025-10-03 14:27:07,277 INFO o.a.j.r.d.JsonExporter: Found data for consumer statisticsSummary in context
2025-10-03 14:27:07,277 INFO o.a.j.r.d.JsonExporter: Creating statistics for overall
2025-10-03 14:27:07,277 INFO o.a.j.r.d.JsonExporter: Creating statistics for other transactions
2025-10-03 14:27:07,278 INFO o.a.j.r.d.JsonExporter: Checking output folder
2025-10-03 14:27:07,278 INFO o.a.j.r.d.JsonExporter: Writing statistics JSON to /home/runner/work/grepwise/grepwise/target/jmeter/reports/syslog-udp/statistics.json
2025-10-03 14:27:07,314 INFO o.a.j.r.d.ReportGenerator: Exporting data using exporter:'html' of className:'org.apache.jmeter.report.dashboard.HtmlTemplateExporter'
2025-10-03 14:27:07,316 INFO o.a.j.r.d.HtmlTemplateExporter: Will generate dashboard in folder: /home/runner/work/grepwise/grepwise/target/jmeter/reports/syslog-udp
2025-10-03 14:27:07,406 INFO o.a.j.r.d.HtmlTemplateExporter: Report will be generated in: /home/runner/work/grepwise/grepwise/target/jmeter/reports/syslog-udp, creating folder structure
2025-10-03 14:27:07,408 INFO o.a.j.r.d.TemplateVisitor: Copying folder from '/home/runner/work/grepwise/grepwise/target/4cbbb5f0-8e1c-42be-a757-d3a17707dffe/jmeter/bin/report-template' to '/home/runner/work/grepwise/grepwise/target/jmeter/reports/syslog-udp', got message: /home/runner/work/grepwise/grepwise/target/jmeter/reports/syslog-udp, found non empty folder with following content [/home/runner/work/grepwise/grepwise/target/jmeter/reports/syslog-udp/statistics.json], will be ignored
2025-10-03 14:27:07,575 INFO o.a.j.JMeter: Dashboard generated
