2025-10-05 22:19:07,831 INFO o.a.j.u.JMeterUtils: Setting Locale to en
2025-10-05 22:19:07,844 INFO o.a.j.JMeter: Loading additional properties from: /home/runner/work/grepwise/grepwise/src/test/jmeter/jmeter.properties
2025-10-05 22:19:07,844 INFO o.a.j.JMeter: Setting System property: sun.net.http.allowRestrictedHeaders=true
2025-10-05 22:19:07,849 INFO o.a.j.JMeter: Copyright (c) 1998-2023 The Apache Software Foundation
2025-10-05 22:19:07,849 INFO o.a.j.JMeter: Version 5.6.2
2025-10-05 22:19:07,849 INFO o.a.j.JMeter: java.version=25
2025-10-05 22:19:07,849 INFO o.a.j.JMeter: java.vm.name=OpenJDK 64-Bit Server VM
2025-10-05 22:19:07,849 INFO o.a.j.JMeter: os.name=Linux
2025-10-05 22:19:07,849 INFO o.a.j.JMeter: os.arch=amd64
2025-10-05 22:19:07,849 INFO o.a.j.JMeter: os.version=6.11.0-1018-azure
2025-10-05 22:19:07,849 INFO o.a.j.JMeter: file.encoding=UTF-8
2025-10-05 22:19:07,849 INFO o.a.j.JMeter: java.awt.headless=true
2025-10-05 22:19:07,849 INFO o.a.j.JMeter: Max memory     =536870912
2025-10-05 22:19:07,850 INFO o.a.j.JMeter: Available Processors =4
2025-10-05 22:19:07,859 INFO o.a.j.JMeter: Default Locale=English
2025-10-05 22:19:07,860 INFO o.a.j.JMeter: JMeter  Locale=English
2025-10-05 22:19:07,860 INFO o.a.j.JMeter: JMeterHome=/home/runner/work/grepwise/grepwise/target/f8019f2f-f602-48bb-9c4b-87c71d8f84eb/jmeter
2025-10-05 22:19:07,860 INFO o.a.j.JMeter: user.dir  =/home/runner/work/grepwise/grepwise/target/f8019f2f-f602-48bb-9c4b-87c71d8f84eb/jmeter/bin
2025-10-05 22:19:07,860 INFO o.a.j.JMeter: PWD       =/home/runner/work/grepwise/grepwise/target/f8019f2f-f602-48bb-9c4b-87c71d8f84eb/jmeter/bin
2025-10-05 22:19:07,860 INFO o.a.j.JMeter: IP: 10.1.0.251 Name: runnervmwhb2z FullName: runnervmwhb2z.5sxnvrt2b4renhybvktad5tjzd.dx.internal.cloudapp.net
2025-10-05 22:19:07,869 INFO o.a.j.JMeter: Setting property 'jmeter.reportgenerator.outputdir' to:'/home/runner/work/grepwise/grepwise/target/jmeter/reports/combined-parallel-bsh'
2025-10-05 22:19:07,871 INFO o.a.j.s.FileServer: Default base='/home/runner/work/grepwise/grepwise/target/f8019f2f-f602-48bb-9c4b-87c71d8f84eb/jmeter/bin'
2025-10-05 22:19:07,872 INFO o.a.j.s.FileServer: Set new base='/home/runner/work/grepwise/grepwise/target/jmeter/testFiles'
2025-10-05 22:19:08,100 INFO o.a.j.s.SaveService: Testplan (JMX) version: 2.2. Testlog (JTL) version: 2.2
2025-10-05 22:19:08,119 INFO o.a.j.s.SaveService: Using SaveService properties version 5.0
2025-10-05 22:19:08,122 INFO o.a.j.s.SaveService: Using SaveService properties file encoding UTF-8
2025-10-05 22:19:08,126 INFO o.a.j.s.SaveService: Loading file: /home/runner/work/grepwise/grepwise/target/jmeter/testFiles/combined-parallel-bsh.jmx
2025-10-05 22:19:08,213 INFO o.a.j.JMeter: Creating summariser <summary>
2025-10-05 22:19:08,218 INFO o.a.j.r.d.ReportGenerator: ReportGenerator will use for Parsing the separator: ','
2025-10-05 22:19:08,218 INFO o.a.j.r.d.ReportGenerator: Will generate report at end of test from  results file: /home/runner/work/grepwise/grepwise/target/jmeter/results/20251005-combined-parallel-bsh.csv
2025-10-05 22:19:08,219 INFO o.a.j.r.d.ReportGenerator: Reading report generator properties from: /home/runner/work/grepwise/grepwise/target/f8019f2f-f602-48bb-9c4b-87c71d8f84eb/jmeter/bin/reportgenerator.properties
2025-10-05 22:19:08,219 INFO o.a.j.r.d.ReportGenerator: Merging with JMeter properties
2025-10-05 22:19:08,222 INFO o.a.j.r.c.ReportGeneratorConfiguration: Property 'jmeter.reportgenerator.temp_dir' not found, using default value 'temp' instead.
2025-10-05 22:19:08,225 INFO o.a.j.r.c.ReportGeneratorConfiguration: Property 'jmeter.reportgenerator.apdex_per_transaction' not found, using default value 'null' instead.
2025-10-05 22:19:08,225 INFO o.a.j.r.c.ReportGeneratorConfiguration: apdex_per_transaction is empty, not APDEX per transaction customization
2025-10-05 22:19:08,225 INFO o.a.j.r.c.ReportGeneratorConfiguration: Property 'jmeter.reportgenerator.sample_filter' not found, using default value 'null' instead.
2025-10-05 22:19:08,225 INFO o.a.j.r.c.ReportGeneratorConfiguration: Property 'jmeter.reportgenerator.report_title' not found, using default value 'null' instead.
2025-10-05 22:19:08,225 INFO o.a.j.r.c.ReportGeneratorConfiguration: Property 'jmeter.reportgenerator.start_date' not found, using default value 'null' instead.
2025-10-05 22:19:08,225 INFO o.a.j.r.c.ReportGeneratorConfiguration: Property 'jmeter.reportgenerator.end_date' not found, using default value 'null' instead.
2025-10-05 22:19:08,225 INFO o.a.j.r.c.ReportGeneratorConfiguration: Property 'jmeter.reportgenerator.date_format' not found, using default value 'null' instead.
2025-10-05 22:19:08,226 INFO o.a.j.r.c.ReportGeneratorConfiguration: Will use date range start date: null, end date: null
2025-10-05 22:19:08,229 INFO o.a.j.r.c.ReportGeneratorConfiguration: Property 'jmeter.reportgenerator.graph.totalTPS.exclude_controllers' not found, using default value 'false' instead.
2025-10-05 22:19:08,229 INFO o.a.j.r.c.ReportGeneratorConfiguration: Property 'jmeter.reportgenerator.graph.activeThreadsOverTime.exclude_controllers' not found, using default value 'false' instead.
2025-10-05 22:19:08,229 INFO o.a.j.r.c.ReportGeneratorConfiguration: Property 'jmeter.reportgenerator.graph.timeVsThreads.exclude_controllers' not found, using default value 'false' instead.
2025-10-05 22:19:08,230 INFO o.a.j.r.c.ReportGeneratorConfiguration: Property 'jmeter.reportgenerator.graph.responseTimeDistribution.exclude_controllers' not found, using default value 'false' instead.
2025-10-05 22:19:08,230 INFO o.a.j.r.c.ReportGeneratorConfiguration: Property 'jmeter.reportgenerator.graph.transactionsPerSecond.exclude_controllers' not found, using default value 'false' instead.
2025-10-05 22:19:08,230 INFO o.a.j.r.c.ReportGeneratorConfiguration: Property 'jmeter.reportgenerator.graph.responseTimePercentiles.exclude_controllers' not found, using default value 'false' instead.
2025-10-05 22:19:08,230 INFO o.a.j.r.c.ReportGeneratorConfiguration: Property 'jmeter.reportgenerator.graph.responseTimePercentilesOverTime.exclude_controllers' not found, using default value 'false' instead.
2025-10-05 22:19:08,230 INFO o.a.j.r.c.ReportGeneratorConfiguration: Property 'jmeter.reportgenerator.graph.responseTimesOverTime.exclude_controllers' not found, using default value 'false' instead.
2025-10-05 22:19:08,230 INFO o.a.j.r.c.ReportGeneratorConfiguration: Property 'jmeter.reportgenerator.graph.connectTimeOverTime.exclude_controllers' not found, using default value 'false' instead.
2025-10-05 22:19:08,231 INFO o.a.j.r.c.ReportGeneratorConfiguration: Property 'jmeter.reportgenerator.graph.latenciesOverTime.exclude_controllers' not found, using default value 'false' instead.
2025-10-05 22:19:08,231 INFO o.a.j.r.c.ReportGeneratorConfiguration: Property 'jmeter.reportgenerator.exporter.json.filters_only_sample_series' not found, using default value 'true' instead.
2025-10-05 22:19:08,231 INFO o.a.j.r.c.ReportGeneratorConfiguration: Property 'jmeter.reportgenerator.exporter.json.series_filter' not found, using default value '' instead.
2025-10-05 22:19:08,232 INFO o.a.j.r.c.ReportGeneratorConfiguration: Property 'jmeter.reportgenerator.exporter.json.show_controllers_only' not found, using default value 'false' instead.
2025-10-05 22:19:08,232 INFO o.a.j.r.c.ReportGeneratorConfiguration: Property 'jmeter.reportgenerator.exporter.html.filters_only_sample_series' not found, using default value 'true' instead.
2025-10-05 22:19:08,232 INFO o.a.j.r.c.ReportGeneratorConfiguration: Property 'jmeter.reportgenerator.exporter.html.series_filter' not found, using default value '' instead.
2025-10-05 22:19:08,232 INFO o.a.j.r.c.ReportGeneratorConfiguration: Property 'jmeter.reportgenerator.exporter.html.show_controllers_only' not found, using default value 'false' instead.
2025-10-05 22:19:08,243 INFO o.a.j.e.StandardJMeterEngine: Running the test!
2025-10-05 22:19:08,244 INFO o.a.j.s.SampleEvent: List of sample_variables: []
2025-10-05 22:19:08,244 INFO o.a.j.s.SampleEvent: List of sample_variables: []
2025-10-05 22:19:08,304 INFO o.a.j.JMeter: Running test (1759702748304)
2025-10-05 22:19:08,330 INFO o.a.j.e.StandardJMeterEngine: Starting ThreadGroup: 1 : UDP Ingestion
2025-10-05 22:19:08,330 INFO o.a.j.e.StandardJMeterEngine: Starting 10 threads for group UDP Ingestion.
2025-10-05 22:19:08,331 INFO o.a.j.e.StandardJMeterEngine: Thread will continue on error
2025-10-05 22:19:08,331 INFO o.a.j.t.ThreadGroup: Starting thread group... number=1 threads=10 ramp-up=10 delayedStart=false
2025-10-05 22:19:08,340 INFO o.a.j.t.JMeterThread: Thread started: UDP Ingestion 1-1
2025-10-05 22:19:08,362 INFO o.a.j.t.ThreadGroup: Started thread group number 1
2025-10-05 22:19:08,362 INFO o.a.j.e.StandardJMeterEngine: Starting ThreadGroup: 2 : HTTP Searchers
2025-10-05 22:19:08,362 INFO o.a.j.e.StandardJMeterEngine: Starting 10 threads for group HTTP Searchers.
2025-10-05 22:19:08,362 INFO o.a.j.e.StandardJMeterEngine: Thread will continue on error
2025-10-05 22:19:08,362 INFO o.a.j.t.ThreadGroup: Starting thread group... number=2 threads=10 ramp-up=10 delayedStart=false
2025-10-05 22:19:08,364 INFO o.a.j.t.JMeterThread: Thread started: HTTP Searchers 2-1
2025-10-05 22:19:08,370 INFO o.a.j.t.ThreadGroup: Started thread group number 2
2025-10-05 22:19:08,370 INFO o.a.j.e.StandardJMeterEngine: All thread groups have been started
2025-10-05 22:19:08,372 INFO o.a.j.s.SampleResult: Note: Sample TimeStamps are END times
2025-10-05 22:19:08,372 INFO o.a.j.s.SampleResult: sampleresult.default.encoding is set to UTF-8
2025-10-05 22:19:08,372 INFO o.a.j.s.SampleResult: sampleresult.useNanoTime=true
2025-10-05 22:19:08,372 INFO o.a.j.s.SampleResult: sampleresult.nanoThreadSleep=5000
2025-10-05 22:19:08,378 INFO o.a.j.r.Summariser: summary +      1 in 00:00:00 =   13.9/s Avg:     1 Min:     1 Max:     1 Err:     0 (0.00%) Active: 2 Started: 2 Finished: 0
2025-10-05 22:19:08,382 INFO o.a.j.p.h.s.HTTPHCAbstractImpl: Local host = runnervmwhb2z
2025-10-05 22:19:08,387 INFO o.a.j.p.h.s.HTTPHC4Impl: HTTP request retry count = 0
2025-10-05 22:19:09,337 INFO o.a.j.t.JMeterThread: Thread started: UDP Ingestion 1-2
2025-10-05 22:19:09,363 INFO o.a.j.t.JMeterThread: Thread started: HTTP Searchers 2-2
2025-10-05 22:19:10,335 INFO o.a.j.t.JMeterThread: Thread started: UDP Ingestion 1-3
2025-10-05 22:19:10,363 INFO o.a.j.t.JMeterThread: Thread started: HTTP Searchers 2-3
2025-10-05 22:19:11,335 INFO o.a.j.t.JMeterThread: Thread started: UDP Ingestion 1-4
2025-10-05 22:19:11,366 INFO o.a.j.t.JMeterThread: Thread started: HTTP Searchers 2-4
2025-10-05 22:19:12,334 INFO o.a.j.t.JMeterThread: Thread started: UDP Ingestion 1-5
2025-10-05 22:19:12,364 INFO o.a.j.t.JMeterThread: Thread started: HTTP Searchers 2-5
2025-10-05 22:19:13,334 INFO o.a.j.t.JMeterThread: Thread started: UDP Ingestion 1-6
2025-10-05 22:19:13,363 INFO o.a.j.t.JMeterThread: Thread started: HTTP Searchers 2-6
2025-10-05 22:19:14,000 INFO o.a.j.r.Summariser: summary +  20160 in 00:00:06 = 3584.6/s Avg:     0 Min:     0 Max:    28 Err:     0 (0.00%) Active: 12 Started: 12 Finished: 0
2025-10-05 22:19:14,000 INFO o.a.j.r.Summariser: summary =  20161 in 00:00:06 = 3539.5/s Avg:     0 Min:     0 Max:    28 Err:     0 (0.00%)
2025-10-05 22:19:14,334 INFO o.a.j.t.JMeterThread: Thread started: UDP Ingestion 1-7
2025-10-05 22:19:14,363 INFO o.a.j.t.JMeterThread: Thread started: HTTP Searchers 2-7
2025-10-05 22:19:15,334 INFO o.a.j.t.JMeterThread: Thread started: UDP Ingestion 1-8
2025-10-05 22:19:15,363 INFO o.a.j.t.JMeterThread: Thread started: HTTP Searchers 2-8
2025-10-05 22:19:16,334 INFO o.a.j.t.JMeterThread: Thread started: UDP Ingestion 1-9
2025-10-05 22:19:16,363 INFO o.a.j.t.JMeterThread: Thread started: HTTP Searchers 2-9
2025-10-05 22:19:17,333 INFO o.a.j.t.JMeterThread: Thread started: UDP Ingestion 1-10
2025-10-05 22:19:17,364 INFO o.a.j.t.JMeterThread: Thread started: HTTP Searchers 2-10
2025-10-05 22:19:20,000 INFO o.a.j.r.Summariser: summary +  42382 in 00:00:06 = 7063.7/s Avg:     1 Min:     0 Max:    11 Err:     0 (0.00%) Active: 20 Started: 20 Finished: 0
2025-10-05 22:19:20,001 INFO o.a.j.r.Summariser: summary =  62543 in 00:00:12 = 5347.4/s Avg:     1 Min:     0 Max:    28 Err:     0 (0.00%)
2025-10-05 22:19:26,000 INFO o.a.j.r.Summariser: summary +  50616 in 00:00:06 = 8436.0/s Avg:     1 Min:     0 Max:    12 Err:     0 (0.00%) Active: 20 Started: 20 Finished: 0
2025-10-05 22:19:26,000 INFO o.a.j.r.Summariser: summary = 113159 in 00:00:18 = 6394.6/s Avg:     1 Min:     0 Max:    28 Err:     0 (0.00%)
2025-10-05 22:19:32,000 INFO o.a.j.r.Summariser: summary +  51226 in 00:00:06 = 8537.7/s Avg:     1 Min:     0 Max:    10 Err:     0 (0.00%) Active: 20 Started: 20 Finished: 0
2025-10-05 22:19:32,001 INFO o.a.j.r.Summariser: summary = 164385 in 00:00:24 = 6937.2/s Avg:     1 Min:     0 Max:    28 Err:     0 (0.00%)
2025-10-05 22:19:38,000 INFO o.a.j.r.Summariser: summary +  51630 in 00:00:06 = 8605.0/s Avg:     1 Min:     0 Max:    11 Err:     0 (0.00%) Active: 20 Started: 20 Finished: 0
2025-10-05 22:19:38,001 INFO o.a.j.r.Summariser: summary = 216015 in 00:00:30 = 7274.2/s Avg:     1 Min:     0 Max:    28 Err:     0 (0.00%)
2025-10-05 22:19:44,001 INFO o.a.j.r.Summariser: summary +  51348 in 00:00:06 = 8558.0/s Avg:     1 Min:     0 Max:    13 Err:     0 (0.00%) Active: 20 Started: 20 Finished: 0
2025-10-05 22:19:44,001 INFO o.a.j.r.Summariser: summary = 267363 in 00:00:36 = 7490.0/s Avg:     1 Min:     0 Max:    28 Err:     0 (0.00%)
2025-10-05 22:19:50,002 INFO o.a.j.r.Summariser: summary +  52744 in 00:00:06 = 8790.7/s Avg:     1 Min:     0 Max:     8 Err:     0 (0.00%) Active: 20 Started: 20 Finished: 0
2025-10-05 22:19:50,004 INFO o.a.j.r.Summariser: summary = 320107 in 00:00:42 = 7677.2/s Avg:     1 Min:     0 Max:    28 Err:     0 (0.00%)
2025-10-05 22:19:56,000 INFO o.a.j.r.Summariser: summary +  52202 in 00:00:06 = 8700.3/s Avg:     1 Min:     0 Max:     9 Err:     0 (0.00%) Active: 20 Started: 20 Finished: 0
2025-10-05 22:19:56,000 INFO o.a.j.r.Summariser: summary = 372309 in 00:00:48 = 7805.9/s Avg:     1 Min:     0 Max:    28 Err:     0 (0.00%)
2025-10-05 22:20:02,000 INFO o.a.j.r.Summariser: summary +  52147 in 00:00:06 = 8691.2/s Avg:     1 Min:     0 Max:     9 Err:     0 (0.00%) Active: 20 Started: 20 Finished: 0
2025-10-05 22:20:02,000 INFO o.a.j.r.Summariser: summary = 424456 in 00:00:54 = 7904.8/s Avg:     1 Min:     0 Max:    28 Err:     0 (0.00%)
2025-10-05 22:20:08,000 INFO o.a.j.r.Summariser: summary +  52528 in 00:00:06 = 8754.7/s Avg:     1 Min:     0 Max:    10 Err:     0 (0.00%) Active: 20 Started: 20 Finished: 0
2025-10-05 22:20:08,001 INFO o.a.j.r.Summariser: summary = 476984 in 00:01:00 = 7990.2/s Avg:     1 Min:     0 Max:    28 Err:     0 (0.00%)
2025-10-05 22:20:08,316 INFO o.a.j.t.JMeterThread: Thread finished: UDP Ingestion 1-2
2025-10-05 22:20:08,324 INFO o.a.j.t.JMeterThread: Thread finished: UDP Ingestion 1-4
2025-10-05 22:20:08,326 INFO o.a.j.t.JMeterThread: Thread finished: UDP Ingestion 1-9
2025-10-05 22:20:08,327 INFO o.a.j.t.JMeterThread: Thread finished: UDP Ingestion 1-1
2025-10-05 22:20:08,330 INFO o.a.j.t.JMeterThread: Thread finished: UDP Ingestion 1-3
2025-10-05 22:20:08,342 INFO o.a.j.t.JMeterThread: Thread finished: UDP Ingestion 1-5
2025-10-05 22:20:08,343 INFO o.a.j.t.JMeterThread: Thread finished: UDP Ingestion 1-6
2025-10-05 22:20:08,346 INFO o.a.j.t.JMeterThread: Thread finished: UDP Ingestion 1-7
2025-10-05 22:20:08,349 INFO o.a.j.t.JMeterThread: Thread finished: UDP Ingestion 1-8
2025-10-05 22:20:08,355 INFO o.a.j.t.JMeterThread: Thread finished: UDP Ingestion 1-10
2025-10-05 22:20:08,362 INFO o.a.j.t.JMeterThread: Stopping because end time detected by thread: HTTP Searchers 2-1
2025-10-05 22:20:08,362 INFO o.a.j.t.JMeterThread: Thread finished: HTTP Searchers 2-1
2025-10-05 22:20:08,364 INFO o.a.j.t.JMeterThread: Stopping because end time detected by thread: HTTP Searchers 2-2
2025-10-05 22:20:08,364 INFO o.a.j.t.JMeterThread: Thread finished: HTTP Searchers 2-2
2025-10-05 22:20:08,364 INFO o.a.j.t.JMeterThread: Stopping because end time detected by thread: HTTP Searchers 2-3
2025-10-05 22:20:08,364 INFO o.a.j.t.JMeterThread: Thread finished: HTTP Searchers 2-3
2025-10-05 22:20:08,364 INFO o.a.j.t.JMeterThread: Stopping because end time detected by thread: HTTP Searchers 2-4
2025-10-05 22:20:08,364 INFO o.a.j.t.JMeterThread: Thread finished: HTTP Searchers 2-4
2025-10-05 22:20:08,367 INFO o.a.j.t.JMeterThread: Stopping because end time detected by thread: HTTP Searchers 2-5
2025-10-05 22:20:08,367 INFO o.a.j.t.JMeterThread: Thread finished: HTTP Searchers 2-5
2025-10-05 22:20:08,369 INFO o.a.j.t.JMeterThread: Stopping because end time detected by thread: HTTP Searchers 2-6
2025-10-05 22:20:08,369 INFO o.a.j.t.JMeterThread: Thread finished: HTTP Searchers 2-6
2025-10-05 22:20:08,369 INFO o.a.j.t.JMeterThread: Stopping because end time detected by thread: HTTP Searchers 2-7
2025-10-05 22:20:08,369 INFO o.a.j.t.JMeterThread: Thread finished: HTTP Searchers 2-7
2025-10-05 22:20:08,369 INFO o.a.j.t.JMeterThread: Stopping because end time detected by thread: HTTP Searchers 2-8
2025-10-05 22:20:08,369 INFO o.a.j.t.JMeterThread: Thread finished: HTTP Searchers 2-8
2025-10-05 22:20:08,369 INFO o.a.j.t.JMeterThread: Stopping because end time detected by thread: HTTP Searchers 2-9
2025-10-05 22:20:08,369 INFO o.a.j.t.JMeterThread: Thread finished: HTTP Searchers 2-9
2025-10-05 22:20:08,370 INFO o.a.j.t.JMeterThread: Stopping because end time detected by thread: HTTP Searchers 2-10
2025-10-05 22:20:08,370 INFO o.a.j.t.JMeterThread: Thread finished: HTTP Searchers 2-10
2025-10-05 22:20:08,370 INFO o.a.j.e.StandardJMeterEngine: Notifying test listeners of end of test
2025-10-05 22:20:08,371 INFO o.a.j.r.Summariser: summary +   3134 in 00:00:00 = 8447.4/s Avg:     1 Min:     0 Max:    10 Err:     0 (0.00%) Active: 0 Started: 20 Finished: 20
2025-10-05 22:20:08,371 INFO o.a.j.r.Summariser: summary = 480118 in 00:01:00 = 7993.0/s Avg:     1 Min:     0 Max:    28 Err:     0 (0.00%)
2025-10-05 22:20:08,372 INFO o.a.j.JMeter: Generating Dashboard
2025-10-05 22:20:08,372 INFO o.a.j.r.d.ReportGenerator: Flushing result collector before report Generation
2025-10-05 22:20:08,387 INFO o.a.j.r.p.NormalizerSampleConsumer: Using format, 'ms', to parse timeStamp field
2025-10-05 22:20:13,510 INFO o.a.j.r.p.AbstractSampleConsumer: class org.apache.jmeter.report.processor.AggregateConsumer#stopProducing(): beginDate produced 0 samples
2025-10-05 22:20:13,510 INFO o.a.j.r.p.AbstractSampleConsumer: class org.apache.jmeter.report.processor.AggregateConsumer#stopProducing(): endDate produced 0 samples
2025-10-05 22:20:13,511 INFO o.a.j.r.p.AbstractSampleConsumer: class org.apache.jmeter.report.processor.ApdexSummaryConsumer#stopProducing(): apdexSummary produced 0 samples
2025-10-05 22:20:13,511 INFO o.a.j.r.p.AbstractSampleConsumer: class org.apache.jmeter.report.processor.RequestsSummaryConsumer#stopProducing(): requestsSummary produced 0 samples
2025-10-05 22:20:13,526 INFO o.a.j.r.p.AbstractSampleConsumer: class org.apache.jmeter.report.processor.StatisticsSummaryConsumer#stopProducing(): statisticsSummary produced 0 samples
2025-10-05 22:20:13,528 INFO o.a.j.r.p.AbstractSampleConsumer: class org.apache.jmeter.report.processor.Top5ErrorsBySamplerConsumer#stopProducing(): top5ErrorsBySampler produced 0 samples
2025-10-05 22:20:13,528 INFO o.a.j.r.p.AbstractSampleConsumer: class org.apache.jmeter.report.processor.ErrorsSummaryConsumer#stopProducing(): errorsSummary produced 0 samples
2025-10-05 22:20:13,528 INFO o.a.j.r.p.AbstractSampleConsumer: class org.apache.jmeter.report.processor.graph.impl.HitsPerSecondGraphConsumer#stopProducing(): hitsPerSecond produced 0 samples
2025-10-05 22:20:15,008 INFO o.a.j.r.p.AbstractSampleConsumer: class org.apache.jmeter.report.processor.graph.impl.LatencyVSRequestGraphConsumer#stopProducing(): latencyVsRequest produced 0 samples
2025-10-05 22:20:15,022 INFO o.a.j.r.p.AbstractSampleConsumer: class org.apache.jmeter.report.processor.graph.impl.SyntheticResponseTimeDistributionGraphConsumer#stopProducing(): syntheticResponseTimeDistribution produced 0 samples
2025-10-05 22:20:15,022 INFO o.a.j.r.p.AbstractSampleConsumer: class org.apache.jmeter.report.processor.graph.impl.BytesThroughputGraphConsumer#stopProducing(): bytesThroughputOverTime produced 0 samples
2025-10-05 22:20:15,022 INFO o.a.j.r.p.AbstractSampleConsumer: class org.apache.jmeter.report.processor.graph.impl.CodesPerSecondGraphConsumer#stopProducing(): codesPerSecond produced 0 samples
2025-10-05 22:20:16,431 INFO o.a.j.r.p.AbstractSampleConsumer: class org.apache.jmeter.report.processor.graph.impl.ResponseTimeVSRequestGraphConsumer#stopProducing(): responseTimeVsRequest produced 0 samples
2025-10-05 22:20:16,445 INFO o.a.j.r.p.AbstractSampleConsumer: class org.apache.jmeter.report.processor.FilterConsumer#stopProducing(): startIntervalControlerFilter produced 3360826 samples
2025-10-05 22:20:16,446 INFO o.a.j.r.p.AbstractSampleConsumer: class org.apache.jmeter.report.processor.graph.impl.TotalTPSGraphConsumer#stopProducing(): totalTPS produced 0 samples
2025-10-05 22:20:16,446 INFO o.a.j.r.p.AbstractSampleConsumer: class org.apache.jmeter.report.processor.graph.impl.ActiveThreadsGraphConsumer#stopProducing(): activeThreadsOverTime produced 0 samples
2025-10-05 22:20:16,446 INFO o.a.j.r.p.AbstractSampleConsumer: class org.apache.jmeter.report.processor.graph.impl.TimeVSThreadGraphConsumer#stopProducing(): timeVsThreads produced 0 samples
2025-10-05 22:20:16,446 INFO o.a.j.r.p.AbstractSampleConsumer: class org.apache.jmeter.report.processor.graph.impl.ResponseTimeDistributionGraphConsumer#stopProducing(): responseTimeDistribution produced 0 samples
2025-10-05 22:20:16,446 INFO o.a.j.r.p.AbstractSampleConsumer: class org.apache.jmeter.report.processor.graph.impl.TransactionsPerSecondGraphConsumer#stopProducing(): transactionsPerSecond produced 0 samples
2025-10-05 22:20:16,446 INFO o.a.j.r.p.AbstractSampleConsumer: class org.apache.jmeter.report.processor.graph.impl.ResponseTimePercentilesGraphConsumer#stopProducing(): responseTimePercentiles produced 0 samples
2025-10-05 22:20:16,447 INFO o.a.j.r.p.AbstractSampleConsumer: class org.apache.jmeter.report.processor.graph.impl.ResponseTimePercentilesOverTimeGraphConsumer#stopProducing(): responseTimePercentilesOverTime produced 0 samples
2025-10-05 22:20:16,449 INFO o.a.j.r.p.AbstractSampleConsumer: class org.apache.jmeter.report.processor.graph.impl.ResponseTimeOverTimeGraphConsumer#stopProducing(): responseTimesOverTime produced 0 samples
2025-10-05 22:20:16,449 INFO o.a.j.r.p.AbstractSampleConsumer: class org.apache.jmeter.report.processor.graph.impl.ConnectTimeOverTimeGraphConsumer#stopProducing(): connectTimeOverTime produced 0 samples
2025-10-05 22:20:16,449 INFO o.a.j.r.p.AbstractSampleConsumer: class org.apache.jmeter.report.processor.graph.impl.LatencyOverTimeGraphConsumer#stopProducing(): latenciesOverTime produced 0 samples
2025-10-05 22:20:16,449 INFO o.a.j.r.p.AbstractSampleConsumer: class org.apache.jmeter.report.processor.FilterConsumer#stopProducing(): nameFilter produced 7201770 samples
2025-10-05 22:20:16,449 INFO o.a.j.r.p.AbstractSampleConsumer: class org.apache.jmeter.report.processor.FilterConsumer#stopProducing(): dateRangeFilter produced 1440354 samples
2025-10-05 22:20:16,449 INFO o.a.j.r.p.AbstractSampleConsumer: class org.apache.jmeter.report.processor.NormalizerSampleConsumer#stopProducing(): normalizer produced 480118 samples
2025-10-05 22:20:16,450 INFO o.a.j.r.p.CsvFileSampleSource: produce(): 480118 samples produced in 8s 35 ms on channel 0
2025-10-05 22:20:16,450 INFO o.a.j.r.d.ReportGenerator: Exporting data using exporter:'json' of className:'org.apache.jmeter.report.dashboard.JsonExporter'
2025-10-05 22:20:16,530 INFO o.a.j.r.d.JsonExporter: Found data for consumer statisticsSummary in context
2025-10-05 22:20:16,531 INFO o.a.j.r.d.JsonExporter: Creating statistics for overall
2025-10-05 22:20:16,531 INFO o.a.j.r.d.JsonExporter: Creating statistics for other transactions
2025-10-05 22:20:16,531 INFO o.a.j.r.d.JsonExporter: Checking output folder
2025-10-05 22:20:16,532 INFO o.a.j.r.d.JsonExporter: Writing statistics JSON to /home/runner/work/grepwise/grepwise/target/jmeter/reports/combined-parallel-bsh/statistics.json
2025-10-05 22:20:16,566 INFO o.a.j.r.d.ReportGenerator: Exporting data using exporter:'html' of className:'org.apache.jmeter.report.dashboard.HtmlTemplateExporter'
2025-10-05 22:20:16,568 INFO o.a.j.r.d.HtmlTemplateExporter: Will generate dashboard in folder: /home/runner/work/grepwise/grepwise/target/jmeter/reports/combined-parallel-bsh
2025-10-05 22:20:16,637 INFO o.a.j.r.d.HtmlTemplateExporter: Report will be generated in: /home/runner/work/grepwise/grepwise/target/jmeter/reports/combined-parallel-bsh, creating folder structure
2025-10-05 22:20:16,639 INFO o.a.j.r.d.TemplateVisitor: Copying folder from '/home/runner/work/grepwise/grepwise/target/f8019f2f-f602-48bb-9c4b-87c71d8f84eb/jmeter/bin/report-template' to '/home/runner/work/grepwise/grepwise/target/jmeter/reports/combined-parallel-bsh', got message: /home/runner/work/grepwise/grepwise/target/jmeter/reports/combined-parallel-bsh, found non empty folder with following content [/home/runner/work/grepwise/grepwise/target/jmeter/reports/combined-parallel-bsh/statistics.json], will be ignored
2025-10-05 22:20:16,803 INFO o.a.j.JMeter: Dashboard generated
