2025-10-05 22:16:58,961 INFO o.a.j.u.JMeterUtils: Setting Locale to en
2025-10-05 22:16:58,979 INFO o.a.j.JMeter: Loading additional properties from: /home/runner/work/grepwise/grepwise/src/test/jmeter/jmeter.properties
2025-10-05 22:16:58,979 INFO o.a.j.JMeter: Setting System property: sun.net.http.allowRestrictedHeaders=true
2025-10-05 22:16:58,984 INFO o.a.j.JMeter: Copyright (c) 1998-2023 The Apache Software Foundation
2025-10-05 22:16:58,984 INFO o.a.j.JMeter: Version 5.6.2
2025-10-05 22:16:58,984 INFO o.a.j.JMeter: java.version=25
2025-10-05 22:16:58,984 INFO o.a.j.JMeter: java.vm.name=OpenJDK 64-Bit Server VM
2025-10-05 22:16:58,984 INFO o.a.j.JMeter: os.name=Linux
2025-10-05 22:16:58,984 INFO o.a.j.JMeter: os.arch=amd64
2025-10-05 22:16:58,984 INFO o.a.j.JMeter: os.version=6.11.0-1018-azure
2025-10-05 22:16:58,984 INFO o.a.j.JMeter: file.encoding=UTF-8
2025-10-05 22:16:58,984 INFO o.a.j.JMeter: java.awt.headless=true
2025-10-05 22:16:58,984 INFO o.a.j.JMeter: Max memory     =536870912
2025-10-05 22:16:58,984 INFO o.a.j.JMeter: Available Processors =4
2025-10-05 22:16:58,994 INFO o.a.j.JMeter: Default Locale=English
2025-10-05 22:16:58,995 INFO o.a.j.JMeter: JMeter  Locale=English
2025-10-05 22:16:58,995 INFO o.a.j.JMeter: JMeterHome=/home/runner/work/grepwise/grepwise/target/f8019f2f-f602-48bb-9c4b-87c71d8f84eb/jmeter
2025-10-05 22:16:58,995 INFO o.a.j.JMeter: user.dir  =/home/runner/work/grepwise/grepwise/target/f8019f2f-f602-48bb-9c4b-87c71d8f84eb/jmeter/bin
2025-10-05 22:16:58,995 INFO o.a.j.JMeter: PWD       =/home/runner/work/grepwise/grepwise/target/f8019f2f-f602-48bb-9c4b-87c71d8f84eb/jmeter/bin
2025-10-05 22:16:58,995 INFO o.a.j.JMeter: IP: 10.1.0.251 Name: runnervmwhb2z FullName: runnervmwhb2z.5sxnvrt2b4renhybvktad5tjzd.dx.internal.cloudapp.net
2025-10-05 22:16:59,004 INFO o.a.j.JMeter: Setting property 'jmeter.reportgenerator.outputdir' to:'/home/runner/work/grepwise/grepwise/target/jmeter/reports/syslog-udp'
2025-10-05 22:16:59,006 INFO o.a.j.s.FileServer: Default base='/home/runner/work/grepwise/grepwise/target/f8019f2f-f602-48bb-9c4b-87c71d8f84eb/jmeter/bin'
2025-10-05 22:16:59,007 INFO o.a.j.s.FileServer: Set new base='/home/runner/work/grepwise/grepwise/target/jmeter/testFiles'
2025-10-05 22:16:59,229 INFO o.a.j.s.SaveService: Testplan (JMX) version: 2.2. Testlog (JTL) version: 2.2
2025-10-05 22:16:59,247 INFO o.a.j.s.SaveService: Using SaveService properties version 5.0
2025-10-05 22:16:59,250 INFO o.a.j.s.SaveService: Using SaveService properties file encoding UTF-8
2025-10-05 22:16:59,253 INFO o.a.j.s.SaveService: Loading file: /home/runner/work/grepwise/grepwise/target/jmeter/testFiles/syslog-udp.jmx
2025-10-05 22:16:59,334 INFO o.a.j.JMeter: Creating summariser <summary>
2025-10-05 22:16:59,339 INFO o.a.j.r.d.ReportGenerator: ReportGenerator will use for Parsing the separator: ','
2025-10-05 22:16:59,339 INFO o.a.j.r.d.ReportGenerator: Will generate report at end of test from  results file: /home/runner/work/grepwise/grepwise/target/jmeter/results/20251005-syslog-udp.csv
2025-10-05 22:16:59,340 INFO o.a.j.r.d.ReportGenerator: Reading report generator properties from: /home/runner/work/grepwise/grepwise/target/f8019f2f-f602-48bb-9c4b-87c71d8f84eb/jmeter/bin/reportgenerator.properties
2025-10-05 22:16:59,340 INFO o.a.j.r.d.ReportGenerator: Merging with JMeter properties
2025-10-05 22:16:59,344 INFO o.a.j.r.c.ReportGeneratorConfiguration: Property 'jmeter.reportgenerator.temp_dir' not found, using default value 'temp' instead.
2025-10-05 22:16:59,347 INFO o.a.j.r.c.ReportGeneratorConfiguration: Property 'jmeter.reportgenerator.apdex_per_transaction' not found, using default value 'null' instead.
2025-10-05 22:16:59,347 INFO o.a.j.r.c.ReportGeneratorConfiguration: apdex_per_transaction is empty, not APDEX per transaction customization
2025-10-05 22:16:59,347 INFO o.a.j.r.c.ReportGeneratorConfiguration: Property 'jmeter.reportgenerator.sample_filter' not found, using default value 'null' instead.
2025-10-05 22:16:59,347 INFO o.a.j.r.c.ReportGeneratorConfiguration: Property 'jmeter.reportgenerator.report_title' not found, using default value 'null' instead.
2025-10-05 22:16:59,347 INFO o.a.j.r.c.ReportGeneratorConfiguration: Property 'jmeter.reportgenerator.start_date' not found, using default value 'null' instead.
2025-10-05 22:16:59,347 INFO o.a.j.r.c.ReportGeneratorConfiguration: Property 'jmeter.reportgenerator.end_date' not found, using default value 'null' instead.
2025-10-05 22:16:59,347 INFO o.a.j.r.c.ReportGeneratorConfiguration: Property 'jmeter.reportgenerator.date_format' not found, using default value 'null' instead.
2025-10-05 22:16:59,347 INFO o.a.j.r.c.ReportGeneratorConfiguration: Will use date range start date: null, end date: null
2025-10-05 22:16:59,351 INFO o.a.j.r.c.ReportGeneratorConfiguration: Property 'jmeter.reportgenerator.graph.totalTPS.exclude_controllers' not found, using default value 'false' instead.
2025-10-05 22:16:59,351 INFO o.a.j.r.c.ReportGeneratorConfiguration: Property 'jmeter.reportgenerator.graph.activeThreadsOverTime.exclude_controllers' not found, using default value 'false' instead.
2025-10-05 22:16:59,351 INFO o.a.j.r.c.ReportGeneratorConfiguration: Property 'jmeter.reportgenerator.graph.timeVsThreads.exclude_controllers' not found, using default value 'false' instead.
2025-10-05 22:16:59,351 INFO o.a.j.r.c.ReportGeneratorConfiguration: Property 'jmeter.reportgenerator.graph.responseTimeDistribution.exclude_controllers' not found, using default value 'false' instead.
2025-10-05 22:16:59,352 INFO o.a.j.r.c.ReportGeneratorConfiguration: Property 'jmeter.reportgenerator.graph.transactionsPerSecond.exclude_controllers' not found, using default value 'false' instead.
2025-10-05 22:16:59,352 INFO o.a.j.r.c.ReportGeneratorConfiguration: Property 'jmeter.reportgenerator.graph.responseTimePercentiles.exclude_controllers' not found, using default value 'false' instead.
2025-10-05 22:16:59,352 INFO o.a.j.r.c.ReportGeneratorConfiguration: Property 'jmeter.reportgenerator.graph.responseTimePercentilesOverTime.exclude_controllers' not found, using default value 'false' instead.
2025-10-05 22:16:59,352 INFO o.a.j.r.c.ReportGeneratorConfiguration: Property 'jmeter.reportgenerator.graph.responseTimesOverTime.exclude_controllers' not found, using default value 'false' instead.
2025-10-05 22:16:59,352 INFO o.a.j.r.c.ReportGeneratorConfiguration: Property 'jmeter.reportgenerator.graph.connectTimeOverTime.exclude_controllers' not found, using default value 'false' instead.
2025-10-05 22:16:59,352 INFO o.a.j.r.c.ReportGeneratorConfiguration: Property 'jmeter.reportgenerator.graph.latenciesOverTime.exclude_controllers' not found, using default value 'false' instead.
2025-10-05 22:16:59,353 INFO o.a.j.r.c.ReportGeneratorConfiguration: Property 'jmeter.reportgenerator.exporter.json.filters_only_sample_series' not found, using default value 'true' instead.
2025-10-05 22:16:59,353 INFO o.a.j.r.c.ReportGeneratorConfiguration: Property 'jmeter.reportgenerator.exporter.json.series_filter' not found, using default value '' instead.
2025-10-05 22:16:59,353 INFO o.a.j.r.c.ReportGeneratorConfiguration: Property 'jmeter.reportgenerator.exporter.json.show_controllers_only' not found, using default value 'false' instead.
2025-10-05 22:16:59,354 INFO o.a.j.r.c.ReportGeneratorConfiguration: Property 'jmeter.reportgenerator.exporter.html.filters_only_sample_series' not found, using default value 'true' instead.
2025-10-05 22:16:59,354 INFO o.a.j.r.c.ReportGeneratorConfiguration: Property 'jmeter.reportgenerator.exporter.html.series_filter' not found, using default value '' instead.
2025-10-05 22:16:59,354 INFO o.a.j.r.c.ReportGeneratorConfiguration: Property 'jmeter.reportgenerator.exporter.html.show_controllers_only' not found, using default value 'false' instead.
2025-10-05 22:16:59,365 INFO o.a.j.e.StandardJMeterEngine: Running the test!
2025-10-05 22:16:59,366 INFO o.a.j.s.SampleEvent: List of sample_variables: []
2025-10-05 22:16:59,366 INFO o.a.j.s.SampleEvent: List of sample_variables: []
2025-10-05 22:16:59,427 INFO o.a.j.JMeter: Running test (1759702619427)
2025-10-05 22:16:59,452 INFO o.a.j.e.StandardJMeterEngine: Starting ThreadGroup: 1 : UDP Senders
2025-10-05 22:16:59,453 INFO o.a.j.e.StandardJMeterEngine: Starting 10 threads for group UDP Senders.
2025-10-05 22:16:59,453 INFO o.a.j.e.StandardJMeterEngine: Thread will continue on error
2025-10-05 22:16:59,453 INFO o.a.j.t.ThreadGroup: Starting thread group... number=1 threads=10 ramp-up=10 delayedStart=false
2025-10-05 22:16:59,462 INFO o.a.j.t.JMeterThread: Thread started: UDP Senders 1-1
2025-10-05 22:16:59,483 INFO o.a.j.t.ThreadGroup: Started thread group number 1
2025-10-05 22:16:59,484 INFO o.a.j.e.StandardJMeterEngine: Starting ThreadGroup: 2 : Search Verifier
2025-10-05 22:16:59,484 INFO o.a.j.e.StandardJMeterEngine: Starting 1 threads for group Search Verifier.
2025-10-05 22:16:59,484 INFO o.a.j.e.StandardJMeterEngine: Thread will continue on error
2025-10-05 22:16:59,484 INFO o.a.j.t.ThreadGroup: Starting thread group... number=2 threads=1 ramp-up=1 delayedStart=false
2025-10-05 22:16:59,484 INFO o.a.j.t.ThreadGroup: Started thread group number 2
2025-10-05 22:16:59,484 INFO o.a.j.e.StandardJMeterEngine: All thread groups have been started
2025-10-05 22:16:59,485 INFO o.a.j.t.JMeterThread: Thread started: Search Verifier 2-1
2025-10-05 22:16:59,496 INFO o.a.j.p.h.s.HTTPHCAbstractImpl: Local host = runnervmwhb2z
2025-10-05 22:16:59,500 INFO o.a.j.p.h.s.HTTPHC4Impl: HTTP request retry count = 0
2025-10-05 22:16:59,501 INFO o.a.j.s.SampleResult: Note: Sample TimeStamps are END times
2025-10-05 22:16:59,501 INFO o.a.j.s.SampleResult: sampleresult.default.encoding is set to UTF-8
2025-10-05 22:16:59,501 INFO o.a.j.s.SampleResult: sampleresult.useNanoTime=true
2025-10-05 22:16:59,501 INFO o.a.j.s.SampleResult: sampleresult.nanoThreadSleep=5000
2025-10-05 22:16:59,534 INFO o.a.j.r.Summariser: summary +      1 in 00:00:00 =    9.5/s Avg:     2 Min:     2 Max:     2 Err:     0 (0.00%) Active: 2 Started: 2 Finished: 0
2025-10-05 22:17:00,462 INFO o.a.j.t.JMeterThread: Thread started: UDP Senders 1-2
2025-10-05 22:17:01,457 INFO o.a.j.t.JMeterThread: Thread started: UDP Senders 1-3
2025-10-05 22:17:02,456 INFO o.a.j.t.JMeterThread: Thread started: UDP Senders 1-4
2025-10-05 22:17:03,455 INFO o.a.j.t.JMeterThread: Thread started: UDP Senders 1-5
2025-10-05 22:17:04,455 INFO o.a.j.t.JMeterThread: Thread started: UDP Senders 1-6
2025-10-05 22:17:05,001 INFO o.a.j.r.Summariser: summary +   5044 in 00:00:05 =  922.5/s Avg:     0 Min:     0 Max:    42 Err:     0 (0.00%) Active: 7 Started: 7 Finished: 0
2025-10-05 22:17:05,001 INFO o.a.j.r.Summariser: summary =   5045 in 00:00:06 =  905.1/s Avg:     0 Min:     0 Max:    42 Err:     0 (0.00%)
2025-10-05 22:17:05,456 INFO o.a.j.t.JMeterThread: Thread started: UDP Senders 1-7
2025-10-05 22:17:06,455 INFO o.a.j.t.JMeterThread: Thread started: UDP Senders 1-8
2025-10-05 22:17:07,456 INFO o.a.j.t.JMeterThread: Thread started: UDP Senders 1-9
2025-10-05 22:17:08,457 INFO o.a.j.t.JMeterThread: Thread started: UDP Senders 1-10
2025-10-05 22:17:11,000 INFO o.a.j.r.Summariser: summary +  10296 in 00:00:06 = 1716.3/s Avg:     0 Min:     0 Max:    17 Err:     0 (0.00%) Active: 11 Started: 11 Finished: 0
2025-10-05 22:17:11,000 INFO o.a.j.r.Summariser: summary =  15341 in 00:00:12 = 1325.6/s Avg:     0 Min:     0 Max:    42 Err:     0 (0.00%)
2025-10-05 22:17:17,000 INFO o.a.j.r.Summariser: summary +  14676 in 00:00:06 = 2446.0/s Avg:     0 Min:     0 Max:     9 Err:     0 (0.00%) Active: 11 Started: 11 Finished: 0
2025-10-05 22:17:17,001 INFO o.a.j.r.Summariser: summary =  30017 in 00:00:18 = 1708.1/s Avg:     0 Min:     0 Max:    42 Err:     0 (0.00%)
2025-10-05 22:17:23,000 INFO o.a.j.r.Summariser: summary +  18548 in 00:00:06 = 3091.3/s Avg:     0 Min:     0 Max:    13 Err:     0 (0.00%) Active: 11 Started: 11 Finished: 0
2025-10-05 22:17:23,000 INFO o.a.j.r.Summariser: summary =  48565 in 00:00:24 = 2060.2/s Avg:     0 Min:     0 Max:    42 Err:     0 (0.00%)
2025-10-05 22:17:29,000 INFO o.a.j.r.Summariser: summary +  18719 in 00:00:06 = 3119.8/s Avg:     0 Min:     0 Max:     4 Err:     0 (0.00%) Active: 11 Started: 11 Finished: 0
2025-10-05 22:17:29,000 INFO o.a.j.r.Summariser: summary =  67284 in 00:00:30 = 2275.2/s Avg:     0 Min:     0 Max:    42 Err:     0 (0.00%)
2025-10-05 22:17:35,000 INFO o.a.j.r.Summariser: summary +  18518 in 00:00:06 = 3086.3/s Avg:     0 Min:     0 Max:     5 Err:     0 (0.00%) Active: 11 Started: 11 Finished: 0
2025-10-05 22:17:35,001 INFO o.a.j.r.Summariser: summary =  85802 in 00:00:36 = 2412.0/s Avg:     0 Min:     0 Max:    42 Err:     0 (0.00%)
2025-10-05 22:17:41,000 INFO o.a.j.r.Summariser: summary +  18959 in 00:00:06 = 3159.8/s Avg:     0 Min:     0 Max:     4 Err:     0 (0.00%) Active: 11 Started: 11 Finished: 0
2025-10-05 22:17:41,000 INFO o.a.j.r.Summariser: summary = 104761 in 00:00:42 = 2519.9/s Avg:     0 Min:     0 Max:    42 Err:     0 (0.00%)
2025-10-05 22:17:47,000 INFO o.a.j.r.Summariser: summary +  18939 in 00:00:06 = 3156.5/s Avg:     0 Min:     0 Max:     4 Err:     0 (0.00%) Active: 11 Started: 11 Finished: 0
2025-10-05 22:17:47,000 INFO o.a.j.r.Summariser: summary = 123700 in 00:00:48 = 2600.2/s Avg:     0 Min:     0 Max:    42 Err:     0 (0.00%)
2025-10-05 22:17:53,000 INFO o.a.j.r.Summariser: summary +  19177 in 00:00:06 = 3196.2/s Avg:     0 Min:     0 Max:     4 Err:     0 (0.00%) Active: 11 Started: 11 Finished: 0
2025-10-05 22:17:53,000 INFO o.a.j.r.Summariser: summary = 142877 in 00:00:54 = 2667.0/s Avg:     0 Min:     0 Max:    42 Err:     0 (0.00%)
2025-10-05 22:17:59,000 INFO o.a.j.r.Summariser: summary +  19252 in 00:00:06 = 3208.7/s Avg:     0 Min:     0 Max:     2 Err:     0 (0.00%) Active: 11 Started: 11 Finished: 0
2025-10-05 22:17:59,000 INFO o.a.j.r.Summariser: summary = 162129 in 00:01:00 = 2721.5/s Avg:     0 Min:     0 Max:    42 Err:     0 (0.00%)
2025-10-05 22:17:59,413 INFO o.a.j.t.JMeterThread: Thread finished: UDP Senders 1-2
2025-10-05 22:17:59,421 INFO o.a.j.t.JMeterThread: Thread finished: UDP Senders 1-5
2025-10-05 22:17:59,423 INFO o.a.j.t.JMeterThread: Thread finished: UDP Senders 1-4
2025-10-05 22:17:59,427 INFO o.a.j.t.JMeterThread: Thread finished: UDP Senders 1-9
2025-10-05 22:17:59,430 INFO o.a.j.t.JMeterThread: Thread finished: UDP Senders 1-10
2025-10-05 22:17:59,432 INFO o.a.j.t.JMeterThread: Thread finished: UDP Senders 1-3
2025-10-05 22:17:59,434 INFO o.a.j.t.JMeterThread: Thread finished: UDP Senders 1-8
2025-10-05 22:17:59,437 INFO o.a.j.t.JMeterThread: Thread finished: UDP Senders 1-1
2025-10-05 22:17:59,446 INFO o.a.j.t.JMeterThread: Thread finished: UDP Senders 1-7
2025-10-05 22:17:59,473 INFO o.a.j.t.JMeterThread: Stopping because end time detected by thread: UDP Senders 1-6
2025-10-05 22:17:59,473 INFO o.a.j.t.JMeterThread: Thread finished: UDP Senders 1-6
2025-10-05 22:17:59,484 INFO o.a.j.t.JMeterThread: Stopping because end time detected by thread: Search Verifier 2-1
2025-10-05 22:17:59,484 INFO o.a.j.t.JMeterThread: Thread finished: Search Verifier 2-1
2025-10-05 22:17:59,484 INFO o.a.j.e.StandardJMeterEngine: Notifying test listeners of end of test
2025-10-05 22:17:59,485 INFO o.a.j.r.Summariser: summary +   1585 in 00:00:00 = 3268.0/s Avg:     0 Min:     0 Max:     1 Err:     0 (0.00%) Active: 0 Started: 11 Finished: 11
2025-10-05 22:17:59,485 INFO o.a.j.r.Summariser: summary = 163714 in 00:01:00 = 2725.9/s Avg:     0 Min:     0 Max:    42 Err:     0 (0.00%)
2025-10-05 22:17:59,485 INFO o.a.j.JMeter: Generating Dashboard
2025-10-05 22:17:59,485 INFO o.a.j.r.d.ReportGenerator: Flushing result collector before report Generation
2025-10-05 22:17:59,498 INFO o.a.j.r.p.NormalizerSampleConsumer: Using format, 'ms', to parse timeStamp field
2025-10-05 22:18:01,440 INFO o.a.j.r.p.AbstractSampleConsumer: class org.apache.jmeter.report.processor.AggregateConsumer#stopProducing(): beginDate produced 0 samples
2025-10-05 22:18:01,440 INFO o.a.j.r.p.AbstractSampleConsumer: class org.apache.jmeter.report.processor.AggregateConsumer#stopProducing(): endDate produced 0 samples
2025-10-05 22:18:01,442 INFO o.a.j.r.p.AbstractSampleConsumer: class org.apache.jmeter.report.processor.ApdexSummaryConsumer#stopProducing(): apdexSummary produced 0 samples
2025-10-05 22:18:01,442 INFO o.a.j.r.p.AbstractSampleConsumer: class org.apache.jmeter.report.processor.RequestsSummaryConsumer#stopProducing(): requestsSummary produced 0 samples
2025-10-05 22:18:01,455 INFO o.a.j.r.p.AbstractSampleConsumer: class org.apache.jmeter.report.processor.StatisticsSummaryConsumer#stopProducing(): statisticsSummary produced 0 samples
2025-10-05 22:18:01,456 INFO o.a.j.r.p.AbstractSampleConsumer: class org.apache.jmeter.report.processor.Top5ErrorsBySamplerConsumer#stopProducing(): top5ErrorsBySampler produced 0 samples
2025-10-05 22:18:01,456 INFO o.a.j.r.p.AbstractSampleConsumer: class org.apache.jmeter.report.processor.ErrorsSummaryConsumer#stopProducing(): errorsSummary produced 0 samples
2025-10-05 22:18:01,457 INFO o.a.j.r.p.AbstractSampleConsumer: class org.apache.jmeter.report.processor.graph.impl.HitsPerSecondGraphConsumer#stopProducing(): hitsPerSecond produced 0 samples
2025-10-05 22:18:01,966 INFO o.a.j.r.p.AbstractSampleConsumer: class org.apache.jmeter.report.processor.graph.impl.LatencyVSRequestGraphConsumer#stopProducing(): latencyVsRequest produced 0 samples
2025-10-05 22:18:01,972 INFO o.a.j.r.p.AbstractSampleConsumer: class org.apache.jmeter.report.processor.graph.impl.SyntheticResponseTimeDistributionGraphConsumer#stopProducing(): syntheticResponseTimeDistribution produced 0 samples
2025-10-05 22:18:01,972 INFO o.a.j.r.p.AbstractSampleConsumer: class org.apache.jmeter.report.processor.graph.impl.BytesThroughputGraphConsumer#stopProducing(): bytesThroughputOverTime produced 0 samples
2025-10-05 22:18:01,973 INFO o.a.j.r.p.AbstractSampleConsumer: class org.apache.jmeter.report.processor.graph.impl.CodesPerSecondGraphConsumer#stopProducing(): codesPerSecond produced 0 samples
2025-10-05 22:18:02,404 INFO o.a.j.r.p.AbstractSampleConsumer: class org.apache.jmeter.report.processor.graph.impl.ResponseTimeVSRequestGraphConsumer#stopProducing(): responseTimeVsRequest produced 0 samples
2025-10-05 22:18:02,410 INFO o.a.j.r.p.AbstractSampleConsumer: class org.apache.jmeter.report.processor.FilterConsumer#stopProducing(): startIntervalControlerFilter produced 1145998 samples
2025-10-05 22:18:02,410 INFO o.a.j.r.p.AbstractSampleConsumer: class org.apache.jmeter.report.processor.graph.impl.TotalTPSGraphConsumer#stopProducing(): totalTPS produced 0 samples
2025-10-05 22:18:02,410 INFO o.a.j.r.p.AbstractSampleConsumer: class org.apache.jmeter.report.processor.graph.impl.ActiveThreadsGraphConsumer#stopProducing(): activeThreadsOverTime produced 0 samples
2025-10-05 22:18:02,410 INFO o.a.j.r.p.AbstractSampleConsumer: class org.apache.jmeter.report.processor.graph.impl.TimeVSThreadGraphConsumer#stopProducing(): timeVsThreads produced 0 samples
2025-10-05 22:18:02,410 INFO o.a.j.r.p.AbstractSampleConsumer: class org.apache.jmeter.report.processor.graph.impl.ResponseTimeDistributionGraphConsumer#stopProducing(): responseTimeDistribution produced 0 samples
2025-10-05 22:18:02,411 INFO o.a.j.r.p.AbstractSampleConsumer: class org.apache.jmeter.report.processor.graph.impl.TransactionsPerSecondGraphConsumer#stopProducing(): transactionsPerSecond produced 0 samples
2025-10-05 22:18:02,411 INFO o.a.j.r.p.AbstractSampleConsumer: class org.apache.jmeter.report.processor.graph.impl.ResponseTimePercentilesGraphConsumer#stopProducing(): responseTimePercentiles produced 0 samples
2025-10-05 22:18:02,411 INFO o.a.j.r.p.AbstractSampleConsumer: class org.apache.jmeter.report.processor.graph.impl.ResponseTimePercentilesOverTimeGraphConsumer#stopProducing(): responseTimePercentilesOverTime produced 0 samples
2025-10-05 22:18:02,413 INFO o.a.j.r.p.AbstractSampleConsumer: class org.apache.jmeter.report.processor.graph.impl.ResponseTimeOverTimeGraphConsumer#stopProducing(): responseTimesOverTime produced 0 samples
2025-10-05 22:18:02,413 INFO o.a.j.r.p.AbstractSampleConsumer: class org.apache.jmeter.report.processor.graph.impl.ConnectTimeOverTimeGraphConsumer#stopProducing(): connectTimeOverTime produced 0 samples
2025-10-05 22:18:02,413 INFO o.a.j.r.p.AbstractSampleConsumer: class org.apache.jmeter.report.processor.graph.impl.LatencyOverTimeGraphConsumer#stopProducing(): latenciesOverTime produced 0 samples
2025-10-05 22:18:02,413 INFO o.a.j.r.p.AbstractSampleConsumer: class org.apache.jmeter.report.processor.FilterConsumer#stopProducing(): nameFilter produced 2455710 samples
2025-10-05 22:18:02,413 INFO o.a.j.r.p.AbstractSampleConsumer: class org.apache.jmeter.report.processor.FilterConsumer#stopProducing(): dateRangeFilter produced 491142 samples
2025-10-05 22:18:02,413 INFO o.a.j.r.p.AbstractSampleConsumer: class org.apache.jmeter.report.processor.NormalizerSampleConsumer#stopProducing(): normalizer produced 163714 samples
2025-10-05 22:18:02,414 INFO o.a.j.r.p.CsvFileSampleSource: produce(): 163714 samples produced in 2s 892 ms on channel 0
2025-10-05 22:18:02,414 INFO o.a.j.r.d.ReportGenerator: Exporting data using exporter:'json' of className:'org.apache.jmeter.report.dashboard.JsonExporter'
2025-10-05 22:18:02,494 INFO o.a.j.r.d.JsonExporter: Found data for consumer statisticsSummary in context
2025-10-05 22:18:02,494 INFO o.a.j.r.d.JsonExporter: Creating statistics for overall
2025-10-05 22:18:02,494 INFO o.a.j.r.d.JsonExporter: Creating statistics for other transactions
2025-10-05 22:18:02,495 INFO o.a.j.r.d.JsonExporter: Checking output folder
2025-10-05 22:18:02,495 INFO o.a.j.r.d.JsonExporter: Writing statistics JSON to /home/runner/work/grepwise/grepwise/target/jmeter/reports/syslog-udp/statistics.json
2025-10-05 22:18:02,527 INFO o.a.j.r.d.ReportGenerator: Exporting data using exporter:'html' of className:'org.apache.jmeter.report.dashboard.HtmlTemplateExporter'
2025-10-05 22:18:02,528 INFO o.a.j.r.d.HtmlTemplateExporter: Will generate dashboard in folder: /home/runner/work/grepwise/grepwise/target/jmeter/reports/syslog-udp
2025-10-05 22:18:02,614 INFO o.a.j.r.d.HtmlTemplateExporter: Report will be generated in: /home/runner/work/grepwise/grepwise/target/jmeter/reports/syslog-udp, creating folder structure
2025-10-05 22:18:02,616 INFO o.a.j.r.d.TemplateVisitor: Copying folder from '/home/runner/work/grepwise/grepwise/target/f8019f2f-f602-48bb-9c4b-87c71d8f84eb/jmeter/bin/report-template' to '/home/runner/work/grepwise/grepwise/target/jmeter/reports/syslog-udp', got message: /home/runner/work/grepwise/grepwise/target/jmeter/reports/syslog-udp, found non empty folder with following content [/home/runner/work/grepwise/grepwise/target/jmeter/reports/syslog-udp/statistics.json], will be ignored
2025-10-05 22:18:02,774 INFO o.a.j.JMeter: Dashboard generated
