2025-10-05 20:44:49,864 INFO o.a.j.u.JMeterUtils: Setting Locale to en
2025-10-05 20:44:49,878 INFO o.a.j.JMeter: Loading additional properties from: /home/runner/work/grepwise/grepwise/src/test/jmeter/jmeter.properties
2025-10-05 20:44:49,878 INFO o.a.j.JMeter: Setting System property: sun.net.http.allowRestrictedHeaders=true
2025-10-05 20:44:49,883 INFO o.a.j.JMeter: Copyright (c) 1998-2023 The Apache Software Foundation
2025-10-05 20:44:49,883 INFO o.a.j.JMeter: Version 5.6.2
2025-10-05 20:44:49,883 INFO o.a.j.JMeter: java.version=25
2025-10-05 20:44:49,883 INFO o.a.j.JMeter: java.vm.name=OpenJDK 64-Bit Server VM
2025-10-05 20:44:49,883 INFO o.a.j.JMeter: os.name=Linux
2025-10-05 20:44:49,883 INFO o.a.j.JMeter: os.arch=amd64
2025-10-05 20:44:49,883 INFO o.a.j.JMeter: os.version=6.11.0-1018-azure
2025-10-05 20:44:49,883 INFO o.a.j.JMeter: file.encoding=UTF-8
2025-10-05 20:44:49,883 INFO o.a.j.JMeter: java.awt.headless=true
2025-10-05 20:44:49,883 INFO o.a.j.JMeter: Max memory     =536870912
2025-10-05 20:44:49,883 INFO o.a.j.JMeter: Available Processors =4
2025-10-05 20:44:49,893 INFO o.a.j.JMeter: Default Locale=English
2025-10-05 20:44:49,893 INFO o.a.j.JMeter: JMeter  Locale=English
2025-10-05 20:44:49,893 INFO o.a.j.JMeter: JMeterHome=/home/runner/work/grepwise/grepwise/target/abafd350-6882-478c-ba4e-17fe4d5abf75/jmeter
2025-10-05 20:44:49,893 INFO o.a.j.JMeter: user.dir  =/home/runner/work/grepwise/grepwise/target/abafd350-6882-478c-ba4e-17fe4d5abf75/jmeter/bin
2025-10-05 20:44:49,893 INFO o.a.j.JMeter: PWD       =/home/runner/work/grepwise/grepwise/target/abafd350-6882-478c-ba4e-17fe4d5abf75/jmeter/bin
2025-10-05 20:44:49,894 INFO o.a.j.JMeter: IP: 10.1.0.130 Name: runnervmwhb2z FullName: runnervmwhb2z.do3hyeqjqakedjyqlio5j1o5xh.cx.internal.cloudapp.net
2025-10-05 20:44:49,903 INFO o.a.j.JMeter: Setting property 'jmeter.reportgenerator.outputdir' to:'/home/runner/work/grepwise/grepwise/target/jmeter/reports/combined-parallel-bsh'
2025-10-05 20:44:49,905 INFO o.a.j.s.FileServer: Default base='/home/runner/work/grepwise/grepwise/target/abafd350-6882-478c-ba4e-17fe4d5abf75/jmeter/bin'
2025-10-05 20:44:49,906 INFO o.a.j.s.FileServer: Set new base='/home/runner/work/grepwise/grepwise/target/jmeter/testFiles'
2025-10-05 20:44:50,144 INFO o.a.j.s.SaveService: Testplan (JMX) version: 2.2. Testlog (JTL) version: 2.2
2025-10-05 20:44:50,165 INFO o.a.j.s.SaveService: Using SaveService properties version 5.0
2025-10-05 20:44:50,168 INFO o.a.j.s.SaveService: Using SaveService properties file encoding UTF-8
2025-10-05 20:44:50,171 INFO o.a.j.s.SaveService: Loading file: /home/runner/work/grepwise/grepwise/target/jmeter/testFiles/combined-parallel-bsh.jmx
2025-10-05 20:44:50,258 INFO o.a.j.JMeter: Creating summariser <summary>
2025-10-05 20:44:50,263 INFO o.a.j.r.d.ReportGenerator: ReportGenerator will use for Parsing the separator: ','
2025-10-05 20:44:50,263 INFO o.a.j.r.d.ReportGenerator: Will generate report at end of test from  results file: /home/runner/work/grepwise/grepwise/target/jmeter/results/20251005-combined-parallel-bsh.csv
2025-10-05 20:44:50,263 INFO o.a.j.r.d.ReportGenerator: Reading report generator properties from: /home/runner/work/grepwise/grepwise/target/abafd350-6882-478c-ba4e-17fe4d5abf75/jmeter/bin/reportgenerator.properties
2025-10-05 20:44:50,264 INFO o.a.j.r.d.ReportGenerator: Merging with JMeter properties
2025-10-05 20:44:50,267 INFO o.a.j.r.c.ReportGeneratorConfiguration: Property 'jmeter.reportgenerator.temp_dir' not found, using default value 'temp' instead.
2025-10-05 20:44:50,269 INFO o.a.j.r.c.ReportGeneratorConfiguration: Property 'jmeter.reportgenerator.apdex_per_transaction' not found, using default value 'null' instead.
2025-10-05 20:44:50,269 INFO o.a.j.r.c.ReportGeneratorConfiguration: apdex_per_transaction is empty, not APDEX per transaction customization
2025-10-05 20:44:50,269 INFO o.a.j.r.c.ReportGeneratorConfiguration: Property 'jmeter.reportgenerator.sample_filter' not found, using default value 'null' instead.
2025-10-05 20:44:50,269 INFO o.a.j.r.c.ReportGeneratorConfiguration: Property 'jmeter.reportgenerator.report_title' not found, using default value 'null' instead.
2025-10-05 20:44:50,269 INFO o.a.j.r.c.ReportGeneratorConfiguration: Property 'jmeter.reportgenerator.start_date' not found, using default value 'null' instead.
2025-10-05 20:44:50,269 INFO o.a.j.r.c.ReportGeneratorConfiguration: Property 'jmeter.reportgenerator.end_date' not found, using default value 'null' instead.
2025-10-05 20:44:50,270 INFO o.a.j.r.c.ReportGeneratorConfiguration: Property 'jmeter.reportgenerator.date_format' not found, using default value 'null' instead.
2025-10-05 20:44:50,270 INFO o.a.j.r.c.ReportGeneratorConfiguration: Will use date range start date: null, end date: null
2025-10-05 20:44:50,273 INFO o.a.j.r.c.ReportGeneratorConfiguration: Property 'jmeter.reportgenerator.graph.totalTPS.exclude_controllers' not found, using default value 'false' instead.
2025-10-05 20:44:50,273 INFO o.a.j.r.c.ReportGeneratorConfiguration: Property 'jmeter.reportgenerator.graph.activeThreadsOverTime.exclude_controllers' not found, using default value 'false' instead.
2025-10-05 20:44:50,273 INFO o.a.j.r.c.ReportGeneratorConfiguration: Property 'jmeter.reportgenerator.graph.timeVsThreads.exclude_controllers' not found, using default value 'false' instead.
2025-10-05 20:44:50,273 INFO o.a.j.r.c.ReportGeneratorConfiguration: Property 'jmeter.reportgenerator.graph.responseTimeDistribution.exclude_controllers' not found, using default value 'false' instead.
2025-10-05 20:44:50,273 INFO o.a.j.r.c.ReportGeneratorConfiguration: Property 'jmeter.reportgenerator.graph.transactionsPerSecond.exclude_controllers' not found, using default value 'false' instead.
2025-10-05 20:44:50,273 INFO o.a.j.r.c.ReportGeneratorConfiguration: Property 'jmeter.reportgenerator.graph.responseTimePercentiles.exclude_controllers' not found, using default value 'false' instead.
2025-10-05 20:44:50,273 INFO o.a.j.r.c.ReportGeneratorConfiguration: Property 'jmeter.reportgenerator.graph.responseTimePercentilesOverTime.exclude_controllers' not found, using default value 'false' instead.
2025-10-05 20:44:50,273 INFO o.a.j.r.c.ReportGeneratorConfiguration: Property 'jmeter.reportgenerator.graph.responseTimesOverTime.exclude_controllers' not found, using default value 'false' instead.
2025-10-05 20:44:50,274 INFO o.a.j.r.c.ReportGeneratorConfiguration: Property 'jmeter.reportgenerator.graph.connectTimeOverTime.exclude_controllers' not found, using default value 'false' instead.
2025-10-05 20:44:50,274 INFO o.a.j.r.c.ReportGeneratorConfiguration: Property 'jmeter.reportgenerator.graph.latenciesOverTime.exclude_controllers' not found, using default value 'false' instead.
2025-10-05 20:44:50,274 INFO o.a.j.r.c.ReportGeneratorConfiguration: Property 'jmeter.reportgenerator.exporter.json.filters_only_sample_series' not found, using default value 'true' instead.
2025-10-05 20:44:50,275 INFO o.a.j.r.c.ReportGeneratorConfiguration: Property 'jmeter.reportgenerator.exporter.json.series_filter' not found, using default value '' instead.
2025-10-05 20:44:50,275 INFO o.a.j.r.c.ReportGeneratorConfiguration: Property 'jmeter.reportgenerator.exporter.json.show_controllers_only' not found, using default value 'false' instead.
2025-10-05 20:44:50,275 INFO o.a.j.r.c.ReportGeneratorConfiguration: Property 'jmeter.reportgenerator.exporter.html.filters_only_sample_series' not found, using default value 'true' instead.
2025-10-05 20:44:50,275 INFO o.a.j.r.c.ReportGeneratorConfiguration: Property 'jmeter.reportgenerator.exporter.html.series_filter' not found, using default value '' instead.
2025-10-05 20:44:50,275 INFO o.a.j.r.c.ReportGeneratorConfiguration: Property 'jmeter.reportgenerator.exporter.html.show_controllers_only' not found, using default value 'false' instead.
2025-10-05 20:44:50,284 INFO o.a.j.e.StandardJMeterEngine: Running the test!
2025-10-05 20:44:50,285 INFO o.a.j.s.SampleEvent: List of sample_variables: []
2025-10-05 20:44:50,285 INFO o.a.j.s.SampleEvent: List of sample_variables: []
2025-10-05 20:44:50,348 INFO o.a.j.JMeter: Running test (1759697090348)
2025-10-05 20:44:50,372 INFO o.a.j.e.StandardJMeterEngine: Starting ThreadGroup: 1 : UDP Ingestion
2025-10-05 20:44:50,372 INFO o.a.j.e.StandardJMeterEngine: Starting 10 threads for group UDP Ingestion.
2025-10-05 20:44:50,372 INFO o.a.j.e.StandardJMeterEngine: Thread will continue on error
2025-10-05 20:44:50,373 INFO o.a.j.t.ThreadGroup: Starting thread group... number=1 threads=10 ramp-up=10 delayedStart=false
2025-10-05 20:44:50,382 INFO o.a.j.t.JMeterThread: Thread started: UDP Ingestion 1-1
2025-10-05 20:44:50,402 INFO o.a.j.t.ThreadGroup: Started thread group number 1
2025-10-05 20:44:50,402 INFO o.a.j.e.StandardJMeterEngine: Starting ThreadGroup: 2 : HTTP Searchers
2025-10-05 20:44:50,402 INFO o.a.j.e.StandardJMeterEngine: Starting 10 threads for group HTTP Searchers.
2025-10-05 20:44:50,402 INFO o.a.j.e.StandardJMeterEngine: Thread will continue on error
2025-10-05 20:44:50,402 INFO o.a.j.t.ThreadGroup: Starting thread group... number=2 threads=10 ramp-up=10 delayedStart=false
2025-10-05 20:44:50,403 INFO o.a.j.t.JMeterThread: Thread started: HTTP Searchers 2-1
2025-10-05 20:44:50,408 INFO o.a.j.t.ThreadGroup: Started thread group number 2
2025-10-05 20:44:50,408 INFO o.a.j.e.StandardJMeterEngine: All thread groups have been started
2025-10-05 20:44:50,409 INFO o.a.j.s.SampleResult: Note: Sample TimeStamps are END times
2025-10-05 20:44:50,409 INFO o.a.j.s.SampleResult: sampleresult.default.encoding is set to UTF-8
2025-10-05 20:44:50,409 INFO o.a.j.s.SampleResult: sampleresult.useNanoTime=true
2025-10-05 20:44:50,409 INFO o.a.j.s.SampleResult: sampleresult.nanoThreadSleep=5000
2025-10-05 20:44:50,419 INFO o.a.j.r.Summariser: summary +      1 in 00:00:00 =   14.9/s Avg:     1 Min:     1 Max:     1 Err:     0 (0.00%) Active: 2 Started: 2 Finished: 0
2025-10-05 20:44:50,421 INFO o.a.j.p.h.s.HTTPHCAbstractImpl: Local host = runnervmwhb2z
2025-10-05 20:44:50,426 INFO o.a.j.p.h.s.HTTPHC4Impl: HTTP request retry count = 0
2025-10-05 20:44:51,378 INFO o.a.j.t.JMeterThread: Thread started: UDP Ingestion 1-2
2025-10-05 20:44:51,403 INFO o.a.j.t.JMeterThread: Thread started: HTTP Searchers 2-2
2025-10-05 20:44:52,377 INFO o.a.j.t.JMeterThread: Thread started: UDP Ingestion 1-3
2025-10-05 20:44:52,404 INFO o.a.j.t.JMeterThread: Thread started: HTTP Searchers 2-3
2025-10-05 20:44:53,376 INFO o.a.j.t.JMeterThread: Thread started: UDP Ingestion 1-4
2025-10-05 20:44:53,403 INFO o.a.j.t.JMeterThread: Thread started: HTTP Searchers 2-4
2025-10-05 20:44:54,377 INFO o.a.j.t.JMeterThread: Thread started: UDP Ingestion 1-5
2025-10-05 20:44:54,403 INFO o.a.j.t.JMeterThread: Thread started: HTTP Searchers 2-5
2025-10-05 20:44:55,377 INFO o.a.j.t.JMeterThread: Thread started: UDP Ingestion 1-6
2025-10-05 20:44:55,403 INFO o.a.j.t.JMeterThread: Thread started: HTTP Searchers 2-6
2025-10-05 20:44:56,000 INFO o.a.j.r.Summariser: summary +  20053 in 00:00:06 = 3590.5/s Avg:     0 Min:     0 Max:    24 Err:     0 (0.00%) Active: 12 Started: 12 Finished: 0
2025-10-05 20:44:56,001 INFO o.a.j.r.Summariser: summary =  20054 in 00:00:06 = 3548.1/s Avg:     0 Min:     0 Max:    24 Err:     0 (0.00%)
2025-10-05 20:44:56,376 INFO o.a.j.t.JMeterThread: Thread started: UDP Ingestion 1-7
2025-10-05 20:44:56,403 INFO o.a.j.t.JMeterThread: Thread started: HTTP Searchers 2-7
2025-10-05 20:44:57,375 INFO o.a.j.t.JMeterThread: Thread started: UDP Ingestion 1-8
2025-10-05 20:44:57,403 INFO o.a.j.t.JMeterThread: Thread started: HTTP Searchers 2-8
2025-10-05 20:44:58,376 INFO o.a.j.t.JMeterThread: Thread started: UDP Ingestion 1-9
2025-10-05 20:44:58,403 INFO o.a.j.t.JMeterThread: Thread started: HTTP Searchers 2-9
2025-10-05 20:44:59,376 INFO o.a.j.t.JMeterThread: Thread started: UDP Ingestion 1-10
2025-10-05 20:44:59,403 INFO o.a.j.t.JMeterThread: Thread started: HTTP Searchers 2-10
2025-10-05 20:45:02,000 INFO o.a.j.r.Summariser: summary +  42656 in 00:00:06 = 7109.3/s Avg:     1 Min:     0 Max:    13 Err:     0 (0.00%) Active: 20 Started: 20 Finished: 0
2025-10-05 20:45:02,000 INFO o.a.j.r.Summariser: summary =  62710 in 00:00:12 = 5381.9/s Avg:     1 Min:     0 Max:    24 Err:     0 (0.00%)
2025-10-05 20:45:08,000 INFO o.a.j.r.Summariser: summary +  49894 in 00:00:06 = 8315.7/s Avg:     1 Min:     0 Max:    14 Err:     0 (0.00%) Active: 20 Started: 20 Finished: 0
2025-10-05 20:45:08,000 INFO o.a.j.r.Summariser: summary = 112604 in 00:00:18 = 6379.1/s Avg:     1 Min:     0 Max:    24 Err:     0 (0.00%)
2025-10-05 20:45:14,000 INFO o.a.j.r.Summariser: summary +  50347 in 00:00:06 = 8391.2/s Avg:     1 Min:     0 Max:    10 Err:     0 (0.00%) Active: 20 Started: 20 Finished: 0
2025-10-05 20:45:14,001 INFO o.a.j.r.Summariser: summary = 162951 in 00:00:24 = 6889.5/s Avg:     1 Min:     0 Max:    24 Err:     0 (0.00%)
2025-10-05 20:45:20,000 INFO o.a.j.r.Summariser: summary +  50717 in 00:00:06 = 8452.8/s Avg:     1 Min:     0 Max:    11 Err:     0 (0.00%) Active: 20 Started: 20 Finished: 0
2025-10-05 20:45:20,000 INFO o.a.j.r.Summariser: summary = 213668 in 00:00:30 = 7205.9/s Avg:     1 Min:     0 Max:    24 Err:     0 (0.00%)
2025-10-05 20:45:26,000 INFO o.a.j.r.Summariser: summary +  51164 in 00:00:06 = 8527.3/s Avg:     1 Min:     0 Max:    13 Err:     0 (0.00%) Active: 20 Started: 20 Finished: 0
2025-10-05 20:45:26,000 INFO o.a.j.r.Summariser: summary = 264832 in 00:00:36 = 7428.3/s Avg:     1 Min:     0 Max:    24 Err:     0 (0.00%)
2025-10-05 20:45:32,000 INFO o.a.j.r.Summariser: summary +  52207 in 00:00:06 = 8701.2/s Avg:     1 Min:     0 Max:     9 Err:     0 (0.00%) Active: 20 Started: 20 Finished: 0
2025-10-05 20:45:32,000 INFO o.a.j.r.Summariser: summary = 317039 in 00:00:42 = 7611.6/s Avg:     1 Min:     0 Max:    24 Err:     0 (0.00%)
2025-10-05 20:45:38,000 INFO o.a.j.r.Summariser: summary +  52002 in 00:00:06 = 8667.0/s Avg:     1 Min:     0 Max:     9 Err:     0 (0.00%) Active: 20 Started: 20 Finished: 0
2025-10-05 20:45:38,001 INFO o.a.j.r.Summariser: summary = 369041 in 00:00:48 = 7744.5/s Avg:     1 Min:     0 Max:    24 Err:     0 (0.00%)
2025-10-05 20:45:44,001 INFO o.a.j.r.Summariser: summary +  52153 in 00:00:06 = 8692.2/s Avg:     1 Min:     0 Max:     9 Err:     0 (0.00%) Active: 20 Started: 20 Finished: 0
2025-10-05 20:45:44,002 INFO o.a.j.r.Summariser: summary = 421194 in 00:00:54 = 7850.5/s Avg:     1 Min:     0 Max:    24 Err:     0 (0.00%)
2025-10-05 20:45:50,000 INFO o.a.j.r.Summariser: summary +  52372 in 00:00:06 = 8728.7/s Avg:     1 Min:     0 Max:     8 Err:     0 (0.00%) Active: 20 Started: 20 Finished: 0
2025-10-05 20:45:50,000 INFO o.a.j.r.Summariser: summary = 473566 in 00:01:00 = 7938.8/s Avg:     1 Min:     0 Max:    24 Err:     0 (0.00%)
2025-10-05 20:45:50,341 INFO o.a.j.t.JMeterThread: Thread finished: UDP Ingestion 1-5
2025-10-05 20:45:50,348 INFO o.a.j.t.JMeterThread: Thread finished: UDP Ingestion 1-7
2025-10-05 20:45:50,353 INFO o.a.j.t.JMeterThread: Thread finished: UDP Ingestion 1-3
2025-10-05 20:45:50,361 INFO o.a.j.t.JMeterThread: Thread finished: UDP Ingestion 1-1
2025-10-05 20:45:50,361 INFO o.a.j.t.JMeterThread: Thread finished: UDP Ingestion 1-9
2025-10-05 20:45:50,363 INFO o.a.j.t.JMeterThread: Thread finished: UDP Ingestion 1-6
2025-10-05 20:45:50,366 INFO o.a.j.t.JMeterThread: Thread finished: UDP Ingestion 1-4
2025-10-05 20:45:50,380 INFO o.a.j.t.JMeterThread: Stopping because end time detected by thread: UDP Ingestion 1-2
2025-10-05 20:45:50,380 INFO o.a.j.t.JMeterThread: Thread finished: UDP Ingestion 1-2
2025-10-05 20:45:50,392 INFO o.a.j.t.JMeterThread: Thread finished: UDP Ingestion 1-10
2025-10-05 20:45:50,393 INFO o.a.j.t.JMeterThread: Thread finished: UDP Ingestion 1-8
2025-10-05 20:45:50,402 INFO o.a.j.t.JMeterThread: Stopping because end time detected by thread: HTTP Searchers 2-1
2025-10-05 20:45:50,402 INFO o.a.j.t.JMeterThread: Thread finished: HTTP Searchers 2-1
2025-10-05 20:45:50,403 INFO o.a.j.t.JMeterThread: Stopping because end time detected by thread: HTTP Searchers 2-3
2025-10-05 20:45:50,403 INFO o.a.j.t.JMeterThread: Thread finished: HTTP Searchers 2-3
2025-10-05 20:45:50,404 INFO o.a.j.t.JMeterThread: Stopping because end time detected by thread: HTTP Searchers 2-4
2025-10-05 20:45:50,404 INFO o.a.j.t.JMeterThread: Thread finished: HTTP Searchers 2-4
2025-10-05 20:45:50,404 INFO o.a.j.t.JMeterThread: Stopping because end time detected by thread: HTTP Searchers 2-2
2025-10-05 20:45:50,404 INFO o.a.j.t.JMeterThread: Thread finished: HTTP Searchers 2-2
2025-10-05 20:45:50,405 INFO o.a.j.t.JMeterThread: Stopping because end time detected by thread: HTTP Searchers 2-5
2025-10-05 20:45:50,405 INFO o.a.j.t.JMeterThread: Thread finished: HTTP Searchers 2-5
2025-10-05 20:45:50,406 INFO o.a.j.t.JMeterThread: Stopping because end time detected by thread: HTTP Searchers 2-6
2025-10-05 20:45:50,406 INFO o.a.j.t.JMeterThread: Stopping because end time detected by thread: HTTP Searchers 2-8
2025-10-05 20:45:50,406 INFO o.a.j.t.JMeterThread: Thread finished: HTTP Searchers 2-6
2025-10-05 20:45:50,406 INFO o.a.j.t.JMeterThread: Thread finished: HTTP Searchers 2-8
2025-10-05 20:45:50,406 INFO o.a.j.t.JMeterThread: Stopping because end time detected by thread: HTTP Searchers 2-7
2025-10-05 20:45:50,406 INFO o.a.j.t.JMeterThread: Thread finished: HTTP Searchers 2-7
2025-10-05 20:45:50,407 INFO o.a.j.t.JMeterThread: Stopping because end time detected by thread: HTTP Searchers 2-9
2025-10-05 20:45:50,407 INFO o.a.j.t.JMeterThread: Thread finished: HTTP Searchers 2-9
2025-10-05 20:45:50,407 INFO o.a.j.t.JMeterThread: Stopping because end time detected by thread: HTTP Searchers 2-10
2025-10-05 20:45:50,407 INFO o.a.j.t.JMeterThread: Thread finished: HTTP Searchers 2-10
2025-10-05 20:45:50,407 INFO o.a.j.e.StandardJMeterEngine: Notifying test listeners of end of test
2025-10-05 20:45:50,408 INFO o.a.j.r.Summariser: summary +   3440 in 00:00:00 = 8431.4/s Avg:     1 Min:     0 Max:     7 Err:     0 (0.00%) Active: 0 Started: 20 Finished: 20
2025-10-05 20:45:50,408 INFO o.a.j.r.Summariser: summary = 477006 in 00:01:00 = 7942.2/s Avg:     1 Min:     0 Max:    24 Err:     0 (0.00%)
2025-10-05 20:45:50,409 INFO o.a.j.JMeter: Generating Dashboard
2025-10-05 20:45:50,409 INFO o.a.j.r.d.ReportGenerator: Flushing result collector before report Generation
2025-10-05 20:45:50,420 INFO o.a.j.r.p.NormalizerSampleConsumer: Using format, 'ms', to parse timeStamp field
2025-10-05 20:45:55,563 INFO o.a.j.r.p.AbstractSampleConsumer: class org.apache.jmeter.report.processor.AggregateConsumer#stopProducing(): beginDate produced 0 samples
2025-10-05 20:45:55,563 INFO o.a.j.r.p.AbstractSampleConsumer: class org.apache.jmeter.report.processor.AggregateConsumer#stopProducing(): endDate produced 0 samples
2025-10-05 20:45:55,564 INFO o.a.j.r.p.AbstractSampleConsumer: class org.apache.jmeter.report.processor.ApdexSummaryConsumer#stopProducing(): apdexSummary produced 0 samples
2025-10-05 20:45:55,565 INFO o.a.j.r.p.AbstractSampleConsumer: class org.apache.jmeter.report.processor.RequestsSummaryConsumer#stopProducing(): requestsSummary produced 0 samples
2025-10-05 20:45:55,581 INFO o.a.j.r.p.AbstractSampleConsumer: class org.apache.jmeter.report.processor.StatisticsSummaryConsumer#stopProducing(): statisticsSummary produced 0 samples
2025-10-05 20:45:55,582 INFO o.a.j.r.p.AbstractSampleConsumer: class org.apache.jmeter.report.processor.Top5ErrorsBySamplerConsumer#stopProducing(): top5ErrorsBySampler produced 0 samples
2025-10-05 20:45:55,582 INFO o.a.j.r.p.AbstractSampleConsumer: class org.apache.jmeter.report.processor.ErrorsSummaryConsumer#stopProducing(): errorsSummary produced 0 samples
2025-10-05 20:45:55,582 INFO o.a.j.r.p.AbstractSampleConsumer: class org.apache.jmeter.report.processor.graph.impl.HitsPerSecondGraphConsumer#stopProducing(): hitsPerSecond produced 0 samples
2025-10-05 20:45:57,046 INFO o.a.j.r.p.AbstractSampleConsumer: class org.apache.jmeter.report.processor.graph.impl.LatencyVSRequestGraphConsumer#stopProducing(): latencyVsRequest produced 0 samples
2025-10-05 20:45:57,060 INFO o.a.j.r.p.AbstractSampleConsumer: class org.apache.jmeter.report.processor.graph.impl.SyntheticResponseTimeDistributionGraphConsumer#stopProducing(): syntheticResponseTimeDistribution produced 0 samples
2025-10-05 20:45:57,061 INFO o.a.j.r.p.AbstractSampleConsumer: class org.apache.jmeter.report.processor.graph.impl.BytesThroughputGraphConsumer#stopProducing(): bytesThroughputOverTime produced 0 samples
2025-10-05 20:45:57,061 INFO o.a.j.r.p.AbstractSampleConsumer: class org.apache.jmeter.report.processor.graph.impl.CodesPerSecondGraphConsumer#stopProducing(): codesPerSecond produced 0 samples
2025-10-05 20:45:58,468 INFO o.a.j.r.p.AbstractSampleConsumer: class org.apache.jmeter.report.processor.graph.impl.ResponseTimeVSRequestGraphConsumer#stopProducing(): responseTimeVsRequest produced 0 samples
2025-10-05 20:45:58,474 INFO o.a.j.r.p.AbstractSampleConsumer: class org.apache.jmeter.report.processor.FilterConsumer#stopProducing(): startIntervalControlerFilter produced 3339042 samples
2025-10-05 20:45:58,475 INFO o.a.j.r.p.AbstractSampleConsumer: class org.apache.jmeter.report.processor.graph.impl.TotalTPSGraphConsumer#stopProducing(): totalTPS produced 0 samples
2025-10-05 20:45:58,475 INFO o.a.j.r.p.AbstractSampleConsumer: class org.apache.jmeter.report.processor.graph.impl.ActiveThreadsGraphConsumer#stopProducing(): activeThreadsOverTime produced 0 samples
2025-10-05 20:45:58,475 INFO o.a.j.r.p.AbstractSampleConsumer: class org.apache.jmeter.report.processor.graph.impl.TimeVSThreadGraphConsumer#stopProducing(): timeVsThreads produced 0 samples
2025-10-05 20:45:58,475 INFO o.a.j.r.p.AbstractSampleConsumer: class org.apache.jmeter.report.processor.graph.impl.ResponseTimeDistributionGraphConsumer#stopProducing(): responseTimeDistribution produced 0 samples
2025-10-05 20:45:58,475 INFO o.a.j.r.p.AbstractSampleConsumer: class org.apache.jmeter.report.processor.graph.impl.TransactionsPerSecondGraphConsumer#stopProducing(): transactionsPerSecond produced 0 samples
2025-10-05 20:45:58,475 INFO o.a.j.r.p.AbstractSampleConsumer: class org.apache.jmeter.report.processor.graph.impl.ResponseTimePercentilesGraphConsumer#stopProducing(): responseTimePercentiles produced 0 samples
2025-10-05 20:45:58,476 INFO o.a.j.r.p.AbstractSampleConsumer: class org.apache.jmeter.report.processor.graph.impl.ResponseTimePercentilesOverTimeGraphConsumer#stopProducing(): responseTimePercentilesOverTime produced 0 samples
2025-10-05 20:45:58,478 INFO o.a.j.r.p.AbstractSampleConsumer: class org.apache.jmeter.report.processor.graph.impl.ResponseTimeOverTimeGraphConsumer#stopProducing(): responseTimesOverTime produced 0 samples
2025-10-05 20:45:58,478 INFO o.a.j.r.p.AbstractSampleConsumer: class org.apache.jmeter.report.processor.graph.impl.ConnectTimeOverTimeGraphConsumer#stopProducing(): connectTimeOverTime produced 0 samples
2025-10-05 20:45:58,478 INFO o.a.j.r.p.AbstractSampleConsumer: class org.apache.jmeter.report.processor.graph.impl.LatencyOverTimeGraphConsumer#stopProducing(): latenciesOverTime produced 0 samples
2025-10-05 20:45:58,478 INFO o.a.j.r.p.AbstractSampleConsumer: class org.apache.jmeter.report.processor.FilterConsumer#stopProducing(): nameFilter produced 7155090 samples
2025-10-05 20:45:58,478 INFO o.a.j.r.p.AbstractSampleConsumer: class org.apache.jmeter.report.processor.FilterConsumer#stopProducing(): dateRangeFilter produced 1431018 samples
2025-10-05 20:45:58,478 INFO o.a.j.r.p.AbstractSampleConsumer: class org.apache.jmeter.report.processor.NormalizerSampleConsumer#stopProducing(): normalizer produced 477006 samples
2025-10-05 20:45:58,479 INFO o.a.j.r.p.CsvFileSampleSource: produce(): 477006 samples produced in 8s 37 ms on channel 0
2025-10-05 20:45:58,479 INFO o.a.j.r.d.ReportGenerator: Exporting data using exporter:'json' of className:'org.apache.jmeter.report.dashboard.JsonExporter'
2025-10-05 20:45:58,568 INFO o.a.j.r.d.JsonExporter: Found data for consumer statisticsSummary in context
2025-10-05 20:45:58,568 INFO o.a.j.r.d.JsonExporter: Creating statistics for overall
2025-10-05 20:45:58,569 INFO o.a.j.r.d.JsonExporter: Creating statistics for other transactions
2025-10-05 20:45:58,569 INFO o.a.j.r.d.JsonExporter: Checking output folder
2025-10-05 20:45:58,570 INFO o.a.j.r.d.JsonExporter: Writing statistics JSON to /home/runner/work/grepwise/grepwise/target/jmeter/reports/combined-parallel-bsh/statistics.json
2025-10-05 20:45:58,605 INFO o.a.j.r.d.ReportGenerator: Exporting data using exporter:'html' of className:'org.apache.jmeter.report.dashboard.HtmlTemplateExporter'
2025-10-05 20:45:58,607 INFO o.a.j.r.d.HtmlTemplateExporter: Will generate dashboard in folder: /home/runner/work/grepwise/grepwise/target/jmeter/reports/combined-parallel-bsh
2025-10-05 20:45:58,678 INFO o.a.j.r.d.HtmlTemplateExporter: Report will be generated in: /home/runner/work/grepwise/grepwise/target/jmeter/reports/combined-parallel-bsh, creating folder structure
2025-10-05 20:45:58,680 INFO o.a.j.r.d.TemplateVisitor: Copying folder from '/home/runner/work/grepwise/grepwise/target/abafd350-6882-478c-ba4e-17fe4d5abf75/jmeter/bin/report-template' to '/home/runner/work/grepwise/grepwise/target/jmeter/reports/combined-parallel-bsh', got message: /home/runner/work/grepwise/grepwise/target/jmeter/reports/combined-parallel-bsh, found non empty folder with following content [/home/runner/work/grepwise/grepwise/target/jmeter/reports/combined-parallel-bsh/statistics.json], will be ignored
2025-10-05 20:45:58,853 INFO o.a.j.JMeter: Dashboard generated
