2025-10-05 20:43:46,835 INFO o.a.j.u.JMeterUtils: Setting Locale to en
2025-10-05 20:43:46,849 INFO o.a.j.JMeter: Loading additional properties from: /home/runner/work/grepwise/grepwise/src/test/jmeter/jmeter.properties
2025-10-05 20:43:46,849 INFO o.a.j.JMeter: Setting System property: sun.net.http.allowRestrictedHeaders=true
2025-10-05 20:43:46,854 INFO o.a.j.JMeter: Copyright (c) 1998-2023 The Apache Software Foundation
2025-10-05 20:43:46,854 INFO o.a.j.JMeter: Version 5.6.2
2025-10-05 20:43:46,854 INFO o.a.j.JMeter: java.version=25
2025-10-05 20:43:46,855 INFO o.a.j.JMeter: java.vm.name=OpenJDK 64-Bit Server VM
2025-10-05 20:43:46,855 INFO o.a.j.JMeter: os.name=Linux
2025-10-05 20:43:46,855 INFO o.a.j.JMeter: os.arch=amd64
2025-10-05 20:43:46,855 INFO o.a.j.JMeter: os.version=6.11.0-1018-azure
2025-10-05 20:43:46,855 INFO o.a.j.JMeter: file.encoding=UTF-8
2025-10-05 20:43:46,855 INFO o.a.j.JMeter: java.awt.headless=true
2025-10-05 20:43:46,855 INFO o.a.j.JMeter: Max memory     =536870912
2025-10-05 20:43:46,855 INFO o.a.j.JMeter: Available Processors =4
2025-10-05 20:43:46,865 INFO o.a.j.JMeter: Default Locale=English
2025-10-05 20:43:46,866 INFO o.a.j.JMeter: JMeter  Locale=English
2025-10-05 20:43:46,866 INFO o.a.j.JMeter: JMeterHome=/home/runner/work/grepwise/grepwise/target/abafd350-6882-478c-ba4e-17fe4d5abf75/jmeter
2025-10-05 20:43:46,866 INFO o.a.j.JMeter: user.dir  =/home/runner/work/grepwise/grepwise/target/abafd350-6882-478c-ba4e-17fe4d5abf75/jmeter/bin
2025-10-05 20:43:46,866 INFO o.a.j.JMeter: PWD       =/home/runner/work/grepwise/grepwise/target/abafd350-6882-478c-ba4e-17fe4d5abf75/jmeter/bin
2025-10-05 20:43:46,866 INFO o.a.j.JMeter: IP: 10.1.0.130 Name: runnervmwhb2z FullName: runnervmwhb2z.do3hyeqjqakedjyqlio5j1o5xh.cx.internal.cloudapp.net
2025-10-05 20:43:46,876 INFO o.a.j.JMeter: Setting property 'jmeter.reportgenerator.outputdir' to:'/home/runner/work/grepwise/grepwise/target/jmeter/reports/http-search'
2025-10-05 20:43:46,878 INFO o.a.j.s.FileServer: Default base='/home/runner/work/grepwise/grepwise/target/abafd350-6882-478c-ba4e-17fe4d5abf75/jmeter/bin'
2025-10-05 20:43:46,878 INFO o.a.j.s.FileServer: Set new base='/home/runner/work/grepwise/grepwise/target/jmeter/testFiles'
2025-10-05 20:43:47,103 INFO o.a.j.s.SaveService: Testplan (JMX) version: 2.2. Testlog (JTL) version: 2.2
2025-10-05 20:43:47,124 INFO o.a.j.s.SaveService: Using SaveService properties version 5.0
2025-10-05 20:43:47,127 INFO o.a.j.s.SaveService: Using SaveService properties file encoding UTF-8
2025-10-05 20:43:47,131 INFO o.a.j.s.SaveService: Loading file: /home/runner/work/grepwise/grepwise/target/jmeter/testFiles/http-search.jmx
2025-10-05 20:43:47,198 INFO o.a.j.JMeter: Creating summariser <summary>
2025-10-05 20:43:47,201 INFO o.a.j.r.d.ReportGenerator: ReportGenerator will use for Parsing the separator: ','
2025-10-05 20:43:47,201 INFO o.a.j.r.d.ReportGenerator: Will generate report at end of test from  results file: /home/runner/work/grepwise/grepwise/target/jmeter/results/20251005-http-search.csv
2025-10-05 20:43:47,201 INFO o.a.j.r.d.ReportGenerator: Reading report generator properties from: /home/runner/work/grepwise/grepwise/target/abafd350-6882-478c-ba4e-17fe4d5abf75/jmeter/bin/reportgenerator.properties
2025-10-05 20:43:47,202 INFO o.a.j.r.d.ReportGenerator: Merging with JMeter properties
2025-10-05 20:43:47,204 INFO o.a.j.r.c.ReportGeneratorConfiguration: Property 'jmeter.reportgenerator.temp_dir' not found, using default value 'temp' instead.
2025-10-05 20:43:47,207 INFO o.a.j.r.c.ReportGeneratorConfiguration: Property 'jmeter.reportgenerator.apdex_per_transaction' not found, using default value 'null' instead.
2025-10-05 20:43:47,207 INFO o.a.j.r.c.ReportGeneratorConfiguration: apdex_per_transaction is empty, not APDEX per transaction customization
2025-10-05 20:43:47,207 INFO o.a.j.r.c.ReportGeneratorConfiguration: Property 'jmeter.reportgenerator.sample_filter' not found, using default value 'null' instead.
2025-10-05 20:43:47,207 INFO o.a.j.r.c.ReportGeneratorConfiguration: Property 'jmeter.reportgenerator.report_title' not found, using default value 'null' instead.
2025-10-05 20:43:47,207 INFO o.a.j.r.c.ReportGeneratorConfiguration: Property 'jmeter.reportgenerator.start_date' not found, using default value 'null' instead.
2025-10-05 20:43:47,207 INFO o.a.j.r.c.ReportGeneratorConfiguration: Property 'jmeter.reportgenerator.end_date' not found, using default value 'null' instead.
2025-10-05 20:43:47,207 INFO o.a.j.r.c.ReportGeneratorConfiguration: Property 'jmeter.reportgenerator.date_format' not found, using default value 'null' instead.
2025-10-05 20:43:47,207 INFO o.a.j.r.c.ReportGeneratorConfiguration: Will use date range start date: null, end date: null
2025-10-05 20:43:47,210 INFO o.a.j.r.c.ReportGeneratorConfiguration: Property 'jmeter.reportgenerator.graph.totalTPS.exclude_controllers' not found, using default value 'false' instead.
2025-10-05 20:43:47,210 INFO o.a.j.r.c.ReportGeneratorConfiguration: Property 'jmeter.reportgenerator.graph.activeThreadsOverTime.exclude_controllers' not found, using default value 'false' instead.
2025-10-05 20:43:47,210 INFO o.a.j.r.c.ReportGeneratorConfiguration: Property 'jmeter.reportgenerator.graph.timeVsThreads.exclude_controllers' not found, using default value 'false' instead.
2025-10-05 20:43:47,210 INFO o.a.j.r.c.ReportGeneratorConfiguration: Property 'jmeter.reportgenerator.graph.responseTimeDistribution.exclude_controllers' not found, using default value 'false' instead.
2025-10-05 20:43:47,210 INFO o.a.j.r.c.ReportGeneratorConfiguration: Property 'jmeter.reportgenerator.graph.transactionsPerSecond.exclude_controllers' not found, using default value 'false' instead.
2025-10-05 20:43:47,211 INFO o.a.j.r.c.ReportGeneratorConfiguration: Property 'jmeter.reportgenerator.graph.responseTimePercentiles.exclude_controllers' not found, using default value 'false' instead.
2025-10-05 20:43:47,211 INFO o.a.j.r.c.ReportGeneratorConfiguration: Property 'jmeter.reportgenerator.graph.responseTimePercentilesOverTime.exclude_controllers' not found, using default value 'false' instead.
2025-10-05 20:43:47,211 INFO o.a.j.r.c.ReportGeneratorConfiguration: Property 'jmeter.reportgenerator.graph.responseTimesOverTime.exclude_controllers' not found, using default value 'false' instead.
2025-10-05 20:43:47,211 INFO o.a.j.r.c.ReportGeneratorConfiguration: Property 'jmeter.reportgenerator.graph.connectTimeOverTime.exclude_controllers' not found, using default value 'false' instead.
2025-10-05 20:43:47,211 INFO o.a.j.r.c.ReportGeneratorConfiguration: Property 'jmeter.reportgenerator.graph.latenciesOverTime.exclude_controllers' not found, using default value 'false' instead.
2025-10-05 20:43:47,212 INFO o.a.j.r.c.ReportGeneratorConfiguration: Property 'jmeter.reportgenerator.exporter.json.filters_only_sample_series' not found, using default value 'true' instead.
2025-10-05 20:43:47,212 INFO o.a.j.r.c.ReportGeneratorConfiguration: Property 'jmeter.reportgenerator.exporter.json.series_filter' not found, using default value '' instead.
2025-10-05 20:43:47,212 INFO o.a.j.r.c.ReportGeneratorConfiguration: Property 'jmeter.reportgenerator.exporter.json.show_controllers_only' not found, using default value 'false' instead.
2025-10-05 20:43:47,212 INFO o.a.j.r.c.ReportGeneratorConfiguration: Property 'jmeter.reportgenerator.exporter.html.filters_only_sample_series' not found, using default value 'true' instead.
2025-10-05 20:43:47,212 INFO o.a.j.r.c.ReportGeneratorConfiguration: Property 'jmeter.reportgenerator.exporter.html.series_filter' not found, using default value '' instead.
2025-10-05 20:43:47,212 INFO o.a.j.r.c.ReportGeneratorConfiguration: Property 'jmeter.reportgenerator.exporter.html.show_controllers_only' not found, using default value 'false' instead.
2025-10-05 20:43:47,222 INFO o.a.j.e.StandardJMeterEngine: Running the test!
2025-10-05 20:43:47,222 INFO o.a.j.s.SampleEvent: List of sample_variables: []
2025-10-05 20:43:47,222 INFO o.a.j.s.SampleEvent: List of sample_variables: []
2025-10-05 20:43:47,286 INFO o.a.j.JMeter: Running test (1759697027286)
2025-10-05 20:43:47,308 INFO o.a.j.e.StandardJMeterEngine: Starting ThreadGroup: 1 : Searchers
2025-10-05 20:43:47,309 INFO o.a.j.e.StandardJMeterEngine: Starting 10 threads for group Searchers.
2025-10-05 20:43:47,309 INFO o.a.j.e.StandardJMeterEngine: Thread will continue on error
2025-10-05 20:43:47,309 INFO o.a.j.t.ThreadGroup: Starting thread group... number=1 threads=10 ramp-up=10 delayedStart=false
2025-10-05 20:43:47,317 INFO o.a.j.t.JMeterThread: Thread started: Searchers 1-1
2025-10-05 20:43:47,321 INFO o.a.j.t.ThreadGroup: Started thread group number 1
2025-10-05 20:43:47,321 INFO o.a.j.e.StandardJMeterEngine: All thread groups have been started
2025-10-05 20:43:47,587 INFO o.a.j.p.h.s.HTTPHCAbstractImpl: Local host = runnervmwhb2z
2025-10-05 20:43:47,592 INFO o.a.j.p.h.s.HTTPHC4Impl: HTTP request retry count = 0
2025-10-05 20:43:47,593 INFO o.a.j.s.SampleResult: Note: Sample TimeStamps are END times
2025-10-05 20:43:47,593 INFO o.a.j.s.SampleResult: sampleresult.default.encoding is set to UTF-8
2025-10-05 20:43:47,593 INFO o.a.j.s.SampleResult: sampleresult.useNanoTime=true
2025-10-05 20:43:47,593 INFO o.a.j.s.SampleResult: sampleresult.nanoThreadSleep=5000
2025-10-05 20:43:47,675 INFO o.a.j.r.Summariser: summary +      1 in 00:00:00 =    2.6/s Avg:    26 Min:    26 Max:    26 Err:     0 (0.00%) Active: 1 Started: 1 Finished: 0
2025-10-05 20:43:48,312 INFO o.a.j.t.JMeterThread: Thread started: Searchers 1-2
2025-10-05 20:43:49,311 INFO o.a.j.t.JMeterThread: Thread started: Searchers 1-3
2025-10-05 20:43:50,311 INFO o.a.j.t.JMeterThread: Thread started: Searchers 1-4
2025-10-05 20:43:51,310 INFO o.a.j.t.JMeterThread: Thread started: Searchers 1-5
2025-10-05 20:43:52,310 INFO o.a.j.t.JMeterThread: Thread started: Searchers 1-6
2025-10-05 20:43:53,096 INFO o.a.j.r.Summariser: summary +     53 in 00:00:05 =    9.8/s Avg:     1 Min:     1 Max:     8 Err:     0 (0.00%) Active: 6 Started: 6 Finished: 0
2025-10-05 20:43:53,096 INFO o.a.j.r.Summariser: summary =     54 in 00:00:06 =    9.3/s Avg:     2 Min:     1 Max:    26 Err:     0 (0.00%)
2025-10-05 20:43:53,311 INFO o.a.j.t.JMeterThread: Thread started: Searchers 1-7
2025-10-05 20:43:54,311 INFO o.a.j.t.JMeterThread: Thread started: Searchers 1-8
2025-10-05 20:43:55,310 INFO o.a.j.t.JMeterThread: Thread started: Searchers 1-9
2025-10-05 20:43:56,310 INFO o.a.j.t.JMeterThread: Thread started: Searchers 1-10
2025-10-05 20:43:59,011 INFO o.a.j.r.Summariser: summary +    150 in 00:00:06 =   25.4/s Avg:     1 Min:     0 Max:     7 Err:     0 (0.00%) Active: 10 Started: 10 Finished: 0
2025-10-05 20:43:59,011 INFO o.a.j.r.Summariser: summary =    204 in 00:00:12 =   17.4/s Avg:     1 Min:     0 Max:    26 Err:     0 (0.00%)
2025-10-05 20:44:05,004 INFO o.a.j.r.Summariser: summary +    171 in 00:00:06 =   28.5/s Avg:     1 Min:     0 Max:     4 Err:     0 (0.00%) Active: 10 Started: 10 Finished: 0
2025-10-05 20:44:05,004 INFO o.a.j.r.Summariser: summary =    375 in 00:00:18 =   21.2/s Avg:     1 Min:     0 Max:    26 Err:     0 (0.00%)
2025-10-05 20:44:11,054 INFO o.a.j.r.Summariser: summary +    168 in 00:00:06 =   27.8/s Avg:     0 Min:     0 Max:     2 Err:     0 (0.00%) Active: 10 Started: 10 Finished: 0
2025-10-05 20:44:11,054 INFO o.a.j.r.Summariser: summary =    543 in 00:00:24 =   22.8/s Avg:     1 Min:     0 Max:    26 Err:     0 (0.00%)
2025-10-05 20:44:17,018 INFO o.a.j.r.Summariser: summary +    169 in 00:00:06 =   28.3/s Avg:     0 Min:     0 Max:     2 Err:     0 (0.00%) Active: 10 Started: 10 Finished: 0
2025-10-05 20:44:17,018 INFO o.a.j.r.Summariser: summary =    712 in 00:00:30 =   23.9/s Avg:     1 Min:     0 Max:    26 Err:     0 (0.00%)
2025-10-05 20:44:23,043 INFO o.a.j.r.Summariser: summary +    173 in 00:00:06 =   28.7/s Avg:     0 Min:     0 Max:     2 Err:     0 (0.00%) Active: 10 Started: 10 Finished: 0
2025-10-05 20:44:23,043 INFO o.a.j.r.Summariser: summary =    885 in 00:00:36 =   24.8/s Avg:     1 Min:     0 Max:    26 Err:     0 (0.00%)
2025-10-05 20:44:29,002 INFO o.a.j.r.Summariser: summary +    168 in 00:00:06 =   28.2/s Avg:     0 Min:     0 Max:     2 Err:     0 (0.00%) Active: 10 Started: 10 Finished: 0
2025-10-05 20:44:29,002 INFO o.a.j.r.Summariser: summary =   1053 in 00:00:42 =   25.2/s Avg:     1 Min:     0 Max:    26 Err:     0 (0.00%)
2025-10-05 20:44:35,019 INFO o.a.j.r.Summariser: summary +    173 in 00:00:06 =   28.8/s Avg:     0 Min:     0 Max:     2 Err:     0 (0.00%) Active: 10 Started: 10 Finished: 0
2025-10-05 20:44:35,019 INFO o.a.j.r.Summariser: summary =   1226 in 00:00:48 =   25.7/s Avg:     1 Min:     0 Max:    26 Err:     0 (0.00%)
2025-10-05 20:44:41,171 INFO o.a.j.r.Summariser: summary +    173 in 00:00:06 =   28.1/s Avg:     0 Min:     0 Max:     2 Err:     0 (0.00%) Active: 10 Started: 10 Finished: 0
2025-10-05 20:44:41,171 INFO o.a.j.r.Summariser: summary =   1399 in 00:00:54 =   26.0/s Avg:     0 Min:     0 Max:    26 Err:     0 (0.00%)
2025-10-05 20:44:46,914 INFO o.a.j.t.JMeterThread: Thread finished: Searchers 1-9
2025-10-05 20:44:46,994 INFO o.a.j.t.JMeterThread: Thread finished: Searchers 1-6
2025-10-05 20:44:47,006 INFO o.a.j.r.Summariser: summary +    171 in 00:00:06 =   29.3/s Avg:     0 Min:     0 Max:     2 Err:     0 (0.00%) Active: 8 Started: 10 Finished: 2
2025-10-05 20:44:47,006 INFO o.a.j.r.Summariser: summary =   1570 in 00:01:00 =   26.3/s Avg:     0 Min:     0 Max:    26 Err:     0 (0.00%)
2025-10-05 20:44:47,075 INFO o.a.j.t.JMeterThread: Thread finished: Searchers 1-2
2025-10-05 20:44:47,088 INFO o.a.j.t.JMeterThread: Thread finished: Searchers 1-10
2025-10-05 20:44:47,132 INFO o.a.j.t.JMeterThread: Thread finished: Searchers 1-1
2025-10-05 20:44:47,150 INFO o.a.j.t.JMeterThread: Thread finished: Searchers 1-7
2025-10-05 20:44:47,173 INFO o.a.j.t.JMeterThread: Thread finished: Searchers 1-8
2025-10-05 20:44:47,174 INFO o.a.j.t.JMeterThread: Thread finished: Searchers 1-5
2025-10-05 20:44:47,243 INFO o.a.j.t.JMeterThread: Thread finished: Searchers 1-4
2025-10-05 20:44:47,253 INFO o.a.j.t.JMeterThread: Thread finished: Searchers 1-3
2025-10-05 20:44:47,253 INFO o.a.j.e.StandardJMeterEngine: Notifying test listeners of end of test
2025-10-05 20:44:47,254 INFO o.a.j.r.Summariser: summary +      9 in 00:00:00 =   36.3/s Avg:     0 Min:     0 Max:     1 Err:     0 (0.00%) Active: 0 Started: 10 Finished: 10
2025-10-05 20:44:47,254 INFO o.a.j.r.Summariser: summary =   1579 in 00:01:00 =   26.3/s Avg:     0 Min:     0 Max:    26 Err:     0 (0.00%)
2025-10-05 20:44:47,255 INFO o.a.j.JMeter: Generating Dashboard
2025-10-05 20:44:47,255 INFO o.a.j.r.d.ReportGenerator: Flushing result collector before report Generation
2025-10-05 20:44:47,265 INFO o.a.j.r.p.NormalizerSampleConsumer: Using format, 'ms', to parse timeStamp field
2025-10-05 20:44:47,391 INFO o.a.j.r.p.AbstractSampleConsumer: class org.apache.jmeter.report.processor.AggregateConsumer#stopProducing(): beginDate produced 0 samples
2025-10-05 20:44:47,391 INFO o.a.j.r.p.AbstractSampleConsumer: class org.apache.jmeter.report.processor.AggregateConsumer#stopProducing(): endDate produced 0 samples
2025-10-05 20:44:47,393 INFO o.a.j.r.p.AbstractSampleConsumer: class org.apache.jmeter.report.processor.ApdexSummaryConsumer#stopProducing(): apdexSummary produced 0 samples
2025-10-05 20:44:47,393 INFO o.a.j.r.p.AbstractSampleConsumer: class org.apache.jmeter.report.processor.RequestsSummaryConsumer#stopProducing(): requestsSummary produced 0 samples
2025-10-05 20:44:47,398 INFO o.a.j.r.p.AbstractSampleConsumer: class org.apache.jmeter.report.processor.StatisticsSummaryConsumer#stopProducing(): statisticsSummary produced 0 samples
2025-10-05 20:44:47,400 INFO o.a.j.r.p.AbstractSampleConsumer: class org.apache.jmeter.report.processor.Top5ErrorsBySamplerConsumer#stopProducing(): top5ErrorsBySampler produced 0 samples
2025-10-05 20:44:47,400 INFO o.a.j.r.p.AbstractSampleConsumer: class org.apache.jmeter.report.processor.ErrorsSummaryConsumer#stopProducing(): errorsSummary produced 0 samples
2025-10-05 20:44:47,400 INFO o.a.j.r.p.AbstractSampleConsumer: class org.apache.jmeter.report.processor.graph.impl.HitsPerSecondGraphConsumer#stopProducing(): hitsPerSecond produced 0 samples
2025-10-05 20:44:47,426 INFO o.a.j.r.p.AbstractSampleConsumer: class org.apache.jmeter.report.processor.graph.impl.LatencyVSRequestGraphConsumer#stopProducing(): latencyVsRequest produced 0 samples
2025-10-05 20:44:47,427 INFO o.a.j.r.p.AbstractSampleConsumer: class org.apache.jmeter.report.processor.graph.impl.SyntheticResponseTimeDistributionGraphConsumer#stopProducing(): syntheticResponseTimeDistribution produced 0 samples
2025-10-05 20:44:47,427 INFO o.a.j.r.p.AbstractSampleConsumer: class org.apache.jmeter.report.processor.graph.impl.BytesThroughputGraphConsumer#stopProducing(): bytesThroughputOverTime produced 0 samples
2025-10-05 20:44:47,427 INFO o.a.j.r.p.AbstractSampleConsumer: class org.apache.jmeter.report.processor.graph.impl.CodesPerSecondGraphConsumer#stopProducing(): codesPerSecond produced 0 samples
2025-10-05 20:44:47,441 INFO o.a.j.r.p.AbstractSampleConsumer: class org.apache.jmeter.report.processor.graph.impl.ResponseTimeVSRequestGraphConsumer#stopProducing(): responseTimeVsRequest produced 0 samples
2025-10-05 20:44:47,442 INFO o.a.j.r.p.AbstractSampleConsumer: class org.apache.jmeter.report.processor.FilterConsumer#stopProducing(): startIntervalControlerFilter produced 11053 samples
2025-10-05 20:44:47,442 INFO o.a.j.r.p.AbstractSampleConsumer: class org.apache.jmeter.report.processor.graph.impl.TotalTPSGraphConsumer#stopProducing(): totalTPS produced 0 samples
2025-10-05 20:44:47,442 INFO o.a.j.r.p.AbstractSampleConsumer: class org.apache.jmeter.report.processor.graph.impl.ActiveThreadsGraphConsumer#stopProducing(): activeThreadsOverTime produced 0 samples
2025-10-05 20:44:47,442 INFO o.a.j.r.p.AbstractSampleConsumer: class org.apache.jmeter.report.processor.graph.impl.TimeVSThreadGraphConsumer#stopProducing(): timeVsThreads produced 0 samples
2025-10-05 20:44:47,442 INFO o.a.j.r.p.AbstractSampleConsumer: class org.apache.jmeter.report.processor.graph.impl.ResponseTimeDistributionGraphConsumer#stopProducing(): responseTimeDistribution produced 0 samples
2025-10-05 20:44:47,443 INFO o.a.j.r.p.AbstractSampleConsumer: class org.apache.jmeter.report.processor.graph.impl.TransactionsPerSecondGraphConsumer#stopProducing(): transactionsPerSecond produced 0 samples
2025-10-05 20:44:47,443 INFO o.a.j.r.p.AbstractSampleConsumer: class org.apache.jmeter.report.processor.graph.impl.ResponseTimePercentilesGraphConsumer#stopProducing(): responseTimePercentiles produced 0 samples
2025-10-05 20:44:47,443 INFO o.a.j.r.p.AbstractSampleConsumer: class org.apache.jmeter.report.processor.graph.impl.ResponseTimePercentilesOverTimeGraphConsumer#stopProducing(): responseTimePercentilesOverTime produced 0 samples
2025-10-05 20:44:47,444 INFO o.a.j.r.p.AbstractSampleConsumer: class org.apache.jmeter.report.processor.graph.impl.ResponseTimeOverTimeGraphConsumer#stopProducing(): responseTimesOverTime produced 0 samples
2025-10-05 20:44:47,444 INFO o.a.j.r.p.AbstractSampleConsumer: class org.apache.jmeter.report.processor.graph.impl.ConnectTimeOverTimeGraphConsumer#stopProducing(): connectTimeOverTime produced 0 samples
2025-10-05 20:44:47,444 INFO o.a.j.r.p.AbstractSampleConsumer: class org.apache.jmeter.report.processor.graph.impl.LatencyOverTimeGraphConsumer#stopProducing(): latenciesOverTime produced 0 samples
2025-10-05 20:44:47,445 INFO o.a.j.r.p.AbstractSampleConsumer: class org.apache.jmeter.report.processor.FilterConsumer#stopProducing(): nameFilter produced 23685 samples
2025-10-05 20:44:47,445 INFO o.a.j.r.p.AbstractSampleConsumer: class org.apache.jmeter.report.processor.FilterConsumer#stopProducing(): dateRangeFilter produced 4737 samples
2025-10-05 20:44:47,445 INFO o.a.j.r.p.AbstractSampleConsumer: class org.apache.jmeter.report.processor.NormalizerSampleConsumer#stopProducing(): normalizer produced 1579 samples
2025-10-05 20:44:47,445 INFO o.a.j.r.p.CsvFileSampleSource: produce(): 1579 samples produced in 154ms on channel 0
2025-10-05 20:44:47,445 INFO o.a.j.r.d.ReportGenerator: Exporting data using exporter:'json' of className:'org.apache.jmeter.report.dashboard.JsonExporter'
2025-10-05 20:44:47,536 INFO o.a.j.r.d.JsonExporter: Found data for consumer statisticsSummary in context
2025-10-05 20:44:47,536 INFO o.a.j.r.d.JsonExporter: Creating statistics for overall
2025-10-05 20:44:47,536 INFO o.a.j.r.d.JsonExporter: Creating statistics for other transactions
2025-10-05 20:44:47,536 INFO o.a.j.r.d.JsonExporter: Checking output folder
2025-10-05 20:44:47,537 INFO o.a.j.r.d.JsonExporter: Writing statistics JSON to /home/runner/work/grepwise/grepwise/target/jmeter/reports/http-search/statistics.json
2025-10-05 20:44:47,572 INFO o.a.j.r.d.ReportGenerator: Exporting data using exporter:'html' of className:'org.apache.jmeter.report.dashboard.HtmlTemplateExporter'
2025-10-05 20:44:47,574 INFO o.a.j.r.d.HtmlTemplateExporter: Will generate dashboard in folder: /home/runner/work/grepwise/grepwise/target/jmeter/reports/http-search
2025-10-05 20:44:47,649 INFO o.a.j.r.d.HtmlTemplateExporter: Report will be generated in: /home/runner/work/grepwise/grepwise/target/jmeter/reports/http-search, creating folder structure
2025-10-05 20:44:47,651 INFO o.a.j.r.d.TemplateVisitor: Copying folder from '/home/runner/work/grepwise/grepwise/target/abafd350-6882-478c-ba4e-17fe4d5abf75/jmeter/bin/report-template' to '/home/runner/work/grepwise/grepwise/target/jmeter/reports/http-search', got message: /home/runner/work/grepwise/grepwise/target/jmeter/reports/http-search, found non empty folder with following content [/home/runner/work/grepwise/grepwise/target/jmeter/reports/http-search/statistics.json], will be ignored
2025-10-05 20:44:47,832 INFO o.a.j.JMeter: Dashboard generated
