2025-10-05 20:42:41,026 INFO o.a.j.u.JMeterUtils: Setting Locale to en
2025-10-05 20:42:41,045 INFO o.a.j.JMeter: Loading additional properties from: /home/runner/work/grepwise/grepwise/src/test/jmeter/jmeter.properties
2025-10-05 20:42:41,045 INFO o.a.j.JMeter: Setting System property: sun.net.http.allowRestrictedHeaders=true
2025-10-05 20:42:41,050 INFO o.a.j.JMeter: Copyright (c) 1998-2023 The Apache Software Foundation
2025-10-05 20:42:41,050 INFO o.a.j.JMeter: Version 5.6.2
2025-10-05 20:42:41,050 INFO o.a.j.JMeter: java.version=25
2025-10-05 20:42:41,050 INFO o.a.j.JMeter: java.vm.name=OpenJDK 64-Bit Server VM
2025-10-05 20:42:41,050 INFO o.a.j.JMeter: os.name=Linux
2025-10-05 20:42:41,050 INFO o.a.j.JMeter: os.arch=amd64
2025-10-05 20:42:41,050 INFO o.a.j.JMeter: os.version=6.11.0-1018-azure
2025-10-05 20:42:41,050 INFO o.a.j.JMeter: file.encoding=UTF-8
2025-10-05 20:42:41,050 INFO o.a.j.JMeter: java.awt.headless=true
2025-10-05 20:42:41,050 INFO o.a.j.JMeter: Max memory     =536870912
2025-10-05 20:42:41,050 INFO o.a.j.JMeter: Available Processors =4
2025-10-05 20:42:41,061 INFO o.a.j.JMeter: Default Locale=English
2025-10-05 20:42:41,061 INFO o.a.j.JMeter: JMeter  Locale=English
2025-10-05 20:42:41,061 INFO o.a.j.JMeter: JMeterHome=/home/runner/work/grepwise/grepwise/target/abafd350-6882-478c-ba4e-17fe4d5abf75/jmeter
2025-10-05 20:42:41,061 INFO o.a.j.JMeter: user.dir  =/home/runner/work/grepwise/grepwise/target/abafd350-6882-478c-ba4e-17fe4d5abf75/jmeter/bin
2025-10-05 20:42:41,062 INFO o.a.j.JMeter: PWD       =/home/runner/work/grepwise/grepwise/target/abafd350-6882-478c-ba4e-17fe4d5abf75/jmeter/bin
2025-10-05 20:42:41,062 INFO o.a.j.JMeter: IP: 10.1.0.130 Name: runnervmwhb2z FullName: runnervmwhb2z.do3hyeqjqakedjyqlio5j1o5xh.cx.internal.cloudapp.net
2025-10-05 20:42:41,071 INFO o.a.j.JMeter: Setting property 'jmeter.reportgenerator.outputdir' to:'/home/runner/work/grepwise/grepwise/target/jmeter/reports/syslog-udp'
2025-10-05 20:42:41,073 INFO o.a.j.s.FileServer: Default base='/home/runner/work/grepwise/grepwise/target/abafd350-6882-478c-ba4e-17fe4d5abf75/jmeter/bin'
2025-10-05 20:42:41,074 INFO o.a.j.s.FileServer: Set new base='/home/runner/work/grepwise/grepwise/target/jmeter/testFiles'
2025-10-05 20:42:41,306 INFO o.a.j.s.SaveService: Testplan (JMX) version: 2.2. Testlog (JTL) version: 2.2
2025-10-05 20:42:41,324 INFO o.a.j.s.SaveService: Using SaveService properties version 5.0
2025-10-05 20:42:41,327 INFO o.a.j.s.SaveService: Using SaveService properties file encoding UTF-8
2025-10-05 20:42:41,330 INFO o.a.j.s.SaveService: Loading file: /home/runner/work/grepwise/grepwise/target/jmeter/testFiles/syslog-udp.jmx
2025-10-05 20:42:41,414 INFO o.a.j.JMeter: Creating summariser <summary>
2025-10-05 20:42:41,420 INFO o.a.j.r.d.ReportGenerator: ReportGenerator will use for Parsing the separator: ','
2025-10-05 20:42:41,420 INFO o.a.j.r.d.ReportGenerator: Will generate report at end of test from  results file: /home/runner/work/grepwise/grepwise/target/jmeter/results/20251005-syslog-udp.csv
2025-10-05 20:42:41,420 INFO o.a.j.r.d.ReportGenerator: Reading report generator properties from: /home/runner/work/grepwise/grepwise/target/abafd350-6882-478c-ba4e-17fe4d5abf75/jmeter/bin/reportgenerator.properties
2025-10-05 20:42:41,421 INFO o.a.j.r.d.ReportGenerator: Merging with JMeter properties
2025-10-05 20:42:41,424 INFO o.a.j.r.c.ReportGeneratorConfiguration: Property 'jmeter.reportgenerator.temp_dir' not found, using default value 'temp' instead.
2025-10-05 20:42:41,426 INFO o.a.j.r.c.ReportGeneratorConfiguration: Property 'jmeter.reportgenerator.apdex_per_transaction' not found, using default value 'null' instead.
2025-10-05 20:42:41,426 INFO o.a.j.r.c.ReportGeneratorConfiguration: apdex_per_transaction is empty, not APDEX per transaction customization
2025-10-05 20:42:41,426 INFO o.a.j.r.c.ReportGeneratorConfiguration: Property 'jmeter.reportgenerator.sample_filter' not found, using default value 'null' instead.
2025-10-05 20:42:41,426 INFO o.a.j.r.c.ReportGeneratorConfiguration: Property 'jmeter.reportgenerator.report_title' not found, using default value 'null' instead.
2025-10-05 20:42:41,426 INFO o.a.j.r.c.ReportGeneratorConfiguration: Property 'jmeter.reportgenerator.start_date' not found, using default value 'null' instead.
2025-10-05 20:42:41,426 INFO o.a.j.r.c.ReportGeneratorConfiguration: Property 'jmeter.reportgenerator.end_date' not found, using default value 'null' instead.
2025-10-05 20:42:41,426 INFO o.a.j.r.c.ReportGeneratorConfiguration: Property 'jmeter.reportgenerator.date_format' not found, using default value 'null' instead.
2025-10-05 20:42:41,427 INFO o.a.j.r.c.ReportGeneratorConfiguration: Will use date range start date: null, end date: null
2025-10-05 20:42:41,430 INFO o.a.j.r.c.ReportGeneratorConfiguration: Property 'jmeter.reportgenerator.graph.totalTPS.exclude_controllers' not found, using default value 'false' instead.
2025-10-05 20:42:41,430 INFO o.a.j.r.c.ReportGeneratorConfiguration: Property 'jmeter.reportgenerator.graph.activeThreadsOverTime.exclude_controllers' not found, using default value 'false' instead.
2025-10-05 20:42:41,430 INFO o.a.j.r.c.ReportGeneratorConfiguration: Property 'jmeter.reportgenerator.graph.timeVsThreads.exclude_controllers' not found, using default value 'false' instead.
2025-10-05 20:42:41,430 INFO o.a.j.r.c.ReportGeneratorConfiguration: Property 'jmeter.reportgenerator.graph.responseTimeDistribution.exclude_controllers' not found, using default value 'false' instead.
2025-10-05 20:42:41,430 INFO o.a.j.r.c.ReportGeneratorConfiguration: Property 'jmeter.reportgenerator.graph.transactionsPerSecond.exclude_controllers' not found, using default value 'false' instead.
2025-10-05 20:42:41,430 INFO o.a.j.r.c.ReportGeneratorConfiguration: Property 'jmeter.reportgenerator.graph.responseTimePercentiles.exclude_controllers' not found, using default value 'false' instead.
2025-10-05 20:42:41,430 INFO o.a.j.r.c.ReportGeneratorConfiguration: Property 'jmeter.reportgenerator.graph.responseTimePercentilesOverTime.exclude_controllers' not found, using default value 'false' instead.
2025-10-05 20:42:41,430 INFO o.a.j.r.c.ReportGeneratorConfiguration: Property 'jmeter.reportgenerator.graph.responseTimesOverTime.exclude_controllers' not found, using default value 'false' instead.
2025-10-05 20:42:41,431 INFO o.a.j.r.c.ReportGeneratorConfiguration: Property 'jmeter.reportgenerator.graph.connectTimeOverTime.exclude_controllers' not found, using default value 'false' instead.
2025-10-05 20:42:41,431 INFO o.a.j.r.c.ReportGeneratorConfiguration: Property 'jmeter.reportgenerator.graph.latenciesOverTime.exclude_controllers' not found, using default value 'false' instead.
2025-10-05 20:42:41,431 INFO o.a.j.r.c.ReportGeneratorConfiguration: Property 'jmeter.reportgenerator.exporter.json.filters_only_sample_series' not found, using default value 'true' instead.
2025-10-05 20:42:41,432 INFO o.a.j.r.c.ReportGeneratorConfiguration: Property 'jmeter.reportgenerator.exporter.json.series_filter' not found, using default value '' instead.
2025-10-05 20:42:41,432 INFO o.a.j.r.c.ReportGeneratorConfiguration: Property 'jmeter.reportgenerator.exporter.json.show_controllers_only' not found, using default value 'false' instead.
2025-10-05 20:42:41,432 INFO o.a.j.r.c.ReportGeneratorConfiguration: Property 'jmeter.reportgenerator.exporter.html.filters_only_sample_series' not found, using default value 'true' instead.
2025-10-05 20:42:41,432 INFO o.a.j.r.c.ReportGeneratorConfiguration: Property 'jmeter.reportgenerator.exporter.html.series_filter' not found, using default value '' instead.
2025-10-05 20:42:41,432 INFO o.a.j.r.c.ReportGeneratorConfiguration: Property 'jmeter.reportgenerator.exporter.html.show_controllers_only' not found, using default value 'false' instead.
2025-10-05 20:42:41,442 INFO o.a.j.e.StandardJMeterEngine: Running the test!
2025-10-05 20:42:41,442 INFO o.a.j.s.SampleEvent: List of sample_variables: []
2025-10-05 20:42:41,442 INFO o.a.j.s.SampleEvent: List of sample_variables: []
2025-10-05 20:42:41,504 INFO o.a.j.JMeter: Running test (1759696961504)
2025-10-05 20:42:41,528 INFO o.a.j.e.StandardJMeterEngine: Starting ThreadGroup: 1 : UDP Senders
2025-10-05 20:42:41,528 INFO o.a.j.e.StandardJMeterEngine: Starting 10 threads for group UDP Senders.
2025-10-05 20:42:41,528 INFO o.a.j.e.StandardJMeterEngine: Thread will continue on error
2025-10-05 20:42:41,528 INFO o.a.j.t.ThreadGroup: Starting thread group... number=1 threads=10 ramp-up=10 delayedStart=false
2025-10-05 20:42:41,537 INFO o.a.j.t.JMeterThread: Thread started: UDP Senders 1-1
2025-10-05 20:42:41,559 INFO o.a.j.t.ThreadGroup: Started thread group number 1
2025-10-05 20:42:41,559 INFO o.a.j.e.StandardJMeterEngine: Starting ThreadGroup: 2 : Search Verifier
2025-10-05 20:42:41,559 INFO o.a.j.e.StandardJMeterEngine: Starting 1 threads for group Search Verifier.
2025-10-05 20:42:41,559 INFO o.a.j.e.StandardJMeterEngine: Thread will continue on error
2025-10-05 20:42:41,559 INFO o.a.j.t.ThreadGroup: Starting thread group... number=2 threads=1 ramp-up=1 delayedStart=false
2025-10-05 20:42:41,560 INFO o.a.j.t.ThreadGroup: Started thread group number 2
2025-10-05 20:42:41,560 INFO o.a.j.e.StandardJMeterEngine: All thread groups have been started
2025-10-05 20:42:41,560 INFO o.a.j.t.JMeterThread: Thread started: Search Verifier 2-1
2025-10-05 20:42:41,574 INFO o.a.j.p.h.s.HTTPHCAbstractImpl: Local host = runnervmwhb2z
2025-10-05 20:42:41,580 INFO o.a.j.p.h.s.HTTPHC4Impl: HTTP request retry count = 0
2025-10-05 20:42:41,582 INFO o.a.j.s.SampleResult: Note: Sample TimeStamps are END times
2025-10-05 20:42:41,582 INFO o.a.j.s.SampleResult: sampleresult.default.encoding is set to UTF-8
2025-10-05 20:42:41,582 INFO o.a.j.s.SampleResult: sampleresult.useNanoTime=true
2025-10-05 20:42:41,582 INFO o.a.j.s.SampleResult: sampleresult.nanoThreadSleep=5000
2025-10-05 20:42:41,598 INFO o.a.j.r.Summariser: summary +      1 in 00:00:00 =   10.9/s Avg:     1 Min:     1 Max:     1 Err:     0 (0.00%) Active: 2 Started: 2 Finished: 0
2025-10-05 20:42:42,540 INFO o.a.j.t.JMeterThread: Thread started: UDP Senders 1-2
2025-10-05 20:42:43,531 INFO o.a.j.t.JMeterThread: Thread started: UDP Senders 1-3
2025-10-05 20:42:44,532 INFO o.a.j.t.JMeterThread: Thread started: UDP Senders 1-4
2025-10-05 20:42:45,531 INFO o.a.j.t.JMeterThread: Thread started: UDP Senders 1-5
2025-10-05 20:42:46,530 INFO o.a.j.t.JMeterThread: Thread started: UDP Senders 1-6
2025-10-05 20:42:47,001 INFO o.a.j.r.Summariser: summary +   4984 in 00:00:05 =  922.3/s Avg:     0 Min:     0 Max:    49 Err:     0 (0.00%) Active: 7 Started: 7 Finished: 0
2025-10-05 20:42:47,001 INFO o.a.j.r.Summariser: summary =   4985 in 00:00:05 =  906.9/s Avg:     0 Min:     0 Max:    49 Err:     0 (0.00%)
2025-10-05 20:42:47,531 INFO o.a.j.t.JMeterThread: Thread started: UDP Senders 1-7
2025-10-05 20:42:48,532 INFO o.a.j.t.JMeterThread: Thread started: UDP Senders 1-8
2025-10-05 20:42:49,531 INFO o.a.j.t.JMeterThread: Thread started: UDP Senders 1-9
2025-10-05 20:42:50,530 INFO o.a.j.t.JMeterThread: Thread started: UDP Senders 1-10
2025-10-05 20:42:53,000 INFO o.a.j.r.Summariser: summary +  10382 in 00:00:06 = 1730.6/s Avg:     0 Min:     0 Max:    11 Err:     0 (0.00%) Active: 11 Started: 11 Finished: 0
2025-10-05 20:42:53,000 INFO o.a.j.r.Summariser: summary =  15367 in 00:00:11 = 1336.7/s Avg:     0 Min:     0 Max:    49 Err:     0 (0.00%)
2025-10-05 20:42:59,000 INFO o.a.j.r.Summariser: summary +  15133 in 00:00:06 = 2522.2/s Avg:     0 Min:     0 Max:    12 Err:     0 (0.00%) Active: 11 Started: 11 Finished: 0
2025-10-05 20:42:59,000 INFO o.a.j.r.Summariser: summary =  30500 in 00:00:17 = 1743.3/s Avg:     0 Min:     0 Max:    49 Err:     0 (0.00%)
2025-10-05 20:43:05,000 INFO o.a.j.r.Summariser: summary +  18571 in 00:00:06 = 3095.2/s Avg:     0 Min:     0 Max:     4 Err:     0 (0.00%) Active: 11 Started: 11 Finished: 0
2025-10-05 20:43:05,001 INFO o.a.j.r.Summariser: summary =  49071 in 00:00:23 = 2088.5/s Avg:     0 Min:     0 Max:    49 Err:     0 (0.00%)
2025-10-05 20:43:11,000 INFO o.a.j.r.Summariser: summary +  18669 in 00:00:06 = 3111.5/s Avg:     0 Min:     0 Max:     4 Err:     0 (0.00%) Active: 11 Started: 11 Finished: 0
2025-10-05 20:43:11,001 INFO o.a.j.r.Summariser: summary =  67740 in 00:00:29 = 2296.6/s Avg:     0 Min:     0 Max:    49 Err:     0 (0.00%)
2025-10-05 20:43:17,000 INFO o.a.j.r.Summariser: summary +  18499 in 00:00:06 = 3083.2/s Avg:     0 Min:     0 Max:    11 Err:     0 (0.00%) Active: 11 Started: 11 Finished: 0
2025-10-05 20:43:17,000 INFO o.a.j.r.Summariser: summary =  86239 in 00:00:35 = 2429.5/s Avg:     0 Min:     0 Max:    49 Err:     0 (0.00%)
2025-10-05 20:43:23,000 INFO o.a.j.r.Summariser: summary +  19086 in 00:00:06 = 3181.0/s Avg:     0 Min:     0 Max:     3 Err:     0 (0.00%) Active: 11 Started: 11 Finished: 0
2025-10-05 20:43:23,000 INFO o.a.j.r.Summariser: summary = 105325 in 00:00:41 = 2538.2/s Avg:     0 Min:     0 Max:    49 Err:     0 (0.00%)
2025-10-05 20:43:29,000 INFO o.a.j.r.Summariser: summary +  18983 in 00:00:06 = 3163.8/s Avg:     0 Min:     0 Max:     4 Err:     0 (0.00%) Active: 11 Started: 11 Finished: 0
2025-10-05 20:43:29,000 INFO o.a.j.r.Summariser: summary = 124308 in 00:00:47 = 2617.2/s Avg:     0 Min:     0 Max:    49 Err:     0 (0.00%)
2025-10-05 20:43:35,000 INFO o.a.j.r.Summariser: summary +  19248 in 00:00:06 = 3208.0/s Avg:     0 Min:     0 Max:     4 Err:     0 (0.00%) Active: 11 Started: 11 Finished: 0
2025-10-05 20:43:35,000 INFO o.a.j.r.Summariser: summary = 143556 in 00:00:53 = 2683.5/s Avg:     0 Min:     0 Max:    49 Err:     0 (0.00%)
2025-10-05 20:43:41,000 INFO o.a.j.r.Summariser: summary +  18901 in 00:00:06 = 3150.2/s Avg:     0 Min:     0 Max:     2 Err:     0 (0.00%) Active: 11 Started: 11 Finished: 0
2025-10-05 20:43:41,000 INFO o.a.j.r.Summariser: summary = 162457 in 00:00:59 = 2730.6/s Avg:     0 Min:     0 Max:    49 Err:     0 (0.00%)
2025-10-05 20:43:41,443 INFO o.a.j.t.JMeterThread: Thread finished: UDP Senders 1-1
2025-10-05 20:43:41,480 INFO o.a.j.t.JMeterThread: Thread finished: UDP Senders 1-7
2025-10-05 20:43:41,500 INFO o.a.j.t.JMeterThread: Thread finished: UDP Senders 1-10
2025-10-05 20:43:41,503 INFO o.a.j.t.JMeterThread: Thread finished: UDP Senders 1-9
2025-10-05 20:43:41,505 INFO o.a.j.t.JMeterThread: Thread finished: UDP Senders 1-5
2025-10-05 20:43:41,508 INFO o.a.j.t.JMeterThread: Thread finished: UDP Senders 1-4
2025-10-05 20:43:41,509 INFO o.a.j.t.JMeterThread: Thread finished: UDP Senders 1-2
2025-10-05 20:43:41,515 INFO o.a.j.t.JMeterThread: Thread finished: UDP Senders 1-3
2025-10-05 20:43:41,517 INFO o.a.j.t.JMeterThread: Thread finished: UDP Senders 1-8
2025-10-05 20:43:41,535 INFO o.a.j.t.JMeterThread: Thread finished: UDP Senders 1-6
2025-10-05 20:43:41,559 INFO o.a.j.t.JMeterThread: Stopping because end time detected by thread: Search Verifier 2-1
2025-10-05 20:43:41,559 INFO o.a.j.t.JMeterThread: Thread finished: Search Verifier 2-1
2025-10-05 20:43:41,560 INFO o.a.j.e.StandardJMeterEngine: Notifying test listeners of end of test
2025-10-05 20:43:41,560 INFO o.a.j.r.Summariser: summary +   1796 in 00:00:01 = 3207.1/s Avg:     0 Min:     0 Max:     1 Err:     0 (0.00%) Active: 0 Started: 11 Finished: 11
2025-10-05 20:43:41,560 INFO o.a.j.r.Summariser: summary = 164253 in 00:01:00 = 2735.0/s Avg:     0 Min:     0 Max:    49 Err:     0 (0.00%)
2025-10-05 20:43:41,561 INFO o.a.j.JMeter: Generating Dashboard
2025-10-05 20:43:41,561 INFO o.a.j.r.d.ReportGenerator: Flushing result collector before report Generation
2025-10-05 20:43:41,571 INFO o.a.j.r.p.NormalizerSampleConsumer: Using format, 'ms', to parse timeStamp field
2025-10-05 20:43:43,467 INFO o.a.j.r.p.AbstractSampleConsumer: class org.apache.jmeter.report.processor.AggregateConsumer#stopProducing(): beginDate produced 0 samples
2025-10-05 20:43:43,467 INFO o.a.j.r.p.AbstractSampleConsumer: class org.apache.jmeter.report.processor.AggregateConsumer#stopProducing(): endDate produced 0 samples
2025-10-05 20:43:43,468 INFO o.a.j.r.p.AbstractSampleConsumer: class org.apache.jmeter.report.processor.ApdexSummaryConsumer#stopProducing(): apdexSummary produced 0 samples
2025-10-05 20:43:43,468 INFO o.a.j.r.p.AbstractSampleConsumer: class org.apache.jmeter.report.processor.RequestsSummaryConsumer#stopProducing(): requestsSummary produced 0 samples
2025-10-05 20:43:43,482 INFO o.a.j.r.p.AbstractSampleConsumer: class org.apache.jmeter.report.processor.StatisticsSummaryConsumer#stopProducing(): statisticsSummary produced 0 samples
2025-10-05 20:43:43,483 INFO o.a.j.r.p.AbstractSampleConsumer: class org.apache.jmeter.report.processor.Top5ErrorsBySamplerConsumer#stopProducing(): top5ErrorsBySampler produced 0 samples
2025-10-05 20:43:43,483 INFO o.a.j.r.p.AbstractSampleConsumer: class org.apache.jmeter.report.processor.ErrorsSummaryConsumer#stopProducing(): errorsSummary produced 0 samples
2025-10-05 20:43:43,483 INFO o.a.j.r.p.AbstractSampleConsumer: class org.apache.jmeter.report.processor.graph.impl.HitsPerSecondGraphConsumer#stopProducing(): hitsPerSecond produced 0 samples
2025-10-05 20:43:43,980 INFO o.a.j.r.p.AbstractSampleConsumer: class org.apache.jmeter.report.processor.graph.impl.LatencyVSRequestGraphConsumer#stopProducing(): latencyVsRequest produced 0 samples
2025-10-05 20:43:43,986 INFO o.a.j.r.p.AbstractSampleConsumer: class org.apache.jmeter.report.processor.graph.impl.SyntheticResponseTimeDistributionGraphConsumer#stopProducing(): syntheticResponseTimeDistribution produced 0 samples
2025-10-05 20:43:43,986 INFO o.a.j.r.p.AbstractSampleConsumer: class org.apache.jmeter.report.processor.graph.impl.BytesThroughputGraphConsumer#stopProducing(): bytesThroughputOverTime produced 0 samples
2025-10-05 20:43:43,987 INFO o.a.j.r.p.AbstractSampleConsumer: class org.apache.jmeter.report.processor.graph.impl.CodesPerSecondGraphConsumer#stopProducing(): codesPerSecond produced 0 samples
2025-10-05 20:43:44,420 INFO o.a.j.r.p.AbstractSampleConsumer: class org.apache.jmeter.report.processor.graph.impl.ResponseTimeVSRequestGraphConsumer#stopProducing(): responseTimeVsRequest produced 0 samples
2025-10-05 20:43:44,424 INFO o.a.j.r.p.AbstractSampleConsumer: class org.apache.jmeter.report.processor.FilterConsumer#stopProducing(): startIntervalControlerFilter produced 1149771 samples
2025-10-05 20:43:44,424 INFO o.a.j.r.p.AbstractSampleConsumer: class org.apache.jmeter.report.processor.graph.impl.TotalTPSGraphConsumer#stopProducing(): totalTPS produced 0 samples
2025-10-05 20:43:44,424 INFO o.a.j.r.p.AbstractSampleConsumer: class org.apache.jmeter.report.processor.graph.impl.ActiveThreadsGraphConsumer#stopProducing(): activeThreadsOverTime produced 0 samples
2025-10-05 20:43:44,424 INFO o.a.j.r.p.AbstractSampleConsumer: class org.apache.jmeter.report.processor.graph.impl.TimeVSThreadGraphConsumer#stopProducing(): timeVsThreads produced 0 samples
2025-10-05 20:43:44,424 INFO o.a.j.r.p.AbstractSampleConsumer: class org.apache.jmeter.report.processor.graph.impl.ResponseTimeDistributionGraphConsumer#stopProducing(): responseTimeDistribution produced 0 samples
2025-10-05 20:43:44,424 INFO o.a.j.r.p.AbstractSampleConsumer: class org.apache.jmeter.report.processor.graph.impl.TransactionsPerSecondGraphConsumer#stopProducing(): transactionsPerSecond produced 0 samples
2025-10-05 20:43:44,424 INFO o.a.j.r.p.AbstractSampleConsumer: class org.apache.jmeter.report.processor.graph.impl.ResponseTimePercentilesGraphConsumer#stopProducing(): responseTimePercentiles produced 0 samples
2025-10-05 20:43:44,425 INFO o.a.j.r.p.AbstractSampleConsumer: class org.apache.jmeter.report.processor.graph.impl.ResponseTimePercentilesOverTimeGraphConsumer#stopProducing(): responseTimePercentilesOverTime produced 0 samples
2025-10-05 20:43:44,426 INFO o.a.j.r.p.AbstractSampleConsumer: class org.apache.jmeter.report.processor.graph.impl.ResponseTimeOverTimeGraphConsumer#stopProducing(): responseTimesOverTime produced 0 samples
2025-10-05 20:43:44,427 INFO o.a.j.r.p.AbstractSampleConsumer: class org.apache.jmeter.report.processor.graph.impl.ConnectTimeOverTimeGraphConsumer#stopProducing(): connectTimeOverTime produced 0 samples
2025-10-05 20:43:44,427 INFO o.a.j.r.p.AbstractSampleConsumer: class org.apache.jmeter.report.processor.graph.impl.LatencyOverTimeGraphConsumer#stopProducing(): latenciesOverTime produced 0 samples
2025-10-05 20:43:44,427 INFO o.a.j.r.p.AbstractSampleConsumer: class org.apache.jmeter.report.processor.FilterConsumer#stopProducing(): nameFilter produced 2463795 samples
2025-10-05 20:43:44,427 INFO o.a.j.r.p.AbstractSampleConsumer: class org.apache.jmeter.report.processor.FilterConsumer#stopProducing(): dateRangeFilter produced 492759 samples
2025-10-05 20:43:44,427 INFO o.a.j.r.p.AbstractSampleConsumer: class org.apache.jmeter.report.processor.NormalizerSampleConsumer#stopProducing(): normalizer produced 164253 samples
2025-10-05 20:43:44,427 INFO o.a.j.r.p.CsvFileSampleSource: produce(): 164253 samples produced in 2s 835 ms on channel 0
2025-10-05 20:43:44,427 INFO o.a.j.r.d.ReportGenerator: Exporting data using exporter:'json' of className:'org.apache.jmeter.report.dashboard.JsonExporter'
2025-10-05 20:43:44,509 INFO o.a.j.r.d.JsonExporter: Found data for consumer statisticsSummary in context
2025-10-05 20:43:44,509 INFO o.a.j.r.d.JsonExporter: Creating statistics for overall
2025-10-05 20:43:44,509 INFO o.a.j.r.d.JsonExporter: Creating statistics for other transactions
2025-10-05 20:43:44,509 INFO o.a.j.r.d.JsonExporter: Checking output folder
2025-10-05 20:43:44,510 INFO o.a.j.r.d.JsonExporter: Writing statistics JSON to /home/runner/work/grepwise/grepwise/target/jmeter/reports/syslog-udp/statistics.json
2025-10-05 20:43:44,544 INFO o.a.j.r.d.ReportGenerator: Exporting data using exporter:'html' of className:'org.apache.jmeter.report.dashboard.HtmlTemplateExporter'
2025-10-05 20:43:44,546 INFO o.a.j.r.d.HtmlTemplateExporter: Will generate dashboard in folder: /home/runner/work/grepwise/grepwise/target/jmeter/reports/syslog-udp
2025-10-05 20:43:44,634 INFO o.a.j.r.d.HtmlTemplateExporter: Report will be generated in: /home/runner/work/grepwise/grepwise/target/jmeter/reports/syslog-udp, creating folder structure
2025-10-05 20:43:44,636 INFO o.a.j.r.d.TemplateVisitor: Copying folder from '/home/runner/work/grepwise/grepwise/target/abafd350-6882-478c-ba4e-17fe4d5abf75/jmeter/bin/report-template' to '/home/runner/work/grepwise/grepwise/target/jmeter/reports/syslog-udp', got message: /home/runner/work/grepwise/grepwise/target/jmeter/reports/syslog-udp, found non empty folder with following content [/home/runner/work/grepwise/grepwise/target/jmeter/reports/syslog-udp/statistics.json], will be ignored
2025-10-05 20:43:44,809 INFO o.a.j.JMeter: Dashboard generated
