2025-09-29 18:32:28,429 INFO o.a.j.u.JMeterUtils: Setting Locale to en
2025-09-29 18:32:28,448 INFO o.a.j.JMeter: Loading additional properties from: /home/runner/work/grepwise/grepwise/src/test/jmeter/jmeter.properties
2025-09-29 18:32:28,448 INFO o.a.j.JMeter: Setting System property: sun.net.http.allowRestrictedHeaders=true
2025-09-29 18:32:28,455 INFO o.a.j.JMeter: Copyright (c) 1998-2023 The Apache Software Foundation
2025-09-29 18:32:28,455 INFO o.a.j.JMeter: Version 5.6.2
2025-09-29 18:32:28,455 INFO o.a.j.JMeter: java.version=25
2025-09-29 18:32:28,455 INFO o.a.j.JMeter: java.vm.name=OpenJDK 64-Bit Server VM
2025-09-29 18:32:28,455 INFO o.a.j.JMeter: os.name=Linux
2025-09-29 18:32:28,455 INFO o.a.j.JMeter: os.arch=amd64
2025-09-29 18:32:28,456 INFO o.a.j.JMeter: os.version=6.11.0-1018-azure
2025-09-29 18:32:28,456 INFO o.a.j.JMeter: file.encoding=UTF-8
2025-09-29 18:32:28,456 INFO o.a.j.JMeter: java.awt.headless=true
2025-09-29 18:32:28,456 INFO o.a.j.JMeter: Max memory     =536870912
2025-09-29 18:32:28,456 INFO o.a.j.JMeter: Available Processors =2
2025-09-29 18:32:28,471 INFO o.a.j.JMeter: Default Locale=English
2025-09-29 18:32:28,471 INFO o.a.j.JMeter: JMeter  Locale=English
2025-09-29 18:32:28,471 INFO o.a.j.JMeter: JMeterHome=/home/runner/work/grepwise/grepwise/target/e8b55e13-6ef0-4932-9d80-c2d42dbf9dcf/jmeter
2025-09-29 18:32:28,471 INFO o.a.j.JMeter: user.dir  =/home/runner/work/grepwise/grepwise/target/e8b55e13-6ef0-4932-9d80-c2d42dbf9dcf/jmeter/bin
2025-09-29 18:32:28,471 INFO o.a.j.JMeter: PWD       =/home/runner/work/grepwise/grepwise/target/e8b55e13-6ef0-4932-9d80-c2d42dbf9dcf/jmeter/bin
2025-09-29 18:32:28,472 INFO o.a.j.JMeter: IP: 10.1.0.33 Name: runnervm3ublj FullName: runnervm3ublj.nvcrsk4lb03ebagxjwngdrxj4g.ex.internal.cloudapp.net
2025-09-29 18:32:28,486 INFO o.a.j.JMeter: Setting property 'jmeter.reportgenerator.outputdir' to:'/home/runner/work/grepwise/grepwise/target/jmeter/reports/combined-parallel-bsh'
2025-09-29 18:32:28,488 INFO o.a.j.s.FileServer: Default base='/home/runner/work/grepwise/grepwise/target/e8b55e13-6ef0-4932-9d80-c2d42dbf9dcf/jmeter/bin'
2025-09-29 18:32:28,490 INFO o.a.j.s.FileServer: Set new base='/home/runner/work/grepwise/grepwise/target/jmeter/testFiles'
2025-09-29 18:32:28,927 INFO o.a.j.s.SaveService: Testplan (JMX) version: 2.2. Testlog (JTL) version: 2.2
2025-09-29 18:32:28,962 INFO o.a.j.s.SaveService: Using SaveService properties version 5.0
2025-09-29 18:32:28,965 INFO o.a.j.s.SaveService: Using SaveService properties file encoding UTF-8
2025-09-29 18:32:28,970 INFO o.a.j.s.SaveService: Loading file: /home/runner/work/grepwise/grepwise/target/jmeter/testFiles/combined-parallel-bsh.jmx
2025-09-29 18:32:29,100 INFO o.a.j.JMeter: Creating summariser <summary>
2025-09-29 18:32:29,108 INFO o.a.j.r.d.ReportGenerator: ReportGenerator will use for Parsing the separator: ','
2025-09-29 18:32:29,108 INFO o.a.j.r.d.ReportGenerator: Will generate report at end of test from  results file: /home/runner/work/grepwise/grepwise/target/jmeter/results/20250929-combined-parallel-bsh.csv
2025-09-29 18:32:29,108 INFO o.a.j.r.d.ReportGenerator: Reading report generator properties from: /home/runner/work/grepwise/grepwise/target/e8b55e13-6ef0-4932-9d80-c2d42dbf9dcf/jmeter/bin/reportgenerator.properties
2025-09-29 18:32:29,109 INFO o.a.j.r.d.ReportGenerator: Merging with JMeter properties
2025-09-29 18:32:29,112 INFO o.a.j.r.c.ReportGeneratorConfiguration: Property 'jmeter.reportgenerator.temp_dir' not found, using default value 'temp' instead.
2025-09-29 18:32:29,115 INFO o.a.j.r.c.ReportGeneratorConfiguration: Property 'jmeter.reportgenerator.apdex_per_transaction' not found, using default value 'null' instead.
2025-09-29 18:32:29,115 INFO o.a.j.r.c.ReportGeneratorConfiguration: apdex_per_transaction is empty, not APDEX per transaction customization
2025-09-29 18:32:29,115 INFO o.a.j.r.c.ReportGeneratorConfiguration: Property 'jmeter.reportgenerator.sample_filter' not found, using default value 'null' instead.
2025-09-29 18:32:29,115 INFO o.a.j.r.c.ReportGeneratorConfiguration: Property 'jmeter.reportgenerator.report_title' not found, using default value 'null' instead.
2025-09-29 18:32:29,116 INFO o.a.j.r.c.ReportGeneratorConfiguration: Property 'jmeter.reportgenerator.start_date' not found, using default value 'null' instead.
2025-09-29 18:32:29,117 INFO o.a.j.r.c.ReportGeneratorConfiguration: Property 'jmeter.reportgenerator.end_date' not found, using default value 'null' instead.
2025-09-29 18:32:29,118 INFO o.a.j.r.c.ReportGeneratorConfiguration: Property 'jmeter.reportgenerator.date_format' not found, using default value 'null' instead.
2025-09-29 18:32:29,118 INFO o.a.j.r.c.ReportGeneratorConfiguration: Will use date range start date: null, end date: null
2025-09-29 18:32:29,123 INFO o.a.j.r.c.ReportGeneratorConfiguration: Property 'jmeter.reportgenerator.graph.totalTPS.exclude_controllers' not found, using default value 'false' instead.
2025-09-29 18:32:29,123 INFO o.a.j.r.c.ReportGeneratorConfiguration: Property 'jmeter.reportgenerator.graph.activeThreadsOverTime.exclude_controllers' not found, using default value 'false' instead.
2025-09-29 18:32:29,123 INFO o.a.j.r.c.ReportGeneratorConfiguration: Property 'jmeter.reportgenerator.graph.timeVsThreads.exclude_controllers' not found, using default value 'false' instead.
2025-09-29 18:32:29,123 INFO o.a.j.r.c.ReportGeneratorConfiguration: Property 'jmeter.reportgenerator.graph.responseTimeDistribution.exclude_controllers' not found, using default value 'false' instead.
2025-09-29 18:32:29,123 INFO o.a.j.r.c.ReportGeneratorConfiguration: Property 'jmeter.reportgenerator.graph.transactionsPerSecond.exclude_controllers' not found, using default value 'false' instead.
2025-09-29 18:32:29,123 INFO o.a.j.r.c.ReportGeneratorConfiguration: Property 'jmeter.reportgenerator.graph.responseTimePercentiles.exclude_controllers' not found, using default value 'false' instead.
2025-09-29 18:32:29,124 INFO o.a.j.r.c.ReportGeneratorConfiguration: Property 'jmeter.reportgenerator.graph.responseTimePercentilesOverTime.exclude_controllers' not found, using default value 'false' instead.
2025-09-29 18:32:29,124 INFO o.a.j.r.c.ReportGeneratorConfiguration: Property 'jmeter.reportgenerator.graph.responseTimesOverTime.exclude_controllers' not found, using default value 'false' instead.
2025-09-29 18:32:29,124 INFO o.a.j.r.c.ReportGeneratorConfiguration: Property 'jmeter.reportgenerator.graph.connectTimeOverTime.exclude_controllers' not found, using default value 'false' instead.
2025-09-29 18:32:29,124 INFO o.a.j.r.c.ReportGeneratorConfiguration: Property 'jmeter.reportgenerator.graph.latenciesOverTime.exclude_controllers' not found, using default value 'false' instead.
2025-09-29 18:32:29,125 INFO o.a.j.r.c.ReportGeneratorConfiguration: Property 'jmeter.reportgenerator.exporter.json.filters_only_sample_series' not found, using default value 'true' instead.
2025-09-29 18:32:29,125 INFO o.a.j.r.c.ReportGeneratorConfiguration: Property 'jmeter.reportgenerator.exporter.json.series_filter' not found, using default value '' instead.
2025-09-29 18:32:29,125 INFO o.a.j.r.c.ReportGeneratorConfiguration: Property 'jmeter.reportgenerator.exporter.json.show_controllers_only' not found, using default value 'false' instead.
2025-09-29 18:32:29,126 INFO o.a.j.r.c.ReportGeneratorConfiguration: Property 'jmeter.reportgenerator.exporter.html.filters_only_sample_series' not found, using default value 'true' instead.
2025-09-29 18:32:29,126 INFO o.a.j.r.c.ReportGeneratorConfiguration: Property 'jmeter.reportgenerator.exporter.html.series_filter' not found, using default value '' instead.
2025-09-29 18:32:29,126 INFO o.a.j.r.c.ReportGeneratorConfiguration: Property 'jmeter.reportgenerator.exporter.html.show_controllers_only' not found, using default value 'false' instead.
2025-09-29 18:32:29,138 INFO o.a.j.e.StandardJMeterEngine: Running the test!
2025-09-29 18:32:29,139 INFO o.a.j.s.SampleEvent: List of sample_variables: []
2025-09-29 18:32:29,139 INFO o.a.j.s.SampleEvent: List of sample_variables: []
2025-09-29 18:32:29,230 INFO o.a.j.JMeter: Running test (1759170749230)
2025-09-29 18:32:29,267 INFO o.a.j.e.StandardJMeterEngine: Starting ThreadGroup: 1 : UDP Ingestion
2025-09-29 18:32:29,268 INFO o.a.j.e.StandardJMeterEngine: Starting 10 threads for group UDP Ingestion.
2025-09-29 18:32:29,268 INFO o.a.j.e.StandardJMeterEngine: Thread will continue on error
2025-09-29 18:32:29,268 INFO o.a.j.t.ThreadGroup: Starting thread group... number=1 threads=10 ramp-up=10 delayedStart=false
2025-09-29 18:32:29,280 INFO o.a.j.t.JMeterThread: Thread started: UDP Ingestion 1-1
2025-09-29 18:32:29,310 INFO o.a.j.s.SampleResult: Note: Sample TimeStamps are END times
2025-09-29 18:32:29,311 INFO o.a.j.s.SampleResult: sampleresult.default.encoding is set to UTF-8
2025-09-29 18:32:29,311 INFO o.a.j.s.SampleResult: sampleresult.useNanoTime=true
2025-09-29 18:32:29,311 INFO o.a.j.s.SampleResult: sampleresult.nanoThreadSleep=5000
2025-09-29 18:32:29,318 INFO o.a.j.t.ThreadGroup: Started thread group number 1
2025-09-29 18:32:29,318 INFO o.a.j.e.StandardJMeterEngine: Starting ThreadGroup: 2 : HTTP Searchers
2025-09-29 18:32:29,318 INFO o.a.j.e.StandardJMeterEngine: Starting 10 threads for group HTTP Searchers.
2025-09-29 18:32:29,318 INFO o.a.j.e.StandardJMeterEngine: Thread will continue on error
2025-09-29 18:32:29,318 INFO o.a.j.t.ThreadGroup: Starting thread group... number=2 threads=10 ramp-up=10 delayedStart=false
2025-09-29 18:32:29,322 INFO o.a.j.t.JMeterThread: Thread started: HTTP Searchers 2-1
2025-09-29 18:32:29,337 INFO o.a.j.r.Summariser: summary +      1 in 00:00:00 =   10.5/s Avg:     7 Min:     7 Max:     7 Err:     0 (0.00%) Active: 2 Started: 2 Finished: 0
2025-09-29 18:32:29,337 INFO o.a.j.t.ThreadGroup: Started thread group number 2
2025-09-29 18:32:29,337 INFO o.a.j.e.StandardJMeterEngine: All thread groups have been started
2025-09-29 18:32:29,348 INFO o.a.j.p.h.s.HTTPHCAbstractImpl: Local host = runnervm3ublj
2025-09-29 18:32:29,354 INFO o.a.j.p.h.s.HTTPHC4Impl: HTTP request retry count = 0
2025-09-29 18:32:30,279 INFO o.a.j.t.JMeterThread: Thread started: UDP Ingestion 1-2
2025-09-29 18:32:30,321 INFO o.a.j.t.JMeterThread: Thread started: HTTP Searchers 2-2
2025-09-29 18:32:31,275 INFO o.a.j.t.JMeterThread: Thread started: UDP Ingestion 1-3
2025-09-29 18:32:31,321 INFO o.a.j.t.JMeterThread: Thread started: HTTP Searchers 2-3
2025-09-29 18:32:32,274 INFO o.a.j.t.JMeterThread: Thread started: UDP Ingestion 1-4
2025-09-29 18:32:32,319 INFO o.a.j.t.JMeterThread: Thread started: HTTP Searchers 2-4
2025-09-29 18:32:33,274 INFO o.a.j.t.JMeterThread: Thread started: UDP Ingestion 1-5
2025-09-29 18:32:33,320 INFO o.a.j.t.JMeterThread: Thread started: HTTP Searchers 2-5
2025-09-29 18:32:34,274 INFO o.a.j.t.JMeterThread: Thread started: UDP Ingestion 1-6
2025-09-29 18:32:34,320 INFO o.a.j.t.JMeterThread: Thread started: HTTP Searchers 2-6
2025-09-29 18:32:35,003 INFO o.a.j.r.Summariser: summary +   6321 in 00:00:06 = 1113.2/s Avg:     2 Min:     0 Max:    30 Err:     0 (0.00%) Active: 12 Started: 12 Finished: 0
2025-09-29 18:32:35,003 INFO o.a.j.r.Summariser: summary =   6322 in 00:00:06 = 1095.1/s Avg:     2 Min:     0 Max:    30 Err:     0 (0.00%)
2025-09-29 18:32:35,273 INFO o.a.j.t.JMeterThread: Thread started: UDP Ingestion 1-7
2025-09-29 18:32:35,320 INFO o.a.j.t.JMeterThread: Thread started: HTTP Searchers 2-7
2025-09-29 18:32:36,275 INFO o.a.j.t.JMeterThread: Thread started: UDP Ingestion 1-8
2025-09-29 18:32:36,322 INFO o.a.j.t.JMeterThread: Thread started: HTTP Searchers 2-8
2025-09-29 18:32:37,275 INFO o.a.j.t.JMeterThread: Thread started: UDP Ingestion 1-9
2025-09-29 18:32:37,322 INFO o.a.j.t.JMeterThread: Thread started: HTTP Searchers 2-9
2025-09-29 18:32:38,273 INFO o.a.j.t.JMeterThread: Thread started: UDP Ingestion 1-10
2025-09-29 18:32:38,320 INFO o.a.j.t.JMeterThread: Thread started: HTTP Searchers 2-10
2025-09-29 18:32:41,000 INFO o.a.j.r.Summariser: summary +  10145 in 00:00:06 = 1691.4/s Avg:     5 Min:     0 Max:    38 Err:     0 (0.00%) Active: 20 Started: 20 Finished: 0
2025-09-29 18:32:41,001 INFO o.a.j.r.Summariser: summary =  16467 in 00:00:12 = 1398.9/s Avg:     4 Min:     0 Max:    38 Err:     0 (0.00%)
2025-09-29 18:32:47,001 INFO o.a.j.r.Summariser: summary +  10803 in 00:00:06 = 1800.5/s Avg:     5 Min:     0 Max:    37 Err:     0 (0.00%) Active: 20 Started: 20 Finished: 0
2025-09-29 18:32:47,001 INFO o.a.j.r.Summariser: summary =  27270 in 00:00:18 = 1534.5/s Avg:     4 Min:     0 Max:    38 Err:     0 (0.00%)
2025-09-29 18:32:53,001 INFO o.a.j.r.Summariser: summary +  11088 in 00:00:06 = 1848.0/s Avg:     5 Min:     0 Max:    37 Err:     0 (0.00%) Active: 20 Started: 20 Finished: 0
2025-09-29 18:32:53,001 INFO o.a.j.r.Summariser: summary =  38358 in 00:00:24 = 1613.6/s Avg:     4 Min:     0 Max:    38 Err:     0 (0.00%)
2025-09-29 18:32:59,001 INFO o.a.j.r.Summariser: summary +  12057 in 00:00:06 = 2009.5/s Avg:     4 Min:     0 Max:    56 Err:     0 (0.00%) Active: 20 Started: 20 Finished: 0
2025-09-29 18:32:59,002 INFO o.a.j.r.Summariser: summary =  50415 in 00:00:30 = 1693.4/s Avg:     4 Min:     0 Max:    56 Err:     0 (0.00%)
2025-09-29 18:33:05,000 INFO o.a.j.r.Summariser: summary +  13253 in 00:00:06 = 2208.8/s Avg:     4 Min:     0 Max:    32 Err:     0 (0.00%) Active: 20 Started: 20 Finished: 0
2025-09-29 18:33:05,001 INFO o.a.j.r.Summariser: summary =  63668 in 00:00:36 = 1779.9/s Avg:     4 Min:     0 Max:    56 Err:     0 (0.00%)
2025-09-29 18:33:11,001 INFO o.a.j.r.Summariser: summary +  13139 in 00:00:06 = 2189.8/s Avg:     4 Min:     0 Max:    25 Err:     0 (0.00%) Active: 20 Started: 20 Finished: 0
2025-09-29 18:33:11,001 INFO o.a.j.r.Summariser: summary =  76807 in 00:00:42 = 1838.7/s Avg:     4 Min:     0 Max:    56 Err:     0 (0.00%)
2025-09-29 18:33:17,000 INFO o.a.j.r.Summariser: summary +  12903 in 00:00:06 = 2150.9/s Avg:     4 Min:     0 Max:    27 Err:     0 (0.00%) Active: 20 Started: 20 Finished: 0
2025-09-29 18:33:17,000 INFO o.a.j.r.Summariser: summary =  89710 in 00:00:48 = 1877.9/s Avg:     4 Min:     0 Max:    56 Err:     0 (0.00%)
2025-09-29 18:33:23,000 INFO o.a.j.r.Summariser: summary +  13108 in 00:00:06 = 2184.7/s Avg:     4 Min:     0 Max:    32 Err:     0 (0.00%) Active: 20 Started: 20 Finished: 0
2025-09-29 18:33:23,002 INFO o.a.j.r.Summariser: summary = 102818 in 00:00:54 = 1912.1/s Avg:     4 Min:     0 Max:    56 Err:     0 (0.00%)
2025-09-29 18:33:29,001 INFO o.a.j.r.Summariser: summary +  13625 in 00:00:06 = 2270.5/s Avg:     4 Min:     0 Max:    23 Err:     0 (0.00%) Active: 20 Started: 20 Finished: 0
2025-09-29 18:33:29,002 INFO o.a.j.r.Summariser: summary = 116443 in 00:01:00 = 1948.1/s Avg:     4 Min:     0 Max:    56 Err:     0 (0.00%)
2025-09-29 18:33:29,240 INFO o.a.j.t.JMeterThread: Thread finished: UDP Ingestion 1-1
2025-09-29 18:33:29,249 INFO o.a.j.t.JMeterThread: Thread finished: UDP Ingestion 1-2
2025-09-29 18:33:29,259 INFO o.a.j.t.JMeterThread: Thread finished: UDP Ingestion 1-6
2025-09-29 18:33:29,263 INFO o.a.j.t.JMeterThread: Thread finished: UDP Ingestion 1-3
2025-09-29 18:33:29,263 INFO o.a.j.t.JMeterThread: Thread finished: UDP Ingestion 1-9
2025-09-29 18:33:29,279 INFO o.a.j.t.JMeterThread: Thread finished: UDP Ingestion 1-8
2025-09-29 18:33:29,279 INFO o.a.j.t.JMeterThread: Thread finished: UDP Ingestion 1-4
2025-09-29 18:33:29,286 INFO o.a.j.t.JMeterThread: Thread finished: UDP Ingestion 1-5
2025-09-29 18:33:29,292 INFO o.a.j.t.JMeterThread: Thread finished: UDP Ingestion 1-7
2025-09-29 18:33:29,301 INFO o.a.j.t.JMeterThread: Thread finished: UDP Ingestion 1-10
2025-09-29 18:33:29,325 INFO o.a.j.t.JMeterThread: Stopping because end time detected by thread: HTTP Searchers 2-2
2025-09-29 18:33:29,325 INFO o.a.j.t.JMeterThread: Thread finished: HTTP Searchers 2-2
2025-09-29 18:33:29,329 INFO o.a.j.t.JMeterThread: Stopping because end time detected by thread: HTTP Searchers 2-1
2025-09-29 18:33:29,329 INFO o.a.j.t.JMeterThread: Thread finished: HTTP Searchers 2-1
2025-09-29 18:33:29,329 INFO o.a.j.t.JMeterThread: Stopping because end time detected by thread: HTTP Searchers 2-4
2025-09-29 18:33:29,329 INFO o.a.j.t.JMeterThread: Thread finished: HTTP Searchers 2-4
2025-09-29 18:33:29,330 INFO o.a.j.t.JMeterThread: Stopping because end time detected by thread: HTTP Searchers 2-7
2025-09-29 18:33:29,330 INFO o.a.j.t.JMeterThread: Thread finished: HTTP Searchers 2-7
2025-09-29 18:33:29,331 INFO o.a.j.t.JMeterThread: Stopping because end time detected by thread: HTTP Searchers 2-5
2025-09-29 18:33:29,331 INFO o.a.j.t.JMeterThread: Thread finished: HTTP Searchers 2-5
2025-09-29 18:33:29,331 INFO o.a.j.t.JMeterThread: Stopping because end time detected by thread: HTTP Searchers 2-3
2025-09-29 18:33:29,332 INFO o.a.j.t.JMeterThread: Thread finished: HTTP Searchers 2-3
2025-09-29 18:33:29,333 INFO o.a.j.t.JMeterThread: Stopping because end time detected by thread: HTTP Searchers 2-8
2025-09-29 18:33:29,333 INFO o.a.j.t.JMeterThread: Thread finished: HTTP Searchers 2-8
2025-09-29 18:33:29,333 INFO o.a.j.t.JMeterThread: Stopping because end time detected by thread: HTTP Searchers 2-9
2025-09-29 18:33:29,333 INFO o.a.j.t.JMeterThread: Thread finished: HTTP Searchers 2-9
2025-09-29 18:33:29,334 INFO o.a.j.t.JMeterThread: Stopping because end time detected by thread: HTTP Searchers 2-6
2025-09-29 18:33:29,334 INFO o.a.j.t.JMeterThread: Thread finished: HTTP Searchers 2-6
2025-09-29 18:33:29,338 INFO o.a.j.t.JMeterThread: Stopping because end time detected by thread: HTTP Searchers 2-10
2025-09-29 18:33:29,338 INFO o.a.j.t.JMeterThread: Thread finished: HTTP Searchers 2-10
2025-09-29 18:33:29,339 INFO o.a.j.e.StandardJMeterEngine: Notifying test listeners of end of test
2025-09-29 18:33:29,339 INFO o.a.j.r.Summariser: summary +    716 in 00:00:00 = 2118.3/s Avg:     4 Min:     0 Max:    19 Err:     0 (0.00%) Active: 0 Started: 20 Finished: 20
2025-09-29 18:33:29,339 INFO o.a.j.r.Summariser: summary = 117159 in 00:01:00 = 1949.1/s Avg:     4 Min:     0 Max:    56 Err:     0 (0.00%)
2025-09-29 18:33:29,340 INFO o.a.j.JMeter: Generating Dashboard
2025-09-29 18:33:29,340 INFO o.a.j.r.d.ReportGenerator: Flushing result collector before report Generation
2025-09-29 18:33:29,355 INFO o.a.j.r.p.NormalizerSampleConsumer: Using format, 'ms', to parse timeStamp field
2025-09-29 18:33:31,823 INFO o.a.j.r.p.AbstractSampleConsumer: class org.apache.jmeter.report.processor.AggregateConsumer#stopProducing(): beginDate produced 0 samples
2025-09-29 18:33:31,823 INFO o.a.j.r.p.AbstractSampleConsumer: class org.apache.jmeter.report.processor.AggregateConsumer#stopProducing(): endDate produced 0 samples
2025-09-29 18:33:31,824 INFO o.a.j.r.p.AbstractSampleConsumer: class org.apache.jmeter.report.processor.ApdexSummaryConsumer#stopProducing(): apdexSummary produced 0 samples
2025-09-29 18:33:31,824 INFO o.a.j.r.p.AbstractSampleConsumer: class org.apache.jmeter.report.processor.RequestsSummaryConsumer#stopProducing(): requestsSummary produced 0 samples
2025-09-29 18:33:31,846 INFO o.a.j.r.p.AbstractSampleConsumer: class org.apache.jmeter.report.processor.StatisticsSummaryConsumer#stopProducing(): statisticsSummary produced 0 samples
2025-09-29 18:33:31,847 INFO o.a.j.r.p.AbstractSampleConsumer: class org.apache.jmeter.report.processor.Top5ErrorsBySamplerConsumer#stopProducing(): top5ErrorsBySampler produced 0 samples
2025-09-29 18:33:31,847 INFO o.a.j.r.p.AbstractSampleConsumer: class org.apache.jmeter.report.processor.ErrorsSummaryConsumer#stopProducing(): errorsSummary produced 0 samples
2025-09-29 18:33:31,847 INFO o.a.j.r.p.AbstractSampleConsumer: class org.apache.jmeter.report.processor.graph.impl.HitsPerSecondGraphConsumer#stopProducing(): hitsPerSecond produced 0 samples
2025-09-29 18:33:32,501 INFO o.a.j.r.p.AbstractSampleConsumer: class org.apache.jmeter.report.processor.graph.impl.LatencyVSRequestGraphConsumer#stopProducing(): latencyVsRequest produced 0 samples
2025-09-29 18:33:32,507 INFO o.a.j.r.p.AbstractSampleConsumer: class org.apache.jmeter.report.processor.graph.impl.SyntheticResponseTimeDistributionGraphConsumer#stopProducing(): syntheticResponseTimeDistribution produced 0 samples
2025-09-29 18:33:32,508 INFO o.a.j.r.p.AbstractSampleConsumer: class org.apache.jmeter.report.processor.graph.impl.BytesThroughputGraphConsumer#stopProducing(): bytesThroughputOverTime produced 0 samples
2025-09-29 18:33:32,508 INFO o.a.j.r.p.AbstractSampleConsumer: class org.apache.jmeter.report.processor.graph.impl.CodesPerSecondGraphConsumer#stopProducing(): codesPerSecond produced 0 samples
2025-09-29 18:33:32,881 INFO o.a.j.r.p.AbstractSampleConsumer: class org.apache.jmeter.report.processor.graph.impl.ResponseTimeVSRequestGraphConsumer#stopProducing(): responseTimeVsRequest produced 0 samples
2025-09-29 18:33:32,888 INFO o.a.j.r.p.AbstractSampleConsumer: class org.apache.jmeter.report.processor.FilterConsumer#stopProducing(): startIntervalControlerFilter produced 820113 samples
2025-09-29 18:33:32,888 INFO o.a.j.r.p.AbstractSampleConsumer: class org.apache.jmeter.report.processor.graph.impl.TotalTPSGraphConsumer#stopProducing(): totalTPS produced 0 samples
2025-09-29 18:33:32,889 INFO o.a.j.r.p.AbstractSampleConsumer: class org.apache.jmeter.report.processor.graph.impl.ActiveThreadsGraphConsumer#stopProducing(): activeThreadsOverTime produced 0 samples
2025-09-29 18:33:32,889 INFO o.a.j.r.p.AbstractSampleConsumer: class org.apache.jmeter.report.processor.graph.impl.TimeVSThreadGraphConsumer#stopProducing(): timeVsThreads produced 0 samples
2025-09-29 18:33:32,889 INFO o.a.j.r.p.AbstractSampleConsumer: class org.apache.jmeter.report.processor.graph.impl.ResponseTimeDistributionGraphConsumer#stopProducing(): responseTimeDistribution produced 0 samples
2025-09-29 18:33:32,889 INFO o.a.j.r.p.AbstractSampleConsumer: class org.apache.jmeter.report.processor.graph.impl.TransactionsPerSecondGraphConsumer#stopProducing(): transactionsPerSecond produced 0 samples
2025-09-29 18:33:32,889 INFO o.a.j.r.p.AbstractSampleConsumer: class org.apache.jmeter.report.processor.graph.impl.ResponseTimePercentilesGraphConsumer#stopProducing(): responseTimePercentiles produced 0 samples
2025-09-29 18:33:32,890 INFO o.a.j.r.p.AbstractSampleConsumer: class org.apache.jmeter.report.processor.graph.impl.ResponseTimePercentilesOverTimeGraphConsumer#stopProducing(): responseTimePercentilesOverTime produced 0 samples
2025-09-29 18:33:32,896 INFO o.a.j.r.p.AbstractSampleConsumer: class org.apache.jmeter.report.processor.graph.impl.ResponseTimeOverTimeGraphConsumer#stopProducing(): responseTimesOverTime produced 0 samples
2025-09-29 18:33:32,896 INFO o.a.j.r.p.AbstractSampleConsumer: class org.apache.jmeter.report.processor.graph.impl.ConnectTimeOverTimeGraphConsumer#stopProducing(): connectTimeOverTime produced 0 samples
2025-09-29 18:33:32,896 INFO o.a.j.r.p.AbstractSampleConsumer: class org.apache.jmeter.report.processor.graph.impl.LatencyOverTimeGraphConsumer#stopProducing(): latenciesOverTime produced 0 samples
2025-09-29 18:33:32,896 INFO o.a.j.r.p.AbstractSampleConsumer: class org.apache.jmeter.report.processor.FilterConsumer#stopProducing(): nameFilter produced 1757385 samples
2025-09-29 18:33:32,896 INFO o.a.j.r.p.AbstractSampleConsumer: class org.apache.jmeter.report.processor.FilterConsumer#stopProducing(): dateRangeFilter produced 351477 samples
2025-09-29 18:33:32,896 INFO o.a.j.r.p.AbstractSampleConsumer: class org.apache.jmeter.report.processor.NormalizerSampleConsumer#stopProducing(): normalizer produced 117159 samples
2025-09-29 18:33:32,897 INFO o.a.j.r.p.CsvFileSampleSource: produce(): 117159 samples produced in 3s 510 ms on channel 0
2025-09-29 18:33:32,897 INFO o.a.j.r.d.ReportGenerator: Exporting data using exporter:'json' of className:'org.apache.jmeter.report.dashboard.JsonExporter'
2025-09-29 18:33:33,026 INFO o.a.j.r.d.JsonExporter: Found data for consumer statisticsSummary in context
2025-09-29 18:33:33,026 INFO o.a.j.r.d.JsonExporter: Creating statistics for overall
2025-09-29 18:33:33,026 INFO o.a.j.r.d.JsonExporter: Creating statistics for other transactions
2025-09-29 18:33:33,027 INFO o.a.j.r.d.JsonExporter: Checking output folder
2025-09-29 18:33:33,027 INFO o.a.j.r.d.JsonExporter: Writing statistics JSON to /home/runner/work/grepwise/grepwise/target/jmeter/reports/combined-parallel-bsh/statistics.json
2025-09-29 18:33:33,084 INFO o.a.j.r.d.ReportGenerator: Exporting data using exporter:'html' of className:'org.apache.jmeter.report.dashboard.HtmlTemplateExporter'
2025-09-29 18:33:33,086 INFO o.a.j.r.d.HtmlTemplateExporter: Will generate dashboard in folder: /home/runner/work/grepwise/grepwise/target/jmeter/reports/combined-parallel-bsh
2025-09-29 18:33:33,191 INFO o.a.j.r.d.HtmlTemplateExporter: Report will be generated in: /home/runner/work/grepwise/grepwise/target/jmeter/reports/combined-parallel-bsh, creating folder structure
2025-09-29 18:33:33,193 INFO o.a.j.r.d.TemplateVisitor: Copying folder from '/home/runner/work/grepwise/grepwise/target/e8b55e13-6ef0-4932-9d80-c2d42dbf9dcf/jmeter/bin/report-template' to '/home/runner/work/grepwise/grepwise/target/jmeter/reports/combined-parallel-bsh', got message: /home/runner/work/grepwise/grepwise/target/jmeter/reports/combined-parallel-bsh, found non empty folder with following content [/home/runner/work/grepwise/grepwise/target/jmeter/reports/combined-parallel-bsh/statistics.json], will be ignored
2025-09-29 18:33:33,437 INFO o.a.j.JMeter: Dashboard generated
