2025-10-05 21:42:30,478 INFO o.a.j.u.JMeterUtils: Setting Locale to en
2025-10-05 21:42:30,490 INFO o.a.j.JMeter: Loading additional properties from: /home/runner/work/grepwise/grepwise/src/test/jmeter/jmeter.properties
2025-10-05 21:42:30,491 INFO o.a.j.JMeter: Setting System property: sun.net.http.allowRestrictedHeaders=true
2025-10-05 21:42:30,495 INFO o.a.j.JMeter: Copyright (c) 1998-2023 The Apache Software Foundation
2025-10-05 21:42:30,495 INFO o.a.j.JMeter: Version 5.6.2
2025-10-05 21:42:30,495 INFO o.a.j.JMeter: java.version=25
2025-10-05 21:42:30,495 INFO o.a.j.JMeter: java.vm.name=OpenJDK 64-Bit Server VM
2025-10-05 21:42:30,496 INFO o.a.j.JMeter: os.name=Linux
2025-10-05 21:42:30,496 INFO o.a.j.JMeter: os.arch=amd64
2025-10-05 21:42:30,496 INFO o.a.j.JMeter: os.version=6.11.0-1018-azure
2025-10-05 21:42:30,496 INFO o.a.j.JMeter: file.encoding=UTF-8
2025-10-05 21:42:30,496 INFO o.a.j.JMeter: java.awt.headless=true
2025-10-05 21:42:30,496 INFO o.a.j.JMeter: Max memory     =536870912
2025-10-05 21:42:30,496 INFO o.a.j.JMeter: Available Processors =4
2025-10-05 21:42:30,505 INFO o.a.j.JMeter: Default Locale=English
2025-10-05 21:42:30,506 INFO o.a.j.JMeter: JMeter  Locale=English
2025-10-05 21:42:30,506 INFO o.a.j.JMeter: JMeterHome=/home/runner/work/grepwise/grepwise/target/56014fac-dfe9-4603-9ef7-f77425802d3e/jmeter
2025-10-05 21:42:30,506 INFO o.a.j.JMeter: user.dir  =/home/runner/work/grepwise/grepwise/target/56014fac-dfe9-4603-9ef7-f77425802d3e/jmeter/bin
2025-10-05 21:42:30,506 INFO o.a.j.JMeter: PWD       =/home/runner/work/grepwise/grepwise/target/56014fac-dfe9-4603-9ef7-f77425802d3e/jmeter/bin
2025-10-05 21:42:30,506 INFO o.a.j.JMeter: IP: 10.1.0.247 Name: runnervmwhb2z FullName: runnervmwhb2z
2025-10-05 21:42:30,515 INFO o.a.j.JMeter: Setting property 'jmeter.reportgenerator.outputdir' to:'/home/runner/work/grepwise/grepwise/target/jmeter/reports/combined-parallel-bsh'
2025-10-05 21:42:30,517 INFO o.a.j.s.FileServer: Default base='/home/runner/work/grepwise/grepwise/target/56014fac-dfe9-4603-9ef7-f77425802d3e/jmeter/bin'
2025-10-05 21:42:30,517 INFO o.a.j.s.FileServer: Set new base='/home/runner/work/grepwise/grepwise/target/jmeter/testFiles'
2025-10-05 21:42:30,758 INFO o.a.j.s.SaveService: Testplan (JMX) version: 2.2. Testlog (JTL) version: 2.2
2025-10-05 21:42:30,778 INFO o.a.j.s.SaveService: Using SaveService properties version 5.0
2025-10-05 21:42:30,781 INFO o.a.j.s.SaveService: Using SaveService properties file encoding UTF-8
2025-10-05 21:42:30,785 INFO o.a.j.s.SaveService: Loading file: /home/runner/work/grepwise/grepwise/target/jmeter/testFiles/combined-parallel-bsh.jmx
2025-10-05 21:42:30,867 INFO o.a.j.JMeter: Creating summariser <summary>
2025-10-05 21:42:30,873 INFO o.a.j.r.d.ReportGenerator: ReportGenerator will use for Parsing the separator: ','
2025-10-05 21:42:30,873 INFO o.a.j.r.d.ReportGenerator: Will generate report at end of test from  results file: /home/runner/work/grepwise/grepwise/target/jmeter/results/20251005-combined-parallel-bsh.csv
2025-10-05 21:42:30,873 INFO o.a.j.r.d.ReportGenerator: Reading report generator properties from: /home/runner/work/grepwise/grepwise/target/56014fac-dfe9-4603-9ef7-f77425802d3e/jmeter/bin/reportgenerator.properties
2025-10-05 21:42:30,873 INFO o.a.j.r.d.ReportGenerator: Merging with JMeter properties
2025-10-05 21:42:30,876 INFO o.a.j.r.c.ReportGeneratorConfiguration: Property 'jmeter.reportgenerator.temp_dir' not found, using default value 'temp' instead.
2025-10-05 21:42:30,878 INFO o.a.j.r.c.ReportGeneratorConfiguration: Property 'jmeter.reportgenerator.apdex_per_transaction' not found, using default value 'null' instead.
2025-10-05 21:42:30,879 INFO o.a.j.r.c.ReportGeneratorConfiguration: apdex_per_transaction is empty, not APDEX per transaction customization
2025-10-05 21:42:30,879 INFO o.a.j.r.c.ReportGeneratorConfiguration: Property 'jmeter.reportgenerator.sample_filter' not found, using default value 'null' instead.
2025-10-05 21:42:30,879 INFO o.a.j.r.c.ReportGeneratorConfiguration: Property 'jmeter.reportgenerator.report_title' not found, using default value 'null' instead.
2025-10-05 21:42:30,879 INFO o.a.j.r.c.ReportGeneratorConfiguration: Property 'jmeter.reportgenerator.start_date' not found, using default value 'null' instead.
2025-10-05 21:42:30,879 INFO o.a.j.r.c.ReportGeneratorConfiguration: Property 'jmeter.reportgenerator.end_date' not found, using default value 'null' instead.
2025-10-05 21:42:30,879 INFO o.a.j.r.c.ReportGeneratorConfiguration: Property 'jmeter.reportgenerator.date_format' not found, using default value 'null' instead.
2025-10-05 21:42:30,879 INFO o.a.j.r.c.ReportGeneratorConfiguration: Will use date range start date: null, end date: null
2025-10-05 21:42:30,882 INFO o.a.j.r.c.ReportGeneratorConfiguration: Property 'jmeter.reportgenerator.graph.totalTPS.exclude_controllers' not found, using default value 'false' instead.
2025-10-05 21:42:30,882 INFO o.a.j.r.c.ReportGeneratorConfiguration: Property 'jmeter.reportgenerator.graph.activeThreadsOverTime.exclude_controllers' not found, using default value 'false' instead.
2025-10-05 21:42:30,882 INFO o.a.j.r.c.ReportGeneratorConfiguration: Property 'jmeter.reportgenerator.graph.timeVsThreads.exclude_controllers' not found, using default value 'false' instead.
2025-10-05 21:42:30,882 INFO o.a.j.r.c.ReportGeneratorConfiguration: Property 'jmeter.reportgenerator.graph.responseTimeDistribution.exclude_controllers' not found, using default value 'false' instead.
2025-10-05 21:42:30,882 INFO o.a.j.r.c.ReportGeneratorConfiguration: Property 'jmeter.reportgenerator.graph.transactionsPerSecond.exclude_controllers' not found, using default value 'false' instead.
2025-10-05 21:42:30,883 INFO o.a.j.r.c.ReportGeneratorConfiguration: Property 'jmeter.reportgenerator.graph.responseTimePercentiles.exclude_controllers' not found, using default value 'false' instead.
2025-10-05 21:42:30,883 INFO o.a.j.r.c.ReportGeneratorConfiguration: Property 'jmeter.reportgenerator.graph.responseTimePercentilesOverTime.exclude_controllers' not found, using default value 'false' instead.
2025-10-05 21:42:30,883 INFO o.a.j.r.c.ReportGeneratorConfiguration: Property 'jmeter.reportgenerator.graph.responseTimesOverTime.exclude_controllers' not found, using default value 'false' instead.
2025-10-05 21:42:30,883 INFO o.a.j.r.c.ReportGeneratorConfiguration: Property 'jmeter.reportgenerator.graph.connectTimeOverTime.exclude_controllers' not found, using default value 'false' instead.
2025-10-05 21:42:30,883 INFO o.a.j.r.c.ReportGeneratorConfiguration: Property 'jmeter.reportgenerator.graph.latenciesOverTime.exclude_controllers' not found, using default value 'false' instead.
2025-10-05 21:42:30,884 INFO o.a.j.r.c.ReportGeneratorConfiguration: Property 'jmeter.reportgenerator.exporter.json.filters_only_sample_series' not found, using default value 'true' instead.
2025-10-05 21:42:30,884 INFO o.a.j.r.c.ReportGeneratorConfiguration: Property 'jmeter.reportgenerator.exporter.json.series_filter' not found, using default value '' instead.
2025-10-05 21:42:30,884 INFO o.a.j.r.c.ReportGeneratorConfiguration: Property 'jmeter.reportgenerator.exporter.json.show_controllers_only' not found, using default value 'false' instead.
2025-10-05 21:42:30,884 INFO o.a.j.r.c.ReportGeneratorConfiguration: Property 'jmeter.reportgenerator.exporter.html.filters_only_sample_series' not found, using default value 'true' instead.
2025-10-05 21:42:30,884 INFO o.a.j.r.c.ReportGeneratorConfiguration: Property 'jmeter.reportgenerator.exporter.html.series_filter' not found, using default value '' instead.
2025-10-05 21:42:30,884 INFO o.a.j.r.c.ReportGeneratorConfiguration: Property 'jmeter.reportgenerator.exporter.html.show_controllers_only' not found, using default value 'false' instead.
2025-10-05 21:42:30,893 INFO o.a.j.e.StandardJMeterEngine: Running the test!
2025-10-05 21:42:30,894 INFO o.a.j.s.SampleEvent: List of sample_variables: []
2025-10-05 21:42:30,894 INFO o.a.j.s.SampleEvent: List of sample_variables: []
2025-10-05 21:42:30,954 INFO o.a.j.JMeter: Running test (1759700550954)
2025-10-05 21:42:30,978 INFO o.a.j.e.StandardJMeterEngine: Starting ThreadGroup: 1 : UDP Ingestion
2025-10-05 21:42:30,978 INFO o.a.j.e.StandardJMeterEngine: Starting 10 threads for group UDP Ingestion.
2025-10-05 21:42:30,978 INFO o.a.j.e.StandardJMeterEngine: Thread will continue on error
2025-10-05 21:42:30,979 INFO o.a.j.t.ThreadGroup: Starting thread group... number=1 threads=10 ramp-up=10 delayedStart=false
2025-10-05 21:42:30,989 INFO o.a.j.t.JMeterThread: Thread started: UDP Ingestion 1-1
2025-10-05 21:42:31,010 INFO o.a.j.t.ThreadGroup: Started thread group number 1
2025-10-05 21:42:31,010 INFO o.a.j.e.StandardJMeterEngine: Starting ThreadGroup: 2 : HTTP Searchers
2025-10-05 21:42:31,010 INFO o.a.j.e.StandardJMeterEngine: Starting 10 threads for group HTTP Searchers.
2025-10-05 21:42:31,010 INFO o.a.j.e.StandardJMeterEngine: Thread will continue on error
2025-10-05 21:42:31,010 INFO o.a.j.t.ThreadGroup: Starting thread group... number=2 threads=10 ramp-up=10 delayedStart=false
2025-10-05 21:42:31,011 INFO o.a.j.t.JMeterThread: Thread started: HTTP Searchers 2-1
2025-10-05 21:42:31,018 INFO o.a.j.t.ThreadGroup: Started thread group number 2
2025-10-05 21:42:31,018 INFO o.a.j.e.StandardJMeterEngine: All thread groups have been started
2025-10-05 21:42:31,025 INFO o.a.j.s.SampleResult: Note: Sample TimeStamps are END times
2025-10-05 21:42:31,025 INFO o.a.j.s.SampleResult: sampleresult.default.encoding is set to UTF-8
2025-10-05 21:42:31,025 INFO o.a.j.s.SampleResult: sampleresult.useNanoTime=true
2025-10-05 21:42:31,025 INFO o.a.j.s.SampleResult: sampleresult.nanoThreadSleep=5000
2025-10-05 21:42:31,025 INFO o.a.j.p.h.s.HTTPHCAbstractImpl: Local host = runnervmwhb2z
2025-10-05 21:42:31,030 INFO o.a.j.p.h.s.HTTPHC4Impl: HTTP request retry count = 0
2025-10-05 21:42:31,031 INFO o.a.j.r.Summariser: summary +      1 in 00:00:00 =   13.3/s Avg:     1 Min:     1 Max:     1 Err:     0 (0.00%) Active: 2 Started: 2 Finished: 0
2025-10-05 21:42:31,985 INFO o.a.j.t.JMeterThread: Thread started: UDP Ingestion 1-2
2025-10-05 21:42:32,011 INFO o.a.j.t.JMeterThread: Thread started: HTTP Searchers 2-2
2025-10-05 21:42:32,986 INFO o.a.j.t.JMeterThread: Thread started: UDP Ingestion 1-3
2025-10-05 21:42:33,012 INFO o.a.j.t.JMeterThread: Thread started: HTTP Searchers 2-3
2025-10-05 21:42:33,983 INFO o.a.j.t.JMeterThread: Thread started: UDP Ingestion 1-4
2025-10-05 21:42:34,011 INFO o.a.j.t.JMeterThread: Thread started: HTTP Searchers 2-4
2025-10-05 21:42:34,982 INFO o.a.j.t.JMeterThread: Thread started: UDP Ingestion 1-5
2025-10-05 21:42:35,012 INFO o.a.j.t.JMeterThread: Thread started: HTTP Searchers 2-5
2025-10-05 21:42:35,983 INFO o.a.j.t.JMeterThread: Thread started: UDP Ingestion 1-6
2025-10-05 21:42:36,012 INFO o.a.j.t.JMeterThread: Thread started: HTTP Searchers 2-6
2025-10-05 21:42:36,982 INFO o.a.j.t.JMeterThread: Thread started: UDP Ingestion 1-7
2025-10-05 21:42:37,000 INFO o.a.j.r.Summariser: summary +  21755 in 00:00:06 = 3643.4/s Avg:     0 Min:     0 Max:    23 Err:     0 (0.00%) Active: 13 Started: 13 Finished: 0
2025-10-05 21:42:37,000 INFO o.a.j.r.Summariser: summary =  21756 in 00:00:06 = 3598.4/s Avg:     0 Min:     0 Max:    23 Err:     0 (0.00%)
2025-10-05 21:42:37,012 INFO o.a.j.t.JMeterThread: Thread started: HTTP Searchers 2-7
2025-10-05 21:42:37,983 INFO o.a.j.t.JMeterThread: Thread started: UDP Ingestion 1-8
2025-10-05 21:42:38,011 INFO o.a.j.t.JMeterThread: Thread started: HTTP Searchers 2-8
2025-10-05 21:42:38,981 INFO o.a.j.t.JMeterThread: Thread started: UDP Ingestion 1-9
2025-10-05 21:42:39,011 INFO o.a.j.t.JMeterThread: Thread started: HTTP Searchers 2-9
2025-10-05 21:42:39,983 INFO o.a.j.t.JMeterThread: Thread started: UDP Ingestion 1-10
2025-10-05 21:42:40,013 INFO o.a.j.t.JMeterThread: Thread started: HTTP Searchers 2-10
2025-10-05 21:42:43,000 INFO o.a.j.r.Summariser: summary +  42170 in 00:00:06 = 7028.3/s Avg:     1 Min:     0 Max:    11 Err:     0 (0.00%) Active: 20 Started: 20 Finished: 0
2025-10-05 21:42:43,000 INFO o.a.j.r.Summariser: summary =  63926 in 00:00:12 = 5306.8/s Avg:     1 Min:     0 Max:    23 Err:     0 (0.00%)
2025-10-05 21:42:49,000 INFO o.a.j.r.Summariser: summary +  47796 in 00:00:06 = 7966.0/s Avg:     1 Min:     0 Max:    13 Err:     0 (0.00%) Active: 20 Started: 20 Finished: 0
2025-10-05 21:42:49,001 INFO o.a.j.r.Summariser: summary = 111722 in 00:00:18 = 6191.0/s Avg:     1 Min:     0 Max:    23 Err:     0 (0.00%)
2025-10-05 21:42:55,000 INFO o.a.j.r.Summariser: summary +  48544 in 00:00:06 = 8090.7/s Avg:     1 Min:     0 Max:    12 Err:     0 (0.00%) Active: 20 Started: 20 Finished: 0
2025-10-05 21:42:55,000 INFO o.a.j.r.Summariser: summary = 160266 in 00:00:24 = 6665.0/s Avg:     1 Min:     0 Max:    23 Err:     0 (0.00%)
2025-10-05 21:43:01,000 INFO o.a.j.r.Summariser: summary +  49534 in 00:00:06 = 8255.7/s Avg:     1 Min:     0 Max:    10 Err:     0 (0.00%) Active: 20 Started: 20 Finished: 0
2025-10-05 21:43:01,000 INFO o.a.j.r.Summariser: summary = 209800 in 00:00:30 = 6982.6/s Avg:     1 Min:     0 Max:    23 Err:     0 (0.00%)
2025-10-05 21:43:07,000 INFO o.a.j.r.Summariser: summary +  49514 in 00:00:06 = 8252.3/s Avg:     1 Min:     0 Max:    10 Err:     0 (0.00%) Active: 20 Started: 20 Finished: 0
2025-10-05 21:43:07,001 INFO o.a.j.r.Summariser: summary = 259314 in 00:00:36 = 7194.0/s Avg:     1 Min:     0 Max:    23 Err:     0 (0.00%)
2025-10-05 21:43:13,000 INFO o.a.j.r.Summariser: summary +  49744 in 00:00:06 = 8290.7/s Avg:     1 Min:     0 Max:    14 Err:     0 (0.00%) Active: 20 Started: 20 Finished: 0
2025-10-05 21:43:13,000 INFO o.a.j.r.Summariser: summary = 309058 in 00:00:42 = 7350.5/s Avg:     1 Min:     0 Max:    23 Err:     0 (0.00%)
2025-10-05 21:43:19,000 INFO o.a.j.r.Summariser: summary +  50014 in 00:00:06 = 8335.7/s Avg:     1 Min:     0 Max:    12 Err:     0 (0.00%) Active: 20 Started: 20 Finished: 0
2025-10-05 21:43:19,000 INFO o.a.j.r.Summariser: summary = 359072 in 00:00:48 = 7473.5/s Avg:     1 Min:     0 Max:    23 Err:     0 (0.00%)
2025-10-05 21:43:25,000 INFO o.a.j.r.Summariser: summary +  49512 in 00:00:06 = 8252.0/s Avg:     1 Min:     0 Max:    11 Err:     0 (0.00%) Active: 20 Started: 20 Finished: 0
2025-10-05 21:43:25,000 INFO o.a.j.r.Summariser: summary = 408584 in 00:00:54 = 7559.9/s Avg:     1 Min:     0 Max:    23 Err:     0 (0.00%)
2025-10-05 21:43:30,947 INFO o.a.j.t.JMeterThread: Thread finished: UDP Ingestion 1-1
2025-10-05 21:43:30,964 INFO o.a.j.t.JMeterThread: Thread finished: UDP Ingestion 1-7
2025-10-05 21:43:30,978 INFO o.a.j.t.JMeterThread: Thread finished: UDP Ingestion 1-2
2025-10-05 21:43:30,978 INFO o.a.j.t.JMeterThread: Thread finished: UDP Ingestion 1-9
2025-10-05 21:43:30,989 INFO o.a.j.t.JMeterThread: Thread finished: UDP Ingestion 1-5
2025-10-05 21:43:30,993 INFO o.a.j.t.JMeterThread: Thread finished: UDP Ingestion 1-6
2025-10-05 21:43:30,993 INFO o.a.j.t.JMeterThread: Stopping because end time detected by thread: UDP Ingestion 1-3
2025-10-05 21:43:30,993 INFO o.a.j.t.JMeterThread: Thread finished: UDP Ingestion 1-4
2025-10-05 21:43:30,993 INFO o.a.j.t.JMeterThread: Thread finished: UDP Ingestion 1-3
2025-10-05 21:43:30,993 INFO o.a.j.t.JMeterThread: Thread finished: UDP Ingestion 1-8
2025-10-05 21:43:31,000 INFO o.a.j.r.Summariser: summary +  50391 in 00:00:06 = 8398.5/s Avg:     1 Min:     0 Max:     9 Err:     0 (0.00%) Active: 11 Started: 20 Finished: 9
2025-10-05 21:43:31,004 INFO o.a.j.r.Summariser: summary = 458975 in 00:01:00 = 7643.7/s Avg:     1 Min:     0 Max:    23 Err:     0 (0.00%)
2025-10-05 21:43:31,003 INFO o.a.j.t.JMeterThread: Thread finished: UDP Ingestion 1-10
2025-10-05 21:43:31,011 INFO o.a.j.t.JMeterThread: Stopping because end time detected by thread: HTTP Searchers 2-3
2025-10-05 21:43:31,011 INFO o.a.j.t.JMeterThread: Thread finished: HTTP Searchers 2-3
2025-10-05 21:43:31,011 INFO o.a.j.t.JMeterThread: Stopping because end time detected by thread: HTTP Searchers 2-2
2025-10-05 21:43:31,011 INFO o.a.j.t.JMeterThread: Thread finished: HTTP Searchers 2-2
2025-10-05 21:43:31,010 INFO o.a.j.t.JMeterThread: Stopping because end time detected by thread: HTTP Searchers 2-1
2025-10-05 21:43:31,011 INFO o.a.j.t.JMeterThread: Thread finished: HTTP Searchers 2-1
2025-10-05 21:43:31,012 INFO o.a.j.t.JMeterThread: Stopping because end time detected by thread: HTTP Searchers 2-4
2025-10-05 21:43:31,012 INFO o.a.j.t.JMeterThread: Thread finished: HTTP Searchers 2-4
2025-10-05 21:43:31,013 INFO o.a.j.t.JMeterThread: Stopping because end time detected by thread: HTTP Searchers 2-5
2025-10-05 21:43:31,014 INFO o.a.j.t.JMeterThread: Thread finished: HTTP Searchers 2-5
2025-10-05 21:43:31,014 INFO o.a.j.t.JMeterThread: Stopping because end time detected by thread: HTTP Searchers 2-6
2025-10-05 21:43:31,014 INFO o.a.j.t.JMeterThread: Thread finished: HTTP Searchers 2-6
2025-10-05 21:43:31,015 INFO o.a.j.t.JMeterThread: Stopping because end time detected by thread: HTTP Searchers 2-8
2025-10-05 21:43:31,015 INFO o.a.j.t.JMeterThread: Thread finished: HTTP Searchers 2-8
2025-10-05 21:43:31,015 INFO o.a.j.t.JMeterThread: Stopping because end time detected by thread: HTTP Searchers 2-7
2025-10-05 21:43:31,015 INFO o.a.j.t.JMeterThread: Thread finished: HTTP Searchers 2-7
2025-10-05 21:43:31,016 INFO o.a.j.t.JMeterThread: Stopping because end time detected by thread: HTTP Searchers 2-10
2025-10-05 21:43:31,016 INFO o.a.j.t.JMeterThread: Thread finished: HTTP Searchers 2-10
2025-10-05 21:43:31,016 INFO o.a.j.t.JMeterThread: Stopping because end time detected by thread: HTTP Searchers 2-9
2025-10-05 21:43:31,016 INFO o.a.j.t.JMeterThread: Thread finished: HTTP Searchers 2-9
2025-10-05 21:43:31,016 INFO o.a.j.e.StandardJMeterEngine: Notifying test listeners of end of test
2025-10-05 21:43:31,017 INFO o.a.j.r.Summariser: summary +     87 in 00:00:00 = 5117.6/s Avg:     1 Min:     0 Max:     4 Err:     0 (0.00%) Active: 0 Started: 20 Finished: 20
2025-10-05 21:43:31,017 INFO o.a.j.r.Summariser: summary = 459062 in 00:01:00 = 7643.0/s Avg:     1 Min:     0 Max:    23 Err:     0 (0.00%)
2025-10-05 21:43:31,017 INFO o.a.j.JMeter: Generating Dashboard
2025-10-05 21:43:31,017 INFO o.a.j.r.d.ReportGenerator: Flushing result collector before report Generation
2025-10-05 21:43:31,028 INFO o.a.j.r.p.NormalizerSampleConsumer: Using format, 'ms', to parse timeStamp field
2025-10-05 21:43:36,144 INFO o.a.j.r.p.AbstractSampleConsumer: class org.apache.jmeter.report.processor.AggregateConsumer#stopProducing(): beginDate produced 0 samples
2025-10-05 21:43:36,144 INFO o.a.j.r.p.AbstractSampleConsumer: class org.apache.jmeter.report.processor.AggregateConsumer#stopProducing(): endDate produced 0 samples
2025-10-05 21:43:36,145 INFO o.a.j.r.p.AbstractSampleConsumer: class org.apache.jmeter.report.processor.ApdexSummaryConsumer#stopProducing(): apdexSummary produced 0 samples
2025-10-05 21:43:36,145 INFO o.a.j.r.p.AbstractSampleConsumer: class org.apache.jmeter.report.processor.RequestsSummaryConsumer#stopProducing(): requestsSummary produced 0 samples
2025-10-05 21:43:36,161 INFO o.a.j.r.p.AbstractSampleConsumer: class org.apache.jmeter.report.processor.StatisticsSummaryConsumer#stopProducing(): statisticsSummary produced 0 samples
2025-10-05 21:43:36,163 INFO o.a.j.r.p.AbstractSampleConsumer: class org.apache.jmeter.report.processor.Top5ErrorsBySamplerConsumer#stopProducing(): top5ErrorsBySampler produced 0 samples
2025-10-05 21:43:36,163 INFO o.a.j.r.p.AbstractSampleConsumer: class org.apache.jmeter.report.processor.ErrorsSummaryConsumer#stopProducing(): errorsSummary produced 0 samples
2025-10-05 21:43:36,163 INFO o.a.j.r.p.AbstractSampleConsumer: class org.apache.jmeter.report.processor.graph.impl.HitsPerSecondGraphConsumer#stopProducing(): hitsPerSecond produced 0 samples
2025-10-05 21:43:37,591 INFO o.a.j.r.p.AbstractSampleConsumer: class org.apache.jmeter.report.processor.graph.impl.LatencyVSRequestGraphConsumer#stopProducing(): latencyVsRequest produced 0 samples
2025-10-05 21:43:37,600 INFO o.a.j.r.p.AbstractSampleConsumer: class org.apache.jmeter.report.processor.graph.impl.SyntheticResponseTimeDistributionGraphConsumer#stopProducing(): syntheticResponseTimeDistribution produced 0 samples
2025-10-05 21:43:37,600 INFO o.a.j.r.p.AbstractSampleConsumer: class org.apache.jmeter.report.processor.graph.impl.BytesThroughputGraphConsumer#stopProducing(): bytesThroughputOverTime produced 0 samples
2025-10-05 21:43:37,600 INFO o.a.j.r.p.AbstractSampleConsumer: class org.apache.jmeter.report.processor.graph.impl.CodesPerSecondGraphConsumer#stopProducing(): codesPerSecond produced 0 samples
2025-10-05 21:43:38,969 INFO o.a.j.r.p.AbstractSampleConsumer: class org.apache.jmeter.report.processor.graph.impl.ResponseTimeVSRequestGraphConsumer#stopProducing(): responseTimeVsRequest produced 0 samples
2025-10-05 21:43:38,979 INFO o.a.j.r.p.AbstractSampleConsumer: class org.apache.jmeter.report.processor.FilterConsumer#stopProducing(): startIntervalControlerFilter produced 3213434 samples
2025-10-05 21:43:38,979 INFO o.a.j.r.p.AbstractSampleConsumer: class org.apache.jmeter.report.processor.graph.impl.TotalTPSGraphConsumer#stopProducing(): totalTPS produced 0 samples
2025-10-05 21:43:38,979 INFO o.a.j.r.p.AbstractSampleConsumer: class org.apache.jmeter.report.processor.graph.impl.ActiveThreadsGraphConsumer#stopProducing(): activeThreadsOverTime produced 0 samples
2025-10-05 21:43:38,979 INFO o.a.j.r.p.AbstractSampleConsumer: class org.apache.jmeter.report.processor.graph.impl.TimeVSThreadGraphConsumer#stopProducing(): timeVsThreads produced 0 samples
2025-10-05 21:43:38,979 INFO o.a.j.r.p.AbstractSampleConsumer: class org.apache.jmeter.report.processor.graph.impl.ResponseTimeDistributionGraphConsumer#stopProducing(): responseTimeDistribution produced 0 samples
2025-10-05 21:43:38,979 INFO o.a.j.r.p.AbstractSampleConsumer: class org.apache.jmeter.report.processor.graph.impl.TransactionsPerSecondGraphConsumer#stopProducing(): transactionsPerSecond produced 0 samples
2025-10-05 21:43:38,979 INFO o.a.j.r.p.AbstractSampleConsumer: class org.apache.jmeter.report.processor.graph.impl.ResponseTimePercentilesGraphConsumer#stopProducing(): responseTimePercentiles produced 0 samples
2025-10-05 21:43:38,980 INFO o.a.j.r.p.AbstractSampleConsumer: class org.apache.jmeter.report.processor.graph.impl.ResponseTimePercentilesOverTimeGraphConsumer#stopProducing(): responseTimePercentilesOverTime produced 0 samples
2025-10-05 21:43:38,982 INFO o.a.j.r.p.AbstractSampleConsumer: class org.apache.jmeter.report.processor.graph.impl.ResponseTimeOverTimeGraphConsumer#stopProducing(): responseTimesOverTime produced 0 samples
2025-10-05 21:43:38,982 INFO o.a.j.r.p.AbstractSampleConsumer: class org.apache.jmeter.report.processor.graph.impl.ConnectTimeOverTimeGraphConsumer#stopProducing(): connectTimeOverTime produced 0 samples
2025-10-05 21:43:38,982 INFO o.a.j.r.p.AbstractSampleConsumer: class org.apache.jmeter.report.processor.graph.impl.LatencyOverTimeGraphConsumer#stopProducing(): latenciesOverTime produced 0 samples
2025-10-05 21:43:38,983 INFO o.a.j.r.p.AbstractSampleConsumer: class org.apache.jmeter.report.processor.FilterConsumer#stopProducing(): nameFilter produced 6885930 samples
2025-10-05 21:43:38,983 INFO o.a.j.r.p.AbstractSampleConsumer: class org.apache.jmeter.report.processor.FilterConsumer#stopProducing(): dateRangeFilter produced 1377186 samples
2025-10-05 21:43:38,983 INFO o.a.j.r.p.AbstractSampleConsumer: class org.apache.jmeter.report.processor.NormalizerSampleConsumer#stopProducing(): normalizer produced 459062 samples
2025-10-05 21:43:38,983 INFO o.a.j.r.p.CsvFileSampleSource: produce(): 459062 samples produced in 7s 934 ms on channel 0
2025-10-05 21:43:38,983 INFO o.a.j.r.d.ReportGenerator: Exporting data using exporter:'json' of className:'org.apache.jmeter.report.dashboard.JsonExporter'
2025-10-05 21:43:39,062 INFO o.a.j.r.d.JsonExporter: Found data for consumer statisticsSummary in context
2025-10-05 21:43:39,062 INFO o.a.j.r.d.JsonExporter: Creating statistics for overall
2025-10-05 21:43:39,062 INFO o.a.j.r.d.JsonExporter: Creating statistics for other transactions
2025-10-05 21:43:39,063 INFO o.a.j.r.d.JsonExporter: Checking output folder
2025-10-05 21:43:39,063 INFO o.a.j.r.d.JsonExporter: Writing statistics JSON to /home/runner/work/grepwise/grepwise/target/jmeter/reports/combined-parallel-bsh/statistics.json
2025-10-05 21:43:39,095 INFO o.a.j.r.d.ReportGenerator: Exporting data using exporter:'html' of className:'org.apache.jmeter.report.dashboard.HtmlTemplateExporter'
2025-10-05 21:43:39,097 INFO o.a.j.r.d.HtmlTemplateExporter: Will generate dashboard in folder: /home/runner/work/grepwise/grepwise/target/jmeter/reports/combined-parallel-bsh
2025-10-05 21:43:39,165 INFO o.a.j.r.d.HtmlTemplateExporter: Report will be generated in: /home/runner/work/grepwise/grepwise/target/jmeter/reports/combined-parallel-bsh, creating folder structure
2025-10-05 21:43:39,166 INFO o.a.j.r.d.TemplateVisitor: Copying folder from '/home/runner/work/grepwise/grepwise/target/56014fac-dfe9-4603-9ef7-f77425802d3e/jmeter/bin/report-template' to '/home/runner/work/grepwise/grepwise/target/jmeter/reports/combined-parallel-bsh', got message: /home/runner/work/grepwise/grepwise/target/jmeter/reports/combined-parallel-bsh, found non empty folder with following content [/home/runner/work/grepwise/grepwise/target/jmeter/reports/combined-parallel-bsh/statistics.json], will be ignored
2025-10-05 21:43:39,320 INFO o.a.j.JMeter: Dashboard generated
