2025-10-05 21:41:27,440 INFO o.a.j.u.JMeterUtils: Setting Locale to en
2025-10-05 21:41:27,453 INFO o.a.j.JMeter: Loading additional properties from: /home/runner/work/grepwise/grepwise/src/test/jmeter/jmeter.properties
2025-10-05 21:41:27,453 INFO o.a.j.JMeter: Setting System property: sun.net.http.allowRestrictedHeaders=true
2025-10-05 21:41:27,458 INFO o.a.j.JMeter: Copyright (c) 1998-2023 The Apache Software Foundation
2025-10-05 21:41:27,458 INFO o.a.j.JMeter: Version 5.6.2
2025-10-05 21:41:27,458 INFO o.a.j.JMeter: java.version=25
2025-10-05 21:41:27,458 INFO o.a.j.JMeter: java.vm.name=OpenJDK 64-Bit Server VM
2025-10-05 21:41:27,459 INFO o.a.j.JMeter: os.name=Linux
2025-10-05 21:41:27,459 INFO o.a.j.JMeter: os.arch=amd64
2025-10-05 21:41:27,459 INFO o.a.j.JMeter: os.version=6.11.0-1018-azure
2025-10-05 21:41:27,459 INFO o.a.j.JMeter: file.encoding=UTF-8
2025-10-05 21:41:27,459 INFO o.a.j.JMeter: java.awt.headless=true
2025-10-05 21:41:27,459 INFO o.a.j.JMeter: Max memory     =536870912
2025-10-05 21:41:27,459 INFO o.a.j.JMeter: Available Processors =4
2025-10-05 21:41:27,469 INFO o.a.j.JMeter: Default Locale=English
2025-10-05 21:41:27,469 INFO o.a.j.JMeter: JMeter  Locale=English
2025-10-05 21:41:27,469 INFO o.a.j.JMeter: JMeterHome=/home/runner/work/grepwise/grepwise/target/56014fac-dfe9-4603-9ef7-f77425802d3e/jmeter
2025-10-05 21:41:27,469 INFO o.a.j.JMeter: user.dir  =/home/runner/work/grepwise/grepwise/target/56014fac-dfe9-4603-9ef7-f77425802d3e/jmeter/bin
2025-10-05 21:41:27,469 INFO o.a.j.JMeter: PWD       =/home/runner/work/grepwise/grepwise/target/56014fac-dfe9-4603-9ef7-f77425802d3e/jmeter/bin
2025-10-05 21:41:27,469 INFO o.a.j.JMeter: IP: 10.1.0.247 Name: runnervmwhb2z FullName: runnervmwhb2z
2025-10-05 21:41:27,478 INFO o.a.j.JMeter: Setting property 'jmeter.reportgenerator.outputdir' to:'/home/runner/work/grepwise/grepwise/target/jmeter/reports/http-search'
2025-10-05 21:41:27,480 INFO o.a.j.s.FileServer: Default base='/home/runner/work/grepwise/grepwise/target/56014fac-dfe9-4603-9ef7-f77425802d3e/jmeter/bin'
2025-10-05 21:41:27,481 INFO o.a.j.s.FileServer: Set new base='/home/runner/work/grepwise/grepwise/target/jmeter/testFiles'
2025-10-05 21:41:27,724 INFO o.a.j.s.SaveService: Testplan (JMX) version: 2.2. Testlog (JTL) version: 2.2
2025-10-05 21:41:27,744 INFO o.a.j.s.SaveService: Using SaveService properties version 5.0
2025-10-05 21:41:27,747 INFO o.a.j.s.SaveService: Using SaveService properties file encoding UTF-8
2025-10-05 21:41:27,750 INFO o.a.j.s.SaveService: Loading file: /home/runner/work/grepwise/grepwise/target/jmeter/testFiles/http-search.jmx
2025-10-05 21:41:27,815 INFO o.a.j.JMeter: Creating summariser <summary>
2025-10-05 21:41:27,818 INFO o.a.j.r.d.ReportGenerator: ReportGenerator will use for Parsing the separator: ','
2025-10-05 21:41:27,818 INFO o.a.j.r.d.ReportGenerator: Will generate report at end of test from  results file: /home/runner/work/grepwise/grepwise/target/jmeter/results/20251005-http-search.csv
2025-10-05 21:41:27,818 INFO o.a.j.r.d.ReportGenerator: Reading report generator properties from: /home/runner/work/grepwise/grepwise/target/56014fac-dfe9-4603-9ef7-f77425802d3e/jmeter/bin/reportgenerator.properties
2025-10-05 21:41:27,819 INFO o.a.j.r.d.ReportGenerator: Merging with JMeter properties
2025-10-05 21:41:27,821 INFO o.a.j.r.c.ReportGeneratorConfiguration: Property 'jmeter.reportgenerator.temp_dir' not found, using default value 'temp' instead.
2025-10-05 21:41:27,824 INFO o.a.j.r.c.ReportGeneratorConfiguration: Property 'jmeter.reportgenerator.apdex_per_transaction' not found, using default value 'null' instead.
2025-10-05 21:41:27,824 INFO o.a.j.r.c.ReportGeneratorConfiguration: apdex_per_transaction is empty, not APDEX per transaction customization
2025-10-05 21:41:27,824 INFO o.a.j.r.c.ReportGeneratorConfiguration: Property 'jmeter.reportgenerator.sample_filter' not found, using default value 'null' instead.
2025-10-05 21:41:27,824 INFO o.a.j.r.c.ReportGeneratorConfiguration: Property 'jmeter.reportgenerator.report_title' not found, using default value 'null' instead.
2025-10-05 21:41:27,824 INFO o.a.j.r.c.ReportGeneratorConfiguration: Property 'jmeter.reportgenerator.start_date' not found, using default value 'null' instead.
2025-10-05 21:41:27,824 INFO o.a.j.r.c.ReportGeneratorConfiguration: Property 'jmeter.reportgenerator.end_date' not found, using default value 'null' instead.
2025-10-05 21:41:27,824 INFO o.a.j.r.c.ReportGeneratorConfiguration: Property 'jmeter.reportgenerator.date_format' not found, using default value 'null' instead.
2025-10-05 21:41:27,825 INFO o.a.j.r.c.ReportGeneratorConfiguration: Will use date range start date: null, end date: null
2025-10-05 21:41:27,827 INFO o.a.j.r.c.ReportGeneratorConfiguration: Property 'jmeter.reportgenerator.graph.totalTPS.exclude_controllers' not found, using default value 'false' instead.
2025-10-05 21:41:27,827 INFO o.a.j.r.c.ReportGeneratorConfiguration: Property 'jmeter.reportgenerator.graph.activeThreadsOverTime.exclude_controllers' not found, using default value 'false' instead.
2025-10-05 21:41:27,828 INFO o.a.j.r.c.ReportGeneratorConfiguration: Property 'jmeter.reportgenerator.graph.timeVsThreads.exclude_controllers' not found, using default value 'false' instead.
2025-10-05 21:41:27,828 INFO o.a.j.r.c.ReportGeneratorConfiguration: Property 'jmeter.reportgenerator.graph.responseTimeDistribution.exclude_controllers' not found, using default value 'false' instead.
2025-10-05 21:41:27,828 INFO o.a.j.r.c.ReportGeneratorConfiguration: Property 'jmeter.reportgenerator.graph.transactionsPerSecond.exclude_controllers' not found, using default value 'false' instead.
2025-10-05 21:41:27,828 INFO o.a.j.r.c.ReportGeneratorConfiguration: Property 'jmeter.reportgenerator.graph.responseTimePercentiles.exclude_controllers' not found, using default value 'false' instead.
2025-10-05 21:41:27,828 INFO o.a.j.r.c.ReportGeneratorConfiguration: Property 'jmeter.reportgenerator.graph.responseTimePercentilesOverTime.exclude_controllers' not found, using default value 'false' instead.
2025-10-05 21:41:27,828 INFO o.a.j.r.c.ReportGeneratorConfiguration: Property 'jmeter.reportgenerator.graph.responseTimesOverTime.exclude_controllers' not found, using default value 'false' instead.
2025-10-05 21:41:27,828 INFO o.a.j.r.c.ReportGeneratorConfiguration: Property 'jmeter.reportgenerator.graph.connectTimeOverTime.exclude_controllers' not found, using default value 'false' instead.
2025-10-05 21:41:27,828 INFO o.a.j.r.c.ReportGeneratorConfiguration: Property 'jmeter.reportgenerator.graph.latenciesOverTime.exclude_controllers' not found, using default value 'false' instead.
2025-10-05 21:41:27,829 INFO o.a.j.r.c.ReportGeneratorConfiguration: Property 'jmeter.reportgenerator.exporter.json.filters_only_sample_series' not found, using default value 'true' instead.
2025-10-05 21:41:27,829 INFO o.a.j.r.c.ReportGeneratorConfiguration: Property 'jmeter.reportgenerator.exporter.json.series_filter' not found, using default value '' instead.
2025-10-05 21:41:27,829 INFO o.a.j.r.c.ReportGeneratorConfiguration: Property 'jmeter.reportgenerator.exporter.json.show_controllers_only' not found, using default value 'false' instead.
2025-10-05 21:41:27,829 INFO o.a.j.r.c.ReportGeneratorConfiguration: Property 'jmeter.reportgenerator.exporter.html.filters_only_sample_series' not found, using default value 'true' instead.
2025-10-05 21:41:27,829 INFO o.a.j.r.c.ReportGeneratorConfiguration: Property 'jmeter.reportgenerator.exporter.html.series_filter' not found, using default value '' instead.
2025-10-05 21:41:27,830 INFO o.a.j.r.c.ReportGeneratorConfiguration: Property 'jmeter.reportgenerator.exporter.html.show_controllers_only' not found, using default value 'false' instead.
2025-10-05 21:41:27,839 INFO o.a.j.e.StandardJMeterEngine: Running the test!
2025-10-05 21:41:27,839 INFO o.a.j.s.SampleEvent: List of sample_variables: []
2025-10-05 21:41:27,840 INFO o.a.j.s.SampleEvent: List of sample_variables: []
2025-10-05 21:41:27,902 INFO o.a.j.JMeter: Running test (1759700487902)
2025-10-05 21:41:27,925 INFO o.a.j.e.StandardJMeterEngine: Starting ThreadGroup: 1 : Searchers
2025-10-05 21:41:27,926 INFO o.a.j.e.StandardJMeterEngine: Starting 10 threads for group Searchers.
2025-10-05 21:41:27,926 INFO o.a.j.e.StandardJMeterEngine: Thread will continue on error
2025-10-05 21:41:27,926 INFO o.a.j.t.ThreadGroup: Starting thread group... number=1 threads=10 ramp-up=10 delayedStart=false
2025-10-05 21:41:27,934 INFO o.a.j.t.JMeterThread: Thread started: Searchers 1-1
2025-10-05 21:41:27,939 INFO o.a.j.t.ThreadGroup: Started thread group number 1
2025-10-05 21:41:27,939 INFO o.a.j.e.StandardJMeterEngine: All thread groups have been started
2025-10-05 21:41:28,171 INFO o.a.j.p.h.s.HTTPHCAbstractImpl: Local host = runnervmwhb2z
2025-10-05 21:41:28,175 INFO o.a.j.p.h.s.HTTPHC4Impl: HTTP request retry count = 0
2025-10-05 21:41:28,176 INFO o.a.j.s.SampleResult: Note: Sample TimeStamps are END times
2025-10-05 21:41:28,176 INFO o.a.j.s.SampleResult: sampleresult.default.encoding is set to UTF-8
2025-10-05 21:41:28,176 INFO o.a.j.s.SampleResult: sampleresult.useNanoTime=true
2025-10-05 21:41:28,176 INFO o.a.j.s.SampleResult: sampleresult.nanoThreadSleep=5000
2025-10-05 21:41:28,254 INFO o.a.j.r.Summariser: summary +      1 in 00:00:00 =    2.9/s Avg:    25 Min:    25 Max:    25 Err:     0 (0.00%) Active: 1 Started: 1 Finished: 0
2025-10-05 21:41:28,929 INFO o.a.j.t.JMeterThread: Thread started: Searchers 1-2
2025-10-05 21:41:29,929 INFO o.a.j.t.JMeterThread: Thread started: Searchers 1-3
2025-10-05 21:41:30,927 INFO o.a.j.t.JMeterThread: Thread started: Searchers 1-4
2025-10-05 21:41:31,928 INFO o.a.j.t.JMeterThread: Thread started: Searchers 1-5
2025-10-05 21:41:32,928 INFO o.a.j.t.JMeterThread: Thread started: Searchers 1-6
2025-10-05 21:41:33,927 INFO o.a.j.t.JMeterThread: Thread started: Searchers 1-7
2025-10-05 21:41:34,008 INFO o.a.j.r.Summariser: summary +     58 in 00:00:06 =   10.1/s Avg:     1 Min:     1 Max:     8 Err:     0 (0.00%) Active: 7 Started: 7 Finished: 0
2025-10-05 21:41:34,008 INFO o.a.j.r.Summariser: summary =     59 in 00:00:06 =    9.7/s Avg:     1 Min:     1 Max:    25 Err:     0 (0.00%)
2025-10-05 21:41:34,928 INFO o.a.j.t.JMeterThread: Thread started: Searchers 1-8
2025-10-05 21:41:35,927 INFO o.a.j.t.JMeterThread: Thread started: Searchers 1-9
2025-10-05 21:41:36,929 INFO o.a.j.t.JMeterThread: Thread started: Searchers 1-10
2025-10-05 21:41:40,020 INFO o.a.j.r.Summariser: summary +    156 in 00:00:06 =   26.0/s Avg:     0 Min:     0 Max:     3 Err:     0 (0.00%) Active: 10 Started: 10 Finished: 0
2025-10-05 21:41:40,020 INFO o.a.j.r.Summariser: summary =    215 in 00:00:12 =   17.7/s Avg:     1 Min:     0 Max:    25 Err:     0 (0.00%)
2025-10-05 21:41:46,055 INFO o.a.j.r.Summariser: summary +    172 in 00:00:06 =   28.5/s Avg:     1 Min:     0 Max:     4 Err:     0 (0.00%) Active: 10 Started: 10 Finished: 0
2025-10-05 21:41:46,055 INFO o.a.j.r.Summariser: summary =    387 in 00:00:18 =   21.3/s Avg:     1 Min:     0 Max:    25 Err:     0 (0.00%)
2025-10-05 21:41:52,018 INFO o.a.j.r.Summariser: summary +    167 in 00:00:06 =   28.0/s Avg:     0 Min:     0 Max:     2 Err:     0 (0.00%) Active: 10 Started: 10 Finished: 0
2025-10-05 21:41:52,018 INFO o.a.j.r.Summariser: summary =    554 in 00:00:24 =   23.0/s Avg:     1 Min:     0 Max:    25 Err:     0 (0.00%)
2025-10-05 21:41:58,021 INFO o.a.j.r.Summariser: summary +    164 in 00:00:06 =   27.3/s Avg:     0 Min:     0 Max:     2 Err:     0 (0.00%) Active: 10 Started: 10 Finished: 0
2025-10-05 21:41:58,021 INFO o.a.j.r.Summariser: summary =    718 in 00:00:30 =   23.8/s Avg:     0 Min:     0 Max:    25 Err:     0 (0.00%)
2025-10-05 21:42:04,044 INFO o.a.j.r.Summariser: summary +    170 in 00:00:06 =   28.2/s Avg:     0 Min:     0 Max:     2 Err:     0 (0.00%) Active: 10 Started: 10 Finished: 0
2025-10-05 21:42:04,045 INFO o.a.j.r.Summariser: summary =    888 in 00:00:36 =   24.6/s Avg:     0 Min:     0 Max:    25 Err:     0 (0.00%)
2025-10-05 21:42:10,013 INFO o.a.j.r.Summariser: summary +    171 in 00:00:06 =   28.7/s Avg:     0 Min:     0 Max:     1 Err:     0 (0.00%) Active: 10 Started: 10 Finished: 0
2025-10-05 21:42:10,013 INFO o.a.j.r.Summariser: summary =   1059 in 00:00:42 =   25.1/s Avg:     0 Min:     0 Max:    25 Err:     0 (0.00%)
2025-10-05 21:42:16,108 INFO o.a.j.r.Summariser: summary +    169 in 00:00:06 =   27.7/s Avg:     0 Min:     0 Max:     3 Err:     0 (0.00%) Active: 10 Started: 10 Finished: 0
2025-10-05 21:42:16,109 INFO o.a.j.r.Summariser: summary =   1228 in 00:00:48 =   25.5/s Avg:     0 Min:     0 Max:    25 Err:     0 (0.00%)
2025-10-05 21:42:22,067 INFO o.a.j.r.Summariser: summary +    169 in 00:00:06 =   28.4/s Avg:     0 Min:     0 Max:     2 Err:     0 (0.00%) Active: 10 Started: 10 Finished: 0
2025-10-05 21:42:22,068 INFO o.a.j.r.Summariser: summary =   1397 in 00:00:54 =   25.8/s Avg:     0 Min:     0 Max:    25 Err:     0 (0.00%)
2025-10-05 21:42:27,552 INFO o.a.j.t.JMeterThread: Thread finished: Searchers 1-7
2025-10-05 21:42:27,597 INFO o.a.j.t.JMeterThread: Thread finished: Searchers 1-9
2025-10-05 21:42:27,654 INFO o.a.j.t.JMeterThread: Thread finished: Searchers 1-4
2025-10-05 21:42:27,724 INFO o.a.j.t.JMeterThread: Thread finished: Searchers 1-2
2025-10-05 21:42:27,779 INFO o.a.j.t.JMeterThread: Thread finished: Searchers 1-3
2025-10-05 21:42:27,798 INFO o.a.j.t.JMeterThread: Thread finished: Searchers 1-5
2025-10-05 21:42:27,803 INFO o.a.j.t.JMeterThread: Thread finished: Searchers 1-1
2025-10-05 21:42:27,904 INFO o.a.j.t.JMeterThread: Thread finished: Searchers 1-8
2025-10-05 21:42:27,923 INFO o.a.j.t.JMeterThread: Thread finished: Searchers 1-10
2025-10-05 21:42:27,926 INFO o.a.j.t.JMeterThread: Thread finished: Searchers 1-6
2025-10-05 21:42:27,926 INFO o.a.j.e.StandardJMeterEngine: Notifying test listeners of end of test
2025-10-05 21:42:27,927 INFO o.a.j.r.Summariser: summary +    164 in 00:00:06 =   28.0/s Avg:     0 Min:     0 Max:     2 Err:     0 (0.00%) Active: 0 Started: 10 Finished: 10
2025-10-05 21:42:27,927 INFO o.a.j.r.Summariser: summary =   1561 in 00:01:00 =   26.0/s Avg:     0 Min:     0 Max:    25 Err:     0 (0.00%)
2025-10-05 21:42:27,927 INFO o.a.j.JMeter: Generating Dashboard
2025-10-05 21:42:27,927 INFO o.a.j.r.d.ReportGenerator: Flushing result collector before report Generation
2025-10-05 21:42:27,938 INFO o.a.j.r.p.NormalizerSampleConsumer: Using format, 'ms', to parse timeStamp field
2025-10-05 21:42:28,054 INFO o.a.j.r.p.AbstractSampleConsumer: class org.apache.jmeter.report.processor.AggregateConsumer#stopProducing(): beginDate produced 0 samples
2025-10-05 21:42:28,054 INFO o.a.j.r.p.AbstractSampleConsumer: class org.apache.jmeter.report.processor.AggregateConsumer#stopProducing(): endDate produced 0 samples
2025-10-05 21:42:28,055 INFO o.a.j.r.p.AbstractSampleConsumer: class org.apache.jmeter.report.processor.ApdexSummaryConsumer#stopProducing(): apdexSummary produced 0 samples
2025-10-05 21:42:28,055 INFO o.a.j.r.p.AbstractSampleConsumer: class org.apache.jmeter.report.processor.RequestsSummaryConsumer#stopProducing(): requestsSummary produced 0 samples
2025-10-05 21:42:28,060 INFO o.a.j.r.p.AbstractSampleConsumer: class org.apache.jmeter.report.processor.StatisticsSummaryConsumer#stopProducing(): statisticsSummary produced 0 samples
2025-10-05 21:42:28,062 INFO o.a.j.r.p.AbstractSampleConsumer: class org.apache.jmeter.report.processor.Top5ErrorsBySamplerConsumer#stopProducing(): top5ErrorsBySampler produced 0 samples
2025-10-05 21:42:28,062 INFO o.a.j.r.p.AbstractSampleConsumer: class org.apache.jmeter.report.processor.ErrorsSummaryConsumer#stopProducing(): errorsSummary produced 0 samples
2025-10-05 21:42:28,062 INFO o.a.j.r.p.AbstractSampleConsumer: class org.apache.jmeter.report.processor.graph.impl.HitsPerSecondGraphConsumer#stopProducing(): hitsPerSecond produced 0 samples
2025-10-05 21:42:28,087 INFO o.a.j.r.p.AbstractSampleConsumer: class org.apache.jmeter.report.processor.graph.impl.LatencyVSRequestGraphConsumer#stopProducing(): latencyVsRequest produced 0 samples
2025-10-05 21:42:28,088 INFO o.a.j.r.p.AbstractSampleConsumer: class org.apache.jmeter.report.processor.graph.impl.SyntheticResponseTimeDistributionGraphConsumer#stopProducing(): syntheticResponseTimeDistribution produced 0 samples
2025-10-05 21:42:28,088 INFO o.a.j.r.p.AbstractSampleConsumer: class org.apache.jmeter.report.processor.graph.impl.BytesThroughputGraphConsumer#stopProducing(): bytesThroughputOverTime produced 0 samples
2025-10-05 21:42:28,088 INFO o.a.j.r.p.AbstractSampleConsumer: class org.apache.jmeter.report.processor.graph.impl.CodesPerSecondGraphConsumer#stopProducing(): codesPerSecond produced 0 samples
2025-10-05 21:42:28,103 INFO o.a.j.r.p.AbstractSampleConsumer: class org.apache.jmeter.report.processor.graph.impl.ResponseTimeVSRequestGraphConsumer#stopProducing(): responseTimeVsRequest produced 0 samples
2025-10-05 21:42:28,104 INFO o.a.j.r.p.AbstractSampleConsumer: class org.apache.jmeter.report.processor.FilterConsumer#stopProducing(): startIntervalControlerFilter produced 10927 samples
2025-10-05 21:42:28,104 INFO o.a.j.r.p.AbstractSampleConsumer: class org.apache.jmeter.report.processor.graph.impl.TotalTPSGraphConsumer#stopProducing(): totalTPS produced 0 samples
2025-10-05 21:42:28,104 INFO o.a.j.r.p.AbstractSampleConsumer: class org.apache.jmeter.report.processor.graph.impl.ActiveThreadsGraphConsumer#stopProducing(): activeThreadsOverTime produced 0 samples
2025-10-05 21:42:28,104 INFO o.a.j.r.p.AbstractSampleConsumer: class org.apache.jmeter.report.processor.graph.impl.TimeVSThreadGraphConsumer#stopProducing(): timeVsThreads produced 0 samples
2025-10-05 21:42:28,104 INFO o.a.j.r.p.AbstractSampleConsumer: class org.apache.jmeter.report.processor.graph.impl.ResponseTimeDistributionGraphConsumer#stopProducing(): responseTimeDistribution produced 0 samples
2025-10-05 21:42:28,104 INFO o.a.j.r.p.AbstractSampleConsumer: class org.apache.jmeter.report.processor.graph.impl.TransactionsPerSecondGraphConsumer#stopProducing(): transactionsPerSecond produced 0 samples
2025-10-05 21:42:28,105 INFO o.a.j.r.p.AbstractSampleConsumer: class org.apache.jmeter.report.processor.graph.impl.ResponseTimePercentilesGraphConsumer#stopProducing(): responseTimePercentiles produced 0 samples
2025-10-05 21:42:28,105 INFO o.a.j.r.p.AbstractSampleConsumer: class org.apache.jmeter.report.processor.graph.impl.ResponseTimePercentilesOverTimeGraphConsumer#stopProducing(): responseTimePercentilesOverTime produced 0 samples
2025-10-05 21:42:28,106 INFO o.a.j.r.p.AbstractSampleConsumer: class org.apache.jmeter.report.processor.graph.impl.ResponseTimeOverTimeGraphConsumer#stopProducing(): responseTimesOverTime produced 0 samples
2025-10-05 21:42:28,106 INFO o.a.j.r.p.AbstractSampleConsumer: class org.apache.jmeter.report.processor.graph.impl.ConnectTimeOverTimeGraphConsumer#stopProducing(): connectTimeOverTime produced 0 samples
2025-10-05 21:42:28,106 INFO o.a.j.r.p.AbstractSampleConsumer: class org.apache.jmeter.report.processor.graph.impl.LatencyOverTimeGraphConsumer#stopProducing(): latenciesOverTime produced 0 samples
2025-10-05 21:42:28,106 INFO o.a.j.r.p.AbstractSampleConsumer: class org.apache.jmeter.report.processor.FilterConsumer#stopProducing(): nameFilter produced 23415 samples
2025-10-05 21:42:28,106 INFO o.a.j.r.p.AbstractSampleConsumer: class org.apache.jmeter.report.processor.FilterConsumer#stopProducing(): dateRangeFilter produced 4683 samples
2025-10-05 21:42:28,106 INFO o.a.j.r.p.AbstractSampleConsumer: class org.apache.jmeter.report.processor.NormalizerSampleConsumer#stopProducing(): normalizer produced 1561 samples
2025-10-05 21:42:28,107 INFO o.a.j.r.p.CsvFileSampleSource: produce(): 1561 samples produced in 148ms on channel 0
2025-10-05 21:42:28,107 INFO o.a.j.r.d.ReportGenerator: Exporting data using exporter:'json' of className:'org.apache.jmeter.report.dashboard.JsonExporter'
2025-10-05 21:42:28,189 INFO o.a.j.r.d.JsonExporter: Found data for consumer statisticsSummary in context
2025-10-05 21:42:28,189 INFO o.a.j.r.d.JsonExporter: Creating statistics for overall
2025-10-05 21:42:28,189 INFO o.a.j.r.d.JsonExporter: Creating statistics for other transactions
2025-10-05 21:42:28,190 INFO o.a.j.r.d.JsonExporter: Checking output folder
2025-10-05 21:42:28,190 INFO o.a.j.r.d.JsonExporter: Writing statistics JSON to /home/runner/work/grepwise/grepwise/target/jmeter/reports/http-search/statistics.json
2025-10-05 21:42:28,223 INFO o.a.j.r.d.ReportGenerator: Exporting data using exporter:'html' of className:'org.apache.jmeter.report.dashboard.HtmlTemplateExporter'
2025-10-05 21:42:28,225 INFO o.a.j.r.d.HtmlTemplateExporter: Will generate dashboard in folder: /home/runner/work/grepwise/grepwise/target/jmeter/reports/http-search
2025-10-05 21:42:28,295 INFO o.a.j.r.d.HtmlTemplateExporter: Report will be generated in: /home/runner/work/grepwise/grepwise/target/jmeter/reports/http-search, creating folder structure
2025-10-05 21:42:28,297 INFO o.a.j.r.d.TemplateVisitor: Copying folder from '/home/runner/work/grepwise/grepwise/target/56014fac-dfe9-4603-9ef7-f77425802d3e/jmeter/bin/report-template' to '/home/runner/work/grepwise/grepwise/target/jmeter/reports/http-search', got message: /home/runner/work/grepwise/grepwise/target/jmeter/reports/http-search, found non empty folder with following content [/home/runner/work/grepwise/grepwise/target/jmeter/reports/http-search/statistics.json], will be ignored
2025-10-05 21:42:28,464 INFO o.a.j.JMeter: Dashboard generated
