2025-10-05 21:40:21,679 INFO o.a.j.u.JMeterUtils: Setting Locale to en
2025-10-05 21:40:21,699 INFO o.a.j.JMeter: Loading additional properties from: /home/runner/work/grepwise/grepwise/src/test/jmeter/jmeter.properties
2025-10-05 21:40:21,699 INFO o.a.j.JMeter: Setting System property: sun.net.http.allowRestrictedHeaders=true
2025-10-05 21:40:21,705 INFO o.a.j.JMeter: Copyright (c) 1998-2023 The Apache Software Foundation
2025-10-05 21:40:21,705 INFO o.a.j.JMeter: Version 5.6.2
2025-10-05 21:40:21,705 INFO o.a.j.JMeter: java.version=25
2025-10-05 21:40:21,705 INFO o.a.j.JMeter: java.vm.name=OpenJDK 64-Bit Server VM
2025-10-05 21:40:21,705 INFO o.a.j.JMeter: os.name=Linux
2025-10-05 21:40:21,705 INFO o.a.j.JMeter: os.arch=amd64
2025-10-05 21:40:21,705 INFO o.a.j.JMeter: os.version=6.11.0-1018-azure
2025-10-05 21:40:21,705 INFO o.a.j.JMeter: file.encoding=UTF-8
2025-10-05 21:40:21,705 INFO o.a.j.JMeter: java.awt.headless=true
2025-10-05 21:40:21,705 INFO o.a.j.JMeter: Max memory     =536870912
2025-10-05 21:40:21,705 INFO o.a.j.JMeter: Available Processors =4
2025-10-05 21:40:21,716 INFO o.a.j.JMeter: Default Locale=English
2025-10-05 21:40:21,716 INFO o.a.j.JMeter: JMeter  Locale=English
2025-10-05 21:40:21,716 INFO o.a.j.JMeter: JMeterHome=/home/runner/work/grepwise/grepwise/target/56014fac-dfe9-4603-9ef7-f77425802d3e/jmeter
2025-10-05 21:40:21,716 INFO o.a.j.JMeter: user.dir  =/home/runner/work/grepwise/grepwise/target/56014fac-dfe9-4603-9ef7-f77425802d3e/jmeter/bin
2025-10-05 21:40:21,717 INFO o.a.j.JMeter: PWD       =/home/runner/work/grepwise/grepwise/target/56014fac-dfe9-4603-9ef7-f77425802d3e/jmeter/bin
2025-10-05 21:40:21,717 INFO o.a.j.JMeter: IP: 10.1.0.247 Name: runnervmwhb2z FullName: runnervmwhb2z
2025-10-05 21:40:21,725 INFO o.a.j.JMeter: Setting property 'jmeter.reportgenerator.outputdir' to:'/home/runner/work/grepwise/grepwise/target/jmeter/reports/syslog-udp'
2025-10-05 21:40:21,728 INFO o.a.j.s.FileServer: Default base='/home/runner/work/grepwise/grepwise/target/56014fac-dfe9-4603-9ef7-f77425802d3e/jmeter/bin'
2025-10-05 21:40:21,728 INFO o.a.j.s.FileServer: Set new base='/home/runner/work/grepwise/grepwise/target/jmeter/testFiles'
2025-10-05 21:40:21,963 INFO o.a.j.s.SaveService: Testplan (JMX) version: 2.2. Testlog (JTL) version: 2.2
2025-10-05 21:40:21,984 INFO o.a.j.s.SaveService: Using SaveService properties version 5.0
2025-10-05 21:40:21,988 INFO o.a.j.s.SaveService: Using SaveService properties file encoding UTF-8
2025-10-05 21:40:21,991 INFO o.a.j.s.SaveService: Loading file: /home/runner/work/grepwise/grepwise/target/jmeter/testFiles/syslog-udp.jmx
2025-10-05 21:40:22,077 INFO o.a.j.JMeter: Creating summariser <summary>
2025-10-05 21:40:22,083 INFO o.a.j.r.d.ReportGenerator: ReportGenerator will use for Parsing the separator: ','
2025-10-05 21:40:22,083 INFO o.a.j.r.d.ReportGenerator: Will generate report at end of test from  results file: /home/runner/work/grepwise/grepwise/target/jmeter/results/20251005-syslog-udp.csv
2025-10-05 21:40:22,083 INFO o.a.j.r.d.ReportGenerator: Reading report generator properties from: /home/runner/work/grepwise/grepwise/target/56014fac-dfe9-4603-9ef7-f77425802d3e/jmeter/bin/reportgenerator.properties
2025-10-05 21:40:22,084 INFO o.a.j.r.d.ReportGenerator: Merging with JMeter properties
2025-10-05 21:40:22,087 INFO o.a.j.r.c.ReportGeneratorConfiguration: Property 'jmeter.reportgenerator.temp_dir' not found, using default value 'temp' instead.
2025-10-05 21:40:22,089 INFO o.a.j.r.c.ReportGeneratorConfiguration: Property 'jmeter.reportgenerator.apdex_per_transaction' not found, using default value 'null' instead.
2025-10-05 21:40:22,089 INFO o.a.j.r.c.ReportGeneratorConfiguration: apdex_per_transaction is empty, not APDEX per transaction customization
2025-10-05 21:40:22,089 INFO o.a.j.r.c.ReportGeneratorConfiguration: Property 'jmeter.reportgenerator.sample_filter' not found, using default value 'null' instead.
2025-10-05 21:40:22,089 INFO o.a.j.r.c.ReportGeneratorConfiguration: Property 'jmeter.reportgenerator.report_title' not found, using default value 'null' instead.
2025-10-05 21:40:22,090 INFO o.a.j.r.c.ReportGeneratorConfiguration: Property 'jmeter.reportgenerator.start_date' not found, using default value 'null' instead.
2025-10-05 21:40:22,090 INFO o.a.j.r.c.ReportGeneratorConfiguration: Property 'jmeter.reportgenerator.end_date' not found, using default value 'null' instead.
2025-10-05 21:40:22,090 INFO o.a.j.r.c.ReportGeneratorConfiguration: Property 'jmeter.reportgenerator.date_format' not found, using default value 'null' instead.
2025-10-05 21:40:22,090 INFO o.a.j.r.c.ReportGeneratorConfiguration: Will use date range start date: null, end date: null
2025-10-05 21:40:22,093 INFO o.a.j.r.c.ReportGeneratorConfiguration: Property 'jmeter.reportgenerator.graph.totalTPS.exclude_controllers' not found, using default value 'false' instead.
2025-10-05 21:40:22,093 INFO o.a.j.r.c.ReportGeneratorConfiguration: Property 'jmeter.reportgenerator.graph.activeThreadsOverTime.exclude_controllers' not found, using default value 'false' instead.
2025-10-05 21:40:22,094 INFO o.a.j.r.c.ReportGeneratorConfiguration: Property 'jmeter.reportgenerator.graph.timeVsThreads.exclude_controllers' not found, using default value 'false' instead.
2025-10-05 21:40:22,094 INFO o.a.j.r.c.ReportGeneratorConfiguration: Property 'jmeter.reportgenerator.graph.responseTimeDistribution.exclude_controllers' not found, using default value 'false' instead.
2025-10-05 21:40:22,094 INFO o.a.j.r.c.ReportGeneratorConfiguration: Property 'jmeter.reportgenerator.graph.transactionsPerSecond.exclude_controllers' not found, using default value 'false' instead.
2025-10-05 21:40:22,094 INFO o.a.j.r.c.ReportGeneratorConfiguration: Property 'jmeter.reportgenerator.graph.responseTimePercentiles.exclude_controllers' not found, using default value 'false' instead.
2025-10-05 21:40:22,094 INFO o.a.j.r.c.ReportGeneratorConfiguration: Property 'jmeter.reportgenerator.graph.responseTimePercentilesOverTime.exclude_controllers' not found, using default value 'false' instead.
2025-10-05 21:40:22,094 INFO o.a.j.r.c.ReportGeneratorConfiguration: Property 'jmeter.reportgenerator.graph.responseTimesOverTime.exclude_controllers' not found, using default value 'false' instead.
2025-10-05 21:40:22,094 INFO o.a.j.r.c.ReportGeneratorConfiguration: Property 'jmeter.reportgenerator.graph.connectTimeOverTime.exclude_controllers' not found, using default value 'false' instead.
2025-10-05 21:40:22,094 INFO o.a.j.r.c.ReportGeneratorConfiguration: Property 'jmeter.reportgenerator.graph.latenciesOverTime.exclude_controllers' not found, using default value 'false' instead.
2025-10-05 21:40:22,095 INFO o.a.j.r.c.ReportGeneratorConfiguration: Property 'jmeter.reportgenerator.exporter.json.filters_only_sample_series' not found, using default value 'true' instead.
2025-10-05 21:40:22,095 INFO o.a.j.r.c.ReportGeneratorConfiguration: Property 'jmeter.reportgenerator.exporter.json.series_filter' not found, using default value '' instead.
2025-10-05 21:40:22,095 INFO o.a.j.r.c.ReportGeneratorConfiguration: Property 'jmeter.reportgenerator.exporter.json.show_controllers_only' not found, using default value 'false' instead.
2025-10-05 21:40:22,096 INFO o.a.j.r.c.ReportGeneratorConfiguration: Property 'jmeter.reportgenerator.exporter.html.filters_only_sample_series' not found, using default value 'true' instead.
2025-10-05 21:40:22,096 INFO o.a.j.r.c.ReportGeneratorConfiguration: Property 'jmeter.reportgenerator.exporter.html.series_filter' not found, using default value '' instead.
2025-10-05 21:40:22,096 INFO o.a.j.r.c.ReportGeneratorConfiguration: Property 'jmeter.reportgenerator.exporter.html.show_controllers_only' not found, using default value 'false' instead.
2025-10-05 21:40:22,106 INFO o.a.j.e.StandardJMeterEngine: Running the test!
2025-10-05 21:40:22,107 INFO o.a.j.s.SampleEvent: List of sample_variables: []
2025-10-05 21:40:22,107 INFO o.a.j.s.SampleEvent: List of sample_variables: []
2025-10-05 21:40:22,171 INFO o.a.j.JMeter: Running test (1759700422171)
2025-10-05 21:40:22,196 INFO o.a.j.e.StandardJMeterEngine: Starting ThreadGroup: 1 : UDP Senders
2025-10-05 21:40:22,197 INFO o.a.j.e.StandardJMeterEngine: Starting 10 threads for group UDP Senders.
2025-10-05 21:40:22,197 INFO o.a.j.e.StandardJMeterEngine: Thread will continue on error
2025-10-05 21:40:22,197 INFO o.a.j.t.ThreadGroup: Starting thread group... number=1 threads=10 ramp-up=10 delayedStart=false
2025-10-05 21:40:22,209 INFO o.a.j.t.JMeterThread: Thread started: UDP Senders 1-1
2025-10-05 21:40:22,234 INFO o.a.j.t.ThreadGroup: Started thread group number 1
2025-10-05 21:40:22,234 INFO o.a.j.e.StandardJMeterEngine: Starting ThreadGroup: 2 : Search Verifier
2025-10-05 21:40:22,234 INFO o.a.j.e.StandardJMeterEngine: Starting 1 threads for group Search Verifier.
2025-10-05 21:40:22,234 INFO o.a.j.e.StandardJMeterEngine: Thread will continue on error
2025-10-05 21:40:22,234 INFO o.a.j.t.ThreadGroup: Starting thread group... number=2 threads=1 ramp-up=1 delayedStart=false
2025-10-05 21:40:22,235 INFO o.a.j.t.ThreadGroup: Started thread group number 2
2025-10-05 21:40:22,235 INFO o.a.j.e.StandardJMeterEngine: All thread groups have been started
2025-10-05 21:40:22,235 INFO o.a.j.t.JMeterThread: Thread started: Search Verifier 2-1
2025-10-05 21:40:22,248 INFO o.a.j.p.h.s.HTTPHCAbstractImpl: Local host = runnervmwhb2z
2025-10-05 21:40:22,252 INFO o.a.j.p.h.s.HTTPHC4Impl: HTTP request retry count = 0
2025-10-05 21:40:22,253 INFO o.a.j.s.SampleResult: Note: Sample TimeStamps are END times
2025-10-05 21:40:22,253 INFO o.a.j.s.SampleResult: sampleresult.default.encoding is set to UTF-8
2025-10-05 21:40:22,253 INFO o.a.j.s.SampleResult: sampleresult.useNanoTime=true
2025-10-05 21:40:22,254 INFO o.a.j.s.SampleResult: sampleresult.nanoThreadSleep=5000
2025-10-05 21:40:22,310 INFO o.a.j.r.Summariser: summary +      1 in 00:00:00 =    7.3/s Avg:     2 Min:     2 Max:     2 Err:     0 (0.00%) Active: 2 Started: 2 Finished: 0
2025-10-05 21:40:23,203 INFO o.a.j.t.JMeterThread: Thread started: UDP Senders 1-2
2025-10-05 21:40:24,202 INFO o.a.j.t.JMeterThread: Thread started: UDP Senders 1-3
2025-10-05 21:40:25,201 INFO o.a.j.t.JMeterThread: Thread started: UDP Senders 1-4
2025-10-05 21:40:26,200 INFO o.a.j.t.JMeterThread: Thread started: UDP Senders 1-5
2025-10-05 21:40:27,200 INFO o.a.j.t.JMeterThread: Thread started: UDP Senders 1-6
2025-10-05 21:40:28,001 INFO o.a.j.r.Summariser: summary +   4963 in 00:00:06 =  871.9/s Avg:     1 Min:     0 Max:    55 Err:     0 (0.00%) Active: 7 Started: 7 Finished: 0
2025-10-05 21:40:28,001 INFO o.a.j.r.Summariser: summary =   4964 in 00:00:06 =  851.6/s Avg:     1 Min:     0 Max:    55 Err:     0 (0.00%)
2025-10-05 21:40:28,199 INFO o.a.j.t.JMeterThread: Thread started: UDP Senders 1-7
2025-10-05 21:40:29,199 INFO o.a.j.t.JMeterThread: Thread started: UDP Senders 1-8
2025-10-05 21:40:30,201 INFO o.a.j.t.JMeterThread: Thread started: UDP Senders 1-9
2025-10-05 21:40:31,201 INFO o.a.j.t.JMeterThread: Thread started: UDP Senders 1-10
2025-10-05 21:40:34,000 INFO o.a.j.r.Summariser: summary +  10157 in 00:00:06 = 1692.8/s Avg:     0 Min:     0 Max:    11 Err:     0 (0.00%) Active: 11 Started: 11 Finished: 0
2025-10-05 21:40:34,000 INFO o.a.j.r.Summariser: summary =  15121 in 00:00:12 = 1278.3/s Avg:     0 Min:     0 Max:    55 Err:     0 (0.00%)
2025-10-05 21:40:40,000 INFO o.a.j.r.Summariser: summary +  14204 in 00:00:06 = 2367.3/s Avg:     0 Min:     0 Max:     8 Err:     0 (0.00%) Active: 11 Started: 11 Finished: 0
2025-10-05 21:40:40,001 INFO o.a.j.r.Summariser: summary =  29325 in 00:00:18 = 1644.8/s Avg:     0 Min:     0 Max:    55 Err:     0 (0.00%)
2025-10-05 21:40:46,000 INFO o.a.j.r.Summariser: summary +  17943 in 00:00:06 = 2990.5/s Avg:     0 Min:     0 Max:    10 Err:     0 (0.00%) Active: 11 Started: 11 Finished: 0
2025-10-05 21:40:46,000 INFO o.a.j.r.Summariser: summary =  47268 in 00:00:24 = 1983.6/s Avg:     0 Min:     0 Max:    55 Err:     0 (0.00%)
2025-10-05 21:40:52,001 INFO o.a.j.r.Summariser: summary +  17995 in 00:00:06 = 2999.2/s Avg:     0 Min:     0 Max:     5 Err:     0 (0.00%) Active: 11 Started: 11 Finished: 0
2025-10-05 21:40:52,001 INFO o.a.j.r.Summariser: summary =  65263 in 00:00:30 = 2187.9/s Avg:     0 Min:     0 Max:    55 Err:     0 (0.00%)
2025-10-05 21:40:58,000 INFO o.a.j.r.Summariser: summary +  18226 in 00:00:06 = 3037.7/s Avg:     0 Min:     0 Max:     4 Err:     0 (0.00%) Active: 11 Started: 11 Finished: 0
2025-10-05 21:40:58,000 INFO o.a.j.r.Summariser: summary =  83489 in 00:00:36 = 2330.2/s Avg:     0 Min:     0 Max:    55 Err:     0 (0.00%)
2025-10-05 21:41:04,000 INFO o.a.j.r.Summariser: summary +  18624 in 00:00:06 = 3104.0/s Avg:     0 Min:     0 Max:     4 Err:     0 (0.00%) Active: 11 Started: 11 Finished: 0
2025-10-05 21:41:04,000 INFO o.a.j.r.Summariser: summary = 102113 in 00:00:42 = 2441.2/s Avg:     0 Min:     0 Max:    55 Err:     0 (0.00%)
2025-10-05 21:41:10,000 INFO o.a.j.r.Summariser: summary +  18444 in 00:00:06 = 3074.0/s Avg:     0 Min:     0 Max:     4 Err:     0 (0.00%) Active: 11 Started: 11 Finished: 0
2025-10-05 21:41:10,000 INFO o.a.j.r.Summariser: summary = 120557 in 00:00:48 = 2520.6/s Avg:     0 Min:     0 Max:    55 Err:     0 (0.00%)
2025-10-05 21:41:16,000 INFO o.a.j.r.Summariser: summary +  18635 in 00:00:06 = 3105.8/s Avg:     0 Min:     0 Max:     4 Err:     0 (0.00%) Active: 11 Started: 11 Finished: 0
2025-10-05 21:41:16,000 INFO o.a.j.r.Summariser: summary = 139192 in 00:00:54 = 2585.8/s Avg:     0 Min:     0 Max:    55 Err:     0 (0.00%)
2025-10-05 21:41:22,000 INFO o.a.j.r.Summariser: summary +  18575 in 00:00:06 = 3095.8/s Avg:     0 Min:     0 Max:     4 Err:     0 (0.00%) Active: 11 Started: 11 Finished: 0
2025-10-05 21:41:22,000 INFO o.a.j.r.Summariser: summary = 157767 in 00:01:00 = 2637.0/s Avg:     0 Min:     0 Max:    55 Err:     0 (0.00%)
2025-10-05 21:41:22,131 INFO o.a.j.t.JMeterThread: Thread finished: UDP Senders 1-2
2025-10-05 21:41:22,137 INFO o.a.j.t.JMeterThread: Thread finished: UDP Senders 1-5
2025-10-05 21:41:22,148 INFO o.a.j.t.JMeterThread: Thread finished: UDP Senders 1-4
2025-10-05 21:41:22,170 INFO o.a.j.t.JMeterThread: Thread finished: UDP Senders 1-7
2025-10-05 21:41:22,185 INFO o.a.j.t.JMeterThread: Thread finished: UDP Senders 1-8
2025-10-05 21:41:22,193 INFO o.a.j.t.JMeterThread: Thread finished: UDP Senders 1-1
2025-10-05 21:41:22,198 INFO o.a.j.t.JMeterThread: Thread finished: UDP Senders 1-10
2025-10-05 21:41:22,205 INFO o.a.j.t.JMeterThread: Thread finished: UDP Senders 1-3
2025-10-05 21:41:22,220 INFO o.a.j.t.JMeterThread: Thread finished: UDP Senders 1-6
2025-10-05 21:41:22,220 INFO o.a.j.t.JMeterThread: Thread finished: UDP Senders 1-9
2025-10-05 21:41:22,234 INFO o.a.j.t.JMeterThread: Stopping because end time detected by thread: Search Verifier 2-1
2025-10-05 21:41:22,234 INFO o.a.j.t.JMeterThread: Thread finished: Search Verifier 2-1
2025-10-05 21:41:22,235 INFO o.a.j.e.StandardJMeterEngine: Notifying test listeners of end of test
2025-10-05 21:41:22,235 INFO o.a.j.r.Summariser: summary +    693 in 00:00:00 = 2948.9/s Avg:     0 Min:     0 Max:     1 Err:     0 (0.00%) Active: 0 Started: 11 Finished: 11
2025-10-05 21:41:22,235 INFO o.a.j.r.Summariser: summary = 158460 in 00:01:00 = 2638.2/s Avg:     0 Min:     0 Max:    55 Err:     0 (0.00%)
2025-10-05 21:41:22,236 INFO o.a.j.JMeter: Generating Dashboard
2025-10-05 21:41:22,236 INFO o.a.j.r.d.ReportGenerator: Flushing result collector before report Generation
2025-10-05 21:41:22,246 INFO o.a.j.r.p.NormalizerSampleConsumer: Using format, 'ms', to parse timeStamp field
2025-10-05 21:41:24,110 INFO o.a.j.r.p.AbstractSampleConsumer: class org.apache.jmeter.report.processor.AggregateConsumer#stopProducing(): beginDate produced 0 samples
2025-10-05 21:41:24,110 INFO o.a.j.r.p.AbstractSampleConsumer: class org.apache.jmeter.report.processor.AggregateConsumer#stopProducing(): endDate produced 0 samples
2025-10-05 21:41:24,111 INFO o.a.j.r.p.AbstractSampleConsumer: class org.apache.jmeter.report.processor.ApdexSummaryConsumer#stopProducing(): apdexSummary produced 0 samples
2025-10-05 21:41:24,111 INFO o.a.j.r.p.AbstractSampleConsumer: class org.apache.jmeter.report.processor.RequestsSummaryConsumer#stopProducing(): requestsSummary produced 0 samples
2025-10-05 21:41:24,124 INFO o.a.j.r.p.AbstractSampleConsumer: class org.apache.jmeter.report.processor.StatisticsSummaryConsumer#stopProducing(): statisticsSummary produced 0 samples
2025-10-05 21:41:24,126 INFO o.a.j.r.p.AbstractSampleConsumer: class org.apache.jmeter.report.processor.Top5ErrorsBySamplerConsumer#stopProducing(): top5ErrorsBySampler produced 0 samples
2025-10-05 21:41:24,126 INFO o.a.j.r.p.AbstractSampleConsumer: class org.apache.jmeter.report.processor.ErrorsSummaryConsumer#stopProducing(): errorsSummary produced 0 samples
2025-10-05 21:41:24,126 INFO o.a.j.r.p.AbstractSampleConsumer: class org.apache.jmeter.report.processor.graph.impl.HitsPerSecondGraphConsumer#stopProducing(): hitsPerSecond produced 0 samples
2025-10-05 21:41:24,609 INFO o.a.j.r.p.AbstractSampleConsumer: class org.apache.jmeter.report.processor.graph.impl.LatencyVSRequestGraphConsumer#stopProducing(): latencyVsRequest produced 0 samples
2025-10-05 21:41:24,615 INFO o.a.j.r.p.AbstractSampleConsumer: class org.apache.jmeter.report.processor.graph.impl.SyntheticResponseTimeDistributionGraphConsumer#stopProducing(): syntheticResponseTimeDistribution produced 0 samples
2025-10-05 21:41:24,615 INFO o.a.j.r.p.AbstractSampleConsumer: class org.apache.jmeter.report.processor.graph.impl.BytesThroughputGraphConsumer#stopProducing(): bytesThroughputOverTime produced 0 samples
2025-10-05 21:41:24,615 INFO o.a.j.r.p.AbstractSampleConsumer: class org.apache.jmeter.report.processor.graph.impl.CodesPerSecondGraphConsumer#stopProducing(): codesPerSecond produced 0 samples
2025-10-05 21:41:25,038 INFO o.a.j.r.p.AbstractSampleConsumer: class org.apache.jmeter.report.processor.graph.impl.ResponseTimeVSRequestGraphConsumer#stopProducing(): responseTimeVsRequest produced 0 samples
2025-10-05 21:41:25,042 INFO o.a.j.r.p.AbstractSampleConsumer: class org.apache.jmeter.report.processor.FilterConsumer#stopProducing(): startIntervalControlerFilter produced 1109220 samples
2025-10-05 21:41:25,042 INFO o.a.j.r.p.AbstractSampleConsumer: class org.apache.jmeter.report.processor.graph.impl.TotalTPSGraphConsumer#stopProducing(): totalTPS produced 0 samples
2025-10-05 21:41:25,043 INFO o.a.j.r.p.AbstractSampleConsumer: class org.apache.jmeter.report.processor.graph.impl.ActiveThreadsGraphConsumer#stopProducing(): activeThreadsOverTime produced 0 samples
2025-10-05 21:41:25,043 INFO o.a.j.r.p.AbstractSampleConsumer: class org.apache.jmeter.report.processor.graph.impl.TimeVSThreadGraphConsumer#stopProducing(): timeVsThreads produced 0 samples
2025-10-05 21:41:25,043 INFO o.a.j.r.p.AbstractSampleConsumer: class org.apache.jmeter.report.processor.graph.impl.ResponseTimeDistributionGraphConsumer#stopProducing(): responseTimeDistribution produced 0 samples
2025-10-05 21:41:25,043 INFO o.a.j.r.p.AbstractSampleConsumer: class org.apache.jmeter.report.processor.graph.impl.TransactionsPerSecondGraphConsumer#stopProducing(): transactionsPerSecond produced 0 samples
2025-10-05 21:41:25,043 INFO o.a.j.r.p.AbstractSampleConsumer: class org.apache.jmeter.report.processor.graph.impl.ResponseTimePercentilesGraphConsumer#stopProducing(): responseTimePercentiles produced 0 samples
2025-10-05 21:41:25,044 INFO o.a.j.r.p.AbstractSampleConsumer: class org.apache.jmeter.report.processor.graph.impl.ResponseTimePercentilesOverTimeGraphConsumer#stopProducing(): responseTimePercentilesOverTime produced 0 samples
2025-10-05 21:41:25,046 INFO o.a.j.r.p.AbstractSampleConsumer: class org.apache.jmeter.report.processor.graph.impl.ResponseTimeOverTimeGraphConsumer#stopProducing(): responseTimesOverTime produced 0 samples
2025-10-05 21:41:25,046 INFO o.a.j.r.p.AbstractSampleConsumer: class org.apache.jmeter.report.processor.graph.impl.ConnectTimeOverTimeGraphConsumer#stopProducing(): connectTimeOverTime produced 0 samples
2025-10-05 21:41:25,046 INFO o.a.j.r.p.AbstractSampleConsumer: class org.apache.jmeter.report.processor.graph.impl.LatencyOverTimeGraphConsumer#stopProducing(): latenciesOverTime produced 0 samples
2025-10-05 21:41:25,046 INFO o.a.j.r.p.AbstractSampleConsumer: class org.apache.jmeter.report.processor.FilterConsumer#stopProducing(): nameFilter produced 2376900 samples
2025-10-05 21:41:25,046 INFO o.a.j.r.p.AbstractSampleConsumer: class org.apache.jmeter.report.processor.FilterConsumer#stopProducing(): dateRangeFilter produced 475380 samples
2025-10-05 21:41:25,046 INFO o.a.j.r.p.AbstractSampleConsumer: class org.apache.jmeter.report.processor.NormalizerSampleConsumer#stopProducing(): normalizer produced 158460 samples
2025-10-05 21:41:25,047 INFO o.a.j.r.p.CsvFileSampleSource: produce(): 158460 samples produced in 2s 776 ms on channel 0
2025-10-05 21:41:25,047 INFO o.a.j.r.d.ReportGenerator: Exporting data using exporter:'json' of className:'org.apache.jmeter.report.dashboard.JsonExporter'
2025-10-05 21:41:25,128 INFO o.a.j.r.d.JsonExporter: Found data for consumer statisticsSummary in context
2025-10-05 21:41:25,128 INFO o.a.j.r.d.JsonExporter: Creating statistics for overall
2025-10-05 21:41:25,128 INFO o.a.j.r.d.JsonExporter: Creating statistics for other transactions
2025-10-05 21:41:25,128 INFO o.a.j.r.d.JsonExporter: Checking output folder
2025-10-05 21:41:25,129 INFO o.a.j.r.d.JsonExporter: Writing statistics JSON to /home/runner/work/grepwise/grepwise/target/jmeter/reports/syslog-udp/statistics.json
2025-10-05 21:41:25,161 INFO o.a.j.r.d.ReportGenerator: Exporting data using exporter:'html' of className:'org.apache.jmeter.report.dashboard.HtmlTemplateExporter'
2025-10-05 21:41:25,163 INFO o.a.j.r.d.HtmlTemplateExporter: Will generate dashboard in folder: /home/runner/work/grepwise/grepwise/target/jmeter/reports/syslog-udp
2025-10-05 21:41:25,250 INFO o.a.j.r.d.HtmlTemplateExporter: Report will be generated in: /home/runner/work/grepwise/grepwise/target/jmeter/reports/syslog-udp, creating folder structure
2025-10-05 21:41:25,252 INFO o.a.j.r.d.TemplateVisitor: Copying folder from '/home/runner/work/grepwise/grepwise/target/56014fac-dfe9-4603-9ef7-f77425802d3e/jmeter/bin/report-template' to '/home/runner/work/grepwise/grepwise/target/jmeter/reports/syslog-udp', got message: /home/runner/work/grepwise/grepwise/target/jmeter/reports/syslog-udp, found non empty folder with following content [/home/runner/work/grepwise/grepwise/target/jmeter/reports/syslog-udp/statistics.json], will be ignored
2025-10-05 21:41:25,407 INFO o.a.j.JMeter: Dashboard generated
