2025-10-05 20:14:35,474 INFO o.a.j.u.JMeterUtils: Setting Locale to en
2025-10-05 20:14:35,487 INFO o.a.j.JMeter: Loading additional properties from: /home/runner/work/grepwise/grepwise/src/test/jmeter/jmeter.properties
2025-10-05 20:14:35,487 INFO o.a.j.JMeter: Setting System property: sun.net.http.allowRestrictedHeaders=true
2025-10-05 20:14:35,492 INFO o.a.j.JMeter: Copyright (c) 1998-2023 The Apache Software Foundation
2025-10-05 20:14:35,492 INFO o.a.j.JMeter: Version 5.6.2
2025-10-05 20:14:35,492 INFO o.a.j.JMeter: java.version=25
2025-10-05 20:14:35,492 INFO o.a.j.JMeter: java.vm.name=OpenJDK 64-Bit Server VM
2025-10-05 20:14:35,492 INFO o.a.j.JMeter: os.name=Linux
2025-10-05 20:14:35,492 INFO o.a.j.JMeter: os.arch=amd64
2025-10-05 20:14:35,492 INFO o.a.j.JMeter: os.version=6.11.0-1018-azure
2025-10-05 20:14:35,492 INFO o.a.j.JMeter: file.encoding=UTF-8
2025-10-05 20:14:35,492 INFO o.a.j.JMeter: java.awt.headless=true
2025-10-05 20:14:35,492 INFO o.a.j.JMeter: Max memory     =536870912
2025-10-05 20:14:35,492 INFO o.a.j.JMeter: Available Processors =4
2025-10-05 20:14:35,502 INFO o.a.j.JMeter: Default Locale=English
2025-10-05 20:14:35,502 INFO o.a.j.JMeter: JMeter  Locale=English
2025-10-05 20:14:35,502 INFO o.a.j.JMeter: JMeterHome=/home/runner/work/grepwise/grepwise/target/7cf6e4e7-2ab0-43f8-90bd-20ae1498116b/jmeter
2025-10-05 20:14:35,503 INFO o.a.j.JMeter: user.dir  =/home/runner/work/grepwise/grepwise/target/7cf6e4e7-2ab0-43f8-90bd-20ae1498116b/jmeter/bin
2025-10-05 20:14:35,503 INFO o.a.j.JMeter: PWD       =/home/runner/work/grepwise/grepwise/target/7cf6e4e7-2ab0-43f8-90bd-20ae1498116b/jmeter/bin
2025-10-05 20:14:35,503 INFO o.a.j.JMeter: IP: 10.1.0.24 Name: runnervmwhb2z FullName: runnervmwhb2z.2bppliwegfzurh2vkhaobcxu2f.dx.internal.cloudapp.net
2025-10-05 20:14:35,512 INFO o.a.j.JMeter: Setting property 'jmeter.reportgenerator.outputdir' to:'/home/runner/work/grepwise/grepwise/target/jmeter/reports/combined-parallel-bsh'
2025-10-05 20:14:35,514 INFO o.a.j.s.FileServer: Default base='/home/runner/work/grepwise/grepwise/target/7cf6e4e7-2ab0-43f8-90bd-20ae1498116b/jmeter/bin'
2025-10-05 20:14:35,515 INFO o.a.j.s.FileServer: Set new base='/home/runner/work/grepwise/grepwise/target/jmeter/testFiles'
2025-10-05 20:14:35,748 INFO o.a.j.s.SaveService: Testplan (JMX) version: 2.2. Testlog (JTL) version: 2.2
2025-10-05 20:14:35,769 INFO o.a.j.s.SaveService: Using SaveService properties version 5.0
2025-10-05 20:14:35,772 INFO o.a.j.s.SaveService: Using SaveService properties file encoding UTF-8
2025-10-05 20:14:35,775 INFO o.a.j.s.SaveService: Loading file: /home/runner/work/grepwise/grepwise/target/jmeter/testFiles/combined-parallel-bsh.jmx
2025-10-05 20:14:35,861 INFO o.a.j.JMeter: Creating summariser <summary>
2025-10-05 20:14:35,867 INFO o.a.j.r.d.ReportGenerator: ReportGenerator will use for Parsing the separator: ','
2025-10-05 20:14:35,867 INFO o.a.j.r.d.ReportGenerator: Will generate report at end of test from  results file: /home/runner/work/grepwise/grepwise/target/jmeter/results/20251005-combined-parallel-bsh.csv
2025-10-05 20:14:35,867 INFO o.a.j.r.d.ReportGenerator: Reading report generator properties from: /home/runner/work/grepwise/grepwise/target/7cf6e4e7-2ab0-43f8-90bd-20ae1498116b/jmeter/bin/reportgenerator.properties
2025-10-05 20:14:35,867 INFO o.a.j.r.d.ReportGenerator: Merging with JMeter properties
2025-10-05 20:14:35,870 INFO o.a.j.r.c.ReportGeneratorConfiguration: Property 'jmeter.reportgenerator.temp_dir' not found, using default value 'temp' instead.
2025-10-05 20:14:35,872 INFO o.a.j.r.c.ReportGeneratorConfiguration: Property 'jmeter.reportgenerator.apdex_per_transaction' not found, using default value 'null' instead.
2025-10-05 20:14:35,872 INFO o.a.j.r.c.ReportGeneratorConfiguration: apdex_per_transaction is empty, not APDEX per transaction customization
2025-10-05 20:14:35,872 INFO o.a.j.r.c.ReportGeneratorConfiguration: Property 'jmeter.reportgenerator.sample_filter' not found, using default value 'null' instead.
2025-10-05 20:14:35,873 INFO o.a.j.r.c.ReportGeneratorConfiguration: Property 'jmeter.reportgenerator.report_title' not found, using default value 'null' instead.
2025-10-05 20:14:35,873 INFO o.a.j.r.c.ReportGeneratorConfiguration: Property 'jmeter.reportgenerator.start_date' not found, using default value 'null' instead.
2025-10-05 20:14:35,873 INFO o.a.j.r.c.ReportGeneratorConfiguration: Property 'jmeter.reportgenerator.end_date' not found, using default value 'null' instead.
2025-10-05 20:14:35,873 INFO o.a.j.r.c.ReportGeneratorConfiguration: Property 'jmeter.reportgenerator.date_format' not found, using default value 'null' instead.
2025-10-05 20:14:35,873 INFO o.a.j.r.c.ReportGeneratorConfiguration: Will use date range start date: null, end date: null
2025-10-05 20:14:35,876 INFO o.a.j.r.c.ReportGeneratorConfiguration: Property 'jmeter.reportgenerator.graph.totalTPS.exclude_controllers' not found, using default value 'false' instead.
2025-10-05 20:14:35,876 INFO o.a.j.r.c.ReportGeneratorConfiguration: Property 'jmeter.reportgenerator.graph.activeThreadsOverTime.exclude_controllers' not found, using default value 'false' instead.
2025-10-05 20:14:35,876 INFO o.a.j.r.c.ReportGeneratorConfiguration: Property 'jmeter.reportgenerator.graph.timeVsThreads.exclude_controllers' not found, using default value 'false' instead.
2025-10-05 20:14:35,876 INFO o.a.j.r.c.ReportGeneratorConfiguration: Property 'jmeter.reportgenerator.graph.responseTimeDistribution.exclude_controllers' not found, using default value 'false' instead.
2025-10-05 20:14:35,876 INFO o.a.j.r.c.ReportGeneratorConfiguration: Property 'jmeter.reportgenerator.graph.transactionsPerSecond.exclude_controllers' not found, using default value 'false' instead.
2025-10-05 20:14:35,876 INFO o.a.j.r.c.ReportGeneratorConfiguration: Property 'jmeter.reportgenerator.graph.responseTimePercentiles.exclude_controllers' not found, using default value 'false' instead.
2025-10-05 20:14:35,876 INFO o.a.j.r.c.ReportGeneratorConfiguration: Property 'jmeter.reportgenerator.graph.responseTimePercentilesOverTime.exclude_controllers' not found, using default value 'false' instead.
2025-10-05 20:14:35,876 INFO o.a.j.r.c.ReportGeneratorConfiguration: Property 'jmeter.reportgenerator.graph.responseTimesOverTime.exclude_controllers' not found, using default value 'false' instead.
2025-10-05 20:14:35,877 INFO o.a.j.r.c.ReportGeneratorConfiguration: Property 'jmeter.reportgenerator.graph.connectTimeOverTime.exclude_controllers' not found, using default value 'false' instead.
2025-10-05 20:14:35,877 INFO o.a.j.r.c.ReportGeneratorConfiguration: Property 'jmeter.reportgenerator.graph.latenciesOverTime.exclude_controllers' not found, using default value 'false' instead.
2025-10-05 20:14:35,877 INFO o.a.j.r.c.ReportGeneratorConfiguration: Property 'jmeter.reportgenerator.exporter.json.filters_only_sample_series' not found, using default value 'true' instead.
2025-10-05 20:14:35,878 INFO o.a.j.r.c.ReportGeneratorConfiguration: Property 'jmeter.reportgenerator.exporter.json.series_filter' not found, using default value '' instead.
2025-10-05 20:14:35,878 INFO o.a.j.r.c.ReportGeneratorConfiguration: Property 'jmeter.reportgenerator.exporter.json.show_controllers_only' not found, using default value 'false' instead.
2025-10-05 20:14:35,878 INFO o.a.j.r.c.ReportGeneratorConfiguration: Property 'jmeter.reportgenerator.exporter.html.filters_only_sample_series' not found, using default value 'true' instead.
2025-10-05 20:14:35,878 INFO o.a.j.r.c.ReportGeneratorConfiguration: Property 'jmeter.reportgenerator.exporter.html.series_filter' not found, using default value '' instead.
2025-10-05 20:14:35,878 INFO o.a.j.r.c.ReportGeneratorConfiguration: Property 'jmeter.reportgenerator.exporter.html.show_controllers_only' not found, using default value 'false' instead.
2025-10-05 20:14:35,887 INFO o.a.j.e.StandardJMeterEngine: Running the test!
2025-10-05 20:14:35,888 INFO o.a.j.s.SampleEvent: List of sample_variables: []
2025-10-05 20:14:35,888 INFO o.a.j.s.SampleEvent: List of sample_variables: []
2025-10-05 20:14:35,949 INFO o.a.j.JMeter: Running test (1759695275949)
2025-10-05 20:14:35,974 INFO o.a.j.e.StandardJMeterEngine: Starting ThreadGroup: 1 : UDP Ingestion
2025-10-05 20:14:35,975 INFO o.a.j.e.StandardJMeterEngine: Starting 10 threads for group UDP Ingestion.
2025-10-05 20:14:35,975 INFO o.a.j.e.StandardJMeterEngine: Thread will continue on error
2025-10-05 20:14:35,975 INFO o.a.j.t.ThreadGroup: Starting thread group... number=1 threads=10 ramp-up=10 delayedStart=false
2025-10-05 20:14:35,986 INFO o.a.j.t.JMeterThread: Thread started: UDP Ingestion 1-1
2025-10-05 20:14:36,016 INFO o.a.j.t.ThreadGroup: Started thread group number 1
2025-10-05 20:14:36,016 INFO o.a.j.e.StandardJMeterEngine: Starting ThreadGroup: 2 : HTTP Searchers
2025-10-05 20:14:36,016 INFO o.a.j.e.StandardJMeterEngine: Starting 10 threads for group HTTP Searchers.
2025-10-05 20:14:36,016 INFO o.a.j.e.StandardJMeterEngine: Thread will continue on error
2025-10-05 20:14:36,016 INFO o.a.j.t.ThreadGroup: Starting thread group... number=2 threads=10 ramp-up=10 delayedStart=false
2025-10-05 20:14:36,018 INFO o.a.j.t.JMeterThread: Thread started: HTTP Searchers 2-1
2025-10-05 20:14:36,027 INFO o.a.j.t.ThreadGroup: Started thread group number 2
2025-10-05 20:14:36,027 INFO o.a.j.e.StandardJMeterEngine: All thread groups have been started
2025-10-05 20:14:36,034 INFO o.a.j.s.SampleResult: Note: Sample TimeStamps are END times
2025-10-05 20:14:36,034 INFO o.a.j.s.SampleResult: sampleresult.default.encoding is set to UTF-8
2025-10-05 20:14:36,034 INFO o.a.j.s.SampleResult: sampleresult.useNanoTime=true
2025-10-05 20:14:36,034 INFO o.a.j.s.SampleResult: sampleresult.nanoThreadSleep=5000
2025-10-05 20:14:36,037 INFO o.a.j.p.h.s.HTTPHCAbstractImpl: Local host = runnervmwhb2z
2025-10-05 20:14:36,042 INFO o.a.j.r.Summariser: summary +      1 in 00:00:00 =   11.1/s Avg:     2 Min:     2 Max:     2 Err:     0 (0.00%) Active: 2 Started: 2 Finished: 0
2025-10-05 20:14:36,044 INFO o.a.j.p.h.s.HTTPHC4Impl: HTTP request retry count = 0
2025-10-05 20:14:36,982 INFO o.a.j.t.JMeterThread: Thread started: UDP Ingestion 1-2
2025-10-05 20:14:37,018 INFO o.a.j.t.JMeterThread: Thread started: HTTP Searchers 2-2
2025-10-05 20:14:37,980 INFO o.a.j.t.JMeterThread: Thread started: UDP Ingestion 1-3
2025-10-05 20:14:38,019 INFO o.a.j.t.JMeterThread: Thread started: HTTP Searchers 2-3
2025-10-05 20:14:38,980 INFO o.a.j.t.JMeterThread: Thread started: UDP Ingestion 1-4
2025-10-05 20:14:39,017 INFO o.a.j.t.JMeterThread: Thread started: HTTP Searchers 2-4
2025-10-05 20:14:39,978 INFO o.a.j.t.JMeterThread: Thread started: UDP Ingestion 1-5
2025-10-05 20:14:40,018 INFO o.a.j.t.JMeterThread: Thread started: HTTP Searchers 2-5
2025-10-05 20:14:40,980 INFO o.a.j.t.JMeterThread: Thread started: UDP Ingestion 1-6
2025-10-05 20:14:41,016 INFO o.a.j.t.JMeterThread: Thread started: HTTP Searchers 2-6
2025-10-05 20:14:41,979 INFO o.a.j.t.JMeterThread: Thread started: UDP Ingestion 1-7
2025-10-05 20:14:42,000 INFO o.a.j.r.Summariser: summary +  21329 in 00:00:06 = 3578.1/s Avg:     0 Min:     0 Max:    24 Err:     0 (0.00%) Active: 13 Started: 13 Finished: 0
2025-10-05 20:14:42,000 INFO o.a.j.r.Summariser: summary =  21330 in 00:00:06 = 3525.0/s Avg:     0 Min:     0 Max:    24 Err:     0 (0.00%)
2025-10-05 20:14:42,017 INFO o.a.j.t.JMeterThread: Thread started: HTTP Searchers 2-7
2025-10-05 20:14:42,978 INFO o.a.j.t.JMeterThread: Thread started: UDP Ingestion 1-8
2025-10-05 20:14:43,017 INFO o.a.j.t.JMeterThread: Thread started: HTTP Searchers 2-8
2025-10-05 20:14:43,978 INFO o.a.j.t.JMeterThread: Thread started: UDP Ingestion 1-9
2025-10-05 20:14:44,018 INFO o.a.j.t.JMeterThread: Thread started: HTTP Searchers 2-9
2025-10-05 20:14:44,977 INFO o.a.j.t.JMeterThread: Thread started: UDP Ingestion 1-10
2025-10-05 20:14:45,018 INFO o.a.j.t.JMeterThread: Thread started: HTTP Searchers 2-10
2025-10-05 20:14:48,000 INFO o.a.j.r.Summariser: summary +  43583 in 00:00:06 = 7263.8/s Avg:     1 Min:     0 Max:    13 Err:     0 (0.00%) Active: 20 Started: 20 Finished: 0
2025-10-05 20:14:48,000 INFO o.a.j.r.Summariser: summary =  64913 in 00:00:12 = 5386.5/s Avg:     1 Min:     0 Max:    24 Err:     0 (0.00%)
2025-10-05 20:14:54,000 INFO o.a.j.r.Summariser: summary +  50995 in 00:00:06 = 8499.2/s Avg:     1 Min:     0 Max:    10 Err:     0 (0.00%) Active: 20 Started: 20 Finished: 0
2025-10-05 20:14:54,001 INFO o.a.j.r.Summariser: summary = 115908 in 00:00:18 = 6421.1/s Avg:     1 Min:     0 Max:    24 Err:     0 (0.00%)
2025-10-05 20:15:00,000 INFO o.a.j.r.Summariser: summary +  50939 in 00:00:06 = 8489.8/s Avg:     1 Min:     0 Max:    11 Err:     0 (0.00%) Active: 20 Started: 20 Finished: 0
2025-10-05 20:15:00,000 INFO o.a.j.r.Summariser: summary = 166847 in 00:00:24 = 6937.2/s Avg:     1 Min:     0 Max:    24 Err:     0 (0.00%)
2025-10-05 20:15:06,000 INFO o.a.j.r.Summariser: summary +  51869 in 00:00:06 = 8644.8/s Avg:     1 Min:     0 Max:    15 Err:     0 (0.00%) Active: 20 Started: 20 Finished: 0
2025-10-05 20:15:06,000 INFO o.a.j.r.Summariser: summary = 218716 in 00:00:30 = 7278.2/s Avg:     1 Min:     0 Max:    24 Err:     0 (0.00%)
2025-10-05 20:15:12,000 INFO o.a.j.r.Summariser: summary +  51845 in 00:00:06 = 8640.8/s Avg:     1 Min:     0 Max:    13 Err:     0 (0.00%) Active: 20 Started: 20 Finished: 0
2025-10-05 20:15:12,001 INFO o.a.j.r.Summariser: summary = 270561 in 00:00:36 = 7505.0/s Avg:     1 Min:     0 Max:    24 Err:     0 (0.00%)
2025-10-05 20:15:18,000 INFO o.a.j.r.Summariser: summary +  52624 in 00:00:06 = 8770.7/s Avg:     1 Min:     0 Max:     9 Err:     0 (0.00%) Active: 20 Started: 20 Finished: 0
2025-10-05 20:15:18,000 INFO o.a.j.r.Summariser: summary = 323185 in 00:00:42 = 7685.5/s Avg:     1 Min:     0 Max:    24 Err:     0 (0.00%)
2025-10-05 20:15:24,000 INFO o.a.j.r.Summariser: summary +  51930 in 00:00:06 = 8655.0/s Avg:     1 Min:     0 Max:    11 Err:     0 (0.00%) Active: 20 Started: 20 Finished: 0
2025-10-05 20:15:24,000 INFO o.a.j.r.Summariser: summary = 375115 in 00:00:48 = 7806.6/s Avg:     1 Min:     0 Max:    24 Err:     0 (0.00%)
2025-10-05 20:15:30,000 INFO o.a.j.r.Summariser: summary +  52525 in 00:00:06 = 8754.2/s Avg:     1 Min:     0 Max:     8 Err:     0 (0.00%) Active: 20 Started: 20 Finished: 0
2025-10-05 20:15:30,001 INFO o.a.j.r.Summariser: summary = 427640 in 00:00:54 = 7911.8/s Avg:     1 Min:     0 Max:    24 Err:     0 (0.00%)
2025-10-05 20:15:35,966 INFO o.a.j.t.JMeterThread: Thread finished: UDP Ingestion 1-2
2025-10-05 20:15:35,971 INFO o.a.j.t.JMeterThread: Thread finished: UDP Ingestion 1-1
2025-10-05 20:15:35,978 INFO o.a.j.t.JMeterThread: Thread finished: UDP Ingestion 1-8
2025-10-05 20:15:35,979 INFO o.a.j.t.JMeterThread: Thread finished: UDP Ingestion 1-9
2025-10-05 20:15:35,983 INFO o.a.j.t.JMeterThread: Thread finished: UDP Ingestion 1-5
2025-10-05 20:15:35,983 INFO o.a.j.t.JMeterThread: Thread finished: UDP Ingestion 1-3
2025-10-05 20:15:35,987 INFO o.a.j.t.JMeterThread: Thread finished: UDP Ingestion 1-6
2025-10-05 20:15:35,993 INFO o.a.j.t.JMeterThread: Thread finished: UDP Ingestion 1-4
2025-10-05 20:15:35,996 INFO o.a.j.t.JMeterThread: Thread finished: UDP Ingestion 1-7
2025-10-05 20:15:36,000 INFO o.a.j.r.Summariser: summary +  52838 in 00:00:06 = 8806.3/s Avg:     1 Min:     0 Max:    12 Err:     0 (0.00%) Active: 11 Started: 20 Finished: 9
2025-10-05 20:15:36,001 INFO o.a.j.t.JMeterThread: Thread finished: UDP Ingestion 1-10
2025-10-05 20:15:36,002 INFO o.a.j.r.Summariser: summary = 480478 in 00:01:00 = 8001.2/s Avg:     1 Min:     0 Max:    24 Err:     0 (0.00%)
2025-10-05 20:15:36,016 INFO o.a.j.t.JMeterThread: Stopping because end time detected by thread: HTTP Searchers 2-1
2025-10-05 20:15:36,016 INFO o.a.j.t.JMeterThread: Thread finished: HTTP Searchers 2-1
2025-10-05 20:15:36,019 INFO o.a.j.t.JMeterThread: Stopping because end time detected by thread: HTTP Searchers 2-3
2025-10-05 20:15:36,019 INFO o.a.j.t.JMeterThread: Thread finished: HTTP Searchers 2-3
2025-10-05 20:15:36,019 INFO o.a.j.t.JMeterThread: Stopping because end time detected by thread: HTTP Searchers 2-2
2025-10-05 20:15:36,020 INFO o.a.j.t.JMeterThread: Thread finished: HTTP Searchers 2-2
2025-10-05 20:15:36,020 INFO o.a.j.t.JMeterThread: Stopping because end time detected by thread: HTTP Searchers 2-4
2025-10-05 20:15:36,020 INFO o.a.j.t.JMeterThread: Thread finished: HTTP Searchers 2-4
2025-10-05 20:15:36,021 INFO o.a.j.t.JMeterThread: Stopping because end time detected by thread: HTTP Searchers 2-5
2025-10-05 20:15:36,021 INFO o.a.j.t.JMeterThread: Thread finished: HTTP Searchers 2-5
2025-10-05 20:15:36,022 INFO o.a.j.t.JMeterThread: Stopping because end time detected by thread: HTTP Searchers 2-7
2025-10-05 20:15:36,022 INFO o.a.j.t.JMeterThread: Stopping because end time detected by thread: HTTP Searchers 2-6
2025-10-05 20:15:36,022 INFO o.a.j.t.JMeterThread: Thread finished: HTTP Searchers 2-7
2025-10-05 20:15:36,022 INFO o.a.j.t.JMeterThread: Thread finished: HTTP Searchers 2-6
2025-10-05 20:15:36,023 INFO o.a.j.t.JMeterThread: Stopping because end time detected by thread: HTTP Searchers 2-8
2025-10-05 20:15:36,023 INFO o.a.j.t.JMeterThread: Thread finished: HTTP Searchers 2-8
2025-10-05 20:15:36,024 INFO o.a.j.t.JMeterThread: Stopping because end time detected by thread: HTTP Searchers 2-9
2025-10-05 20:15:36,024 INFO o.a.j.t.JMeterThread: Thread finished: HTTP Searchers 2-9
2025-10-05 20:15:36,026 INFO o.a.j.t.JMeterThread: Stopping because end time detected by thread: HTTP Searchers 2-10
2025-10-05 20:15:36,026 INFO o.a.j.t.JMeterThread: Thread finished: HTTP Searchers 2-10
2025-10-05 20:15:36,026 INFO o.a.j.e.StandardJMeterEngine: Notifying test listeners of end of test
2025-10-05 20:15:36,026 INFO o.a.j.r.Summariser: summary +    139 in 00:00:00 = 5346.2/s Avg:     1 Min:     0 Max:     5 Err:     0 (0.00%) Active: 0 Started: 20 Finished: 20
2025-10-05 20:15:36,027 INFO o.a.j.r.Summariser: summary = 480617 in 00:01:00 = 8000.0/s Avg:     1 Min:     0 Max:    24 Err:     0 (0.00%)
2025-10-05 20:15:36,027 INFO o.a.j.JMeter: Generating Dashboard
2025-10-05 20:15:36,027 INFO o.a.j.r.d.ReportGenerator: Flushing result collector before report Generation
2025-10-05 20:15:36,039 INFO o.a.j.r.p.NormalizerSampleConsumer: Using format, 'ms', to parse timeStamp field
2025-10-05 20:15:41,215 INFO o.a.j.r.p.AbstractSampleConsumer: class org.apache.jmeter.report.processor.AggregateConsumer#stopProducing(): beginDate produced 0 samples
2025-10-05 20:15:41,215 INFO o.a.j.r.p.AbstractSampleConsumer: class org.apache.jmeter.report.processor.AggregateConsumer#stopProducing(): endDate produced 0 samples
2025-10-05 20:15:41,217 INFO o.a.j.r.p.AbstractSampleConsumer: class org.apache.jmeter.report.processor.ApdexSummaryConsumer#stopProducing(): apdexSummary produced 0 samples
2025-10-05 20:15:41,217 INFO o.a.j.r.p.AbstractSampleConsumer: class org.apache.jmeter.report.processor.RequestsSummaryConsumer#stopProducing(): requestsSummary produced 0 samples
2025-10-05 20:15:41,238 INFO o.a.j.r.p.AbstractSampleConsumer: class org.apache.jmeter.report.processor.StatisticsSummaryConsumer#stopProducing(): statisticsSummary produced 0 samples
2025-10-05 20:15:41,240 INFO o.a.j.r.p.AbstractSampleConsumer: class org.apache.jmeter.report.processor.Top5ErrorsBySamplerConsumer#stopProducing(): top5ErrorsBySampler produced 0 samples
2025-10-05 20:15:41,240 INFO o.a.j.r.p.AbstractSampleConsumer: class org.apache.jmeter.report.processor.ErrorsSummaryConsumer#stopProducing(): errorsSummary produced 0 samples
2025-10-05 20:15:41,240 INFO o.a.j.r.p.AbstractSampleConsumer: class org.apache.jmeter.report.processor.graph.impl.HitsPerSecondGraphConsumer#stopProducing(): hitsPerSecond produced 0 samples
2025-10-05 20:15:42,745 INFO o.a.j.r.p.AbstractSampleConsumer: class org.apache.jmeter.report.processor.graph.impl.LatencyVSRequestGraphConsumer#stopProducing(): latencyVsRequest produced 0 samples
2025-10-05 20:15:42,758 INFO o.a.j.r.p.AbstractSampleConsumer: class org.apache.jmeter.report.processor.graph.impl.SyntheticResponseTimeDistributionGraphConsumer#stopProducing(): syntheticResponseTimeDistribution produced 0 samples
2025-10-05 20:15:42,759 INFO o.a.j.r.p.AbstractSampleConsumer: class org.apache.jmeter.report.processor.graph.impl.BytesThroughputGraphConsumer#stopProducing(): bytesThroughputOverTime produced 0 samples
2025-10-05 20:15:42,759 INFO o.a.j.r.p.AbstractSampleConsumer: class org.apache.jmeter.report.processor.graph.impl.CodesPerSecondGraphConsumer#stopProducing(): codesPerSecond produced 0 samples
2025-10-05 20:15:44,223 INFO o.a.j.r.p.AbstractSampleConsumer: class org.apache.jmeter.report.processor.graph.impl.ResponseTimeVSRequestGraphConsumer#stopProducing(): responseTimeVsRequest produced 0 samples
2025-10-05 20:15:44,228 INFO o.a.j.r.p.AbstractSampleConsumer: class org.apache.jmeter.report.processor.FilterConsumer#stopProducing(): startIntervalControlerFilter produced 3364319 samples
2025-10-05 20:15:44,228 INFO o.a.j.r.p.AbstractSampleConsumer: class org.apache.jmeter.report.processor.graph.impl.TotalTPSGraphConsumer#stopProducing(): totalTPS produced 0 samples
2025-10-05 20:15:44,228 INFO o.a.j.r.p.AbstractSampleConsumer: class org.apache.jmeter.report.processor.graph.impl.ActiveThreadsGraphConsumer#stopProducing(): activeThreadsOverTime produced 0 samples
2025-10-05 20:15:44,228 INFO o.a.j.r.p.AbstractSampleConsumer: class org.apache.jmeter.report.processor.graph.impl.TimeVSThreadGraphConsumer#stopProducing(): timeVsThreads produced 0 samples
2025-10-05 20:15:44,228 INFO o.a.j.r.p.AbstractSampleConsumer: class org.apache.jmeter.report.processor.graph.impl.ResponseTimeDistributionGraphConsumer#stopProducing(): responseTimeDistribution produced 0 samples
2025-10-05 20:15:44,228 INFO o.a.j.r.p.AbstractSampleConsumer: class org.apache.jmeter.report.processor.graph.impl.TransactionsPerSecondGraphConsumer#stopProducing(): transactionsPerSecond produced 0 samples
2025-10-05 20:15:44,228 INFO o.a.j.r.p.AbstractSampleConsumer: class org.apache.jmeter.report.processor.graph.impl.ResponseTimePercentilesGraphConsumer#stopProducing(): responseTimePercentiles produced 0 samples
2025-10-05 20:15:44,229 INFO o.a.j.r.p.AbstractSampleConsumer: class org.apache.jmeter.report.processor.graph.impl.ResponseTimePercentilesOverTimeGraphConsumer#stopProducing(): responseTimePercentilesOverTime produced 0 samples
2025-10-05 20:15:44,231 INFO o.a.j.r.p.AbstractSampleConsumer: class org.apache.jmeter.report.processor.graph.impl.ResponseTimeOverTimeGraphConsumer#stopProducing(): responseTimesOverTime produced 0 samples
2025-10-05 20:15:44,231 INFO o.a.j.r.p.AbstractSampleConsumer: class org.apache.jmeter.report.processor.graph.impl.ConnectTimeOverTimeGraphConsumer#stopProducing(): connectTimeOverTime produced 0 samples
2025-10-05 20:15:44,231 INFO o.a.j.r.p.AbstractSampleConsumer: class org.apache.jmeter.report.processor.graph.impl.LatencyOverTimeGraphConsumer#stopProducing(): latenciesOverTime produced 0 samples
2025-10-05 20:15:44,231 INFO o.a.j.r.p.AbstractSampleConsumer: class org.apache.jmeter.report.processor.FilterConsumer#stopProducing(): nameFilter produced 7209255 samples
2025-10-05 20:15:44,231 INFO o.a.j.r.p.AbstractSampleConsumer: class org.apache.jmeter.report.processor.FilterConsumer#stopProducing(): dateRangeFilter produced 1441851 samples
2025-10-05 20:15:44,231 INFO o.a.j.r.p.AbstractSampleConsumer: class org.apache.jmeter.report.processor.NormalizerSampleConsumer#stopProducing(): normalizer produced 480617 samples
2025-10-05 20:15:44,231 INFO o.a.j.r.p.CsvFileSampleSource: produce(): 480617 samples produced in 8s 171 ms on channel 0
2025-10-05 20:15:44,231 INFO o.a.j.r.d.ReportGenerator: Exporting data using exporter:'json' of className:'org.apache.jmeter.report.dashboard.JsonExporter'
2025-10-05 20:15:44,315 INFO o.a.j.r.d.JsonExporter: Found data for consumer statisticsSummary in context
2025-10-05 20:15:44,315 INFO o.a.j.r.d.JsonExporter: Creating statistics for overall
2025-10-05 20:15:44,316 INFO o.a.j.r.d.JsonExporter: Creating statistics for other transactions
2025-10-05 20:15:44,316 INFO o.a.j.r.d.JsonExporter: Checking output folder
2025-10-05 20:15:44,316 INFO o.a.j.r.d.JsonExporter: Writing statistics JSON to /home/runner/work/grepwise/grepwise/target/jmeter/reports/combined-parallel-bsh/statistics.json
2025-10-05 20:15:44,351 INFO o.a.j.r.d.ReportGenerator: Exporting data using exporter:'html' of className:'org.apache.jmeter.report.dashboard.HtmlTemplateExporter'
2025-10-05 20:15:44,353 INFO o.a.j.r.d.HtmlTemplateExporter: Will generate dashboard in folder: /home/runner/work/grepwise/grepwise/target/jmeter/reports/combined-parallel-bsh
2025-10-05 20:15:44,428 INFO o.a.j.r.d.HtmlTemplateExporter: Report will be generated in: /home/runner/work/grepwise/grepwise/target/jmeter/reports/combined-parallel-bsh, creating folder structure
2025-10-05 20:15:44,430 INFO o.a.j.r.d.TemplateVisitor: Copying folder from '/home/runner/work/grepwise/grepwise/target/7cf6e4e7-2ab0-43f8-90bd-20ae1498116b/jmeter/bin/report-template' to '/home/runner/work/grepwise/grepwise/target/jmeter/reports/combined-parallel-bsh', got message: /home/runner/work/grepwise/grepwise/target/jmeter/reports/combined-parallel-bsh, found non empty folder with following content [/home/runner/work/grepwise/grepwise/target/jmeter/reports/combined-parallel-bsh/statistics.json], will be ignored
2025-10-05 20:15:44,585 INFO o.a.j.JMeter: Dashboard generated
