2025-10-05 20:13:32,518 INFO o.a.j.u.JMeterUtils: Setting Locale to en
2025-10-05 20:13:32,530 INFO o.a.j.JMeter: Loading additional properties from: /home/runner/work/grepwise/grepwise/src/test/jmeter/jmeter.properties
2025-10-05 20:13:32,530 INFO o.a.j.JMeter: Setting System property: sun.net.http.allowRestrictedHeaders=true
2025-10-05 20:13:32,535 INFO o.a.j.JMeter: Copyright (c) 1998-2023 The Apache Software Foundation
2025-10-05 20:13:32,535 INFO o.a.j.JMeter: Version 5.6.2
2025-10-05 20:13:32,535 INFO o.a.j.JMeter: java.version=25
2025-10-05 20:13:32,535 INFO o.a.j.JMeter: java.vm.name=OpenJDK 64-Bit Server VM
2025-10-05 20:13:32,536 INFO o.a.j.JMeter: os.name=Linux
2025-10-05 20:13:32,536 INFO o.a.j.JMeter: os.arch=amd64
2025-10-05 20:13:32,536 INFO o.a.j.JMeter: os.version=6.11.0-1018-azure
2025-10-05 20:13:32,536 INFO o.a.j.JMeter: file.encoding=UTF-8
2025-10-05 20:13:32,536 INFO o.a.j.JMeter: java.awt.headless=true
2025-10-05 20:13:32,536 INFO o.a.j.JMeter: Max memory     =536870912
2025-10-05 20:13:32,536 INFO o.a.j.JMeter: Available Processors =4
2025-10-05 20:13:32,546 INFO o.a.j.JMeter: Default Locale=English
2025-10-05 20:13:32,546 INFO o.a.j.JMeter: JMeter  Locale=English
2025-10-05 20:13:32,546 INFO o.a.j.JMeter: JMeterHome=/home/runner/work/grepwise/grepwise/target/7cf6e4e7-2ab0-43f8-90bd-20ae1498116b/jmeter
2025-10-05 20:13:32,546 INFO o.a.j.JMeter: user.dir  =/home/runner/work/grepwise/grepwise/target/7cf6e4e7-2ab0-43f8-90bd-20ae1498116b/jmeter/bin
2025-10-05 20:13:32,546 INFO o.a.j.JMeter: PWD       =/home/runner/work/grepwise/grepwise/target/7cf6e4e7-2ab0-43f8-90bd-20ae1498116b/jmeter/bin
2025-10-05 20:13:32,547 INFO o.a.j.JMeter: IP: 10.1.0.24 Name: runnervmwhb2z FullName: runnervmwhb2z.2bppliwegfzurh2vkhaobcxu2f.dx.internal.cloudapp.net
2025-10-05 20:13:32,555 INFO o.a.j.JMeter: Setting property 'jmeter.reportgenerator.outputdir' to:'/home/runner/work/grepwise/grepwise/target/jmeter/reports/http-search'
2025-10-05 20:13:32,557 INFO o.a.j.s.FileServer: Default base='/home/runner/work/grepwise/grepwise/target/7cf6e4e7-2ab0-43f8-90bd-20ae1498116b/jmeter/bin'
2025-10-05 20:13:32,558 INFO o.a.j.s.FileServer: Set new base='/home/runner/work/grepwise/grepwise/target/jmeter/testFiles'
2025-10-05 20:13:32,785 INFO o.a.j.s.SaveService: Testplan (JMX) version: 2.2. Testlog (JTL) version: 2.2
2025-10-05 20:13:32,803 INFO o.a.j.s.SaveService: Using SaveService properties version 5.0
2025-10-05 20:13:32,807 INFO o.a.j.s.SaveService: Using SaveService properties file encoding UTF-8
2025-10-05 20:13:32,810 INFO o.a.j.s.SaveService: Loading file: /home/runner/work/grepwise/grepwise/target/jmeter/testFiles/http-search.jmx
2025-10-05 20:13:32,876 INFO o.a.j.JMeter: Creating summariser <summary>
2025-10-05 20:13:32,879 INFO o.a.j.r.d.ReportGenerator: ReportGenerator will use for Parsing the separator: ','
2025-10-05 20:13:32,879 INFO o.a.j.r.d.ReportGenerator: Will generate report at end of test from  results file: /home/runner/work/grepwise/grepwise/target/jmeter/results/20251005-http-search.csv
2025-10-05 20:13:32,880 INFO o.a.j.r.d.ReportGenerator: Reading report generator properties from: /home/runner/work/grepwise/grepwise/target/7cf6e4e7-2ab0-43f8-90bd-20ae1498116b/jmeter/bin/reportgenerator.properties
2025-10-05 20:13:32,880 INFO o.a.j.r.d.ReportGenerator: Merging with JMeter properties
2025-10-05 20:13:32,883 INFO o.a.j.r.c.ReportGeneratorConfiguration: Property 'jmeter.reportgenerator.temp_dir' not found, using default value 'temp' instead.
2025-10-05 20:13:32,885 INFO o.a.j.r.c.ReportGeneratorConfiguration: Property 'jmeter.reportgenerator.apdex_per_transaction' not found, using default value 'null' instead.
2025-10-05 20:13:32,885 INFO o.a.j.r.c.ReportGeneratorConfiguration: apdex_per_transaction is empty, not APDEX per transaction customization
2025-10-05 20:13:32,885 INFO o.a.j.r.c.ReportGeneratorConfiguration: Property 'jmeter.reportgenerator.sample_filter' not found, using default value 'null' instead.
2025-10-05 20:13:32,885 INFO o.a.j.r.c.ReportGeneratorConfiguration: Property 'jmeter.reportgenerator.report_title' not found, using default value 'null' instead.
2025-10-05 20:13:32,885 INFO o.a.j.r.c.ReportGeneratorConfiguration: Property 'jmeter.reportgenerator.start_date' not found, using default value 'null' instead.
2025-10-05 20:13:32,885 INFO o.a.j.r.c.ReportGeneratorConfiguration: Property 'jmeter.reportgenerator.end_date' not found, using default value 'null' instead.
2025-10-05 20:13:32,885 INFO o.a.j.r.c.ReportGeneratorConfiguration: Property 'jmeter.reportgenerator.date_format' not found, using default value 'null' instead.
2025-10-05 20:13:32,886 INFO o.a.j.r.c.ReportGeneratorConfiguration: Will use date range start date: null, end date: null
2025-10-05 20:13:32,888 INFO o.a.j.r.c.ReportGeneratorConfiguration: Property 'jmeter.reportgenerator.graph.totalTPS.exclude_controllers' not found, using default value 'false' instead.
2025-10-05 20:13:32,889 INFO o.a.j.r.c.ReportGeneratorConfiguration: Property 'jmeter.reportgenerator.graph.activeThreadsOverTime.exclude_controllers' not found, using default value 'false' instead.
2025-10-05 20:13:32,889 INFO o.a.j.r.c.ReportGeneratorConfiguration: Property 'jmeter.reportgenerator.graph.timeVsThreads.exclude_controllers' not found, using default value 'false' instead.
2025-10-05 20:13:32,889 INFO o.a.j.r.c.ReportGeneratorConfiguration: Property 'jmeter.reportgenerator.graph.responseTimeDistribution.exclude_controllers' not found, using default value 'false' instead.
2025-10-05 20:13:32,889 INFO o.a.j.r.c.ReportGeneratorConfiguration: Property 'jmeter.reportgenerator.graph.transactionsPerSecond.exclude_controllers' not found, using default value 'false' instead.
2025-10-05 20:13:32,889 INFO o.a.j.r.c.ReportGeneratorConfiguration: Property 'jmeter.reportgenerator.graph.responseTimePercentiles.exclude_controllers' not found, using default value 'false' instead.
2025-10-05 20:13:32,889 INFO o.a.j.r.c.ReportGeneratorConfiguration: Property 'jmeter.reportgenerator.graph.responseTimePercentilesOverTime.exclude_controllers' not found, using default value 'false' instead.
2025-10-05 20:13:32,889 INFO o.a.j.r.c.ReportGeneratorConfiguration: Property 'jmeter.reportgenerator.graph.responseTimesOverTime.exclude_controllers' not found, using default value 'false' instead.
2025-10-05 20:13:32,889 INFO o.a.j.r.c.ReportGeneratorConfiguration: Property 'jmeter.reportgenerator.graph.connectTimeOverTime.exclude_controllers' not found, using default value 'false' instead.
2025-10-05 20:13:32,890 INFO o.a.j.r.c.ReportGeneratorConfiguration: Property 'jmeter.reportgenerator.graph.latenciesOverTime.exclude_controllers' not found, using default value 'false' instead.
2025-10-05 20:13:32,890 INFO o.a.j.r.c.ReportGeneratorConfiguration: Property 'jmeter.reportgenerator.exporter.json.filters_only_sample_series' not found, using default value 'true' instead.
2025-10-05 20:13:32,890 INFO o.a.j.r.c.ReportGeneratorConfiguration: Property 'jmeter.reportgenerator.exporter.json.series_filter' not found, using default value '' instead.
2025-10-05 20:13:32,890 INFO o.a.j.r.c.ReportGeneratorConfiguration: Property 'jmeter.reportgenerator.exporter.json.show_controllers_only' not found, using default value 'false' instead.
2025-10-05 20:13:32,891 INFO o.a.j.r.c.ReportGeneratorConfiguration: Property 'jmeter.reportgenerator.exporter.html.filters_only_sample_series' not found, using default value 'true' instead.
2025-10-05 20:13:32,891 INFO o.a.j.r.c.ReportGeneratorConfiguration: Property 'jmeter.reportgenerator.exporter.html.series_filter' not found, using default value '' instead.
2025-10-05 20:13:32,891 INFO o.a.j.r.c.ReportGeneratorConfiguration: Property 'jmeter.reportgenerator.exporter.html.show_controllers_only' not found, using default value 'false' instead.
2025-10-05 20:13:32,900 INFO o.a.j.e.StandardJMeterEngine: Running the test!
2025-10-05 20:13:32,900 INFO o.a.j.s.SampleEvent: List of sample_variables: []
2025-10-05 20:13:32,900 INFO o.a.j.s.SampleEvent: List of sample_variables: []
2025-10-05 20:13:32,962 INFO o.a.j.JMeter: Running test (1759695212961)
2025-10-05 20:13:32,985 INFO o.a.j.e.StandardJMeterEngine: Starting ThreadGroup: 1 : Searchers
2025-10-05 20:13:32,985 INFO o.a.j.e.StandardJMeterEngine: Starting 10 threads for group Searchers.
2025-10-05 20:13:32,986 INFO o.a.j.e.StandardJMeterEngine: Thread will continue on error
2025-10-05 20:13:32,986 INFO o.a.j.t.ThreadGroup: Starting thread group... number=1 threads=10 ramp-up=10 delayedStart=false
2025-10-05 20:13:32,995 INFO o.a.j.t.JMeterThread: Thread started: Searchers 1-1
2025-10-05 20:13:33,000 INFO o.a.j.t.ThreadGroup: Started thread group number 1
2025-10-05 20:13:33,000 INFO o.a.j.e.StandardJMeterEngine: All thread groups have been started
2025-10-05 20:13:33,364 INFO o.a.j.p.h.s.HTTPHCAbstractImpl: Local host = runnervmwhb2z
2025-10-05 20:13:33,368 INFO o.a.j.p.h.s.HTTPHC4Impl: HTTP request retry count = 0
2025-10-05 20:13:33,369 INFO o.a.j.s.SampleResult: Note: Sample TimeStamps are END times
2025-10-05 20:13:33,369 INFO o.a.j.s.SampleResult: sampleresult.default.encoding is set to UTF-8
2025-10-05 20:13:33,369 INFO o.a.j.s.SampleResult: sampleresult.useNanoTime=true
2025-10-05 20:13:33,369 INFO o.a.j.s.SampleResult: sampleresult.nanoThreadSleep=5000
2025-10-05 20:13:33,444 INFO o.a.j.r.Summariser: summary +      1 in 00:00:00 =    2.1/s Avg:    24 Min:    24 Max:    24 Err:     0 (0.00%) Active: 1 Started: 1 Finished: 0
2025-10-05 20:13:33,990 INFO o.a.j.t.JMeterThread: Thread started: Searchers 1-2
2025-10-05 20:13:34,990 INFO o.a.j.t.JMeterThread: Thread started: Searchers 1-3
2025-10-05 20:13:35,988 INFO o.a.j.t.JMeterThread: Thread started: Searchers 1-4
2025-10-05 20:13:36,989 INFO o.a.j.t.JMeterThread: Thread started: Searchers 1-5
2025-10-05 20:13:37,989 INFO o.a.j.t.JMeterThread: Thread started: Searchers 1-6
2025-10-05 20:13:38,987 INFO o.a.j.t.JMeterThread: Thread started: Searchers 1-7
2025-10-05 20:13:39,049 INFO o.a.j.r.Summariser: summary +     54 in 00:00:06 =    9.6/s Avg:     1 Min:     1 Max:     7 Err:     0 (0.00%) Active: 7 Started: 7 Finished: 0
2025-10-05 20:13:39,050 INFO o.a.j.r.Summariser: summary =     55 in 00:00:06 =    9.0/s Avg:     2 Min:     1 Max:    24 Err:     0 (0.00%)
2025-10-05 20:13:39,988 INFO o.a.j.t.JMeterThread: Thread started: Searchers 1-8
2025-10-05 20:13:40,987 INFO o.a.j.t.JMeterThread: Thread started: Searchers 1-9
2025-10-05 20:13:41,987 INFO o.a.j.t.JMeterThread: Thread started: Searchers 1-10
2025-10-05 20:13:45,000 INFO o.a.j.r.Summariser: summary +    152 in 00:00:06 =   25.5/s Avg:     1 Min:     0 Max:     7 Err:     0 (0.00%) Active: 10 Started: 10 Finished: 0
2025-10-05 20:13:45,001 INFO o.a.j.r.Summariser: summary =    207 in 00:00:12 =   17.2/s Avg:     1 Min:     0 Max:    24 Err:     0 (0.00%)
2025-10-05 20:13:51,094 INFO o.a.j.r.Summariser: summary +    174 in 00:00:06 =   28.6/s Avg:     0 Min:     0 Max:     2 Err:     0 (0.00%) Active: 10 Started: 10 Finished: 0
2025-10-05 20:13:51,095 INFO o.a.j.r.Summariser: summary =    381 in 00:00:18 =   21.0/s Avg:     1 Min:     0 Max:    24 Err:     0 (0.00%)
2025-10-05 20:13:57,056 INFO o.a.j.r.Summariser: summary +    166 in 00:00:06 =   27.8/s Avg:     0 Min:     0 Max:     2 Err:     0 (0.00%) Active: 10 Started: 10 Finished: 0
2025-10-05 20:13:57,056 INFO o.a.j.r.Summariser: summary =    547 in 00:00:24 =   22.7/s Avg:     1 Min:     0 Max:    24 Err:     0 (0.00%)
2025-10-05 20:14:03,022 INFO o.a.j.r.Summariser: summary +    179 in 00:00:06 =   30.0/s Avg:     0 Min:     0 Max:     2 Err:     0 (0.00%) Active: 10 Started: 10 Finished: 0
2025-10-05 20:14:03,022 INFO o.a.j.r.Summariser: summary =    726 in 00:00:30 =   24.2/s Avg:     1 Min:     0 Max:    24 Err:     0 (0.00%)
2025-10-05 20:14:09,005 INFO o.a.j.r.Summariser: summary +    171 in 00:00:06 =   28.6/s Avg:     0 Min:     0 Max:     2 Err:     0 (0.00%) Active: 10 Started: 10 Finished: 0
2025-10-05 20:14:09,006 INFO o.a.j.r.Summariser: summary =    897 in 00:00:36 =   24.9/s Avg:     0 Min:     0 Max:    24 Err:     0 (0.00%)
2025-10-05 20:14:15,031 INFO o.a.j.r.Summariser: summary +    170 in 00:00:06 =   28.2/s Avg:     0 Min:     0 Max:     2 Err:     0 (0.00%) Active: 10 Started: 10 Finished: 0
2025-10-05 20:14:15,031 INFO o.a.j.r.Summariser: summary =   1067 in 00:00:42 =   25.4/s Avg:     0 Min:     0 Max:    24 Err:     0 (0.00%)
2025-10-05 20:14:21,000 INFO o.a.j.r.Summariser: summary +    169 in 00:00:06 =   28.3/s Avg:     0 Min:     0 Max:     2 Err:     0 (0.00%) Active: 10 Started: 10 Finished: 0
2025-10-05 20:14:21,001 INFO o.a.j.r.Summariser: summary =   1236 in 00:00:48 =   25.7/s Avg:     0 Min:     0 Max:    24 Err:     0 (0.00%)
2025-10-05 20:14:27,098 INFO o.a.j.r.Summariser: summary +    173 in 00:00:06 =   28.4/s Avg:     0 Min:     0 Max:     2 Err:     0 (0.00%) Active: 10 Started: 10 Finished: 0
2025-10-05 20:14:27,098 INFO o.a.j.r.Summariser: summary =   1409 in 00:00:54 =   26.0/s Avg:     0 Min:     0 Max:    24 Err:     0 (0.00%)
2025-10-05 20:14:32,648 INFO o.a.j.t.JMeterThread: Thread finished: Searchers 1-1
2025-10-05 20:14:32,696 INFO o.a.j.t.JMeterThread: Thread finished: Searchers 1-10
2025-10-05 20:14:32,718 INFO o.a.j.t.JMeterThread: Thread finished: Searchers 1-4
2025-10-05 20:14:32,808 INFO o.a.j.t.JMeterThread: Thread finished: Searchers 1-7
2025-10-05 20:14:32,808 INFO o.a.j.t.JMeterThread: Thread finished: Searchers 1-5
2025-10-05 20:14:32,820 INFO o.a.j.t.JMeterThread: Thread finished: Searchers 1-3
2025-10-05 20:14:32,841 INFO o.a.j.t.JMeterThread: Thread finished: Searchers 1-9
2025-10-05 20:14:32,854 INFO o.a.j.t.JMeterThread: Thread finished: Searchers 1-6
2025-10-05 20:14:32,902 INFO o.a.j.t.JMeterThread: Thread finished: Searchers 1-2
2025-10-05 20:14:32,907 INFO o.a.j.t.JMeterThread: Thread finished: Searchers 1-8
2025-10-05 20:14:32,907 INFO o.a.j.e.StandardJMeterEngine: Notifying test listeners of end of test
2025-10-05 20:14:32,908 INFO o.a.j.r.Summariser: summary +    161 in 00:00:06 =   27.7/s Avg:     0 Min:     0 Max:     2 Err:     0 (0.00%) Active: 0 Started: 10 Finished: 10
2025-10-05 20:14:32,908 INFO o.a.j.r.Summariser: summary =   1570 in 00:01:00 =   26.2/s Avg:     0 Min:     0 Max:    24 Err:     0 (0.00%)
2025-10-05 20:14:32,909 INFO o.a.j.JMeter: Generating Dashboard
2025-10-05 20:14:32,909 INFO o.a.j.r.d.ReportGenerator: Flushing result collector before report Generation
2025-10-05 20:14:32,918 INFO o.a.j.r.p.NormalizerSampleConsumer: Using format, 'ms', to parse timeStamp field
2025-10-05 20:14:33,028 INFO o.a.j.r.p.AbstractSampleConsumer: class org.apache.jmeter.report.processor.AggregateConsumer#stopProducing(): beginDate produced 0 samples
2025-10-05 20:14:33,028 INFO o.a.j.r.p.AbstractSampleConsumer: class org.apache.jmeter.report.processor.AggregateConsumer#stopProducing(): endDate produced 0 samples
2025-10-05 20:14:33,029 INFO o.a.j.r.p.AbstractSampleConsumer: class org.apache.jmeter.report.processor.ApdexSummaryConsumer#stopProducing(): apdexSummary produced 0 samples
2025-10-05 20:14:33,029 INFO o.a.j.r.p.AbstractSampleConsumer: class org.apache.jmeter.report.processor.RequestsSummaryConsumer#stopProducing(): requestsSummary produced 0 samples
2025-10-05 20:14:33,034 INFO o.a.j.r.p.AbstractSampleConsumer: class org.apache.jmeter.report.processor.StatisticsSummaryConsumer#stopProducing(): statisticsSummary produced 0 samples
2025-10-05 20:14:33,036 INFO o.a.j.r.p.AbstractSampleConsumer: class org.apache.jmeter.report.processor.Top5ErrorsBySamplerConsumer#stopProducing(): top5ErrorsBySampler produced 0 samples
2025-10-05 20:14:33,036 INFO o.a.j.r.p.AbstractSampleConsumer: class org.apache.jmeter.report.processor.ErrorsSummaryConsumer#stopProducing(): errorsSummary produced 0 samples
2025-10-05 20:14:33,036 INFO o.a.j.r.p.AbstractSampleConsumer: class org.apache.jmeter.report.processor.graph.impl.HitsPerSecondGraphConsumer#stopProducing(): hitsPerSecond produced 0 samples
2025-10-05 20:14:33,063 INFO o.a.j.r.p.AbstractSampleConsumer: class org.apache.jmeter.report.processor.graph.impl.LatencyVSRequestGraphConsumer#stopProducing(): latencyVsRequest produced 0 samples
2025-10-05 20:14:33,064 INFO o.a.j.r.p.AbstractSampleConsumer: class org.apache.jmeter.report.processor.graph.impl.SyntheticResponseTimeDistributionGraphConsumer#stopProducing(): syntheticResponseTimeDistribution produced 0 samples
2025-10-05 20:14:33,065 INFO o.a.j.r.p.AbstractSampleConsumer: class org.apache.jmeter.report.processor.graph.impl.BytesThroughputGraphConsumer#stopProducing(): bytesThroughputOverTime produced 0 samples
2025-10-05 20:14:33,065 INFO o.a.j.r.p.AbstractSampleConsumer: class org.apache.jmeter.report.processor.graph.impl.CodesPerSecondGraphConsumer#stopProducing(): codesPerSecond produced 0 samples
2025-10-05 20:14:33,079 INFO o.a.j.r.p.AbstractSampleConsumer: class org.apache.jmeter.report.processor.graph.impl.ResponseTimeVSRequestGraphConsumer#stopProducing(): responseTimeVsRequest produced 0 samples
2025-10-05 20:14:33,080 INFO o.a.j.r.p.AbstractSampleConsumer: class org.apache.jmeter.report.processor.FilterConsumer#stopProducing(): startIntervalControlerFilter produced 10990 samples
2025-10-05 20:14:33,080 INFO o.a.j.r.p.AbstractSampleConsumer: class org.apache.jmeter.report.processor.graph.impl.TotalTPSGraphConsumer#stopProducing(): totalTPS produced 0 samples
2025-10-05 20:14:33,080 INFO o.a.j.r.p.AbstractSampleConsumer: class org.apache.jmeter.report.processor.graph.impl.ActiveThreadsGraphConsumer#stopProducing(): activeThreadsOverTime produced 0 samples
2025-10-05 20:14:33,080 INFO o.a.j.r.p.AbstractSampleConsumer: class org.apache.jmeter.report.processor.graph.impl.TimeVSThreadGraphConsumer#stopProducing(): timeVsThreads produced 0 samples
2025-10-05 20:14:33,080 INFO o.a.j.r.p.AbstractSampleConsumer: class org.apache.jmeter.report.processor.graph.impl.ResponseTimeDistributionGraphConsumer#stopProducing(): responseTimeDistribution produced 0 samples
2025-10-05 20:14:33,081 INFO o.a.j.r.p.AbstractSampleConsumer: class org.apache.jmeter.report.processor.graph.impl.TransactionsPerSecondGraphConsumer#stopProducing(): transactionsPerSecond produced 0 samples
2025-10-05 20:14:33,081 INFO o.a.j.r.p.AbstractSampleConsumer: class org.apache.jmeter.report.processor.graph.impl.ResponseTimePercentilesGraphConsumer#stopProducing(): responseTimePercentiles produced 0 samples
2025-10-05 20:14:33,081 INFO o.a.j.r.p.AbstractSampleConsumer: class org.apache.jmeter.report.processor.graph.impl.ResponseTimePercentilesOverTimeGraphConsumer#stopProducing(): responseTimePercentilesOverTime produced 0 samples
2025-10-05 20:14:33,082 INFO o.a.j.r.p.AbstractSampleConsumer: class org.apache.jmeter.report.processor.graph.impl.ResponseTimeOverTimeGraphConsumer#stopProducing(): responseTimesOverTime produced 0 samples
2025-10-05 20:14:33,082 INFO o.a.j.r.p.AbstractSampleConsumer: class org.apache.jmeter.report.processor.graph.impl.ConnectTimeOverTimeGraphConsumer#stopProducing(): connectTimeOverTime produced 0 samples
2025-10-05 20:14:33,082 INFO o.a.j.r.p.AbstractSampleConsumer: class org.apache.jmeter.report.processor.graph.impl.LatencyOverTimeGraphConsumer#stopProducing(): latenciesOverTime produced 0 samples
2025-10-05 20:14:33,082 INFO o.a.j.r.p.AbstractSampleConsumer: class org.apache.jmeter.report.processor.FilterConsumer#stopProducing(): nameFilter produced 23550 samples
2025-10-05 20:14:33,082 INFO o.a.j.r.p.AbstractSampleConsumer: class org.apache.jmeter.report.processor.FilterConsumer#stopProducing(): dateRangeFilter produced 4710 samples
2025-10-05 20:14:33,082 INFO o.a.j.r.p.AbstractSampleConsumer: class org.apache.jmeter.report.processor.NormalizerSampleConsumer#stopProducing(): normalizer produced 1570 samples
2025-10-05 20:14:33,083 INFO o.a.j.r.p.CsvFileSampleSource: produce(): 1570 samples produced in 146ms on channel 0
2025-10-05 20:14:33,083 INFO o.a.j.r.d.ReportGenerator: Exporting data using exporter:'json' of className:'org.apache.jmeter.report.dashboard.JsonExporter'
2025-10-05 20:14:33,165 INFO o.a.j.r.d.JsonExporter: Found data for consumer statisticsSummary in context
2025-10-05 20:14:33,165 INFO o.a.j.r.d.JsonExporter: Creating statistics for overall
2025-10-05 20:14:33,165 INFO o.a.j.r.d.JsonExporter: Creating statistics for other transactions
2025-10-05 20:14:33,166 INFO o.a.j.r.d.JsonExporter: Checking output folder
2025-10-05 20:14:33,166 INFO o.a.j.r.d.JsonExporter: Writing statistics JSON to /home/runner/work/grepwise/grepwise/target/jmeter/reports/http-search/statistics.json
2025-10-05 20:14:33,199 INFO o.a.j.r.d.ReportGenerator: Exporting data using exporter:'html' of className:'org.apache.jmeter.report.dashboard.HtmlTemplateExporter'
2025-10-05 20:14:33,201 INFO o.a.j.r.d.HtmlTemplateExporter: Will generate dashboard in folder: /home/runner/work/grepwise/grepwise/target/jmeter/reports/http-search
2025-10-05 20:14:33,272 INFO o.a.j.r.d.HtmlTemplateExporter: Report will be generated in: /home/runner/work/grepwise/grepwise/target/jmeter/reports/http-search, creating folder structure
2025-10-05 20:14:33,274 INFO o.a.j.r.d.TemplateVisitor: Copying folder from '/home/runner/work/grepwise/grepwise/target/7cf6e4e7-2ab0-43f8-90bd-20ae1498116b/jmeter/bin/report-template' to '/home/runner/work/grepwise/grepwise/target/jmeter/reports/http-search', got message: /home/runner/work/grepwise/grepwise/target/jmeter/reports/http-search, found non empty folder with following content [/home/runner/work/grepwise/grepwise/target/jmeter/reports/http-search/statistics.json], will be ignored
2025-10-05 20:14:33,452 INFO o.a.j.JMeter: Dashboard generated
