2025-10-05 20:12:26,662 INFO o.a.j.u.JMeterUtils: Setting Locale to en
2025-10-05 20:12:26,680 INFO o.a.j.JMeter: Loading additional properties from: /home/runner/work/grepwise/grepwise/src/test/jmeter/jmeter.properties
2025-10-05 20:12:26,680 INFO o.a.j.JMeter: Setting System property: sun.net.http.allowRestrictedHeaders=true
2025-10-05 20:12:26,685 INFO o.a.j.JMeter: Copyright (c) 1998-2023 The Apache Software Foundation
2025-10-05 20:12:26,685 INFO o.a.j.JMeter: Version 5.6.2
2025-10-05 20:12:26,686 INFO o.a.j.JMeter: java.version=25
2025-10-05 20:12:26,686 INFO o.a.j.JMeter: java.vm.name=OpenJDK 64-Bit Server VM
2025-10-05 20:12:26,686 INFO o.a.j.JMeter: os.name=Linux
2025-10-05 20:12:26,686 INFO o.a.j.JMeter: os.arch=amd64
2025-10-05 20:12:26,686 INFO o.a.j.JMeter: os.version=6.11.0-1018-azure
2025-10-05 20:12:26,686 INFO o.a.j.JMeter: file.encoding=UTF-8
2025-10-05 20:12:26,686 INFO o.a.j.JMeter: java.awt.headless=true
2025-10-05 20:12:26,686 INFO o.a.j.JMeter: Max memory     =536870912
2025-10-05 20:12:26,686 INFO o.a.j.JMeter: Available Processors =4
2025-10-05 20:12:26,697 INFO o.a.j.JMeter: Default Locale=English
2025-10-05 20:12:26,697 INFO o.a.j.JMeter: JMeter  Locale=English
2025-10-05 20:12:26,697 INFO o.a.j.JMeter: JMeterHome=/home/runner/work/grepwise/grepwise/target/7cf6e4e7-2ab0-43f8-90bd-20ae1498116b/jmeter
2025-10-05 20:12:26,697 INFO o.a.j.JMeter: user.dir  =/home/runner/work/grepwise/grepwise/target/7cf6e4e7-2ab0-43f8-90bd-20ae1498116b/jmeter/bin
2025-10-05 20:12:26,697 INFO o.a.j.JMeter: PWD       =/home/runner/work/grepwise/grepwise/target/7cf6e4e7-2ab0-43f8-90bd-20ae1498116b/jmeter/bin
2025-10-05 20:12:26,697 INFO o.a.j.JMeter: IP: 10.1.0.24 Name: runnervmwhb2z FullName: runnervmwhb2z.2bppliwegfzurh2vkhaobcxu2f.dx.internal.cloudapp.net
2025-10-05 20:12:26,705 INFO o.a.j.JMeter: Setting property 'jmeter.reportgenerator.outputdir' to:'/home/runner/work/grepwise/grepwise/target/jmeter/reports/syslog-udp'
2025-10-05 20:12:26,708 INFO o.a.j.s.FileServer: Default base='/home/runner/work/grepwise/grepwise/target/7cf6e4e7-2ab0-43f8-90bd-20ae1498116b/jmeter/bin'
2025-10-05 20:12:26,708 INFO o.a.j.s.FileServer: Set new base='/home/runner/work/grepwise/grepwise/target/jmeter/testFiles'
2025-10-05 20:12:26,940 INFO o.a.j.s.SaveService: Testplan (JMX) version: 2.2. Testlog (JTL) version: 2.2
2025-10-05 20:12:26,959 INFO o.a.j.s.SaveService: Using SaveService properties version 5.0
2025-10-05 20:12:26,962 INFO o.a.j.s.SaveService: Using SaveService properties file encoding UTF-8
2025-10-05 20:12:26,965 INFO o.a.j.s.SaveService: Loading file: /home/runner/work/grepwise/grepwise/target/jmeter/testFiles/syslog-udp.jmx
2025-10-05 20:12:27,050 INFO o.a.j.JMeter: Creating summariser <summary>
2025-10-05 20:12:27,055 INFO o.a.j.r.d.ReportGenerator: ReportGenerator will use for Parsing the separator: ','
2025-10-05 20:12:27,056 INFO o.a.j.r.d.ReportGenerator: Will generate report at end of test from  results file: /home/runner/work/grepwise/grepwise/target/jmeter/results/20251005-syslog-udp.csv
2025-10-05 20:12:27,056 INFO o.a.j.r.d.ReportGenerator: Reading report generator properties from: /home/runner/work/grepwise/grepwise/target/7cf6e4e7-2ab0-43f8-90bd-20ae1498116b/jmeter/bin/reportgenerator.properties
2025-10-05 20:12:27,056 INFO o.a.j.r.d.ReportGenerator: Merging with JMeter properties
2025-10-05 20:12:27,059 INFO o.a.j.r.c.ReportGeneratorConfiguration: Property 'jmeter.reportgenerator.temp_dir' not found, using default value 'temp' instead.
2025-10-05 20:12:27,062 INFO o.a.j.r.c.ReportGeneratorConfiguration: Property 'jmeter.reportgenerator.apdex_per_transaction' not found, using default value 'null' instead.
2025-10-05 20:12:27,062 INFO o.a.j.r.c.ReportGeneratorConfiguration: apdex_per_transaction is empty, not APDEX per transaction customization
2025-10-05 20:12:27,062 INFO o.a.j.r.c.ReportGeneratorConfiguration: Property 'jmeter.reportgenerator.sample_filter' not found, using default value 'null' instead.
2025-10-05 20:12:27,062 INFO o.a.j.r.c.ReportGeneratorConfiguration: Property 'jmeter.reportgenerator.report_title' not found, using default value 'null' instead.
2025-10-05 20:12:27,062 INFO o.a.j.r.c.ReportGeneratorConfiguration: Property 'jmeter.reportgenerator.start_date' not found, using default value 'null' instead.
2025-10-05 20:12:27,062 INFO o.a.j.r.c.ReportGeneratorConfiguration: Property 'jmeter.reportgenerator.end_date' not found, using default value 'null' instead.
2025-10-05 20:12:27,062 INFO o.a.j.r.c.ReportGeneratorConfiguration: Property 'jmeter.reportgenerator.date_format' not found, using default value 'null' instead.
2025-10-05 20:12:27,063 INFO o.a.j.r.c.ReportGeneratorConfiguration: Will use date range start date: null, end date: null
2025-10-05 20:12:27,065 INFO o.a.j.r.c.ReportGeneratorConfiguration: Property 'jmeter.reportgenerator.graph.totalTPS.exclude_controllers' not found, using default value 'false' instead.
2025-10-05 20:12:27,066 INFO o.a.j.r.c.ReportGeneratorConfiguration: Property 'jmeter.reportgenerator.graph.activeThreadsOverTime.exclude_controllers' not found, using default value 'false' instead.
2025-10-05 20:12:27,066 INFO o.a.j.r.c.ReportGeneratorConfiguration: Property 'jmeter.reportgenerator.graph.timeVsThreads.exclude_controllers' not found, using default value 'false' instead.
2025-10-05 20:12:27,066 INFO o.a.j.r.c.ReportGeneratorConfiguration: Property 'jmeter.reportgenerator.graph.responseTimeDistribution.exclude_controllers' not found, using default value 'false' instead.
2025-10-05 20:12:27,066 INFO o.a.j.r.c.ReportGeneratorConfiguration: Property 'jmeter.reportgenerator.graph.transactionsPerSecond.exclude_controllers' not found, using default value 'false' instead.
2025-10-05 20:12:27,066 INFO o.a.j.r.c.ReportGeneratorConfiguration: Property 'jmeter.reportgenerator.graph.responseTimePercentiles.exclude_controllers' not found, using default value 'false' instead.
2025-10-05 20:12:27,066 INFO o.a.j.r.c.ReportGeneratorConfiguration: Property 'jmeter.reportgenerator.graph.responseTimePercentilesOverTime.exclude_controllers' not found, using default value 'false' instead.
2025-10-05 20:12:27,066 INFO o.a.j.r.c.ReportGeneratorConfiguration: Property 'jmeter.reportgenerator.graph.responseTimesOverTime.exclude_controllers' not found, using default value 'false' instead.
2025-10-05 20:12:27,066 INFO o.a.j.r.c.ReportGeneratorConfiguration: Property 'jmeter.reportgenerator.graph.connectTimeOverTime.exclude_controllers' not found, using default value 'false' instead.
2025-10-05 20:12:27,067 INFO o.a.j.r.c.ReportGeneratorConfiguration: Property 'jmeter.reportgenerator.graph.latenciesOverTime.exclude_controllers' not found, using default value 'false' instead.
2025-10-05 20:12:27,067 INFO o.a.j.r.c.ReportGeneratorConfiguration: Property 'jmeter.reportgenerator.exporter.json.filters_only_sample_series' not found, using default value 'true' instead.
2025-10-05 20:12:27,067 INFO o.a.j.r.c.ReportGeneratorConfiguration: Property 'jmeter.reportgenerator.exporter.json.series_filter' not found, using default value '' instead.
2025-10-05 20:12:27,067 INFO o.a.j.r.c.ReportGeneratorConfiguration: Property 'jmeter.reportgenerator.exporter.json.show_controllers_only' not found, using default value 'false' instead.
2025-10-05 20:12:27,068 INFO o.a.j.r.c.ReportGeneratorConfiguration: Property 'jmeter.reportgenerator.exporter.html.filters_only_sample_series' not found, using default value 'true' instead.
2025-10-05 20:12:27,068 INFO o.a.j.r.c.ReportGeneratorConfiguration: Property 'jmeter.reportgenerator.exporter.html.series_filter' not found, using default value '' instead.
2025-10-05 20:12:27,068 INFO o.a.j.r.c.ReportGeneratorConfiguration: Property 'jmeter.reportgenerator.exporter.html.show_controllers_only' not found, using default value 'false' instead.
2025-10-05 20:12:27,078 INFO o.a.j.e.StandardJMeterEngine: Running the test!
2025-10-05 20:12:27,079 INFO o.a.j.s.SampleEvent: List of sample_variables: []
2025-10-05 20:12:27,079 INFO o.a.j.s.SampleEvent: List of sample_variables: []
2025-10-05 20:12:27,142 INFO o.a.j.JMeter: Running test (1759695147142)
2025-10-05 20:12:27,166 INFO o.a.j.e.StandardJMeterEngine: Starting ThreadGroup: 1 : UDP Senders
2025-10-05 20:12:27,167 INFO o.a.j.e.StandardJMeterEngine: Starting 10 threads for group UDP Senders.
2025-10-05 20:12:27,167 INFO o.a.j.e.StandardJMeterEngine: Thread will continue on error
2025-10-05 20:12:27,167 INFO o.a.j.t.ThreadGroup: Starting thread group... number=1 threads=10 ramp-up=10 delayedStart=false
2025-10-05 20:12:27,176 INFO o.a.j.t.JMeterThread: Thread started: UDP Senders 1-1
2025-10-05 20:12:27,199 INFO o.a.j.t.ThreadGroup: Started thread group number 1
2025-10-05 20:12:27,199 INFO o.a.j.e.StandardJMeterEngine: Starting ThreadGroup: 2 : Search Verifier
2025-10-05 20:12:27,199 INFO o.a.j.e.StandardJMeterEngine: Starting 1 threads for group Search Verifier.
2025-10-05 20:12:27,199 INFO o.a.j.e.StandardJMeterEngine: Thread will continue on error
2025-10-05 20:12:27,199 INFO o.a.j.t.ThreadGroup: Starting thread group... number=2 threads=1 ramp-up=1 delayedStart=false
2025-10-05 20:12:27,200 INFO o.a.j.t.ThreadGroup: Started thread group number 2
2025-10-05 20:12:27,200 INFO o.a.j.e.StandardJMeterEngine: All thread groups have been started
2025-10-05 20:12:27,200 INFO o.a.j.t.JMeterThread: Thread started: Search Verifier 2-1
2025-10-05 20:12:27,212 INFO o.a.j.p.h.s.HTTPHCAbstractImpl: Local host = runnervmwhb2z
2025-10-05 20:12:27,216 INFO o.a.j.p.h.s.HTTPHC4Impl: HTTP request retry count = 0
2025-10-05 20:12:27,217 INFO o.a.j.s.SampleResult: Note: Sample TimeStamps are END times
2025-10-05 20:12:27,217 INFO o.a.j.s.SampleResult: sampleresult.default.encoding is set to UTF-8
2025-10-05 20:12:27,217 INFO o.a.j.s.SampleResult: sampleresult.useNanoTime=true
2025-10-05 20:12:27,217 INFO o.a.j.s.SampleResult: sampleresult.nanoThreadSleep=5000
2025-10-05 20:12:27,277 INFO o.a.j.r.Summariser: summary +      1 in 00:00:00 =    7.5/s Avg:     2 Min:     2 Max:     2 Err:     0 (0.00%) Active: 2 Started: 2 Finished: 0
2025-10-05 20:12:28,177 INFO o.a.j.t.JMeterThread: Thread started: UDP Senders 1-2
2025-10-05 20:12:29,171 INFO o.a.j.t.JMeterThread: Thread started: UDP Senders 1-3
2025-10-05 20:12:30,171 INFO o.a.j.t.JMeterThread: Thread started: UDP Senders 1-4
2025-10-05 20:12:31,171 INFO o.a.j.t.JMeterThread: Thread started: UDP Senders 1-5
2025-10-05 20:12:32,169 INFO o.a.j.t.JMeterThread: Thread started: UDP Senders 1-6
2025-10-05 20:12:33,000 INFO o.a.j.r.Summariser: summary +   5463 in 00:00:06 =  954.4/s Avg:     0 Min:     0 Max:    48 Err:     0 (0.00%) Active: 7 Started: 7 Finished: 0
2025-10-05 20:12:33,000 INFO o.a.j.r.Summariser: summary =   5464 in 00:00:06 =  932.7/s Avg:     0 Min:     0 Max:    48 Err:     0 (0.00%)
2025-10-05 20:12:33,170 INFO o.a.j.t.JMeterThread: Thread started: UDP Senders 1-7
2025-10-05 20:12:34,169 INFO o.a.j.t.JMeterThread: Thread started: UDP Senders 1-8
2025-10-05 20:12:35,170 INFO o.a.j.t.JMeterThread: Thread started: UDP Senders 1-9
2025-10-05 20:12:36,170 INFO o.a.j.t.JMeterThread: Thread started: UDP Senders 1-10
2025-10-05 20:12:39,000 INFO o.a.j.r.Summariser: summary +  10468 in 00:00:06 = 1744.7/s Avg:     0 Min:     0 Max:    11 Err:     0 (0.00%) Active: 11 Started: 11 Finished: 0
2025-10-05 20:12:39,001 INFO o.a.j.r.Summariser: summary =  15932 in 00:00:12 = 1343.6/s Avg:     0 Min:     0 Max:    48 Err:     0 (0.00%)
2025-10-05 20:12:45,000 INFO o.a.j.r.Summariser: summary +  14522 in 00:00:06 = 2420.3/s Avg:     0 Min:     0 Max:     9 Err:     0 (0.00%) Active: 11 Started: 11 Finished: 0
2025-10-05 20:12:45,000 INFO o.a.j.r.Summariser: summary =  30454 in 00:00:18 = 1705.3/s Avg:     0 Min:     0 Max:    48 Err:     0 (0.00%)
2025-10-05 20:12:51,001 INFO o.a.j.r.Summariser: summary +  18078 in 00:00:06 = 3012.5/s Avg:     0 Min:     0 Max:    11 Err:     0 (0.00%) Active: 11 Started: 11 Finished: 0
2025-10-05 20:12:51,002 INFO o.a.j.r.Summariser: summary =  48532 in 00:00:24 = 2034.1/s Avg:     0 Min:     0 Max:    48 Err:     0 (0.00%)
2025-10-05 20:12:57,000 INFO o.a.j.r.Summariser: summary +  18110 in 00:00:06 = 3018.8/s Avg:     0 Min:     0 Max:     6 Err:     0 (0.00%) Active: 11 Started: 11 Finished: 0
2025-10-05 20:12:57,001 INFO o.a.j.r.Summariser: summary =  66642 in 00:00:30 = 2232.0/s Avg:     0 Min:     0 Max:    48 Err:     0 (0.00%)
2025-10-05 20:13:03,000 INFO o.a.j.r.Summariser: summary +  18533 in 00:00:06 = 3088.8/s Avg:     0 Min:     0 Max:     4 Err:     0 (0.00%) Active: 11 Started: 11 Finished: 0
2025-10-05 20:13:03,000 INFO o.a.j.r.Summariser: summary =  85175 in 00:00:36 = 2375.3/s Avg:     0 Min:     0 Max:    48 Err:     0 (0.00%)
2025-10-05 20:13:09,000 INFO o.a.j.r.Summariser: summary +  18636 in 00:00:06 = 3106.0/s Avg:     0 Min:     0 Max:     3 Err:     0 (0.00%) Active: 11 Started: 11 Finished: 0
2025-10-05 20:13:09,000 INFO o.a.j.r.Summariser: summary = 103811 in 00:00:42 = 2480.1/s Avg:     0 Min:     0 Max:    48 Err:     0 (0.00%)
2025-10-05 20:13:15,000 INFO o.a.j.r.Summariser: summary +  18559 in 00:00:06 = 3093.2/s Avg:     0 Min:     0 Max:     4 Err:     0 (0.00%) Active: 11 Started: 11 Finished: 0
2025-10-05 20:13:15,000 INFO o.a.j.r.Summariser: summary = 122370 in 00:00:48 = 2556.9/s Avg:     0 Min:     0 Max:    48 Err:     0 (0.00%)
2025-10-05 20:13:21,000 INFO o.a.j.r.Summariser: summary +  18820 in 00:00:06 = 3136.7/s Avg:     0 Min:     0 Max:     4 Err:     0 (0.00%) Active: 11 Started: 11 Finished: 0
2025-10-05 20:13:21,000 INFO o.a.j.r.Summariser: summary = 141190 in 00:00:54 = 2621.5/s Avg:     0 Min:     0 Max:    48 Err:     0 (0.00%)
2025-10-05 20:13:27,000 INFO o.a.j.r.Summariser: summary +  18793 in 00:00:06 = 3132.2/s Avg:     0 Min:     0 Max:     4 Err:     0 (0.00%) Active: 11 Started: 11 Finished: 0
2025-10-05 20:13:27,000 INFO o.a.j.r.Summariser: summary = 159983 in 00:01:00 = 2672.7/s Avg:     0 Min:     0 Max:    48 Err:     0 (0.00%)
2025-10-05 20:13:27,111 INFO o.a.j.t.JMeterThread: Thread finished: UDP Senders 1-1
2025-10-05 20:13:27,116 INFO o.a.j.t.JMeterThread: Thread finished: UDP Senders 1-7
2025-10-05 20:13:27,119 INFO o.a.j.t.JMeterThread: Thread finished: UDP Senders 1-2
2025-10-05 20:13:27,143 INFO o.a.j.t.JMeterThread: Thread finished: UDP Senders 1-9
2025-10-05 20:13:27,162 INFO o.a.j.t.JMeterThread: Thread finished: UDP Senders 1-6
2025-10-05 20:13:27,166 INFO o.a.j.t.JMeterThread: Thread finished: UDP Senders 1-5
2025-10-05 20:13:27,170 INFO o.a.j.t.JMeterThread: Thread finished: UDP Senders 1-10
2025-10-05 20:13:27,170 INFO o.a.j.t.JMeterThread: Thread finished: UDP Senders 1-8
2025-10-05 20:13:27,178 INFO o.a.j.t.JMeterThread: Thread finished: UDP Senders 1-3
2025-10-05 20:13:27,178 INFO o.a.j.t.JMeterThread: Thread finished: UDP Senders 1-4
2025-10-05 20:13:27,199 INFO o.a.j.t.JMeterThread: Stopping because end time detected by thread: Search Verifier 2-1
2025-10-05 20:13:27,199 INFO o.a.j.t.JMeterThread: Thread finished: Search Verifier 2-1
2025-10-05 20:13:27,199 INFO o.a.j.e.StandardJMeterEngine: Notifying test listeners of end of test
2025-10-05 20:13:27,200 INFO o.a.j.r.Summariser: summary +    627 in 00:00:00 = 3135.0/s Avg:     0 Min:     0 Max:     1 Err:     0 (0.00%) Active: 0 Started: 11 Finished: 11
2025-10-05 20:13:27,200 INFO o.a.j.r.Summariser: summary = 160610 in 00:01:00 = 2674.2/s Avg:     0 Min:     0 Max:    48 Err:     0 (0.00%)
2025-10-05 20:13:27,200 INFO o.a.j.JMeter: Generating Dashboard
2025-10-05 20:13:27,200 INFO o.a.j.r.d.ReportGenerator: Flushing result collector before report Generation
2025-10-05 20:13:27,211 INFO o.a.j.r.p.NormalizerSampleConsumer: Using format, 'ms', to parse timeStamp field
2025-10-05 20:13:29,164 INFO o.a.j.r.p.AbstractSampleConsumer: class org.apache.jmeter.report.processor.AggregateConsumer#stopProducing(): beginDate produced 0 samples
2025-10-05 20:13:29,164 INFO o.a.j.r.p.AbstractSampleConsumer: class org.apache.jmeter.report.processor.AggregateConsumer#stopProducing(): endDate produced 0 samples
2025-10-05 20:13:29,166 INFO o.a.j.r.p.AbstractSampleConsumer: class org.apache.jmeter.report.processor.ApdexSummaryConsumer#stopProducing(): apdexSummary produced 0 samples
2025-10-05 20:13:29,166 INFO o.a.j.r.p.AbstractSampleConsumer: class org.apache.jmeter.report.processor.RequestsSummaryConsumer#stopProducing(): requestsSummary produced 0 samples
2025-10-05 20:13:29,179 INFO o.a.j.r.p.AbstractSampleConsumer: class org.apache.jmeter.report.processor.StatisticsSummaryConsumer#stopProducing(): statisticsSummary produced 0 samples
2025-10-05 20:13:29,181 INFO o.a.j.r.p.AbstractSampleConsumer: class org.apache.jmeter.report.processor.Top5ErrorsBySamplerConsumer#stopProducing(): top5ErrorsBySampler produced 0 samples
2025-10-05 20:13:29,181 INFO o.a.j.r.p.AbstractSampleConsumer: class org.apache.jmeter.report.processor.ErrorsSummaryConsumer#stopProducing(): errorsSummary produced 0 samples
2025-10-05 20:13:29,181 INFO o.a.j.r.p.AbstractSampleConsumer: class org.apache.jmeter.report.processor.graph.impl.HitsPerSecondGraphConsumer#stopProducing(): hitsPerSecond produced 0 samples
2025-10-05 20:13:29,686 INFO o.a.j.r.p.AbstractSampleConsumer: class org.apache.jmeter.report.processor.graph.impl.LatencyVSRequestGraphConsumer#stopProducing(): latencyVsRequest produced 0 samples
2025-10-05 20:13:29,692 INFO o.a.j.r.p.AbstractSampleConsumer: class org.apache.jmeter.report.processor.graph.impl.SyntheticResponseTimeDistributionGraphConsumer#stopProducing(): syntheticResponseTimeDistribution produced 0 samples
2025-10-05 20:13:29,692 INFO o.a.j.r.p.AbstractSampleConsumer: class org.apache.jmeter.report.processor.graph.impl.BytesThroughputGraphConsumer#stopProducing(): bytesThroughputOverTime produced 0 samples
2025-10-05 20:13:29,692 INFO o.a.j.r.p.AbstractSampleConsumer: class org.apache.jmeter.report.processor.graph.impl.CodesPerSecondGraphConsumer#stopProducing(): codesPerSecond produced 0 samples
2025-10-05 20:13:30,127 INFO o.a.j.r.p.AbstractSampleConsumer: class org.apache.jmeter.report.processor.graph.impl.ResponseTimeVSRequestGraphConsumer#stopProducing(): responseTimeVsRequest produced 0 samples
2025-10-05 20:13:30,131 INFO o.a.j.r.p.AbstractSampleConsumer: class org.apache.jmeter.report.processor.FilterConsumer#stopProducing(): startIntervalControlerFilter produced 1124270 samples
2025-10-05 20:13:30,131 INFO o.a.j.r.p.AbstractSampleConsumer: class org.apache.jmeter.report.processor.graph.impl.TotalTPSGraphConsumer#stopProducing(): totalTPS produced 0 samples
2025-10-05 20:13:30,131 INFO o.a.j.r.p.AbstractSampleConsumer: class org.apache.jmeter.report.processor.graph.impl.ActiveThreadsGraphConsumer#stopProducing(): activeThreadsOverTime produced 0 samples
2025-10-05 20:13:30,131 INFO o.a.j.r.p.AbstractSampleConsumer: class org.apache.jmeter.report.processor.graph.impl.TimeVSThreadGraphConsumer#stopProducing(): timeVsThreads produced 0 samples
2025-10-05 20:13:30,131 INFO o.a.j.r.p.AbstractSampleConsumer: class org.apache.jmeter.report.processor.graph.impl.ResponseTimeDistributionGraphConsumer#stopProducing(): responseTimeDistribution produced 0 samples
2025-10-05 20:13:30,132 INFO o.a.j.r.p.AbstractSampleConsumer: class org.apache.jmeter.report.processor.graph.impl.TransactionsPerSecondGraphConsumer#stopProducing(): transactionsPerSecond produced 0 samples
2025-10-05 20:13:30,132 INFO o.a.j.r.p.AbstractSampleConsumer: class org.apache.jmeter.report.processor.graph.impl.ResponseTimePercentilesGraphConsumer#stopProducing(): responseTimePercentiles produced 0 samples
2025-10-05 20:13:30,133 INFO o.a.j.r.p.AbstractSampleConsumer: class org.apache.jmeter.report.processor.graph.impl.ResponseTimePercentilesOverTimeGraphConsumer#stopProducing(): responseTimePercentilesOverTime produced 0 samples
2025-10-05 20:13:30,134 INFO o.a.j.r.p.AbstractSampleConsumer: class org.apache.jmeter.report.processor.graph.impl.ResponseTimeOverTimeGraphConsumer#stopProducing(): responseTimesOverTime produced 0 samples
2025-10-05 20:13:30,134 INFO o.a.j.r.p.AbstractSampleConsumer: class org.apache.jmeter.report.processor.graph.impl.ConnectTimeOverTimeGraphConsumer#stopProducing(): connectTimeOverTime produced 0 samples
2025-10-05 20:13:30,134 INFO o.a.j.r.p.AbstractSampleConsumer: class org.apache.jmeter.report.processor.graph.impl.LatencyOverTimeGraphConsumer#stopProducing(): latenciesOverTime produced 0 samples
2025-10-05 20:13:30,134 INFO o.a.j.r.p.AbstractSampleConsumer: class org.apache.jmeter.report.processor.FilterConsumer#stopProducing(): nameFilter produced 2409150 samples
2025-10-05 20:13:30,134 INFO o.a.j.r.p.AbstractSampleConsumer: class org.apache.jmeter.report.processor.FilterConsumer#stopProducing(): dateRangeFilter produced 481830 samples
2025-10-05 20:13:30,134 INFO o.a.j.r.p.AbstractSampleConsumer: class org.apache.jmeter.report.processor.NormalizerSampleConsumer#stopProducing(): normalizer produced 160610 samples
2025-10-05 20:13:30,134 INFO o.a.j.r.p.CsvFileSampleSource: produce(): 160610 samples produced in 2s 903 ms on channel 0
2025-10-05 20:13:30,134 INFO o.a.j.r.d.ReportGenerator: Exporting data using exporter:'json' of className:'org.apache.jmeter.report.dashboard.JsonExporter'
2025-10-05 20:13:30,215 INFO o.a.j.r.d.JsonExporter: Found data for consumer statisticsSummary in context
2025-10-05 20:13:30,215 INFO o.a.j.r.d.JsonExporter: Creating statistics for overall
2025-10-05 20:13:30,216 INFO o.a.j.r.d.JsonExporter: Creating statistics for other transactions
2025-10-05 20:13:30,216 INFO o.a.j.r.d.JsonExporter: Checking output folder
2025-10-05 20:13:30,216 INFO o.a.j.r.d.JsonExporter: Writing statistics JSON to /home/runner/work/grepwise/grepwise/target/jmeter/reports/syslog-udp/statistics.json
2025-10-05 20:13:30,249 INFO o.a.j.r.d.ReportGenerator: Exporting data using exporter:'html' of className:'org.apache.jmeter.report.dashboard.HtmlTemplateExporter'
2025-10-05 20:13:30,251 INFO o.a.j.r.d.HtmlTemplateExporter: Will generate dashboard in folder: /home/runner/work/grepwise/grepwise/target/jmeter/reports/syslog-udp
2025-10-05 20:13:30,335 INFO o.a.j.r.d.HtmlTemplateExporter: Report will be generated in: /home/runner/work/grepwise/grepwise/target/jmeter/reports/syslog-udp, creating folder structure
2025-10-05 20:13:30,336 INFO o.a.j.r.d.TemplateVisitor: Copying folder from '/home/runner/work/grepwise/grepwise/target/7cf6e4e7-2ab0-43f8-90bd-20ae1498116b/jmeter/bin/report-template' to '/home/runner/work/grepwise/grepwise/target/jmeter/reports/syslog-udp', got message: /home/runner/work/grepwise/grepwise/target/jmeter/reports/syslog-udp, found non empty folder with following content [/home/runner/work/grepwise/grepwise/target/jmeter/reports/syslog-udp/statistics.json], will be ignored
2025-10-05 20:13:30,499 INFO o.a.j.JMeter: Dashboard generated
