2025-09-29 18:30:17,014 INFO o.a.j.u.JMeterUtils: Setting Locale to en
2025-09-29 18:30:17,040 INFO o.a.j.JMeter: Loading additional properties from: /home/runner/work/grepwise/grepwise/src/test/jmeter/jmeter.properties
2025-09-29 18:30:17,040 INFO o.a.j.JMeter: Setting System property: sun.net.http.allowRestrictedHeaders=true
2025-09-29 18:30:17,047 INFO o.a.j.JMeter: Copyright (c) 1998-2023 The Apache Software Foundation
2025-09-29 18:30:17,047 INFO o.a.j.JMeter: Version 5.6.2
2025-09-29 18:30:17,047 INFO o.a.j.JMeter: java.version=25
2025-09-29 18:30:17,047 INFO o.a.j.JMeter: java.vm.name=OpenJDK 64-Bit Server VM
2025-09-29 18:30:17,047 INFO o.a.j.JMeter: os.name=Linux
2025-09-29 18:30:17,047 INFO o.a.j.JMeter: os.arch=amd64
2025-09-29 18:30:17,047 INFO o.a.j.JMeter: os.version=6.11.0-1018-azure
2025-09-29 18:30:17,047 INFO o.a.j.JMeter: file.encoding=UTF-8
2025-09-29 18:30:17,047 INFO o.a.j.JMeter: java.awt.headless=true
2025-09-29 18:30:17,047 INFO o.a.j.JMeter: Max memory     =536870912
2025-09-29 18:30:17,047 INFO o.a.j.JMeter: Available Processors =2
2025-09-29 18:30:17,065 INFO o.a.j.JMeter: Default Locale=English
2025-09-29 18:30:17,065 INFO o.a.j.JMeter: JMeter  Locale=English
2025-09-29 18:30:17,065 INFO o.a.j.JMeter: JMeterHome=/home/runner/work/grepwise/grepwise/target/e8b55e13-6ef0-4932-9d80-c2d42dbf9dcf/jmeter
2025-09-29 18:30:17,065 INFO o.a.j.JMeter: user.dir  =/home/runner/work/grepwise/grepwise/target/e8b55e13-6ef0-4932-9d80-c2d42dbf9dcf/jmeter/bin
2025-09-29 18:30:17,065 INFO o.a.j.JMeter: PWD       =/home/runner/work/grepwise/grepwise/target/e8b55e13-6ef0-4932-9d80-c2d42dbf9dcf/jmeter/bin
2025-09-29 18:30:17,066 INFO o.a.j.JMeter: IP: 10.1.0.33 Name: runnervm3ublj FullName: runnervm3ublj.nvcrsk4lb03ebagxjwngdrxj4g.ex.internal.cloudapp.net
2025-09-29 18:30:17,078 INFO o.a.j.JMeter: Setting property 'jmeter.reportgenerator.outputdir' to:'/home/runner/work/grepwise/grepwise/target/jmeter/reports/syslog-udp'
2025-09-29 18:30:17,082 INFO o.a.j.s.FileServer: Default base='/home/runner/work/grepwise/grepwise/target/e8b55e13-6ef0-4932-9d80-c2d42dbf9dcf/jmeter/bin'
2025-09-29 18:30:17,084 INFO o.a.j.s.FileServer: Set new base='/home/runner/work/grepwise/grepwise/target/jmeter/testFiles'
2025-09-29 18:30:17,565 INFO o.a.j.s.SaveService: Testplan (JMX) version: 2.2. Testlog (JTL) version: 2.2
2025-09-29 18:30:17,590 INFO o.a.j.s.SaveService: Using SaveService properties version 5.0
2025-09-29 18:30:17,595 INFO o.a.j.s.SaveService: Using SaveService properties file encoding UTF-8
2025-09-29 18:30:17,602 INFO o.a.j.s.SaveService: Loading file: /home/runner/work/grepwise/grepwise/target/jmeter/testFiles/syslog-udp.jmx
2025-09-29 18:30:17,726 INFO o.a.j.JMeter: Creating summariser <summary>
2025-09-29 18:30:17,733 INFO o.a.j.r.d.ReportGenerator: ReportGenerator will use for Parsing the separator: ','
2025-09-29 18:30:17,733 INFO o.a.j.r.d.ReportGenerator: Will generate report at end of test from  results file: /home/runner/work/grepwise/grepwise/target/jmeter/results/20250929-syslog-udp.csv
2025-09-29 18:30:17,734 INFO o.a.j.r.d.ReportGenerator: Reading report generator properties from: /home/runner/work/grepwise/grepwise/target/e8b55e13-6ef0-4932-9d80-c2d42dbf9dcf/jmeter/bin/reportgenerator.properties
2025-09-29 18:30:17,735 INFO o.a.j.r.d.ReportGenerator: Merging with JMeter properties
2025-09-29 18:30:17,738 INFO o.a.j.r.c.ReportGeneratorConfiguration: Property 'jmeter.reportgenerator.temp_dir' not found, using default value 'temp' instead.
2025-09-29 18:30:17,740 INFO o.a.j.r.c.ReportGeneratorConfiguration: Property 'jmeter.reportgenerator.apdex_per_transaction' not found, using default value 'null' instead.
2025-09-29 18:30:17,741 INFO o.a.j.r.c.ReportGeneratorConfiguration: apdex_per_transaction is empty, not APDEX per transaction customization
2025-09-29 18:30:17,741 INFO o.a.j.r.c.ReportGeneratorConfiguration: Property 'jmeter.reportgenerator.sample_filter' not found, using default value 'null' instead.
2025-09-29 18:30:17,741 INFO o.a.j.r.c.ReportGeneratorConfiguration: Property 'jmeter.reportgenerator.report_title' not found, using default value 'null' instead.
2025-09-29 18:30:17,741 INFO o.a.j.r.c.ReportGeneratorConfiguration: Property 'jmeter.reportgenerator.start_date' not found, using default value 'null' instead.
2025-09-29 18:30:17,741 INFO o.a.j.r.c.ReportGeneratorConfiguration: Property 'jmeter.reportgenerator.end_date' not found, using default value 'null' instead.
2025-09-29 18:30:17,741 INFO o.a.j.r.c.ReportGeneratorConfiguration: Property 'jmeter.reportgenerator.date_format' not found, using default value 'null' instead.
2025-09-29 18:30:17,741 INFO o.a.j.r.c.ReportGeneratorConfiguration: Will use date range start date: null, end date: null
2025-09-29 18:30:17,746 INFO o.a.j.r.c.ReportGeneratorConfiguration: Property 'jmeter.reportgenerator.graph.totalTPS.exclude_controllers' not found, using default value 'false' instead.
2025-09-29 18:30:17,746 INFO o.a.j.r.c.ReportGeneratorConfiguration: Property 'jmeter.reportgenerator.graph.activeThreadsOverTime.exclude_controllers' not found, using default value 'false' instead.
2025-09-29 18:30:17,746 INFO o.a.j.r.c.ReportGeneratorConfiguration: Property 'jmeter.reportgenerator.graph.timeVsThreads.exclude_controllers' not found, using default value 'false' instead.
2025-09-29 18:30:17,747 INFO o.a.j.r.c.ReportGeneratorConfiguration: Property 'jmeter.reportgenerator.graph.responseTimeDistribution.exclude_controllers' not found, using default value 'false' instead.
2025-09-29 18:30:17,747 INFO o.a.j.r.c.ReportGeneratorConfiguration: Property 'jmeter.reportgenerator.graph.transactionsPerSecond.exclude_controllers' not found, using default value 'false' instead.
2025-09-29 18:30:17,747 INFO o.a.j.r.c.ReportGeneratorConfiguration: Property 'jmeter.reportgenerator.graph.responseTimePercentiles.exclude_controllers' not found, using default value 'false' instead.
2025-09-29 18:30:17,747 INFO o.a.j.r.c.ReportGeneratorConfiguration: Property 'jmeter.reportgenerator.graph.responseTimePercentilesOverTime.exclude_controllers' not found, using default value 'false' instead.
2025-09-29 18:30:17,747 INFO o.a.j.r.c.ReportGeneratorConfiguration: Property 'jmeter.reportgenerator.graph.responseTimesOverTime.exclude_controllers' not found, using default value 'false' instead.
2025-09-29 18:30:17,747 INFO o.a.j.r.c.ReportGeneratorConfiguration: Property 'jmeter.reportgenerator.graph.connectTimeOverTime.exclude_controllers' not found, using default value 'false' instead.
2025-09-29 18:30:17,748 INFO o.a.j.r.c.ReportGeneratorConfiguration: Property 'jmeter.reportgenerator.graph.latenciesOverTime.exclude_controllers' not found, using default value 'false' instead.
2025-09-29 18:30:17,749 INFO o.a.j.r.c.ReportGeneratorConfiguration: Property 'jmeter.reportgenerator.exporter.json.filters_only_sample_series' not found, using default value 'true' instead.
2025-09-29 18:30:17,749 INFO o.a.j.r.c.ReportGeneratorConfiguration: Property 'jmeter.reportgenerator.exporter.json.series_filter' not found, using default value '' instead.
2025-09-29 18:30:17,749 INFO o.a.j.r.c.ReportGeneratorConfiguration: Property 'jmeter.reportgenerator.exporter.json.show_controllers_only' not found, using default value 'false' instead.
2025-09-29 18:30:17,750 INFO o.a.j.r.c.ReportGeneratorConfiguration: Property 'jmeter.reportgenerator.exporter.html.filters_only_sample_series' not found, using default value 'true' instead.
2025-09-29 18:30:17,750 INFO o.a.j.r.c.ReportGeneratorConfiguration: Property 'jmeter.reportgenerator.exporter.html.series_filter' not found, using default value '' instead.
2025-09-29 18:30:17,750 INFO o.a.j.r.c.ReportGeneratorConfiguration: Property 'jmeter.reportgenerator.exporter.html.show_controllers_only' not found, using default value 'false' instead.
2025-09-29 18:30:17,768 INFO o.a.j.e.StandardJMeterEngine: Running the test!
2025-09-29 18:30:17,768 INFO o.a.j.s.SampleEvent: List of sample_variables: []
2025-09-29 18:30:17,769 INFO o.a.j.s.SampleEvent: List of sample_variables: []
2025-09-29 18:30:17,858 INFO o.a.j.JMeter: Running test (1759170617858)
2025-09-29 18:30:17,902 INFO o.a.j.e.StandardJMeterEngine: Starting ThreadGroup: 1 : UDP Senders
2025-09-29 18:30:17,902 INFO o.a.j.e.StandardJMeterEngine: Starting 10 threads for group UDP Senders.
2025-09-29 18:30:17,902 INFO o.a.j.e.StandardJMeterEngine: Thread will continue on error
2025-09-29 18:30:17,903 INFO o.a.j.t.ThreadGroup: Starting thread group... number=1 threads=10 ramp-up=10 delayedStart=false
2025-09-29 18:30:17,913 INFO o.a.j.t.JMeterThread: Thread started: UDP Senders 1-1
2025-09-29 18:30:17,943 INFO o.a.j.t.ThreadGroup: Started thread group number 1
2025-09-29 18:30:17,943 INFO o.a.j.e.StandardJMeterEngine: Starting ThreadGroup: 2 : Search Verifier
2025-09-29 18:30:17,943 INFO o.a.j.e.StandardJMeterEngine: Starting 1 threads for group Search Verifier.
2025-09-29 18:30:17,943 INFO o.a.j.e.StandardJMeterEngine: Thread will continue on error
2025-09-29 18:30:17,943 INFO o.a.j.t.ThreadGroup: Starting thread group... number=2 threads=1 ramp-up=1 delayedStart=false
2025-09-29 18:30:17,943 INFO o.a.j.t.ThreadGroup: Started thread group number 2
2025-09-29 18:30:17,944 INFO o.a.j.e.StandardJMeterEngine: All thread groups have been started
2025-09-29 18:30:17,946 INFO o.a.j.t.JMeterThread: Thread started: Search Verifier 2-1
2025-09-29 18:30:17,963 INFO o.a.j.p.h.s.HTTPHCAbstractImpl: Local host = runnervm3ublj
2025-09-29 18:30:17,969 INFO o.a.j.p.h.s.HTTPHC4Impl: HTTP request retry count = 0
2025-09-29 18:30:17,970 INFO o.a.j.s.SampleResult: Note: Sample TimeStamps are END times
2025-09-29 18:30:17,970 INFO o.a.j.s.SampleResult: sampleresult.default.encoding is set to UTF-8
2025-09-29 18:30:17,970 INFO o.a.j.s.SampleResult: sampleresult.useNanoTime=true
2025-09-29 18:30:17,970 INFO o.a.j.s.SampleResult: sampleresult.nanoThreadSleep=5000
2025-09-29 18:30:18,012 INFO o.a.j.r.Summariser: summary +      1 in 00:00:00 =    6.8/s Avg:     1 Min:     1 Max:     1 Err:     0 (0.00%) Active: 2 Started: 2 Finished: 0
2025-09-29 18:30:18,911 INFO o.a.j.t.JMeterThread: Thread started: UDP Senders 1-2
2025-09-29 18:30:19,909 INFO o.a.j.t.JMeterThread: Thread started: UDP Senders 1-3
2025-09-29 18:30:20,909 INFO o.a.j.t.JMeterThread: Thread started: UDP Senders 1-4
2025-09-29 18:30:21,908 INFO o.a.j.t.JMeterThread: Thread started: UDP Senders 1-5
2025-09-29 18:30:22,907 INFO o.a.j.t.JMeterThread: Thread started: UDP Senders 1-6
2025-09-29 18:30:23,908 INFO o.a.j.t.JMeterThread: Thread started: UDP Senders 1-7
2025-09-29 18:30:24,000 INFO o.a.j.r.Summariser: summary +   5095 in 00:00:06 =  850.0/s Avg:     1 Min:     0 Max:    57 Err:     0 (0.00%) Active: 8 Started: 8 Finished: 0
2025-09-29 18:30:24,000 INFO o.a.j.r.Summariser: summary =   5096 in 00:00:06 =  829.7/s Avg:     1 Min:     0 Max:    57 Err:     0 (0.00%)
2025-09-29 18:30:24,909 INFO o.a.j.t.JMeterThread: Thread started: UDP Senders 1-8
2025-09-29 18:30:25,906 INFO o.a.j.t.JMeterThread: Thread started: UDP Senders 1-9
2025-09-29 18:30:26,906 INFO o.a.j.t.JMeterThread: Thread started: UDP Senders 1-10
2025-09-29 18:30:30,000 INFO o.a.j.r.Summariser: summary +   7356 in 00:00:06 = 1226.0/s Avg:     0 Min:     0 Max:    16 Err:     0 (0.00%) Active: 11 Started: 11 Finished: 0
2025-09-29 18:30:30,000 INFO o.a.j.r.Summariser: summary =  12452 in 00:00:12 = 1025.5/s Avg:     0 Min:     0 Max:    57 Err:     0 (0.00%)
2025-09-29 18:30:36,000 INFO o.a.j.r.Summariser: summary +   8134 in 00:00:06 = 1355.7/s Avg:     0 Min:     0 Max:    15 Err:     0 (0.00%) Active: 11 Started: 11 Finished: 0
2025-09-29 18:30:36,001 INFO o.a.j.r.Summariser: summary =  20586 in 00:00:18 = 1134.7/s Avg:     0 Min:     0 Max:    57 Err:     0 (0.00%)
2025-09-29 18:30:42,000 INFO o.a.j.r.Summariser: summary +   9047 in 00:00:06 = 1507.8/s Avg:     0 Min:     0 Max:     9 Err:     0 (0.00%) Active: 11 Started: 11 Finished: 0
2025-09-29 18:30:42,001 INFO o.a.j.r.Summariser: summary =  29633 in 00:00:24 = 1227.4/s Avg:     0 Min:     0 Max:    57 Err:     0 (0.00%)
2025-09-29 18:30:48,001 INFO o.a.j.r.Summariser: summary +   8362 in 00:00:06 = 1393.4/s Avg:     0 Min:     0 Max:     8 Err:     0 (0.00%) Active: 11 Started: 11 Finished: 0
2025-09-29 18:30:48,001 INFO o.a.j.r.Summariser: summary =  37995 in 00:00:30 = 1260.5/s Avg:     0 Min:     0 Max:    57 Err:     0 (0.00%)
2025-09-29 18:30:54,001 INFO o.a.j.r.Summariser: summary +   9068 in 00:00:06 = 1511.6/s Avg:     0 Min:     0 Max:     9 Err:     0 (0.00%) Active: 11 Started: 11 Finished: 0
2025-09-29 18:30:54,001 INFO o.a.j.r.Summariser: summary =  47063 in 00:00:36 = 1302.2/s Avg:     0 Min:     0 Max:    57 Err:     0 (0.00%)
2025-09-29 18:31:00,000 INFO o.a.j.r.Summariser: summary +   9175 in 00:00:06 = 1529.2/s Avg:     0 Min:     0 Max:    16 Err:     0 (0.00%) Active: 11 Started: 11 Finished: 0
2025-09-29 18:31:00,000 INFO o.a.j.r.Summariser: summary =  56238 in 00:00:42 = 1334.5/s Avg:     0 Min:     0 Max:    57 Err:     0 (0.00%)
2025-09-29 18:31:06,000 INFO o.a.j.r.Summariser: summary +   8999 in 00:00:06 = 1499.8/s Avg:     0 Min:     0 Max:    16 Err:     0 (0.00%) Active: 11 Started: 11 Finished: 0
2025-09-29 18:31:06,001 INFO o.a.j.r.Summariser: summary =  65237 in 00:00:48 = 1355.1/s Avg:     0 Min:     0 Max:    57 Err:     0 (0.00%)
2025-09-29 18:31:12,000 INFO o.a.j.r.Summariser: summary +   9099 in 00:00:06 = 1516.5/s Avg:     0 Min:     0 Max:    12 Err:     0 (0.00%) Active: 11 Started: 11 Finished: 0
2025-09-29 18:31:12,001 INFO o.a.j.r.Summariser: summary =  74336 in 00:00:54 = 1373.0/s Avg:     0 Min:     0 Max:    57 Err:     0 (0.00%)
2025-09-29 18:31:17,844 INFO o.a.j.t.JMeterThread: Thread finished: UDP Senders 1-2
2025-09-29 18:31:17,856 INFO o.a.j.t.JMeterThread: Thread finished: UDP Senders 1-1
2025-09-29 18:31:17,857 INFO o.a.j.t.JMeterThread: Thread finished: UDP Senders 1-3
2025-09-29 18:31:17,863 INFO o.a.j.t.JMeterThread: Thread finished: UDP Senders 1-8
2025-09-29 18:31:17,880 INFO o.a.j.t.JMeterThread: Thread finished: UDP Senders 1-6
2025-09-29 18:31:17,909 INFO o.a.j.t.JMeterThread: Thread finished: UDP Senders 1-5
2025-09-29 18:31:17,915 INFO o.a.j.t.JMeterThread: Thread finished: UDP Senders 1-4
2025-09-29 18:31:17,917 INFO o.a.j.t.JMeterThread: Thread finished: UDP Senders 1-7
2025-09-29 18:31:17,917 INFO o.a.j.t.JMeterThread: Thread finished: UDP Senders 1-9
2025-09-29 18:31:17,934 INFO o.a.j.t.JMeterThread: Thread finished: UDP Senders 1-10
2025-09-29 18:31:17,943 INFO o.a.j.t.JMeterThread: Stopping because end time detected by thread: Search Verifier 2-1
2025-09-29 18:31:17,944 INFO o.a.j.t.JMeterThread: Thread finished: Search Verifier 2-1
2025-09-29 18:31:17,944 INFO o.a.j.e.StandardJMeterEngine: Notifying test listeners of end of test
2025-09-29 18:31:17,945 INFO o.a.j.r.Summariser: summary +   9002 in 00:00:06 = 1514.2/s Avg:     0 Min:     0 Max:     8 Err:     0 (0.00%) Active: 0 Started: 11 Finished: 11
2025-09-29 18:31:17,945 INFO o.a.j.r.Summariser: summary =  83338 in 00:01:00 = 1387.0/s Avg:     0 Min:     0 Max:    57 Err:     0 (0.00%)
2025-09-29 18:31:17,946 INFO o.a.j.JMeter: Generating Dashboard
2025-09-29 18:31:17,946 INFO o.a.j.r.d.ReportGenerator: Flushing result collector before report Generation
2025-09-29 18:31:17,964 INFO o.a.j.r.p.NormalizerSampleConsumer: Using format, 'ms', to parse timeStamp field
2025-09-29 18:31:20,238 INFO o.a.j.r.p.AbstractSampleConsumer: class org.apache.jmeter.report.processor.AggregateConsumer#stopProducing(): beginDate produced 0 samples
2025-09-29 18:31:20,238 INFO o.a.j.r.p.AbstractSampleConsumer: class org.apache.jmeter.report.processor.AggregateConsumer#stopProducing(): endDate produced 0 samples
2025-09-29 18:31:20,240 INFO o.a.j.r.p.AbstractSampleConsumer: class org.apache.jmeter.report.processor.ApdexSummaryConsumer#stopProducing(): apdexSummary produced 0 samples
2025-09-29 18:31:20,240 INFO o.a.j.r.p.AbstractSampleConsumer: class org.apache.jmeter.report.processor.RequestsSummaryConsumer#stopProducing(): requestsSummary produced 0 samples
2025-09-29 18:31:20,256 INFO o.a.j.r.p.AbstractSampleConsumer: class org.apache.jmeter.report.processor.StatisticsSummaryConsumer#stopProducing(): statisticsSummary produced 0 samples
2025-09-29 18:31:20,258 INFO o.a.j.r.p.AbstractSampleConsumer: class org.apache.jmeter.report.processor.Top5ErrorsBySamplerConsumer#stopProducing(): top5ErrorsBySampler produced 0 samples
2025-09-29 18:31:20,258 INFO o.a.j.r.p.AbstractSampleConsumer: class org.apache.jmeter.report.processor.ErrorsSummaryConsumer#stopProducing(): errorsSummary produced 0 samples
2025-09-29 18:31:20,258 INFO o.a.j.r.p.AbstractSampleConsumer: class org.apache.jmeter.report.processor.graph.impl.HitsPerSecondGraphConsumer#stopProducing(): hitsPerSecond produced 0 samples
2025-09-29 18:31:20,735 INFO o.a.j.r.p.AbstractSampleConsumer: class org.apache.jmeter.report.processor.graph.impl.LatencyVSRequestGraphConsumer#stopProducing(): latencyVsRequest produced 0 samples
2025-09-29 18:31:20,741 INFO o.a.j.r.p.AbstractSampleConsumer: class org.apache.jmeter.report.processor.graph.impl.SyntheticResponseTimeDistributionGraphConsumer#stopProducing(): syntheticResponseTimeDistribution produced 0 samples
2025-09-29 18:31:20,741 INFO o.a.j.r.p.AbstractSampleConsumer: class org.apache.jmeter.report.processor.graph.impl.BytesThroughputGraphConsumer#stopProducing(): bytesThroughputOverTime produced 0 samples
2025-09-29 18:31:20,741 INFO o.a.j.r.p.AbstractSampleConsumer: class org.apache.jmeter.report.processor.graph.impl.CodesPerSecondGraphConsumer#stopProducing(): codesPerSecond produced 0 samples
2025-09-29 18:31:21,124 INFO o.a.j.r.p.AbstractSampleConsumer: class org.apache.jmeter.report.processor.graph.impl.ResponseTimeVSRequestGraphConsumer#stopProducing(): responseTimeVsRequest produced 0 samples
2025-09-29 18:31:21,128 INFO o.a.j.r.p.AbstractSampleConsumer: class org.apache.jmeter.report.processor.FilterConsumer#stopProducing(): startIntervalControlerFilter produced 583366 samples
2025-09-29 18:31:21,128 INFO o.a.j.r.p.AbstractSampleConsumer: class org.apache.jmeter.report.processor.graph.impl.TotalTPSGraphConsumer#stopProducing(): totalTPS produced 0 samples
2025-09-29 18:31:21,128 INFO o.a.j.r.p.AbstractSampleConsumer: class org.apache.jmeter.report.processor.graph.impl.ActiveThreadsGraphConsumer#stopProducing(): activeThreadsOverTime produced 0 samples
2025-09-29 18:31:21,128 INFO o.a.j.r.p.AbstractSampleConsumer: class org.apache.jmeter.report.processor.graph.impl.TimeVSThreadGraphConsumer#stopProducing(): timeVsThreads produced 0 samples
2025-09-29 18:31:21,128 INFO o.a.j.r.p.AbstractSampleConsumer: class org.apache.jmeter.report.processor.graph.impl.ResponseTimeDistributionGraphConsumer#stopProducing(): responseTimeDistribution produced 0 samples
2025-09-29 18:31:21,129 INFO o.a.j.r.p.AbstractSampleConsumer: class org.apache.jmeter.report.processor.graph.impl.TransactionsPerSecondGraphConsumer#stopProducing(): transactionsPerSecond produced 0 samples
2025-09-29 18:31:21,129 INFO o.a.j.r.p.AbstractSampleConsumer: class org.apache.jmeter.report.processor.graph.impl.ResponseTimePercentilesGraphConsumer#stopProducing(): responseTimePercentiles produced 0 samples
2025-09-29 18:31:21,130 INFO o.a.j.r.p.AbstractSampleConsumer: class org.apache.jmeter.report.processor.graph.impl.ResponseTimePercentilesOverTimeGraphConsumer#stopProducing(): responseTimePercentilesOverTime produced 0 samples
2025-09-29 18:31:21,137 INFO o.a.j.r.p.AbstractSampleConsumer: class org.apache.jmeter.report.processor.graph.impl.ResponseTimeOverTimeGraphConsumer#stopProducing(): responseTimesOverTime produced 0 samples
2025-09-29 18:31:21,137 INFO o.a.j.r.p.AbstractSampleConsumer: class org.apache.jmeter.report.processor.graph.impl.ConnectTimeOverTimeGraphConsumer#stopProducing(): connectTimeOverTime produced 0 samples
2025-09-29 18:31:21,137 INFO o.a.j.r.p.AbstractSampleConsumer: class org.apache.jmeter.report.processor.graph.impl.LatencyOverTimeGraphConsumer#stopProducing(): latenciesOverTime produced 0 samples
2025-09-29 18:31:21,137 INFO o.a.j.r.p.AbstractSampleConsumer: class org.apache.jmeter.report.processor.FilterConsumer#stopProducing(): nameFilter produced 1250070 samples
2025-09-29 18:31:21,137 INFO o.a.j.r.p.AbstractSampleConsumer: class org.apache.jmeter.report.processor.FilterConsumer#stopProducing(): dateRangeFilter produced 250014 samples
2025-09-29 18:31:21,137 INFO o.a.j.r.p.AbstractSampleConsumer: class org.apache.jmeter.report.processor.NormalizerSampleConsumer#stopProducing(): normalizer produced 83338 samples
2025-09-29 18:31:21,138 INFO o.a.j.r.p.CsvFileSampleSource: produce(): 83338 samples produced in 3s 146 ms on channel 0
2025-09-29 18:31:21,138 INFO o.a.j.r.d.ReportGenerator: Exporting data using exporter:'json' of className:'org.apache.jmeter.report.dashboard.JsonExporter'
2025-09-29 18:31:21,258 INFO o.a.j.r.d.JsonExporter: Found data for consumer statisticsSummary in context
2025-09-29 18:31:21,258 INFO o.a.j.r.d.JsonExporter: Creating statistics for overall
2025-09-29 18:31:21,259 INFO o.a.j.r.d.JsonExporter: Creating statistics for other transactions
2025-09-29 18:31:21,259 INFO o.a.j.r.d.JsonExporter: Checking output folder
2025-09-29 18:31:21,259 INFO o.a.j.r.d.JsonExporter: Writing statistics JSON to /home/runner/work/grepwise/grepwise/target/jmeter/reports/syslog-udp/statistics.json
2025-09-29 18:31:21,308 INFO o.a.j.r.d.ReportGenerator: Exporting data using exporter:'html' of className:'org.apache.jmeter.report.dashboard.HtmlTemplateExporter'
2025-09-29 18:31:21,311 INFO o.a.j.r.d.HtmlTemplateExporter: Will generate dashboard in folder: /home/runner/work/grepwise/grepwise/target/jmeter/reports/syslog-udp
2025-09-29 18:31:21,477 INFO o.a.j.r.d.HtmlTemplateExporter: Report will be generated in: /home/runner/work/grepwise/grepwise/target/jmeter/reports/syslog-udp, creating folder structure
2025-09-29 18:31:21,479 INFO o.a.j.r.d.TemplateVisitor: Copying folder from '/home/runner/work/grepwise/grepwise/target/e8b55e13-6ef0-4932-9d80-c2d42dbf9dcf/jmeter/bin/report-template' to '/home/runner/work/grepwise/grepwise/target/jmeter/reports/syslog-udp', got message: /home/runner/work/grepwise/grepwise/target/jmeter/reports/syslog-udp, found non empty folder with following content [/home/runner/work/grepwise/grepwise/target/jmeter/reports/syslog-udp/statistics.json], will be ignored
2025-09-29 18:31:21,783 INFO o.a.j.JMeter: Dashboard generated
