2025-10-05 23:34:52,453 INFO o.a.j.u.JMeterUtils: Setting Locale to en
2025-10-05 23:34:52,467 INFO o.a.j.JMeter: Loading additional properties from: /home/runner/work/grepwise/grepwise/src/test/jmeter/jmeter.properties
2025-10-05 23:34:52,467 INFO o.a.j.JMeter: Setting System property: sun.net.http.allowRestrictedHeaders=true
2025-10-05 23:34:52,472 INFO o.a.j.JMeter: Copyright (c) 1998-2023 The Apache Software Foundation
2025-10-05 23:34:52,472 INFO o.a.j.JMeter: Version 5.6.2
2025-10-05 23:34:52,472 INFO o.a.j.JMeter: java.version=25
2025-10-05 23:34:52,472 INFO o.a.j.JMeter: java.vm.name=OpenJDK 64-Bit Server VM
2025-10-05 23:34:52,472 INFO o.a.j.JMeter: os.name=Linux
2025-10-05 23:34:52,472 INFO o.a.j.JMeter: os.arch=amd64
2025-10-05 23:34:52,472 INFO o.a.j.JMeter: os.version=6.11.0-1018-azure
2025-10-05 23:34:52,472 INFO o.a.j.JMeter: file.encoding=UTF-8
2025-10-05 23:34:52,472 INFO o.a.j.JMeter: java.awt.headless=true
2025-10-05 23:34:52,472 INFO o.a.j.JMeter: Max memory     =536870912
2025-10-05 23:34:52,472 INFO o.a.j.JMeter: Available Processors =4
2025-10-05 23:34:52,485 INFO o.a.j.JMeter: Default Locale=English
2025-10-05 23:34:52,485 INFO o.a.j.JMeter: JMeter  Locale=English
2025-10-05 23:34:52,485 INFO o.a.j.JMeter: JMeterHome=/home/runner/work/grepwise/grepwise/target/a8be6604-1298-447d-a8e5-d56794875fa5/jmeter
2025-10-05 23:34:52,486 INFO o.a.j.JMeter: user.dir  =/home/runner/work/grepwise/grepwise/target/a8be6604-1298-447d-a8e5-d56794875fa5/jmeter/bin
2025-10-05 23:34:52,486 INFO o.a.j.JMeter: PWD       =/home/runner/work/grepwise/grepwise/target/a8be6604-1298-447d-a8e5-d56794875fa5/jmeter/bin
2025-10-05 23:34:52,486 INFO o.a.j.JMeter: IP: 10.1.0.18 Name: runnervmwhb2z FullName: runnervmwhb2z.o1jtrzuebnme1b402opn1cyrzd.bx.internal.cloudapp.net
2025-10-05 23:34:52,496 INFO o.a.j.JMeter: Setting property 'jmeter.reportgenerator.outputdir' to:'/home/runner/work/grepwise/grepwise/target/jmeter/reports/combined-parallel-bsh'
2025-10-05 23:34:52,498 INFO o.a.j.s.FileServer: Default base='/home/runner/work/grepwise/grepwise/target/a8be6604-1298-447d-a8e5-d56794875fa5/jmeter/bin'
2025-10-05 23:34:52,499 INFO o.a.j.s.FileServer: Set new base='/home/runner/work/grepwise/grepwise/target/jmeter/testFiles'
2025-10-05 23:34:52,729 INFO o.a.j.s.SaveService: Testplan (JMX) version: 2.2. Testlog (JTL) version: 2.2
2025-10-05 23:34:52,750 INFO o.a.j.s.SaveService: Using SaveService properties version 5.0
2025-10-05 23:34:52,753 INFO o.a.j.s.SaveService: Using SaveService properties file encoding UTF-8
2025-10-05 23:34:52,756 INFO o.a.j.s.SaveService: Loading file: /home/runner/work/grepwise/grepwise/target/jmeter/testFiles/combined-parallel-bsh.jmx
2025-10-05 23:34:52,861 INFO o.a.j.JMeter: Creating summariser <summary>
2025-10-05 23:34:52,868 INFO o.a.j.r.d.ReportGenerator: ReportGenerator will use for Parsing the separator: ','
2025-10-05 23:34:52,868 INFO o.a.j.r.d.ReportGenerator: Will generate report at end of test from  results file: /home/runner/work/grepwise/grepwise/target/jmeter/results/20251005-combined-parallel-bsh.csv
2025-10-05 23:34:52,868 INFO o.a.j.r.d.ReportGenerator: Reading report generator properties from: /home/runner/work/grepwise/grepwise/target/a8be6604-1298-447d-a8e5-d56794875fa5/jmeter/bin/reportgenerator.properties
2025-10-05 23:34:52,869 INFO o.a.j.r.d.ReportGenerator: Merging with JMeter properties
2025-10-05 23:34:52,872 INFO o.a.j.r.c.ReportGeneratorConfiguration: Property 'jmeter.reportgenerator.temp_dir' not found, using default value 'temp' instead.
2025-10-05 23:34:52,875 INFO o.a.j.r.c.ReportGeneratorConfiguration: Property 'jmeter.reportgenerator.apdex_per_transaction' not found, using default value 'null' instead.
2025-10-05 23:34:52,875 INFO o.a.j.r.c.ReportGeneratorConfiguration: apdex_per_transaction is empty, not APDEX per transaction customization
2025-10-05 23:34:52,875 INFO o.a.j.r.c.ReportGeneratorConfiguration: Property 'jmeter.reportgenerator.sample_filter' not found, using default value 'null' instead.
2025-10-05 23:34:52,875 INFO o.a.j.r.c.ReportGeneratorConfiguration: Property 'jmeter.reportgenerator.report_title' not found, using default value 'null' instead.
2025-10-05 23:34:52,875 INFO o.a.j.r.c.ReportGeneratorConfiguration: Property 'jmeter.reportgenerator.start_date' not found, using default value 'null' instead.
2025-10-05 23:34:52,876 INFO o.a.j.r.c.ReportGeneratorConfiguration: Property 'jmeter.reportgenerator.end_date' not found, using default value 'null' instead.
2025-10-05 23:34:52,876 INFO o.a.j.r.c.ReportGeneratorConfiguration: Property 'jmeter.reportgenerator.date_format' not found, using default value 'null' instead.
2025-10-05 23:34:52,876 INFO o.a.j.r.c.ReportGeneratorConfiguration: Will use date range start date: null, end date: null
2025-10-05 23:34:52,880 INFO o.a.j.r.c.ReportGeneratorConfiguration: Property 'jmeter.reportgenerator.graph.totalTPS.exclude_controllers' not found, using default value 'false' instead.
2025-10-05 23:34:52,880 INFO o.a.j.r.c.ReportGeneratorConfiguration: Property 'jmeter.reportgenerator.graph.activeThreadsOverTime.exclude_controllers' not found, using default value 'false' instead.
2025-10-05 23:34:52,880 INFO o.a.j.r.c.ReportGeneratorConfiguration: Property 'jmeter.reportgenerator.graph.timeVsThreads.exclude_controllers' not found, using default value 'false' instead.
2025-10-05 23:34:52,880 INFO o.a.j.r.c.ReportGeneratorConfiguration: Property 'jmeter.reportgenerator.graph.responseTimeDistribution.exclude_controllers' not found, using default value 'false' instead.
2025-10-05 23:34:52,880 INFO o.a.j.r.c.ReportGeneratorConfiguration: Property 'jmeter.reportgenerator.graph.transactionsPerSecond.exclude_controllers' not found, using default value 'false' instead.
2025-10-05 23:34:52,881 INFO o.a.j.r.c.ReportGeneratorConfiguration: Property 'jmeter.reportgenerator.graph.responseTimePercentiles.exclude_controllers' not found, using default value 'false' instead.
2025-10-05 23:34:52,881 INFO o.a.j.r.c.ReportGeneratorConfiguration: Property 'jmeter.reportgenerator.graph.responseTimePercentilesOverTime.exclude_controllers' not found, using default value 'false' instead.
2025-10-05 23:34:52,881 INFO o.a.j.r.c.ReportGeneratorConfiguration: Property 'jmeter.reportgenerator.graph.responseTimesOverTime.exclude_controllers' not found, using default value 'false' instead.
2025-10-05 23:34:52,881 INFO o.a.j.r.c.ReportGeneratorConfiguration: Property 'jmeter.reportgenerator.graph.connectTimeOverTime.exclude_controllers' not found, using default value 'false' instead.
2025-10-05 23:34:52,881 INFO o.a.j.r.c.ReportGeneratorConfiguration: Property 'jmeter.reportgenerator.graph.latenciesOverTime.exclude_controllers' not found, using default value 'false' instead.
2025-10-05 23:34:52,882 INFO o.a.j.r.c.ReportGeneratorConfiguration: Property 'jmeter.reportgenerator.exporter.json.filters_only_sample_series' not found, using default value 'true' instead.
2025-10-05 23:34:52,882 INFO o.a.j.r.c.ReportGeneratorConfiguration: Property 'jmeter.reportgenerator.exporter.json.series_filter' not found, using default value '' instead.
2025-10-05 23:34:52,882 INFO o.a.j.r.c.ReportGeneratorConfiguration: Property 'jmeter.reportgenerator.exporter.json.show_controllers_only' not found, using default value 'false' instead.
2025-10-05 23:34:52,883 INFO o.a.j.r.c.ReportGeneratorConfiguration: Property 'jmeter.reportgenerator.exporter.html.filters_only_sample_series' not found, using default value 'true' instead.
2025-10-05 23:34:52,883 INFO o.a.j.r.c.ReportGeneratorConfiguration: Property 'jmeter.reportgenerator.exporter.html.series_filter' not found, using default value '' instead.
2025-10-05 23:34:52,883 INFO o.a.j.r.c.ReportGeneratorConfiguration: Property 'jmeter.reportgenerator.exporter.html.show_controllers_only' not found, using default value 'false' instead.
2025-10-05 23:34:52,894 INFO o.a.j.e.StandardJMeterEngine: Running the test!
2025-10-05 23:34:52,895 INFO o.a.j.s.SampleEvent: List of sample_variables: []
2025-10-05 23:34:52,895 INFO o.a.j.s.SampleEvent: List of sample_variables: []
2025-10-05 23:34:52,964 INFO o.a.j.JMeter: Running test (1759707292964)
2025-10-05 23:34:52,988 INFO o.a.j.e.StandardJMeterEngine: Starting ThreadGroup: 1 : UDP Ingestion
2025-10-05 23:34:52,989 INFO o.a.j.e.StandardJMeterEngine: Starting 10 threads for group UDP Ingestion.
2025-10-05 23:34:52,989 INFO o.a.j.e.StandardJMeterEngine: Thread will continue on error
2025-10-05 23:34:52,989 INFO o.a.j.t.ThreadGroup: Starting thread group... number=1 threads=10 ramp-up=10 delayedStart=false
2025-10-05 23:34:52,998 INFO o.a.j.t.JMeterThread: Thread started: UDP Ingestion 1-1
2025-10-05 23:34:53,019 INFO o.a.j.t.ThreadGroup: Started thread group number 1
2025-10-05 23:34:53,020 INFO o.a.j.e.StandardJMeterEngine: Starting ThreadGroup: 2 : HTTP Searchers
2025-10-05 23:34:53,020 INFO o.a.j.e.StandardJMeterEngine: Starting 10 threads for group HTTP Searchers.
2025-10-05 23:34:53,020 INFO o.a.j.e.StandardJMeterEngine: Thread will continue on error
2025-10-05 23:34:53,020 INFO o.a.j.t.ThreadGroup: Starting thread group... number=2 threads=10 ramp-up=10 delayedStart=false
2025-10-05 23:34:53,021 INFO o.a.j.t.JMeterThread: Thread started: HTTP Searchers 2-1
2025-10-05 23:34:53,026 INFO o.a.j.t.ThreadGroup: Started thread group number 2
2025-10-05 23:34:53,026 INFO o.a.j.e.StandardJMeterEngine: All thread groups have been started
2025-10-05 23:34:53,036 INFO o.a.j.p.h.s.HTTPHCAbstractImpl: Local host = runnervmwhb2z
2025-10-05 23:34:53,041 INFO o.a.j.p.h.s.HTTPHC4Impl: HTTP request retry count = 0
2025-10-05 23:34:53,042 INFO o.a.j.s.SampleResult: Note: Sample TimeStamps are END times
2025-10-05 23:34:53,042 INFO o.a.j.s.SampleResult: sampleresult.default.encoding is set to UTF-8
2025-10-05 23:34:53,042 INFO o.a.j.s.SampleResult: sampleresult.useNanoTime=true
2025-10-05 23:34:53,042 INFO o.a.j.s.SampleResult: sampleresult.nanoThreadSleep=5000
2025-10-05 23:34:53,050 INFO o.a.j.r.Summariser: summary +      1 in 00:00:00 =   11.8/s Avg:     2 Min:     2 Max:     2 Err:     0 (0.00%) Active: 2 Started: 2 Finished: 0
2025-10-05 23:34:53,995 INFO o.a.j.t.JMeterThread: Thread started: UDP Ingestion 1-2
2025-10-05 23:34:54,021 INFO o.a.j.t.JMeterThread: Thread started: HTTP Searchers 2-2
2025-10-05 23:34:54,993 INFO o.a.j.t.JMeterThread: Thread started: UDP Ingestion 1-3
2025-10-05 23:34:55,021 INFO o.a.j.t.JMeterThread: Thread started: HTTP Searchers 2-3
2025-10-05 23:34:55,992 INFO o.a.j.t.JMeterThread: Thread started: UDP Ingestion 1-4
2025-10-05 23:34:56,020 INFO o.a.j.t.JMeterThread: Thread started: HTTP Searchers 2-4
2025-10-05 23:34:56,991 INFO o.a.j.t.JMeterThread: Thread started: UDP Ingestion 1-5
2025-10-05 23:34:57,022 INFO o.a.j.t.JMeterThread: Thread started: HTTP Searchers 2-5
2025-10-05 23:34:57,992 INFO o.a.j.t.JMeterThread: Thread started: UDP Ingestion 1-6
2025-10-05 23:34:58,020 INFO o.a.j.t.JMeterThread: Thread started: HTTP Searchers 2-6
2025-10-05 23:34:58,993 INFO o.a.j.t.JMeterThread: Thread started: UDP Ingestion 1-7
2025-10-05 23:34:59,000 INFO o.a.j.r.Summariser: summary +  21692 in 00:00:06 = 3645.1/s Avg:     0 Min:     0 Max:    28 Err:     0 (0.00%) Active: 13 Started: 13 Finished: 0
2025-10-05 23:34:59,001 INFO o.a.j.r.Summariser: summary =  21693 in 00:00:06 = 3593.9/s Avg:     0 Min:     0 Max:    28 Err:     0 (0.00%)
2025-10-05 23:34:59,021 INFO o.a.j.t.JMeterThread: Thread started: HTTP Searchers 2-7
2025-10-05 23:34:59,991 INFO o.a.j.t.JMeterThread: Thread started: UDP Ingestion 1-8
2025-10-05 23:35:00,021 INFO o.a.j.t.JMeterThread: Thread started: HTTP Searchers 2-8
2025-10-05 23:35:00,992 INFO o.a.j.t.JMeterThread: Thread started: UDP Ingestion 1-9
2025-10-05 23:35:01,021 INFO o.a.j.t.JMeterThread: Thread started: HTTP Searchers 2-9
2025-10-05 23:35:01,992 INFO o.a.j.t.JMeterThread: Thread started: UDP Ingestion 1-10
2025-10-05 23:35:02,021 INFO o.a.j.t.JMeterThread: Thread started: HTTP Searchers 2-10
2025-10-05 23:35:05,000 INFO o.a.j.r.Summariser: summary +  43163 in 00:00:06 = 7193.8/s Avg:     1 Min:     0 Max:    13 Err:     0 (0.00%) Active: 20 Started: 20 Finished: 0
2025-10-05 23:35:05,000 INFO o.a.j.r.Summariser: summary =  64856 in 00:00:12 = 5388.5/s Avg:     1 Min:     0 Max:    28 Err:     0 (0.00%)
2025-10-05 23:35:11,001 INFO o.a.j.r.Summariser: summary +  50091 in 00:00:06 = 8348.5/s Avg:     1 Min:     0 Max:    10 Err:     0 (0.00%) Active: 20 Started: 20 Finished: 0
2025-10-05 23:35:11,001 INFO o.a.j.r.Summariser: summary = 114947 in 00:00:18 = 6373.2/s Avg:     1 Min:     0 Max:    28 Err:     0 (0.00%)
2025-10-05 23:35:17,000 INFO o.a.j.r.Summariser: summary +  50918 in 00:00:06 = 8486.3/s Avg:     1 Min:     0 Max:    14 Err:     0 (0.00%) Active: 20 Started: 20 Finished: 0
2025-10-05 23:35:17,001 INFO o.a.j.r.Summariser: summary = 165865 in 00:00:24 = 6900.7/s Avg:     1 Min:     0 Max:    28 Err:     0 (0.00%)
2025-10-05 23:35:23,000 INFO o.a.j.r.Summariser: summary +  51261 in 00:00:06 = 8543.5/s Avg:     1 Min:     0 Max:    11 Err:     0 (0.00%) Active: 20 Started: 20 Finished: 0
2025-10-05 23:35:23,000 INFO o.a.j.r.Summariser: summary = 217126 in 00:00:30 = 7228.9/s Avg:     1 Min:     0 Max:    28 Err:     0 (0.00%)
2025-10-05 23:35:29,001 INFO o.a.j.r.Summariser: summary +  51629 in 00:00:06 = 8604.8/s Avg:     1 Min:     0 Max:    11 Err:     0 (0.00%) Active: 20 Started: 20 Finished: 0
2025-10-05 23:35:29,001 INFO o.a.j.r.Summariser: summary = 268755 in 00:00:36 = 7458.0/s Avg:     1 Min:     0 Max:    28 Err:     0 (0.00%)
2025-10-05 23:35:35,000 INFO o.a.j.r.Summariser: summary +  51732 in 00:00:06 = 8622.0/s Avg:     1 Min:     0 Max:     9 Err:     0 (0.00%) Active: 20 Started: 20 Finished: 0
2025-10-05 23:35:35,000 INFO o.a.j.r.Summariser: summary = 320487 in 00:00:42 = 7624.1/s Avg:     1 Min:     0 Max:    28 Err:     0 (0.00%)
2025-10-05 23:35:41,000 INFO o.a.j.r.Summariser: summary +  51136 in 00:00:06 = 8522.7/s Avg:     1 Min:     0 Max:     9 Err:     0 (0.00%) Active: 20 Started: 20 Finished: 0
2025-10-05 23:35:41,000 INFO o.a.j.r.Summariser: summary = 371623 in 00:00:48 = 7736.3/s Avg:     1 Min:     0 Max:    28 Err:     0 (0.00%)
2025-10-05 23:35:47,000 INFO o.a.j.r.Summariser: summary +  51921 in 00:00:06 = 8653.5/s Avg:     1 Min:     0 Max:    10 Err:     0 (0.00%) Active: 20 Started: 20 Finished: 0
2025-10-05 23:35:47,000 INFO o.a.j.r.Summariser: summary = 423544 in 00:00:54 = 7838.2/s Avg:     1 Min:     0 Max:    28 Err:     0 (0.00%)
2025-10-05 23:35:52,955 INFO o.a.j.t.JMeterThread: Thread finished: UDP Ingestion 1-2
2025-10-05 23:35:52,974 INFO o.a.j.t.JMeterThread: Thread finished: UDP Ingestion 1-1
2025-10-05 23:35:52,974 INFO o.a.j.t.JMeterThread: Thread finished: UDP Ingestion 1-3
2025-10-05 23:35:52,997 INFO o.a.j.t.JMeterThread: Thread finished: UDP Ingestion 1-9
2025-10-05 23:35:52,999 INFO o.a.j.t.JMeterThread: Thread finished: UDP Ingestion 1-4
2025-10-05 23:35:52,999 INFO o.a.j.t.JMeterThread: Thread finished: UDP Ingestion 1-5
2025-10-05 23:35:53,001 INFO o.a.j.r.Summariser: summary +  51749 in 00:00:06 = 8624.8/s Avg:     1 Min:     0 Max:     9 Err:     0 (0.00%) Active: 14 Started: 20 Finished: 6
2025-10-05 23:35:53,001 INFO o.a.j.r.Summariser: summary = 475293 in 00:01:00 = 7916.8/s Avg:     1 Min:     0 Max:    28 Err:     0 (0.00%)
2025-10-05 23:35:53,004 INFO o.a.j.t.JMeterThread: Thread finished: UDP Ingestion 1-7
2025-10-05 23:35:53,007 INFO o.a.j.t.JMeterThread: Thread finished: UDP Ingestion 1-10
2025-10-05 23:35:53,009 INFO o.a.j.t.JMeterThread: Thread finished: UDP Ingestion 1-6
2025-10-05 23:35:53,011 INFO o.a.j.t.JMeterThread: Thread finished: UDP Ingestion 1-8
2025-10-05 23:35:53,020 INFO o.a.j.t.JMeterThread: Stopping because end time detected by thread: HTTP Searchers 2-1
2025-10-05 23:35:53,020 INFO o.a.j.t.JMeterThread: Thread finished: HTTP Searchers 2-1
2025-10-05 23:35:53,021 INFO o.a.j.t.JMeterThread: Stopping because end time detected by thread: HTTP Searchers 2-2
2025-10-05 23:35:53,021 INFO o.a.j.t.JMeterThread: Stopping because end time detected by thread: HTTP Searchers 2-3
2025-10-05 23:35:53,022 INFO o.a.j.t.JMeterThread: Thread finished: HTTP Searchers 2-3
2025-10-05 23:35:53,022 INFO o.a.j.t.JMeterThread: Thread finished: HTTP Searchers 2-2
2025-10-05 23:35:53,022 INFO o.a.j.t.JMeterThread: Stopping because end time detected by thread: HTTP Searchers 2-5
2025-10-05 23:35:53,022 INFO o.a.j.t.JMeterThread: Thread finished: HTTP Searchers 2-5
2025-10-05 23:35:53,022 INFO o.a.j.t.JMeterThread: Stopping because end time detected by thread: HTTP Searchers 2-4
2025-10-05 23:35:53,023 INFO o.a.j.t.JMeterThread: Thread finished: HTTP Searchers 2-4
2025-10-05 23:35:53,023 INFO o.a.j.t.JMeterThread: Stopping because end time detected by thread: HTTP Searchers 2-6
2025-10-05 23:35:53,023 INFO o.a.j.t.JMeterThread: Thread finished: HTTP Searchers 2-6
2025-10-05 23:35:53,024 INFO o.a.j.t.JMeterThread: Stopping because end time detected by thread: HTTP Searchers 2-8
2025-10-05 23:35:53,024 INFO o.a.j.t.JMeterThread: Stopping because end time detected by thread: HTTP Searchers 2-9
2025-10-05 23:35:53,024 INFO o.a.j.t.JMeterThread: Thread finished: HTTP Searchers 2-9
2025-10-05 23:35:53,024 INFO o.a.j.t.JMeterThread: Thread finished: HTTP Searchers 2-8
2025-10-05 23:35:53,024 INFO o.a.j.t.JMeterThread: Stopping because end time detected by thread: HTTP Searchers 2-7
2025-10-05 23:35:53,024 INFO o.a.j.t.JMeterThread: Thread finished: HTTP Searchers 2-7
2025-10-05 23:35:53,025 INFO o.a.j.t.JMeterThread: Stopping because end time detected by thread: HTTP Searchers 2-10
2025-10-05 23:35:53,025 INFO o.a.j.t.JMeterThread: Thread finished: HTTP Searchers 2-10
2025-10-05 23:35:53,025 INFO o.a.j.e.StandardJMeterEngine: Notifying test listeners of end of test
2025-10-05 23:35:53,025 INFO o.a.j.r.Summariser: summary +    174 in 00:00:00 = 6960.0/s Avg:     1 Min:     0 Max:     6 Err:     0 (0.00%) Active: 0 Started: 20 Finished: 20
2025-10-05 23:35:53,025 INFO o.a.j.r.Summariser: summary = 475467 in 00:01:00 = 7916.4/s Avg:     1 Min:     0 Max:    28 Err:     0 (0.00%)
2025-10-05 23:35:53,026 INFO o.a.j.JMeter: Generating Dashboard
2025-10-05 23:35:53,026 INFO o.a.j.r.d.ReportGenerator: Flushing result collector before report Generation
2025-10-05 23:35:53,039 INFO o.a.j.r.p.NormalizerSampleConsumer: Using format, 'ms', to parse timeStamp field
2025-10-05 23:35:58,276 INFO o.a.j.r.p.AbstractSampleConsumer: class org.apache.jmeter.report.processor.AggregateConsumer#stopProducing(): beginDate produced 0 samples
2025-10-05 23:35:58,276 INFO o.a.j.r.p.AbstractSampleConsumer: class org.apache.jmeter.report.processor.AggregateConsumer#stopProducing(): endDate produced 0 samples
2025-10-05 23:35:58,277 INFO o.a.j.r.p.AbstractSampleConsumer: class org.apache.jmeter.report.processor.ApdexSummaryConsumer#stopProducing(): apdexSummary produced 0 samples
2025-10-05 23:35:58,277 INFO o.a.j.r.p.AbstractSampleConsumer: class org.apache.jmeter.report.processor.RequestsSummaryConsumer#stopProducing(): requestsSummary produced 0 samples
2025-10-05 23:35:58,292 INFO o.a.j.r.p.AbstractSampleConsumer: class org.apache.jmeter.report.processor.StatisticsSummaryConsumer#stopProducing(): statisticsSummary produced 0 samples
2025-10-05 23:35:58,294 INFO o.a.j.r.p.AbstractSampleConsumer: class org.apache.jmeter.report.processor.Top5ErrorsBySamplerConsumer#stopProducing(): top5ErrorsBySampler produced 0 samples
2025-10-05 23:35:58,294 INFO o.a.j.r.p.AbstractSampleConsumer: class org.apache.jmeter.report.processor.ErrorsSummaryConsumer#stopProducing(): errorsSummary produced 0 samples
2025-10-05 23:35:58,294 INFO o.a.j.r.p.AbstractSampleConsumer: class org.apache.jmeter.report.processor.graph.impl.HitsPerSecondGraphConsumer#stopProducing(): hitsPerSecond produced 0 samples
2025-10-05 23:35:59,767 INFO o.a.j.r.p.AbstractSampleConsumer: class org.apache.jmeter.report.processor.graph.impl.LatencyVSRequestGraphConsumer#stopProducing(): latencyVsRequest produced 0 samples
2025-10-05 23:35:59,779 INFO o.a.j.r.p.AbstractSampleConsumer: class org.apache.jmeter.report.processor.graph.impl.SyntheticResponseTimeDistributionGraphConsumer#stopProducing(): syntheticResponseTimeDistribution produced 0 samples
2025-10-05 23:35:59,779 INFO o.a.j.r.p.AbstractSampleConsumer: class org.apache.jmeter.report.processor.graph.impl.BytesThroughputGraphConsumer#stopProducing(): bytesThroughputOverTime produced 0 samples
2025-10-05 23:35:59,779 INFO o.a.j.r.p.AbstractSampleConsumer: class org.apache.jmeter.report.processor.graph.impl.CodesPerSecondGraphConsumer#stopProducing(): codesPerSecond produced 0 samples
2025-10-05 23:36:01,181 INFO o.a.j.r.p.AbstractSampleConsumer: class org.apache.jmeter.report.processor.graph.impl.ResponseTimeVSRequestGraphConsumer#stopProducing(): responseTimeVsRequest produced 0 samples
2025-10-05 23:36:01,185 INFO o.a.j.r.p.AbstractSampleConsumer: class org.apache.jmeter.report.processor.FilterConsumer#stopProducing(): startIntervalControlerFilter produced 3328269 samples
2025-10-05 23:36:01,185 INFO o.a.j.r.p.AbstractSampleConsumer: class org.apache.jmeter.report.processor.graph.impl.TotalTPSGraphConsumer#stopProducing(): totalTPS produced 0 samples
2025-10-05 23:36:01,186 INFO o.a.j.r.p.AbstractSampleConsumer: class org.apache.jmeter.report.processor.graph.impl.ActiveThreadsGraphConsumer#stopProducing(): activeThreadsOverTime produced 0 samples
2025-10-05 23:36:01,186 INFO o.a.j.r.p.AbstractSampleConsumer: class org.apache.jmeter.report.processor.graph.impl.TimeVSThreadGraphConsumer#stopProducing(): timeVsThreads produced 0 samples
2025-10-05 23:36:01,186 INFO o.a.j.r.p.AbstractSampleConsumer: class org.apache.jmeter.report.processor.graph.impl.ResponseTimeDistributionGraphConsumer#stopProducing(): responseTimeDistribution produced 0 samples
2025-10-05 23:36:01,186 INFO o.a.j.r.p.AbstractSampleConsumer: class org.apache.jmeter.report.processor.graph.impl.TransactionsPerSecondGraphConsumer#stopProducing(): transactionsPerSecond produced 0 samples
2025-10-05 23:36:01,186 INFO o.a.j.r.p.AbstractSampleConsumer: class org.apache.jmeter.report.processor.graph.impl.ResponseTimePercentilesGraphConsumer#stopProducing(): responseTimePercentiles produced 0 samples
2025-10-05 23:36:01,187 INFO o.a.j.r.p.AbstractSampleConsumer: class org.apache.jmeter.report.processor.graph.impl.ResponseTimePercentilesOverTimeGraphConsumer#stopProducing(): responseTimePercentilesOverTime produced 0 samples
2025-10-05 23:36:01,188 INFO o.a.j.r.p.AbstractSampleConsumer: class org.apache.jmeter.report.processor.graph.impl.ResponseTimeOverTimeGraphConsumer#stopProducing(): responseTimesOverTime produced 0 samples
2025-10-05 23:36:01,188 INFO o.a.j.r.p.AbstractSampleConsumer: class org.apache.jmeter.report.processor.graph.impl.ConnectTimeOverTimeGraphConsumer#stopProducing(): connectTimeOverTime produced 0 samples
2025-10-05 23:36:01,188 INFO o.a.j.r.p.AbstractSampleConsumer: class org.apache.jmeter.report.processor.graph.impl.LatencyOverTimeGraphConsumer#stopProducing(): latenciesOverTime produced 0 samples
2025-10-05 23:36:01,188 INFO o.a.j.r.p.AbstractSampleConsumer: class org.apache.jmeter.report.processor.FilterConsumer#stopProducing(): nameFilter produced 7132005 samples
2025-10-05 23:36:01,189 INFO o.a.j.r.p.AbstractSampleConsumer: class org.apache.jmeter.report.processor.FilterConsumer#stopProducing(): dateRangeFilter produced 1426401 samples
2025-10-05 23:36:01,189 INFO o.a.j.r.p.AbstractSampleConsumer: class org.apache.jmeter.report.processor.NormalizerSampleConsumer#stopProducing(): normalizer produced 475467 samples
2025-10-05 23:36:01,189 INFO o.a.j.r.p.CsvFileSampleSource: produce(): 475467 samples produced in 8s 123 ms on channel 0
2025-10-05 23:36:01,189 INFO o.a.j.r.d.ReportGenerator: Exporting data using exporter:'json' of className:'org.apache.jmeter.report.dashboard.JsonExporter'
2025-10-05 23:36:01,271 INFO o.a.j.r.d.JsonExporter: Found data for consumer statisticsSummary in context
2025-10-05 23:36:01,271 INFO o.a.j.r.d.JsonExporter: Creating statistics for overall
2025-10-05 23:36:01,272 INFO o.a.j.r.d.JsonExporter: Creating statistics for other transactions
2025-10-05 23:36:01,272 INFO o.a.j.r.d.JsonExporter: Checking output folder
2025-10-05 23:36:01,272 INFO o.a.j.r.d.JsonExporter: Writing statistics JSON to /home/runner/work/grepwise/grepwise/target/jmeter/reports/combined-parallel-bsh/statistics.json
2025-10-05 23:36:01,308 INFO o.a.j.r.d.ReportGenerator: Exporting data using exporter:'html' of className:'org.apache.jmeter.report.dashboard.HtmlTemplateExporter'
2025-10-05 23:36:01,310 INFO o.a.j.r.d.HtmlTemplateExporter: Will generate dashboard in folder: /home/runner/work/grepwise/grepwise/target/jmeter/reports/combined-parallel-bsh
2025-10-05 23:36:01,380 INFO o.a.j.r.d.HtmlTemplateExporter: Report will be generated in: /home/runner/work/grepwise/grepwise/target/jmeter/reports/combined-parallel-bsh, creating folder structure
2025-10-05 23:36:01,382 INFO o.a.j.r.d.TemplateVisitor: Copying folder from '/home/runner/work/grepwise/grepwise/target/a8be6604-1298-447d-a8e5-d56794875fa5/jmeter/bin/report-template' to '/home/runner/work/grepwise/grepwise/target/jmeter/reports/combined-parallel-bsh', got message: /home/runner/work/grepwise/grepwise/target/jmeter/reports/combined-parallel-bsh, found non empty folder with following content [/home/runner/work/grepwise/grepwise/target/jmeter/reports/combined-parallel-bsh/statistics.json], will be ignored
2025-10-05 23:36:01,545 INFO o.a.j.JMeter: Dashboard generated
