2025-10-05 23:32:43,700 INFO o.a.j.u.JMeterUtils: Setting Locale to en
2025-10-05 23:32:43,719 INFO o.a.j.JMeter: Loading additional properties from: /home/runner/work/grepwise/grepwise/src/test/jmeter/jmeter.properties
2025-10-05 23:32:43,720 INFO o.a.j.JMeter: Setting System property: sun.net.http.allowRestrictedHeaders=true
2025-10-05 23:32:43,725 INFO o.a.j.JMeter: Copyright (c) 1998-2023 The Apache Software Foundation
2025-10-05 23:32:43,725 INFO o.a.j.JMeter: Version 5.6.2
2025-10-05 23:32:43,725 INFO o.a.j.JMeter: java.version=25
2025-10-05 23:32:43,725 INFO o.a.j.JMeter: java.vm.name=OpenJDK 64-Bit Server VM
2025-10-05 23:32:43,725 INFO o.a.j.JMeter: os.name=Linux
2025-10-05 23:32:43,725 INFO o.a.j.JMeter: os.arch=amd64
2025-10-05 23:32:43,725 INFO o.a.j.JMeter: os.version=6.11.0-1018-azure
2025-10-05 23:32:43,725 INFO o.a.j.JMeter: file.encoding=UTF-8
2025-10-05 23:32:43,725 INFO o.a.j.JMeter: java.awt.headless=true
2025-10-05 23:32:43,725 INFO o.a.j.JMeter: Max memory     =536870912
2025-10-05 23:32:43,725 INFO o.a.j.JMeter: Available Processors =4
2025-10-05 23:32:43,735 INFO o.a.j.JMeter: Default Locale=English
2025-10-05 23:32:43,736 INFO o.a.j.JMeter: JMeter  Locale=English
2025-10-05 23:32:43,736 INFO o.a.j.JMeter: JMeterHome=/home/runner/work/grepwise/grepwise/target/a8be6604-1298-447d-a8e5-d56794875fa5/jmeter
2025-10-05 23:32:43,736 INFO o.a.j.JMeter: user.dir  =/home/runner/work/grepwise/grepwise/target/a8be6604-1298-447d-a8e5-d56794875fa5/jmeter/bin
2025-10-05 23:32:43,736 INFO o.a.j.JMeter: PWD       =/home/runner/work/grepwise/grepwise/target/a8be6604-1298-447d-a8e5-d56794875fa5/jmeter/bin
2025-10-05 23:32:43,736 INFO o.a.j.JMeter: IP: 10.1.0.18 Name: runnervmwhb2z FullName: runnervmwhb2z.o1jtrzuebnme1b402opn1cyrzd.bx.internal.cloudapp.net
2025-10-05 23:32:43,744 INFO o.a.j.JMeter: Setting property 'jmeter.reportgenerator.outputdir' to:'/home/runner/work/grepwise/grepwise/target/jmeter/reports/syslog-udp'
2025-10-05 23:32:43,747 INFO o.a.j.s.FileServer: Default base='/home/runner/work/grepwise/grepwise/target/a8be6604-1298-447d-a8e5-d56794875fa5/jmeter/bin'
2025-10-05 23:32:43,747 INFO o.a.j.s.FileServer: Set new base='/home/runner/work/grepwise/grepwise/target/jmeter/testFiles'
2025-10-05 23:32:43,975 INFO o.a.j.s.SaveService: Testplan (JMX) version: 2.2. Testlog (JTL) version: 2.2
2025-10-05 23:32:43,995 INFO o.a.j.s.SaveService: Using SaveService properties version 5.0
2025-10-05 23:32:43,999 INFO o.a.j.s.SaveService: Using SaveService properties file encoding UTF-8
2025-10-05 23:32:44,003 INFO o.a.j.s.SaveService: Loading file: /home/runner/work/grepwise/grepwise/target/jmeter/testFiles/syslog-udp.jmx
2025-10-05 23:32:44,086 INFO o.a.j.JMeter: Creating summariser <summary>
2025-10-05 23:32:44,091 INFO o.a.j.r.d.ReportGenerator: ReportGenerator will use for Parsing the separator: ','
2025-10-05 23:32:44,091 INFO o.a.j.r.d.ReportGenerator: Will generate report at end of test from  results file: /home/runner/work/grepwise/grepwise/target/jmeter/results/20251005-syslog-udp.csv
2025-10-05 23:32:44,091 INFO o.a.j.r.d.ReportGenerator: Reading report generator properties from: /home/runner/work/grepwise/grepwise/target/a8be6604-1298-447d-a8e5-d56794875fa5/jmeter/bin/reportgenerator.properties
2025-10-05 23:32:44,092 INFO o.a.j.r.d.ReportGenerator: Merging with JMeter properties
2025-10-05 23:32:44,095 INFO o.a.j.r.c.ReportGeneratorConfiguration: Property 'jmeter.reportgenerator.temp_dir' not found, using default value 'temp' instead.
2025-10-05 23:32:44,097 INFO o.a.j.r.c.ReportGeneratorConfiguration: Property 'jmeter.reportgenerator.apdex_per_transaction' not found, using default value 'null' instead.
2025-10-05 23:32:44,097 INFO o.a.j.r.c.ReportGeneratorConfiguration: apdex_per_transaction is empty, not APDEX per transaction customization
2025-10-05 23:32:44,097 INFO o.a.j.r.c.ReportGeneratorConfiguration: Property 'jmeter.reportgenerator.sample_filter' not found, using default value 'null' instead.
2025-10-05 23:32:44,097 INFO o.a.j.r.c.ReportGeneratorConfiguration: Property 'jmeter.reportgenerator.report_title' not found, using default value 'null' instead.
2025-10-05 23:32:44,097 INFO o.a.j.r.c.ReportGeneratorConfiguration: Property 'jmeter.reportgenerator.start_date' not found, using default value 'null' instead.
2025-10-05 23:32:44,097 INFO o.a.j.r.c.ReportGeneratorConfiguration: Property 'jmeter.reportgenerator.end_date' not found, using default value 'null' instead.
2025-10-05 23:32:44,098 INFO o.a.j.r.c.ReportGeneratorConfiguration: Property 'jmeter.reportgenerator.date_format' not found, using default value 'null' instead.
2025-10-05 23:32:44,098 INFO o.a.j.r.c.ReportGeneratorConfiguration: Will use date range start date: null, end date: null
2025-10-05 23:32:44,100 INFO o.a.j.r.c.ReportGeneratorConfiguration: Property 'jmeter.reportgenerator.graph.totalTPS.exclude_controllers' not found, using default value 'false' instead.
2025-10-05 23:32:44,101 INFO o.a.j.r.c.ReportGeneratorConfiguration: Property 'jmeter.reportgenerator.graph.activeThreadsOverTime.exclude_controllers' not found, using default value 'false' instead.
2025-10-05 23:32:44,101 INFO o.a.j.r.c.ReportGeneratorConfiguration: Property 'jmeter.reportgenerator.graph.timeVsThreads.exclude_controllers' not found, using default value 'false' instead.
2025-10-05 23:32:44,101 INFO o.a.j.r.c.ReportGeneratorConfiguration: Property 'jmeter.reportgenerator.graph.responseTimeDistribution.exclude_controllers' not found, using default value 'false' instead.
2025-10-05 23:32:44,101 INFO o.a.j.r.c.ReportGeneratorConfiguration: Property 'jmeter.reportgenerator.graph.transactionsPerSecond.exclude_controllers' not found, using default value 'false' instead.
2025-10-05 23:32:44,101 INFO o.a.j.r.c.ReportGeneratorConfiguration: Property 'jmeter.reportgenerator.graph.responseTimePercentiles.exclude_controllers' not found, using default value 'false' instead.
2025-10-05 23:32:44,101 INFO o.a.j.r.c.ReportGeneratorConfiguration: Property 'jmeter.reportgenerator.graph.responseTimePercentilesOverTime.exclude_controllers' not found, using default value 'false' instead.
2025-10-05 23:32:44,101 INFO o.a.j.r.c.ReportGeneratorConfiguration: Property 'jmeter.reportgenerator.graph.responseTimesOverTime.exclude_controllers' not found, using default value 'false' instead.
2025-10-05 23:32:44,101 INFO o.a.j.r.c.ReportGeneratorConfiguration: Property 'jmeter.reportgenerator.graph.connectTimeOverTime.exclude_controllers' not found, using default value 'false' instead.
2025-10-05 23:32:44,102 INFO o.a.j.r.c.ReportGeneratorConfiguration: Property 'jmeter.reportgenerator.graph.latenciesOverTime.exclude_controllers' not found, using default value 'false' instead.
2025-10-05 23:32:44,102 INFO o.a.j.r.c.ReportGeneratorConfiguration: Property 'jmeter.reportgenerator.exporter.json.filters_only_sample_series' not found, using default value 'true' instead.
2025-10-05 23:32:44,102 INFO o.a.j.r.c.ReportGeneratorConfiguration: Property 'jmeter.reportgenerator.exporter.json.series_filter' not found, using default value '' instead.
2025-10-05 23:32:44,102 INFO o.a.j.r.c.ReportGeneratorConfiguration: Property 'jmeter.reportgenerator.exporter.json.show_controllers_only' not found, using default value 'false' instead.
2025-10-05 23:32:44,103 INFO o.a.j.r.c.ReportGeneratorConfiguration: Property 'jmeter.reportgenerator.exporter.html.filters_only_sample_series' not found, using default value 'true' instead.
2025-10-05 23:32:44,103 INFO o.a.j.r.c.ReportGeneratorConfiguration: Property 'jmeter.reportgenerator.exporter.html.series_filter' not found, using default value '' instead.
2025-10-05 23:32:44,103 INFO o.a.j.r.c.ReportGeneratorConfiguration: Property 'jmeter.reportgenerator.exporter.html.show_controllers_only' not found, using default value 'false' instead.
2025-10-05 23:32:44,112 INFO o.a.j.e.StandardJMeterEngine: Running the test!
2025-10-05 23:32:44,113 INFO o.a.j.s.SampleEvent: List of sample_variables: []
2025-10-05 23:32:44,113 INFO o.a.j.s.SampleEvent: List of sample_variables: []
2025-10-05 23:32:44,173 INFO o.a.j.JMeter: Running test (1759707164173)
2025-10-05 23:32:44,197 INFO o.a.j.e.StandardJMeterEngine: Starting ThreadGroup: 1 : UDP Senders
2025-10-05 23:32:44,198 INFO o.a.j.e.StandardJMeterEngine: Starting 10 threads for group UDP Senders.
2025-10-05 23:32:44,198 INFO o.a.j.e.StandardJMeterEngine: Thread will continue on error
2025-10-05 23:32:44,198 INFO o.a.j.t.ThreadGroup: Starting thread group... number=1 threads=10 ramp-up=10 delayedStart=false
2025-10-05 23:32:44,207 INFO o.a.j.t.JMeterThread: Thread started: UDP Senders 1-1
2025-10-05 23:32:44,229 INFO o.a.j.t.ThreadGroup: Started thread group number 1
2025-10-05 23:32:44,229 INFO o.a.j.e.StandardJMeterEngine: Starting ThreadGroup: 2 : Search Verifier
2025-10-05 23:32:44,229 INFO o.a.j.e.StandardJMeterEngine: Starting 1 threads for group Search Verifier.
2025-10-05 23:32:44,229 INFO o.a.j.e.StandardJMeterEngine: Thread will continue on error
2025-10-05 23:32:44,229 INFO o.a.j.t.ThreadGroup: Starting thread group... number=2 threads=1 ramp-up=1 delayedStart=false
2025-10-05 23:32:44,229 INFO o.a.j.t.ThreadGroup: Started thread group number 2
2025-10-05 23:32:44,230 INFO o.a.j.e.StandardJMeterEngine: All thread groups have been started
2025-10-05 23:32:44,230 INFO o.a.j.t.JMeterThread: Thread started: Search Verifier 2-1
2025-10-05 23:32:44,241 INFO o.a.j.p.h.s.HTTPHCAbstractImpl: Local host = runnervmwhb2z
2025-10-05 23:32:44,246 INFO o.a.j.p.h.s.HTTPHC4Impl: HTTP request retry count = 0
2025-10-05 23:32:44,246 INFO o.a.j.s.SampleResult: Note: Sample TimeStamps are END times
2025-10-05 23:32:44,247 INFO o.a.j.s.SampleResult: sampleresult.default.encoding is set to UTF-8
2025-10-05 23:32:44,247 INFO o.a.j.s.SampleResult: sampleresult.useNanoTime=true
2025-10-05 23:32:44,247 INFO o.a.j.s.SampleResult: sampleresult.nanoThreadSleep=5000
2025-10-05 23:32:44,266 INFO o.a.j.r.Summariser: summary +      1 in 00:00:00 =   10.9/s Avg:     1 Min:     1 Max:     1 Err:     0 (0.00%) Active: 2 Started: 2 Finished: 0
2025-10-05 23:32:45,204 INFO o.a.j.t.JMeterThread: Thread started: UDP Senders 1-2
2025-10-05 23:32:46,204 INFO o.a.j.t.JMeterThread: Thread started: UDP Senders 1-3
2025-10-05 23:32:47,202 INFO o.a.j.t.JMeterThread: Thread started: UDP Senders 1-4
2025-10-05 23:32:48,200 INFO o.a.j.t.JMeterThread: Thread started: UDP Senders 1-5
2025-10-05 23:32:49,200 INFO o.a.j.t.JMeterThread: Thread started: UDP Senders 1-6
2025-10-05 23:32:50,000 INFO o.a.j.r.Summariser: summary +   5569 in 00:00:06 =  971.1/s Avg:     0 Min:     0 Max:    47 Err:     0 (0.00%) Active: 7 Started: 7 Finished: 0
2025-10-05 23:32:50,001 INFO o.a.j.r.Summariser: summary =   5570 in 00:00:06 =  955.9/s Avg:     0 Min:     0 Max:    47 Err:     0 (0.00%)
2025-10-05 23:32:50,200 INFO o.a.j.t.JMeterThread: Thread started: UDP Senders 1-7
2025-10-05 23:32:51,200 INFO o.a.j.t.JMeterThread: Thread started: UDP Senders 1-8
2025-10-05 23:32:52,201 INFO o.a.j.t.JMeterThread: Thread started: UDP Senders 1-9
2025-10-05 23:32:53,200 INFO o.a.j.t.JMeterThread: Thread started: UDP Senders 1-10
2025-10-05 23:32:56,000 INFO o.a.j.r.Summariser: summary +  10824 in 00:00:06 = 1804.0/s Avg:     0 Min:     0 Max:    12 Err:     0 (0.00%) Active: 11 Started: 11 Finished: 0
2025-10-05 23:32:56,001 INFO o.a.j.r.Summariser: summary =  16394 in 00:00:12 = 1386.2/s Avg:     0 Min:     0 Max:    47 Err:     0 (0.00%)
2025-10-05 23:33:02,000 INFO o.a.j.r.Summariser: summary +  15568 in 00:00:06 = 2594.7/s Avg:     0 Min:     0 Max:     9 Err:     0 (0.00%) Active: 11 Started: 11 Finished: 0
2025-10-05 23:33:02,000 INFO o.a.j.r.Summariser: summary =  31962 in 00:00:18 = 1792.9/s Avg:     0 Min:     0 Max:    47 Err:     0 (0.00%)
2025-10-05 23:33:08,000 INFO o.a.j.r.Summariser: summary +  18531 in 00:00:06 = 3088.5/s Avg:     0 Min:     0 Max:    10 Err:     0 (0.00%) Active: 11 Started: 11 Finished: 0
2025-10-05 23:33:08,000 INFO o.a.j.r.Summariser: summary =  50493 in 00:00:24 = 2119.2/s Avg:     0 Min:     0 Max:    47 Err:     0 (0.00%)
2025-10-05 23:33:14,000 INFO o.a.j.r.Summariser: summary +  18241 in 00:00:06 = 3040.2/s Avg:     0 Min:     0 Max:     4 Err:     0 (0.00%) Active: 11 Started: 11 Finished: 0
2025-10-05 23:33:14,000 INFO o.a.j.r.Summariser: summary =  68734 in 00:00:30 = 2304.4/s Avg:     0 Min:     0 Max:    47 Err:     0 (0.00%)
2025-10-05 23:33:20,000 INFO o.a.j.r.Summariser: summary +  18499 in 00:00:06 = 3083.2/s Avg:     0 Min:     0 Max:     4 Err:     0 (0.00%) Active: 11 Started: 11 Finished: 0
2025-10-05 23:33:20,000 INFO o.a.j.r.Summariser: summary =  87233 in 00:00:36 = 2434.8/s Avg:     0 Min:     0 Max:    47 Err:     0 (0.00%)
2025-10-05 23:33:26,000 INFO o.a.j.r.Summariser: summary +  18776 in 00:00:06 = 3129.3/s Avg:     0 Min:     0 Max:     3 Err:     0 (0.00%) Active: 11 Started: 11 Finished: 0
2025-10-05 23:33:26,000 INFO o.a.j.r.Summariser: summary = 106009 in 00:00:42 = 2534.5/s Avg:     0 Min:     0 Max:    47 Err:     0 (0.00%)
2025-10-05 23:33:32,000 INFO o.a.j.r.Summariser: summary +  18832 in 00:00:06 = 3138.7/s Avg:     0 Min:     0 Max:     3 Err:     0 (0.00%) Active: 11 Started: 11 Finished: 0
2025-10-05 23:33:32,000 INFO o.a.j.r.Summariser: summary = 124841 in 00:00:48 = 2610.3/s Avg:     0 Min:     0 Max:    47 Err:     0 (0.00%)
2025-10-05 23:33:38,000 INFO o.a.j.r.Summariser: summary +  18837 in 00:00:06 = 3139.5/s Avg:     0 Min:     0 Max:     4 Err:     0 (0.00%) Active: 11 Started: 11 Finished: 0
2025-10-05 23:33:38,000 INFO o.a.j.r.Summariser: summary = 143678 in 00:00:54 = 2669.3/s Avg:     0 Min:     0 Max:    47 Err:     0 (0.00%)
2025-10-05 23:33:44,000 INFO o.a.j.r.Summariser: summary +  18974 in 00:00:06 = 3162.3/s Avg:     0 Min:     0 Max:     3 Err:     0 (0.00%) Active: 11 Started: 11 Finished: 0
2025-10-05 23:33:44,000 INFO o.a.j.r.Summariser: summary = 162652 in 00:01:00 = 2718.7/s Avg:     0 Min:     0 Max:    47 Err:     0 (0.00%)
2025-10-05 23:33:44,137 INFO o.a.j.t.JMeterThread: Thread finished: UDP Senders 1-7
2025-10-05 23:33:44,158 INFO o.a.j.t.JMeterThread: Thread finished: UDP Senders 1-2
2025-10-05 23:33:44,168 INFO o.a.j.t.JMeterThread: Thread finished: UDP Senders 1-8
2025-10-05 23:33:44,173 INFO o.a.j.t.JMeterThread: Thread finished: UDP Senders 1-1
2025-10-05 23:33:44,178 INFO o.a.j.t.JMeterThread: Thread finished: UDP Senders 1-3
2025-10-05 23:33:44,182 INFO o.a.j.t.JMeterThread: Thread finished: UDP Senders 1-6
2025-10-05 23:33:44,190 INFO o.a.j.t.JMeterThread: Thread finished: UDP Senders 1-5
2025-10-05 23:33:44,196 INFO o.a.j.t.JMeterThread: Thread finished: UDP Senders 1-10
2025-10-05 23:33:44,211 INFO o.a.j.t.JMeterThread: Thread finished: UDP Senders 1-9
2025-10-05 23:33:44,212 INFO o.a.j.t.JMeterThread: Thread finished: UDP Senders 1-4
2025-10-05 23:33:44,229 INFO o.a.j.t.JMeterThread: Stopping because end time detected by thread: Search Verifier 2-1
2025-10-05 23:33:44,229 INFO o.a.j.t.JMeterThread: Thread finished: Search Verifier 2-1
2025-10-05 23:33:44,229 INFO o.a.j.e.StandardJMeterEngine: Notifying test listeners of end of test
2025-10-05 23:33:44,230 INFO o.a.j.r.Summariser: summary +    720 in 00:00:00 = 3130.4/s Avg:     0 Min:     0 Max:     1 Err:     0 (0.00%) Active: 0 Started: 11 Finished: 11
2025-10-05 23:33:44,230 INFO o.a.j.r.Summariser: summary = 163372 in 00:01:00 = 2720.3/s Avg:     0 Min:     0 Max:    47 Err:     0 (0.00%)
2025-10-05 23:33:44,230 INFO o.a.j.JMeter: Generating Dashboard
2025-10-05 23:33:44,231 INFO o.a.j.r.d.ReportGenerator: Flushing result collector before report Generation
2025-10-05 23:33:44,244 INFO o.a.j.r.p.NormalizerSampleConsumer: Using format, 'ms', to parse timeStamp field
2025-10-05 23:33:46,089 INFO o.a.j.r.p.AbstractSampleConsumer: class org.apache.jmeter.report.processor.AggregateConsumer#stopProducing(): beginDate produced 0 samples
2025-10-05 23:33:46,089 INFO o.a.j.r.p.AbstractSampleConsumer: class org.apache.jmeter.report.processor.AggregateConsumer#stopProducing(): endDate produced 0 samples
2025-10-05 23:33:46,090 INFO o.a.j.r.p.AbstractSampleConsumer: class org.apache.jmeter.report.processor.ApdexSummaryConsumer#stopProducing(): apdexSummary produced 0 samples
2025-10-05 23:33:46,090 INFO o.a.j.r.p.AbstractSampleConsumer: class org.apache.jmeter.report.processor.RequestsSummaryConsumer#stopProducing(): requestsSummary produced 0 samples
2025-10-05 23:33:46,103 INFO o.a.j.r.p.AbstractSampleConsumer: class org.apache.jmeter.report.processor.StatisticsSummaryConsumer#stopProducing(): statisticsSummary produced 0 samples
2025-10-05 23:33:46,104 INFO o.a.j.r.p.AbstractSampleConsumer: class org.apache.jmeter.report.processor.Top5ErrorsBySamplerConsumer#stopProducing(): top5ErrorsBySampler produced 0 samples
2025-10-05 23:33:46,105 INFO o.a.j.r.p.AbstractSampleConsumer: class org.apache.jmeter.report.processor.ErrorsSummaryConsumer#stopProducing(): errorsSummary produced 0 samples
2025-10-05 23:33:46,105 INFO o.a.j.r.p.AbstractSampleConsumer: class org.apache.jmeter.report.processor.graph.impl.HitsPerSecondGraphConsumer#stopProducing(): hitsPerSecond produced 0 samples
2025-10-05 23:33:46,595 INFO o.a.j.r.p.AbstractSampleConsumer: class org.apache.jmeter.report.processor.graph.impl.LatencyVSRequestGraphConsumer#stopProducing(): latencyVsRequest produced 0 samples
2025-10-05 23:33:46,600 INFO o.a.j.r.p.AbstractSampleConsumer: class org.apache.jmeter.report.processor.graph.impl.SyntheticResponseTimeDistributionGraphConsumer#stopProducing(): syntheticResponseTimeDistribution produced 0 samples
2025-10-05 23:33:46,601 INFO o.a.j.r.p.AbstractSampleConsumer: class org.apache.jmeter.report.processor.graph.impl.BytesThroughputGraphConsumer#stopProducing(): bytesThroughputOverTime produced 0 samples
2025-10-05 23:33:46,601 INFO o.a.j.r.p.AbstractSampleConsumer: class org.apache.jmeter.report.processor.graph.impl.CodesPerSecondGraphConsumer#stopProducing(): codesPerSecond produced 0 samples
2025-10-05 23:33:47,030 INFO o.a.j.r.p.AbstractSampleConsumer: class org.apache.jmeter.report.processor.graph.impl.ResponseTimeVSRequestGraphConsumer#stopProducing(): responseTimeVsRequest produced 0 samples
2025-10-05 23:33:47,032 INFO o.a.j.r.p.AbstractSampleConsumer: class org.apache.jmeter.report.processor.FilterConsumer#stopProducing(): startIntervalControlerFilter produced 1143604 samples
2025-10-05 23:33:47,032 INFO o.a.j.r.p.AbstractSampleConsumer: class org.apache.jmeter.report.processor.graph.impl.TotalTPSGraphConsumer#stopProducing(): totalTPS produced 0 samples
2025-10-05 23:33:47,032 INFO o.a.j.r.p.AbstractSampleConsumer: class org.apache.jmeter.report.processor.graph.impl.ActiveThreadsGraphConsumer#stopProducing(): activeThreadsOverTime produced 0 samples
2025-10-05 23:33:47,032 INFO o.a.j.r.p.AbstractSampleConsumer: class org.apache.jmeter.report.processor.graph.impl.TimeVSThreadGraphConsumer#stopProducing(): timeVsThreads produced 0 samples
2025-10-05 23:33:47,032 INFO o.a.j.r.p.AbstractSampleConsumer: class org.apache.jmeter.report.processor.graph.impl.ResponseTimeDistributionGraphConsumer#stopProducing(): responseTimeDistribution produced 0 samples
2025-10-05 23:33:47,032 INFO o.a.j.r.p.AbstractSampleConsumer: class org.apache.jmeter.report.processor.graph.impl.TransactionsPerSecondGraphConsumer#stopProducing(): transactionsPerSecond produced 0 samples
2025-10-05 23:33:47,032 INFO o.a.j.r.p.AbstractSampleConsumer: class org.apache.jmeter.report.processor.graph.impl.ResponseTimePercentilesGraphConsumer#stopProducing(): responseTimePercentiles produced 0 samples
2025-10-05 23:33:47,033 INFO o.a.j.r.p.AbstractSampleConsumer: class org.apache.jmeter.report.processor.graph.impl.ResponseTimePercentilesOverTimeGraphConsumer#stopProducing(): responseTimePercentilesOverTime produced 0 samples
2025-10-05 23:33:47,034 INFO o.a.j.r.p.AbstractSampleConsumer: class org.apache.jmeter.report.processor.graph.impl.ResponseTimeOverTimeGraphConsumer#stopProducing(): responseTimesOverTime produced 0 samples
2025-10-05 23:33:47,035 INFO o.a.j.r.p.AbstractSampleConsumer: class org.apache.jmeter.report.processor.graph.impl.ConnectTimeOverTimeGraphConsumer#stopProducing(): connectTimeOverTime produced 0 samples
2025-10-05 23:33:47,035 INFO o.a.j.r.p.AbstractSampleConsumer: class org.apache.jmeter.report.processor.graph.impl.LatencyOverTimeGraphConsumer#stopProducing(): latenciesOverTime produced 0 samples
2025-10-05 23:33:47,035 INFO o.a.j.r.p.AbstractSampleConsumer: class org.apache.jmeter.report.processor.FilterConsumer#stopProducing(): nameFilter produced 2450580 samples
2025-10-05 23:33:47,035 INFO o.a.j.r.p.AbstractSampleConsumer: class org.apache.jmeter.report.processor.FilterConsumer#stopProducing(): dateRangeFilter produced 490116 samples
2025-10-05 23:33:47,035 INFO o.a.j.r.p.AbstractSampleConsumer: class org.apache.jmeter.report.processor.NormalizerSampleConsumer#stopProducing(): normalizer produced 163372 samples
2025-10-05 23:33:47,035 INFO o.a.j.r.p.CsvFileSampleSource: produce(): 163372 samples produced in 2s 766 ms on channel 0
2025-10-05 23:33:47,035 INFO o.a.j.r.d.ReportGenerator: Exporting data using exporter:'json' of className:'org.apache.jmeter.report.dashboard.JsonExporter'
2025-10-05 23:33:47,120 INFO o.a.j.r.d.JsonExporter: Found data for consumer statisticsSummary in context
2025-10-05 23:33:47,120 INFO o.a.j.r.d.JsonExporter: Creating statistics for overall
2025-10-05 23:33:47,120 INFO o.a.j.r.d.JsonExporter: Creating statistics for other transactions
2025-10-05 23:33:47,120 INFO o.a.j.r.d.JsonExporter: Checking output folder
2025-10-05 23:33:47,121 INFO o.a.j.r.d.JsonExporter: Writing statistics JSON to /home/runner/work/grepwise/grepwise/target/jmeter/reports/syslog-udp/statistics.json
2025-10-05 23:33:47,154 INFO o.a.j.r.d.ReportGenerator: Exporting data using exporter:'html' of className:'org.apache.jmeter.report.dashboard.HtmlTemplateExporter'
2025-10-05 23:33:47,156 INFO o.a.j.r.d.HtmlTemplateExporter: Will generate dashboard in folder: /home/runner/work/grepwise/grepwise/target/jmeter/reports/syslog-udp
2025-10-05 23:33:47,247 INFO o.a.j.r.d.HtmlTemplateExporter: Report will be generated in: /home/runner/work/grepwise/grepwise/target/jmeter/reports/syslog-udp, creating folder structure
2025-10-05 23:33:47,249 INFO o.a.j.r.d.TemplateVisitor: Copying folder from '/home/runner/work/grepwise/grepwise/target/a8be6604-1298-447d-a8e5-d56794875fa5/jmeter/bin/report-template' to '/home/runner/work/grepwise/grepwise/target/jmeter/reports/syslog-udp', got message: /home/runner/work/grepwise/grepwise/target/jmeter/reports/syslog-udp, found non empty folder with following content [/home/runner/work/grepwise/grepwise/target/jmeter/reports/syslog-udp/statistics.json], will be ignored
2025-10-05 23:33:47,414 INFO o.a.j.JMeter: Dashboard generated
