2025-10-03 09:56:48,084 INFO o.a.j.u.JMeterUtils: Setting Locale to en
2025-10-03 09:56:48,097 INFO o.a.j.JMeter: Loading additional properties from: /home/runner/work/grepwise/grepwise/src/test/jmeter/jmeter.properties
2025-10-03 09:56:48,097 INFO o.a.j.JMeter: Setting System property: sun.net.http.allowRestrictedHeaders=true
2025-10-03 09:56:48,102 INFO o.a.j.JMeter: Copyright (c) 1998-2023 The Apache Software Foundation
2025-10-03 09:56:48,102 INFO o.a.j.JMeter: Version 5.6.2
2025-10-03 09:56:48,102 INFO o.a.j.JMeter: java.version=25
2025-10-03 09:56:48,102 INFO o.a.j.JMeter: java.vm.name=OpenJDK 64-Bit Server VM
2025-10-03 09:56:48,103 INFO o.a.j.JMeter: os.name=Linux
2025-10-03 09:56:48,103 INFO o.a.j.JMeter: os.arch=amd64
2025-10-03 09:56:48,103 INFO o.a.j.JMeter: os.version=6.11.0-1018-azure
2025-10-03 09:56:48,103 INFO o.a.j.JMeter: file.encoding=UTF-8
2025-10-03 09:56:48,103 INFO o.a.j.JMeter: java.awt.headless=true
2025-10-03 09:56:48,103 INFO o.a.j.JMeter: Max memory     =536870912
2025-10-03 09:56:48,103 INFO o.a.j.JMeter: Available Processors =4
2025-10-03 09:56:48,113 INFO o.a.j.JMeter: Default Locale=English
2025-10-03 09:56:48,113 INFO o.a.j.JMeter: JMeter  Locale=English
2025-10-03 09:56:48,113 INFO o.a.j.JMeter: JMeterHome=/home/runner/work/grepwise/grepwise/target/7afe1d65-7295-41f8-bead-0ee138475e43/jmeter
2025-10-03 09:56:48,113 INFO o.a.j.JMeter: user.dir  =/home/runner/work/grepwise/grepwise/target/7afe1d65-7295-41f8-bead-0ee138475e43/jmeter/bin
2025-10-03 09:56:48,113 INFO o.a.j.JMeter: PWD       =/home/runner/work/grepwise/grepwise/target/7afe1d65-7295-41f8-bead-0ee138475e43/jmeter/bin
2025-10-03 09:56:48,114 INFO o.a.j.JMeter: IP: 10.1.1.146 Name: runnervm3ublj FullName: runnervm3ublj
2025-10-03 09:56:48,123 INFO o.a.j.JMeter: Setting property 'jmeter.reportgenerator.outputdir' to:'/home/runner/work/grepwise/grepwise/target/jmeter/reports/http-search'
2025-10-03 09:56:48,125 INFO o.a.j.s.FileServer: Default base='/home/runner/work/grepwise/grepwise/target/7afe1d65-7295-41f8-bead-0ee138475e43/jmeter/bin'
2025-10-03 09:56:48,126 INFO o.a.j.s.FileServer: Set new base='/home/runner/work/grepwise/grepwise/target/jmeter/testFiles'
2025-10-03 09:56:48,361 INFO o.a.j.s.SaveService: Testplan (JMX) version: 2.2. Testlog (JTL) version: 2.2
2025-10-03 09:56:48,381 INFO o.a.j.s.SaveService: Using SaveService properties version 5.0
2025-10-03 09:56:48,384 INFO o.a.j.s.SaveService: Using SaveService properties file encoding UTF-8
2025-10-03 09:56:48,387 INFO o.a.j.s.SaveService: Loading file: /home/runner/work/grepwise/grepwise/target/jmeter/testFiles/http-search.jmx
2025-10-03 09:56:48,452 INFO o.a.j.JMeter: Creating summariser <summary>
2025-10-03 09:56:48,455 INFO o.a.j.r.d.ReportGenerator: ReportGenerator will use for Parsing the separator: ','
2025-10-03 09:56:48,455 INFO o.a.j.r.d.ReportGenerator: Will generate report at end of test from  results file: /home/runner/work/grepwise/grepwise/target/jmeter/results/20251003-http-search.csv
2025-10-03 09:56:48,455 INFO o.a.j.r.d.ReportGenerator: Reading report generator properties from: /home/runner/work/grepwise/grepwise/target/7afe1d65-7295-41f8-bead-0ee138475e43/jmeter/bin/reportgenerator.properties
2025-10-03 09:56:48,456 INFO o.a.j.r.d.ReportGenerator: Merging with JMeter properties
2025-10-03 09:56:48,458 INFO o.a.j.r.c.ReportGeneratorConfiguration: Property 'jmeter.reportgenerator.temp_dir' not found, using default value 'temp' instead.
2025-10-03 09:56:48,460 INFO o.a.j.r.c.ReportGeneratorConfiguration: Property 'jmeter.reportgenerator.apdex_per_transaction' not found, using default value 'null' instead.
2025-10-03 09:56:48,461 INFO o.a.j.r.c.ReportGeneratorConfiguration: apdex_per_transaction is empty, not APDEX per transaction customization
2025-10-03 09:56:48,461 INFO o.a.j.r.c.ReportGeneratorConfiguration: Property 'jmeter.reportgenerator.sample_filter' not found, using default value 'null' instead.
2025-10-03 09:56:48,461 INFO o.a.j.r.c.ReportGeneratorConfiguration: Property 'jmeter.reportgenerator.report_title' not found, using default value 'null' instead.
2025-10-03 09:56:48,461 INFO o.a.j.r.c.ReportGeneratorConfiguration: Property 'jmeter.reportgenerator.start_date' not found, using default value 'null' instead.
2025-10-03 09:56:48,461 INFO o.a.j.r.c.ReportGeneratorConfiguration: Property 'jmeter.reportgenerator.end_date' not found, using default value 'null' instead.
2025-10-03 09:56:48,461 INFO o.a.j.r.c.ReportGeneratorConfiguration: Property 'jmeter.reportgenerator.date_format' not found, using default value 'null' instead.
2025-10-03 09:56:48,461 INFO o.a.j.r.c.ReportGeneratorConfiguration: Will use date range start date: null, end date: null
2025-10-03 09:56:48,464 INFO o.a.j.r.c.ReportGeneratorConfiguration: Property 'jmeter.reportgenerator.graph.totalTPS.exclude_controllers' not found, using default value 'false' instead.
2025-10-03 09:56:48,464 INFO o.a.j.r.c.ReportGeneratorConfiguration: Property 'jmeter.reportgenerator.graph.activeThreadsOverTime.exclude_controllers' not found, using default value 'false' instead.
2025-10-03 09:56:48,464 INFO o.a.j.r.c.ReportGeneratorConfiguration: Property 'jmeter.reportgenerator.graph.timeVsThreads.exclude_controllers' not found, using default value 'false' instead.
2025-10-03 09:56:48,464 INFO o.a.j.r.c.ReportGeneratorConfiguration: Property 'jmeter.reportgenerator.graph.responseTimeDistribution.exclude_controllers' not found, using default value 'false' instead.
2025-10-03 09:56:48,464 INFO o.a.j.r.c.ReportGeneratorConfiguration: Property 'jmeter.reportgenerator.graph.transactionsPerSecond.exclude_controllers' not found, using default value 'false' instead.
2025-10-03 09:56:48,464 INFO o.a.j.r.c.ReportGeneratorConfiguration: Property 'jmeter.reportgenerator.graph.responseTimePercentiles.exclude_controllers' not found, using default value 'false' instead.
2025-10-03 09:56:48,465 INFO o.a.j.r.c.ReportGeneratorConfiguration: Property 'jmeter.reportgenerator.graph.responseTimePercentilesOverTime.exclude_controllers' not found, using default value 'false' instead.
2025-10-03 09:56:48,465 INFO o.a.j.r.c.ReportGeneratorConfiguration: Property 'jmeter.reportgenerator.graph.responseTimesOverTime.exclude_controllers' not found, using default value 'false' instead.
2025-10-03 09:56:48,465 INFO o.a.j.r.c.ReportGeneratorConfiguration: Property 'jmeter.reportgenerator.graph.connectTimeOverTime.exclude_controllers' not found, using default value 'false' instead.
2025-10-03 09:56:48,465 INFO o.a.j.r.c.ReportGeneratorConfiguration: Property 'jmeter.reportgenerator.graph.latenciesOverTime.exclude_controllers' not found, using default value 'false' instead.
2025-10-03 09:56:48,466 INFO o.a.j.r.c.ReportGeneratorConfiguration: Property 'jmeter.reportgenerator.exporter.json.filters_only_sample_series' not found, using default value 'true' instead.
2025-10-03 09:56:48,466 INFO o.a.j.r.c.ReportGeneratorConfiguration: Property 'jmeter.reportgenerator.exporter.json.series_filter' not found, using default value '' instead.
2025-10-03 09:56:48,466 INFO o.a.j.r.c.ReportGeneratorConfiguration: Property 'jmeter.reportgenerator.exporter.json.show_controllers_only' not found, using default value 'false' instead.
2025-10-03 09:56:48,466 INFO o.a.j.r.c.ReportGeneratorConfiguration: Property 'jmeter.reportgenerator.exporter.html.filters_only_sample_series' not found, using default value 'true' instead.
2025-10-03 09:56:48,466 INFO o.a.j.r.c.ReportGeneratorConfiguration: Property 'jmeter.reportgenerator.exporter.html.series_filter' not found, using default value '' instead.
2025-10-03 09:56:48,466 INFO o.a.j.r.c.ReportGeneratorConfiguration: Property 'jmeter.reportgenerator.exporter.html.show_controllers_only' not found, using default value 'false' instead.
2025-10-03 09:56:48,475 INFO o.a.j.e.StandardJMeterEngine: Running the test!
2025-10-03 09:56:48,476 INFO o.a.j.s.SampleEvent: List of sample_variables: []
2025-10-03 09:56:48,476 INFO o.a.j.s.SampleEvent: List of sample_variables: []
2025-10-03 09:56:48,537 INFO o.a.j.JMeter: Running test (1759485408537)
2025-10-03 09:56:48,560 INFO o.a.j.e.StandardJMeterEngine: Starting ThreadGroup: 1 : Searchers
2025-10-03 09:56:48,561 INFO o.a.j.e.StandardJMeterEngine: Starting 10 threads for group Searchers.
2025-10-03 09:56:48,561 INFO o.a.j.e.StandardJMeterEngine: Thread will continue on error
2025-10-03 09:56:48,561 INFO o.a.j.t.ThreadGroup: Starting thread group... number=1 threads=10 ramp-up=10 delayedStart=false
2025-10-03 09:56:48,569 INFO o.a.j.t.JMeterThread: Thread started: Searchers 1-1
2025-10-03 09:56:48,574 INFO o.a.j.t.ThreadGroup: Started thread group number 1
2025-10-03 09:56:48,574 INFO o.a.j.e.StandardJMeterEngine: All thread groups have been started
2025-10-03 09:56:48,964 INFO o.a.j.p.h.s.HTTPHCAbstractImpl: Local host = runnervm3ublj
2025-10-03 09:56:48,969 INFO o.a.j.p.h.s.HTTPHC4Impl: HTTP request retry count = 0
2025-10-03 09:56:48,970 INFO o.a.j.s.SampleResult: Note: Sample TimeStamps are END times
2025-10-03 09:56:48,970 INFO o.a.j.s.SampleResult: sampleresult.default.encoding is set to UTF-8
2025-10-03 09:56:48,970 INFO o.a.j.s.SampleResult: sampleresult.useNanoTime=true
2025-10-03 09:56:48,971 INFO o.a.j.s.SampleResult: sampleresult.nanoThreadSleep=5000
2025-10-03 09:56:49,048 INFO o.a.j.r.Summariser: summary +      1 in 00:00:01 =    2.0/s Avg:    26 Min:    26 Max:    26 Err:     0 (0.00%) Active: 1 Started: 1 Finished: 0
2025-10-03 09:56:49,565 INFO o.a.j.t.JMeterThread: Thread started: Searchers 1-2
2025-10-03 09:56:50,563 INFO o.a.j.t.JMeterThread: Thread started: Searchers 1-3
2025-10-03 09:56:51,562 INFO o.a.j.t.JMeterThread: Thread started: Searchers 1-4
2025-10-03 09:56:52,563 INFO o.a.j.t.JMeterThread: Thread started: Searchers 1-5
2025-10-03 09:56:53,563 INFO o.a.j.t.JMeterThread: Thread started: Searchers 1-6
2025-10-03 09:56:54,563 INFO o.a.j.t.JMeterThread: Thread started: Searchers 1-7
2025-10-03 09:56:55,010 INFO o.a.j.r.Summariser: summary +     64 in 00:00:06 =   10.7/s Avg:     1 Min:     1 Max:     8 Err:     0 (0.00%) Active: 7 Started: 7 Finished: 0
2025-10-03 09:56:55,010 INFO o.a.j.r.Summariser: summary =     65 in 00:00:06 =   10.0/s Avg:     2 Min:     1 Max:    26 Err:     0 (0.00%)
2025-10-03 09:56:55,563 INFO o.a.j.t.JMeterThread: Thread started: Searchers 1-8
2025-10-03 09:56:56,563 INFO o.a.j.t.JMeterThread: Thread started: Searchers 1-9
2025-10-03 09:56:57,562 INFO o.a.j.t.JMeterThread: Thread started: Searchers 1-10
2025-10-03 09:57:01,002 INFO o.a.j.r.Summariser: summary +    164 in 00:00:06 =   27.4/s Avg:     1 Min:     0 Max:     3 Err:     0 (0.00%) Active: 10 Started: 10 Finished: 0
2025-10-03 09:57:01,002 INFO o.a.j.r.Summariser: summary =    229 in 00:00:12 =   18.4/s Avg:     1 Min:     0 Max:    26 Err:     0 (0.00%)
2025-10-03 09:57:07,022 INFO o.a.j.r.Summariser: summary +    169 in 00:00:06 =   28.1/s Avg:     1 Min:     0 Max:     4 Err:     0 (0.00%) Active: 10 Started: 10 Finished: 0
2025-10-03 09:57:07,022 INFO o.a.j.r.Summariser: summary =    398 in 00:00:18 =   21.5/s Avg:     1 Min:     0 Max:    26 Err:     0 (0.00%)
2025-10-03 09:57:13,082 INFO o.a.j.r.Summariser: summary +    175 in 00:00:06 =   28.9/s Avg:     1 Min:     0 Max:     2 Err:     0 (0.00%) Active: 10 Started: 10 Finished: 0
2025-10-03 09:57:13,082 INFO o.a.j.r.Summariser: summary =    573 in 00:00:25 =   23.3/s Avg:     1 Min:     0 Max:    26 Err:     0 (0.00%)
2025-10-03 09:57:19,045 INFO o.a.j.r.Summariser: summary +    168 in 00:00:06 =   28.2/s Avg:     1 Min:     0 Max:     2 Err:     0 (0.00%) Active: 10 Started: 10 Finished: 0
2025-10-03 09:57:19,046 INFO o.a.j.r.Summariser: summary =    741 in 00:00:31 =   24.3/s Avg:     1 Min:     0 Max:    26 Err:     0 (0.00%)
2025-10-03 09:57:25,062 INFO o.a.j.r.Summariser: summary +    179 in 00:00:06 =   29.7/s Avg:     1 Min:     0 Max:     3 Err:     0 (0.00%) Active: 10 Started: 10 Finished: 0
2025-10-03 09:57:25,063 INFO o.a.j.r.Summariser: summary =    920 in 00:00:37 =   25.2/s Avg:     1 Min:     0 Max:    26 Err:     0 (0.00%)
2025-10-03 09:57:31,032 INFO o.a.j.r.Summariser: summary +    172 in 00:00:06 =   28.8/s Avg:     1 Min:     0 Max:     2 Err:     0 (0.00%) Active: 10 Started: 10 Finished: 0
2025-10-03 09:57:31,032 INFO o.a.j.r.Summariser: summary =   1092 in 00:00:42 =   25.7/s Avg:     1 Min:     0 Max:    26 Err:     0 (0.00%)
2025-10-03 09:57:37,020 INFO o.a.j.r.Summariser: summary +    175 in 00:00:06 =   29.2/s Avg:     1 Min:     0 Max:     2 Err:     0 (0.00%) Active: 10 Started: 10 Finished: 0
2025-10-03 09:57:37,021 INFO o.a.j.r.Summariser: summary =   1267 in 00:00:48 =   26.1/s Avg:     1 Min:     0 Max:    26 Err:     0 (0.00%)
2025-10-03 09:57:43,041 INFO o.a.j.r.Summariser: summary +    167 in 00:00:06 =   27.7/s Avg:     1 Min:     0 Max:     2 Err:     0 (0.00%) Active: 10 Started: 10 Finished: 0
2025-10-03 09:57:43,041 INFO o.a.j.r.Summariser: summary =   1434 in 00:00:55 =   26.3/s Avg:     1 Min:     0 Max:    26 Err:     0 (0.00%)
2025-10-03 09:57:48,207 INFO o.a.j.t.JMeterThread: Thread finished: Searchers 1-6
2025-10-03 09:57:48,275 INFO o.a.j.t.JMeterThread: Thread finished: Searchers 1-2
2025-10-03 09:57:48,326 INFO o.a.j.t.JMeterThread: Thread finished: Searchers 1-3
2025-10-03 09:57:48,330 INFO o.a.j.t.JMeterThread: Thread finished: Searchers 1-10
2025-10-03 09:57:48,361 INFO o.a.j.t.JMeterThread: Thread finished: Searchers 1-8
2025-10-03 09:57:48,407 INFO o.a.j.t.JMeterThread: Thread finished: Searchers 1-5
2025-10-03 09:57:48,444 INFO o.a.j.t.JMeterThread: Thread finished: Searchers 1-1
2025-10-03 09:57:48,456 INFO o.a.j.t.JMeterThread: Thread finished: Searchers 1-9
2025-10-03 09:57:48,472 INFO o.a.j.t.JMeterThread: Thread finished: Searchers 1-4
2025-10-03 09:57:48,540 INFO o.a.j.t.JMeterThread: Thread finished: Searchers 1-7
2025-10-03 09:57:48,540 INFO o.a.j.e.StandardJMeterEngine: Notifying test listeners of end of test
2025-10-03 09:57:48,541 INFO o.a.j.r.Summariser: summary +    158 in 00:00:06 =   28.7/s Avg:     1 Min:     0 Max:     2 Err:     0 (0.00%) Active: 0 Started: 10 Finished: 10
2025-10-03 09:57:48,541 INFO o.a.j.r.Summariser: summary =   1592 in 00:01:00 =   26.5/s Avg:     1 Min:     0 Max:    26 Err:     0 (0.00%)
2025-10-03 09:57:48,541 INFO o.a.j.JMeter: Generating Dashboard
2025-10-03 09:57:48,541 INFO o.a.j.r.d.ReportGenerator: Flushing result collector before report Generation
2025-10-03 09:57:48,553 INFO o.a.j.r.p.NormalizerSampleConsumer: Using format, 'ms', to parse timeStamp field
2025-10-03 09:57:48,676 INFO o.a.j.r.p.AbstractSampleConsumer: class org.apache.jmeter.report.processor.AggregateConsumer#stopProducing(): beginDate produced 0 samples
2025-10-03 09:57:48,676 INFO o.a.j.r.p.AbstractSampleConsumer: class org.apache.jmeter.report.processor.AggregateConsumer#stopProducing(): endDate produced 0 samples
2025-10-03 09:57:48,678 INFO o.a.j.r.p.AbstractSampleConsumer: class org.apache.jmeter.report.processor.ApdexSummaryConsumer#stopProducing(): apdexSummary produced 0 samples
2025-10-03 09:57:48,678 INFO o.a.j.r.p.AbstractSampleConsumer: class org.apache.jmeter.report.processor.RequestsSummaryConsumer#stopProducing(): requestsSummary produced 0 samples
2025-10-03 09:57:48,682 INFO o.a.j.r.p.AbstractSampleConsumer: class org.apache.jmeter.report.processor.StatisticsSummaryConsumer#stopProducing(): statisticsSummary produced 0 samples
2025-10-03 09:57:48,684 INFO o.a.j.r.p.AbstractSampleConsumer: class org.apache.jmeter.report.processor.Top5ErrorsBySamplerConsumer#stopProducing(): top5ErrorsBySampler produced 0 samples
2025-10-03 09:57:48,684 INFO o.a.j.r.p.AbstractSampleConsumer: class org.apache.jmeter.report.processor.ErrorsSummaryConsumer#stopProducing(): errorsSummary produced 0 samples
2025-10-03 09:57:48,684 INFO o.a.j.r.p.AbstractSampleConsumer: class org.apache.jmeter.report.processor.graph.impl.HitsPerSecondGraphConsumer#stopProducing(): hitsPerSecond produced 0 samples
2025-10-03 09:57:48,708 INFO o.a.j.r.p.AbstractSampleConsumer: class org.apache.jmeter.report.processor.graph.impl.LatencyVSRequestGraphConsumer#stopProducing(): latencyVsRequest produced 0 samples
2025-10-03 09:57:48,709 INFO o.a.j.r.p.AbstractSampleConsumer: class org.apache.jmeter.report.processor.graph.impl.SyntheticResponseTimeDistributionGraphConsumer#stopProducing(): syntheticResponseTimeDistribution produced 0 samples
2025-10-03 09:57:48,709 INFO o.a.j.r.p.AbstractSampleConsumer: class org.apache.jmeter.report.processor.graph.impl.BytesThroughputGraphConsumer#stopProducing(): bytesThroughputOverTime produced 0 samples
2025-10-03 09:57:48,710 INFO o.a.j.r.p.AbstractSampleConsumer: class org.apache.jmeter.report.processor.graph.impl.CodesPerSecondGraphConsumer#stopProducing(): codesPerSecond produced 0 samples
2025-10-03 09:57:48,725 INFO o.a.j.r.p.AbstractSampleConsumer: class org.apache.jmeter.report.processor.graph.impl.ResponseTimeVSRequestGraphConsumer#stopProducing(): responseTimeVsRequest produced 0 samples
2025-10-03 09:57:48,726 INFO o.a.j.r.p.AbstractSampleConsumer: class org.apache.jmeter.report.processor.FilterConsumer#stopProducing(): startIntervalControlerFilter produced 11144 samples
2025-10-03 09:57:48,726 INFO o.a.j.r.p.AbstractSampleConsumer: class org.apache.jmeter.report.processor.graph.impl.TotalTPSGraphConsumer#stopProducing(): totalTPS produced 0 samples
2025-10-03 09:57:48,726 INFO o.a.j.r.p.AbstractSampleConsumer: class org.apache.jmeter.report.processor.graph.impl.ActiveThreadsGraphConsumer#stopProducing(): activeThreadsOverTime produced 0 samples
2025-10-03 09:57:48,726 INFO o.a.j.r.p.AbstractSampleConsumer: class org.apache.jmeter.report.processor.graph.impl.TimeVSThreadGraphConsumer#stopProducing(): timeVsThreads produced 0 samples
2025-10-03 09:57:48,726 INFO o.a.j.r.p.AbstractSampleConsumer: class org.apache.jmeter.report.processor.graph.impl.ResponseTimeDistributionGraphConsumer#stopProducing(): responseTimeDistribution produced 0 samples
2025-10-03 09:57:48,726 INFO o.a.j.r.p.AbstractSampleConsumer: class org.apache.jmeter.report.processor.graph.impl.TransactionsPerSecondGraphConsumer#stopProducing(): transactionsPerSecond produced 0 samples
2025-10-03 09:57:48,726 INFO o.a.j.r.p.AbstractSampleConsumer: class org.apache.jmeter.report.processor.graph.impl.ResponseTimePercentilesGraphConsumer#stopProducing(): responseTimePercentiles produced 0 samples
2025-10-03 09:57:48,727 INFO o.a.j.r.p.AbstractSampleConsumer: class org.apache.jmeter.report.processor.graph.impl.ResponseTimePercentilesOverTimeGraphConsumer#stopProducing(): responseTimePercentilesOverTime produced 0 samples
2025-10-03 09:57:48,728 INFO o.a.j.r.p.AbstractSampleConsumer: class org.apache.jmeter.report.processor.graph.impl.ResponseTimeOverTimeGraphConsumer#stopProducing(): responseTimesOverTime produced 0 samples
2025-10-03 09:57:48,728 INFO o.a.j.r.p.AbstractSampleConsumer: class org.apache.jmeter.report.processor.graph.impl.ConnectTimeOverTimeGraphConsumer#stopProducing(): connectTimeOverTime produced 0 samples
2025-10-03 09:57:48,728 INFO o.a.j.r.p.AbstractSampleConsumer: class org.apache.jmeter.report.processor.graph.impl.LatencyOverTimeGraphConsumer#stopProducing(): latenciesOverTime produced 0 samples
2025-10-03 09:57:48,728 INFO o.a.j.r.p.AbstractSampleConsumer: class org.apache.jmeter.report.processor.FilterConsumer#stopProducing(): nameFilter produced 23880 samples
2025-10-03 09:57:48,728 INFO o.a.j.r.p.AbstractSampleConsumer: class org.apache.jmeter.report.processor.FilterConsumer#stopProducing(): dateRangeFilter produced 4776 samples
2025-10-03 09:57:48,728 INFO o.a.j.r.p.AbstractSampleConsumer: class org.apache.jmeter.report.processor.NormalizerSampleConsumer#stopProducing(): normalizer produced 1592 samples
2025-10-03 09:57:48,729 INFO o.a.j.r.p.CsvFileSampleSource: produce(): 1592 samples produced in 150ms on channel 0
2025-10-03 09:57:48,729 INFO o.a.j.r.d.ReportGenerator: Exporting data using exporter:'json' of className:'org.apache.jmeter.report.dashboard.JsonExporter'
2025-10-03 09:57:48,809 INFO o.a.j.r.d.JsonExporter: Found data for consumer statisticsSummary in context
2025-10-03 09:57:48,809 INFO o.a.j.r.d.JsonExporter: Creating statistics for overall
2025-10-03 09:57:48,809 INFO o.a.j.r.d.JsonExporter: Creating statistics for other transactions
2025-10-03 09:57:48,810 INFO o.a.j.r.d.JsonExporter: Checking output folder
2025-10-03 09:57:48,810 INFO o.a.j.r.d.JsonExporter: Writing statistics JSON to /home/runner/work/grepwise/grepwise/target/jmeter/reports/http-search/statistics.json
2025-10-03 09:57:48,844 INFO o.a.j.r.d.ReportGenerator: Exporting data using exporter:'html' of className:'org.apache.jmeter.report.dashboard.HtmlTemplateExporter'
2025-10-03 09:57:48,846 INFO o.a.j.r.d.HtmlTemplateExporter: Will generate dashboard in folder: /home/runner/work/grepwise/grepwise/target/jmeter/reports/http-search
2025-10-03 09:57:48,917 INFO o.a.j.r.d.HtmlTemplateExporter: Report will be generated in: /home/runner/work/grepwise/grepwise/target/jmeter/reports/http-search, creating folder structure
2025-10-03 09:57:48,918 INFO o.a.j.r.d.TemplateVisitor: Copying folder from '/home/runner/work/grepwise/grepwise/target/7afe1d65-7295-41f8-bead-0ee138475e43/jmeter/bin/report-template' to '/home/runner/work/grepwise/grepwise/target/jmeter/reports/http-search', got message: /home/runner/work/grepwise/grepwise/target/jmeter/reports/http-search, found non empty folder with following content [/home/runner/work/grepwise/grepwise/target/jmeter/reports/http-search/statistics.json], will be ignored
2025-10-03 09:57:49,084 INFO o.a.j.JMeter: Dashboard generated
