2025-10-06 00:41:33,019 INFO o.a.j.u.JMeterUtils: Setting Locale to en
2025-10-06 00:41:33,036 INFO o.a.j.JMeter: Loading additional properties from: /home/runner/work/grepwise/grepwise/src/test/jmeter/jmeter.properties
2025-10-06 00:41:33,036 INFO o.a.j.JMeter: Setting System property: sun.net.http.allowRestrictedHeaders=true
2025-10-06 00:41:33,041 INFO o.a.j.JMeter: Copyright (c) 1998-2023 The Apache Software Foundation
2025-10-06 00:41:33,041 INFO o.a.j.JMeter: Version 5.6.2
2025-10-06 00:41:33,041 INFO o.a.j.JMeter: java.version=25
2025-10-06 00:41:33,041 INFO o.a.j.JMeter: java.vm.name=OpenJDK 64-Bit Server VM
2025-10-06 00:41:33,041 INFO o.a.j.JMeter: os.name=Linux
2025-10-06 00:41:33,041 INFO o.a.j.JMeter: os.arch=amd64
2025-10-06 00:41:33,041 INFO o.a.j.JMeter: os.version=6.11.0-1018-azure
2025-10-06 00:41:33,041 INFO o.a.j.JMeter: file.encoding=UTF-8
2025-10-06 00:41:33,041 INFO o.a.j.JMeter: java.awt.headless=true
2025-10-06 00:41:33,041 INFO o.a.j.JMeter: Max memory     =536870912
2025-10-06 00:41:33,041 INFO o.a.j.JMeter: Available Processors =4
2025-10-06 00:41:33,051 INFO o.a.j.JMeter: Default Locale=English
2025-10-06 00:41:33,051 INFO o.a.j.JMeter: JMeter  Locale=English
2025-10-06 00:41:33,052 INFO o.a.j.JMeter: JMeterHome=/home/runner/work/grepwise/grepwise/target/6d45f4b8-3571-4c3e-afe0-cb8c35e57c44/jmeter
2025-10-06 00:41:33,052 INFO o.a.j.JMeter: user.dir  =/home/runner/work/grepwise/grepwise/target/6d45f4b8-3571-4c3e-afe0-cb8c35e57c44/jmeter/bin
2025-10-06 00:41:33,052 INFO o.a.j.JMeter: PWD       =/home/runner/work/grepwise/grepwise/target/6d45f4b8-3571-4c3e-afe0-cb8c35e57c44/jmeter/bin
2025-10-06 00:41:33,052 INFO o.a.j.JMeter: IP: 10.1.0.164 Name: runnervmwhb2z FullName: runnervmwhb2z.h0l24wjbi32ehma3ntfoutcuxb.cx.internal.cloudapp.net
2025-10-06 00:41:33,061 INFO o.a.j.JMeter: Setting property 'jmeter.reportgenerator.outputdir' to:'/home/runner/work/grepwise/grepwise/target/jmeter/reports/combined-parallel-bsh'
2025-10-06 00:41:33,063 INFO o.a.j.s.FileServer: Default base='/home/runner/work/grepwise/grepwise/target/6d45f4b8-3571-4c3e-afe0-cb8c35e57c44/jmeter/bin'
2025-10-06 00:41:33,063 INFO o.a.j.s.FileServer: Set new base='/home/runner/work/grepwise/grepwise/target/jmeter/testFiles'
2025-10-06 00:41:33,314 INFO o.a.j.s.SaveService: Testplan (JMX) version: 2.2. Testlog (JTL) version: 2.2
2025-10-06 00:41:33,334 INFO o.a.j.s.SaveService: Using SaveService properties version 5.0
2025-10-06 00:41:33,337 INFO o.a.j.s.SaveService: Using SaveService properties file encoding UTF-8
2025-10-06 00:41:33,340 INFO o.a.j.s.SaveService: Loading file: /home/runner/work/grepwise/grepwise/target/jmeter/testFiles/combined-parallel-bsh.jmx
2025-10-06 00:41:33,423 INFO o.a.j.JMeter: Creating summariser <summary>
2025-10-06 00:41:33,428 INFO o.a.j.r.d.ReportGenerator: ReportGenerator will use for Parsing the separator: ','
2025-10-06 00:41:33,428 INFO o.a.j.r.d.ReportGenerator: Will generate report at end of test from  results file: /home/runner/work/grepwise/grepwise/target/jmeter/results/20251006-combined-parallel-bsh.csv
2025-10-06 00:41:33,428 INFO o.a.j.r.d.ReportGenerator: Reading report generator properties from: /home/runner/work/grepwise/grepwise/target/6d45f4b8-3571-4c3e-afe0-cb8c35e57c44/jmeter/bin/reportgenerator.properties
2025-10-06 00:41:33,429 INFO o.a.j.r.d.ReportGenerator: Merging with JMeter properties
2025-10-06 00:41:33,431 INFO o.a.j.r.c.ReportGeneratorConfiguration: Property 'jmeter.reportgenerator.temp_dir' not found, using default value 'temp' instead.
2025-10-06 00:41:33,434 INFO o.a.j.r.c.ReportGeneratorConfiguration: Property 'jmeter.reportgenerator.apdex_per_transaction' not found, using default value 'null' instead.
2025-10-06 00:41:33,434 INFO o.a.j.r.c.ReportGeneratorConfiguration: apdex_per_transaction is empty, not APDEX per transaction customization
2025-10-06 00:41:33,434 INFO o.a.j.r.c.ReportGeneratorConfiguration: Property 'jmeter.reportgenerator.sample_filter' not found, using default value 'null' instead.
2025-10-06 00:41:33,434 INFO o.a.j.r.c.ReportGeneratorConfiguration: Property 'jmeter.reportgenerator.report_title' not found, using default value 'null' instead.
2025-10-06 00:41:33,434 INFO o.a.j.r.c.ReportGeneratorConfiguration: Property 'jmeter.reportgenerator.start_date' not found, using default value 'null' instead.
2025-10-06 00:41:33,434 INFO o.a.j.r.c.ReportGeneratorConfiguration: Property 'jmeter.reportgenerator.end_date' not found, using default value 'null' instead.
2025-10-06 00:41:33,434 INFO o.a.j.r.c.ReportGeneratorConfiguration: Property 'jmeter.reportgenerator.date_format' not found, using default value 'null' instead.
2025-10-06 00:41:33,434 INFO o.a.j.r.c.ReportGeneratorConfiguration: Will use date range start date: null, end date: null
2025-10-06 00:41:33,437 INFO o.a.j.r.c.ReportGeneratorConfiguration: Property 'jmeter.reportgenerator.graph.totalTPS.exclude_controllers' not found, using default value 'false' instead.
2025-10-06 00:41:33,437 INFO o.a.j.r.c.ReportGeneratorConfiguration: Property 'jmeter.reportgenerator.graph.activeThreadsOverTime.exclude_controllers' not found, using default value 'false' instead.
2025-10-06 00:41:33,437 INFO o.a.j.r.c.ReportGeneratorConfiguration: Property 'jmeter.reportgenerator.graph.timeVsThreads.exclude_controllers' not found, using default value 'false' instead.
2025-10-06 00:41:33,437 INFO o.a.j.r.c.ReportGeneratorConfiguration: Property 'jmeter.reportgenerator.graph.responseTimeDistribution.exclude_controllers' not found, using default value 'false' instead.
2025-10-06 00:41:33,437 INFO o.a.j.r.c.ReportGeneratorConfiguration: Property 'jmeter.reportgenerator.graph.transactionsPerSecond.exclude_controllers' not found, using default value 'false' instead.
2025-10-06 00:41:33,438 INFO o.a.j.r.c.ReportGeneratorConfiguration: Property 'jmeter.reportgenerator.graph.responseTimePercentiles.exclude_controllers' not found, using default value 'false' instead.
2025-10-06 00:41:33,438 INFO o.a.j.r.c.ReportGeneratorConfiguration: Property 'jmeter.reportgenerator.graph.responseTimePercentilesOverTime.exclude_controllers' not found, using default value 'false' instead.
2025-10-06 00:41:33,438 INFO o.a.j.r.c.ReportGeneratorConfiguration: Property 'jmeter.reportgenerator.graph.responseTimesOverTime.exclude_controllers' not found, using default value 'false' instead.
2025-10-06 00:41:33,438 INFO o.a.j.r.c.ReportGeneratorConfiguration: Property 'jmeter.reportgenerator.graph.connectTimeOverTime.exclude_controllers' not found, using default value 'false' instead.
2025-10-06 00:41:33,438 INFO o.a.j.r.c.ReportGeneratorConfiguration: Property 'jmeter.reportgenerator.graph.latenciesOverTime.exclude_controllers' not found, using default value 'false' instead.
2025-10-06 00:41:33,439 INFO o.a.j.r.c.ReportGeneratorConfiguration: Property 'jmeter.reportgenerator.exporter.json.filters_only_sample_series' not found, using default value 'true' instead.
2025-10-06 00:41:33,439 INFO o.a.j.r.c.ReportGeneratorConfiguration: Property 'jmeter.reportgenerator.exporter.json.series_filter' not found, using default value '' instead.
2025-10-06 00:41:33,439 INFO o.a.j.r.c.ReportGeneratorConfiguration: Property 'jmeter.reportgenerator.exporter.json.show_controllers_only' not found, using default value 'false' instead.
2025-10-06 00:41:33,439 INFO o.a.j.r.c.ReportGeneratorConfiguration: Property 'jmeter.reportgenerator.exporter.html.filters_only_sample_series' not found, using default value 'true' instead.
2025-10-06 00:41:33,439 INFO o.a.j.r.c.ReportGeneratorConfiguration: Property 'jmeter.reportgenerator.exporter.html.series_filter' not found, using default value '' instead.
2025-10-06 00:41:33,439 INFO o.a.j.r.c.ReportGeneratorConfiguration: Property 'jmeter.reportgenerator.exporter.html.show_controllers_only' not found, using default value 'false' instead.
2025-10-06 00:41:33,448 INFO o.a.j.e.StandardJMeterEngine: Running the test!
2025-10-06 00:41:33,449 INFO o.a.j.s.SampleEvent: List of sample_variables: []
2025-10-06 00:41:33,449 INFO o.a.j.s.SampleEvent: List of sample_variables: []
2025-10-06 00:41:33,509 INFO o.a.j.JMeter: Running test (1759711293509)
2025-10-06 00:41:33,532 INFO o.a.j.e.StandardJMeterEngine: Starting ThreadGroup: 1 : UDP Ingestion
2025-10-06 00:41:33,532 INFO o.a.j.e.StandardJMeterEngine: Starting 10 threads for group UDP Ingestion.
2025-10-06 00:41:33,533 INFO o.a.j.e.StandardJMeterEngine: Thread will continue on error
2025-10-06 00:41:33,533 INFO o.a.j.t.ThreadGroup: Starting thread group... number=1 threads=10 ramp-up=10 delayedStart=false
2025-10-06 00:41:33,542 INFO o.a.j.t.JMeterThread: Thread started: UDP Ingestion 1-1
2025-10-06 00:41:33,562 INFO o.a.j.t.ThreadGroup: Started thread group number 1
2025-10-06 00:41:33,562 INFO o.a.j.e.StandardJMeterEngine: Starting ThreadGroup: 2 : HTTP Searchers
2025-10-06 00:41:33,562 INFO o.a.j.e.StandardJMeterEngine: Starting 10 threads for group HTTP Searchers.
2025-10-06 00:41:33,562 INFO o.a.j.e.StandardJMeterEngine: Thread will continue on error
2025-10-06 00:41:33,562 INFO o.a.j.t.ThreadGroup: Starting thread group... number=2 threads=10 ramp-up=10 delayedStart=false
2025-10-06 00:41:33,563 INFO o.a.j.t.JMeterThread: Thread started: HTTP Searchers 2-1
2025-10-06 00:41:33,570 INFO o.a.j.t.ThreadGroup: Started thread group number 2
2025-10-06 00:41:33,571 INFO o.a.j.e.StandardJMeterEngine: All thread groups have been started
2025-10-06 00:41:33,572 INFO o.a.j.s.SampleResult: Note: Sample TimeStamps are END times
2025-10-06 00:41:33,572 INFO o.a.j.s.SampleResult: sampleresult.default.encoding is set to UTF-8
2025-10-06 00:41:33,572 INFO o.a.j.s.SampleResult: sampleresult.useNanoTime=true
2025-10-06 00:41:33,572 INFO o.a.j.s.SampleResult: sampleresult.nanoThreadSleep=5000
2025-10-06 00:41:33,578 INFO o.a.j.p.h.s.HTTPHCAbstractImpl: Local host = runnervmwhb2z
2025-10-06 00:41:33,580 INFO o.a.j.r.Summariser: summary +      1 in 00:00:00 =   14.7/s Avg:     2 Min:     2 Max:     2 Err:     0 (0.00%) Active: 2 Started: 2 Finished: 0
2025-10-06 00:41:33,583 INFO o.a.j.p.h.s.HTTPHC4Impl: HTTP request retry count = 0
2025-10-06 00:41:34,538 INFO o.a.j.t.JMeterThread: Thread started: UDP Ingestion 1-2
2025-10-06 00:41:34,563 INFO o.a.j.t.JMeterThread: Thread started: HTTP Searchers 2-2
2025-10-06 00:41:35,537 INFO o.a.j.t.JMeterThread: Thread started: UDP Ingestion 1-3
2025-10-06 00:41:35,563 INFO o.a.j.t.JMeterThread: Thread started: HTTP Searchers 2-3
2025-10-06 00:41:36,536 INFO o.a.j.t.JMeterThread: Thread started: UDP Ingestion 1-4
2025-10-06 00:41:36,563 INFO o.a.j.t.JMeterThread: Thread started: HTTP Searchers 2-4
2025-10-06 00:41:37,536 INFO o.a.j.t.JMeterThread: Thread started: UDP Ingestion 1-5
2025-10-06 00:41:37,564 INFO o.a.j.t.JMeterThread: Thread started: HTTP Searchers 2-5
2025-10-06 00:41:38,536 INFO o.a.j.t.JMeterThread: Thread started: UDP Ingestion 1-6
2025-10-06 00:41:38,563 INFO o.a.j.t.JMeterThread: Thread started: HTTP Searchers 2-6
2025-10-06 00:41:39,000 INFO o.a.j.r.Summariser: summary +  19976 in 00:00:05 = 3683.6/s Avg:     0 Min:     0 Max:    24 Err:     0 (0.00%) Active: 12 Started: 12 Finished: 0
2025-10-06 00:41:39,000 INFO o.a.j.r.Summariser: summary =  19977 in 00:00:05 = 3638.1/s Avg:     0 Min:     0 Max:    24 Err:     0 (0.00%)
2025-10-06 00:41:39,535 INFO o.a.j.t.JMeterThread: Thread started: UDP Ingestion 1-7
2025-10-06 00:41:39,565 INFO o.a.j.t.JMeterThread: Thread started: HTTP Searchers 2-7
2025-10-06 00:41:40,536 INFO o.a.j.t.JMeterThread: Thread started: UDP Ingestion 1-8
2025-10-06 00:41:40,565 INFO o.a.j.t.JMeterThread: Thread started: HTTP Searchers 2-8
2025-10-06 00:41:41,535 INFO o.a.j.t.JMeterThread: Thread started: UDP Ingestion 1-9
2025-10-06 00:41:41,563 INFO o.a.j.t.JMeterThread: Thread started: HTTP Searchers 2-9
2025-10-06 00:41:42,536 INFO o.a.j.t.JMeterThread: Thread started: UDP Ingestion 1-10
2025-10-06 00:41:42,565 INFO o.a.j.t.JMeterThread: Thread started: HTTP Searchers 2-10
2025-10-06 00:41:45,000 INFO o.a.j.r.Summariser: summary +  43251 in 00:00:06 = 7208.5/s Avg:     1 Min:     0 Max:    13 Err:     0 (0.00%) Active: 20 Started: 20 Finished: 0
2025-10-06 00:41:45,000 INFO o.a.j.r.Summariser: summary =  63228 in 00:00:11 = 5502.4/s Avg:     1 Min:     0 Max:    24 Err:     0 (0.00%)
2025-10-06 00:41:51,000 INFO o.a.j.r.Summariser: summary +  51537 in 00:00:06 = 8589.5/s Avg:     1 Min:     0 Max:    14 Err:     0 (0.00%) Active: 20 Started: 20 Finished: 0
2025-10-06 00:41:51,001 INFO o.a.j.r.Summariser: summary = 114765 in 00:00:17 = 6561.4/s Avg:     1 Min:     0 Max:    24 Err:     0 (0.00%)
2025-10-06 00:41:57,000 INFO o.a.j.r.Summariser: summary +  51904 in 00:00:06 = 8650.7/s Avg:     1 Min:     0 Max:    11 Err:     0 (0.00%) Active: 20 Started: 20 Finished: 0
2025-10-06 00:41:57,000 INFO o.a.j.r.Summariser: summary = 166669 in 00:00:23 = 7095.0/s Avg:     1 Min:     0 Max:    24 Err:     0 (0.00%)
2025-10-06 00:42:03,000 INFO o.a.j.r.Summariser: summary +  52916 in 00:00:06 = 8819.3/s Avg:     1 Min:     0 Max:    10 Err:     0 (0.00%) Active: 20 Started: 20 Finished: 0
2025-10-06 00:42:03,001 INFO o.a.j.r.Summariser: summary = 219585 in 00:00:29 = 7445.8/s Avg:     1 Min:     0 Max:    24 Err:     0 (0.00%)
2025-10-06 00:42:09,000 INFO o.a.j.r.Summariser: summary +  52885 in 00:00:06 = 8814.2/s Avg:     1 Min:     0 Max:    10 Err:     0 (0.00%) Active: 20 Started: 20 Finished: 0
2025-10-06 00:42:09,002 INFO o.a.j.r.Summariser: summary = 272470 in 00:00:35 = 7677.2/s Avg:     1 Min:     0 Max:    24 Err:     0 (0.00%)
2025-10-06 00:42:15,000 INFO o.a.j.r.Summariser: summary +  53602 in 00:00:06 = 8933.7/s Avg:     1 Min:     0 Max:    10 Err:     0 (0.00%) Active: 20 Started: 20 Finished: 0
2025-10-06 00:42:15,001 INFO o.a.j.r.Summariser: summary = 326072 in 00:00:41 = 7858.9/s Avg:     1 Min:     0 Max:    24 Err:     0 (0.00%)
2025-10-06 00:42:21,000 INFO o.a.j.r.Summariser: summary +  53199 in 00:00:06 = 8866.5/s Avg:     1 Min:     0 Max:    11 Err:     0 (0.00%) Active: 20 Started: 20 Finished: 0
2025-10-06 00:42:21,001 INFO o.a.j.r.Summariser: summary = 379271 in 00:00:47 = 7986.2/s Avg:     1 Min:     0 Max:    24 Err:     0 (0.00%)
2025-10-06 00:42:27,000 INFO o.a.j.r.Summariser: summary +  53442 in 00:00:06 = 8907.0/s Avg:     1 Min:     0 Max:     8 Err:     0 (0.00%) Active: 20 Started: 20 Finished: 0
2025-10-06 00:42:27,001 INFO o.a.j.r.Summariser: summary = 432713 in 00:00:53 = 8089.5/s Avg:     1 Min:     0 Max:    24 Err:     0 (0.00%)
2025-10-06 00:42:33,000 INFO o.a.j.r.Summariser: summary +  53235 in 00:00:06 = 8872.5/s Avg:     1 Min:     0 Max:    11 Err:     0 (0.00%) Active: 20 Started: 20 Finished: 0
2025-10-06 00:42:33,001 INFO o.a.j.r.Summariser: summary = 485948 in 00:00:59 = 8168.4/s Avg:     1 Min:     0 Max:    24 Err:     0 (0.00%)
2025-10-06 00:42:33,513 INFO o.a.j.t.JMeterThread: Thread finished: UDP Ingestion 1-1
2025-10-06 00:42:33,516 INFO o.a.j.t.JMeterThread: Thread finished: UDP Ingestion 1-3
2025-10-06 00:42:33,529 INFO o.a.j.t.JMeterThread: Thread finished: UDP Ingestion 1-5
2025-10-06 00:42:33,532 INFO o.a.j.t.JMeterThread: Thread finished: UDP Ingestion 1-8
2025-10-06 00:42:33,533 INFO o.a.j.t.JMeterThread: Thread finished: UDP Ingestion 1-9
2025-10-06 00:42:33,534 INFO o.a.j.t.JMeterThread: Thread finished: UDP Ingestion 1-7
2025-10-06 00:42:33,534 INFO o.a.j.t.JMeterThread: Thread finished: UDP Ingestion 1-6
2025-10-06 00:42:33,534 INFO o.a.j.t.JMeterThread: Thread finished: UDP Ingestion 1-2
2025-10-06 00:42:33,538 INFO o.a.j.t.JMeterThread: Thread finished: UDP Ingestion 1-4
2025-10-06 00:42:33,556 INFO o.a.j.t.JMeterThread: Thread finished: UDP Ingestion 1-10
2025-10-06 00:42:33,562 INFO o.a.j.t.JMeterThread: Stopping because end time detected by thread: HTTP Searchers 2-1
2025-10-06 00:42:33,562 INFO o.a.j.t.JMeterThread: Thread finished: HTTP Searchers 2-1
2025-10-06 00:42:33,563 INFO o.a.j.t.JMeterThread: Stopping because end time detected by thread: HTTP Searchers 2-3
2025-10-06 00:42:33,563 INFO o.a.j.t.JMeterThread: Thread finished: HTTP Searchers 2-3
2025-10-06 00:42:33,564 INFO o.a.j.t.JMeterThread: Stopping because end time detected by thread: HTTP Searchers 2-4
2025-10-06 00:42:33,564 INFO o.a.j.t.JMeterThread: Thread finished: HTTP Searchers 2-4
2025-10-06 00:42:33,565 INFO o.a.j.t.JMeterThread: Stopping because end time detected by thread: HTTP Searchers 2-5
2025-10-06 00:42:33,565 INFO o.a.j.t.JMeterThread: Thread finished: HTTP Searchers 2-5
2025-10-06 00:42:33,566 INFO o.a.j.t.JMeterThread: Stopping because end time detected by thread: HTTP Searchers 2-7
2025-10-06 00:42:33,566 INFO o.a.j.t.JMeterThread: Thread finished: HTTP Searchers 2-7
2025-10-06 00:42:33,567 INFO o.a.j.t.JMeterThread: Stopping because end time detected by thread: HTTP Searchers 2-2
2025-10-06 00:42:33,567 INFO o.a.j.t.JMeterThread: Thread finished: HTTP Searchers 2-2
2025-10-06 00:42:33,567 INFO o.a.j.t.JMeterThread: Stopping because end time detected by thread: HTTP Searchers 2-6
2025-10-06 00:42:33,567 INFO o.a.j.t.JMeterThread: Thread finished: HTTP Searchers 2-6
2025-10-06 00:42:33,567 INFO o.a.j.t.JMeterThread: Stopping because end time detected by thread: HTTP Searchers 2-8
2025-10-06 00:42:33,567 INFO o.a.j.t.JMeterThread: Thread finished: HTTP Searchers 2-8
2025-10-06 00:42:33,569 INFO o.a.j.t.JMeterThread: Stopping because end time detected by thread: HTTP Searchers 2-10
2025-10-06 00:42:33,569 INFO o.a.j.t.JMeterThread: Thread finished: HTTP Searchers 2-10
2025-10-06 00:42:33,569 INFO o.a.j.t.JMeterThread: Stopping because end time detected by thread: HTTP Searchers 2-9
2025-10-06 00:42:33,569 INFO o.a.j.t.JMeterThread: Thread finished: HTTP Searchers 2-9
2025-10-06 00:42:33,569 INFO o.a.j.e.StandardJMeterEngine: Notifying test listeners of end of test
2025-10-06 00:42:33,570 INFO o.a.j.r.Summariser: summary +   4990 in 00:00:01 = 8754.4/s Avg:     1 Min:     0 Max:    10 Err:     0 (0.00%) Active: 0 Started: 20 Finished: 20
2025-10-06 00:42:33,570 INFO o.a.j.r.Summariser: summary = 490938 in 00:01:00 = 8174.0/s Avg:     1 Min:     0 Max:    24 Err:     0 (0.00%)
2025-10-06 00:42:33,571 INFO o.a.j.JMeter: Generating Dashboard
2025-10-06 00:42:33,571 INFO o.a.j.r.d.ReportGenerator: Flushing result collector before report Generation
2025-10-06 00:42:33,580 INFO o.a.j.r.p.NormalizerSampleConsumer: Using format, 'ms', to parse timeStamp field
2025-10-06 00:42:38,815 INFO o.a.j.r.p.AbstractSampleConsumer: class org.apache.jmeter.report.processor.AggregateConsumer#stopProducing(): beginDate produced 0 samples
2025-10-06 00:42:38,815 INFO o.a.j.r.p.AbstractSampleConsumer: class org.apache.jmeter.report.processor.AggregateConsumer#stopProducing(): endDate produced 0 samples
2025-10-06 00:42:38,816 INFO o.a.j.r.p.AbstractSampleConsumer: class org.apache.jmeter.report.processor.ApdexSummaryConsumer#stopProducing(): apdexSummary produced 0 samples
2025-10-06 00:42:38,817 INFO o.a.j.r.p.AbstractSampleConsumer: class org.apache.jmeter.report.processor.RequestsSummaryConsumer#stopProducing(): requestsSummary produced 0 samples
2025-10-06 00:42:38,831 INFO o.a.j.r.p.AbstractSampleConsumer: class org.apache.jmeter.report.processor.StatisticsSummaryConsumer#stopProducing(): statisticsSummary produced 0 samples
2025-10-06 00:42:38,832 INFO o.a.j.r.p.AbstractSampleConsumer: class org.apache.jmeter.report.processor.Top5ErrorsBySamplerConsumer#stopProducing(): top5ErrorsBySampler produced 0 samples
2025-10-06 00:42:38,832 INFO o.a.j.r.p.AbstractSampleConsumer: class org.apache.jmeter.report.processor.ErrorsSummaryConsumer#stopProducing(): errorsSummary produced 0 samples
2025-10-06 00:42:38,832 INFO o.a.j.r.p.AbstractSampleConsumer: class org.apache.jmeter.report.processor.graph.impl.HitsPerSecondGraphConsumer#stopProducing(): hitsPerSecond produced 0 samples
2025-10-06 00:42:40,352 INFO o.a.j.r.p.AbstractSampleConsumer: class org.apache.jmeter.report.processor.graph.impl.LatencyVSRequestGraphConsumer#stopProducing(): latencyVsRequest produced 0 samples
2025-10-06 00:42:40,365 INFO o.a.j.r.p.AbstractSampleConsumer: class org.apache.jmeter.report.processor.graph.impl.SyntheticResponseTimeDistributionGraphConsumer#stopProducing(): syntheticResponseTimeDistribution produced 0 samples
2025-10-06 00:42:40,365 INFO o.a.j.r.p.AbstractSampleConsumer: class org.apache.jmeter.report.processor.graph.impl.BytesThroughputGraphConsumer#stopProducing(): bytesThroughputOverTime produced 0 samples
2025-10-06 00:42:40,365 INFO o.a.j.r.p.AbstractSampleConsumer: class org.apache.jmeter.report.processor.graph.impl.CodesPerSecondGraphConsumer#stopProducing(): codesPerSecond produced 0 samples
2025-10-06 00:42:41,796 INFO o.a.j.r.p.AbstractSampleConsumer: class org.apache.jmeter.report.processor.graph.impl.ResponseTimeVSRequestGraphConsumer#stopProducing(): responseTimeVsRequest produced 0 samples
2025-10-06 00:42:41,804 INFO o.a.j.r.p.AbstractSampleConsumer: class org.apache.jmeter.report.processor.FilterConsumer#stopProducing(): startIntervalControlerFilter produced 3436566 samples
2025-10-06 00:42:41,804 INFO o.a.j.r.p.AbstractSampleConsumer: class org.apache.jmeter.report.processor.graph.impl.TotalTPSGraphConsumer#stopProducing(): totalTPS produced 0 samples
2025-10-06 00:42:41,804 INFO o.a.j.r.p.AbstractSampleConsumer: class org.apache.jmeter.report.processor.graph.impl.ActiveThreadsGraphConsumer#stopProducing(): activeThreadsOverTime produced 0 samples
2025-10-06 00:42:41,804 INFO o.a.j.r.p.AbstractSampleConsumer: class org.apache.jmeter.report.processor.graph.impl.TimeVSThreadGraphConsumer#stopProducing(): timeVsThreads produced 0 samples
2025-10-06 00:42:41,804 INFO o.a.j.r.p.AbstractSampleConsumer: class org.apache.jmeter.report.processor.graph.impl.ResponseTimeDistributionGraphConsumer#stopProducing(): responseTimeDistribution produced 0 samples
2025-10-06 00:42:41,805 INFO o.a.j.r.p.AbstractSampleConsumer: class org.apache.jmeter.report.processor.graph.impl.TransactionsPerSecondGraphConsumer#stopProducing(): transactionsPerSecond produced 0 samples
2025-10-06 00:42:41,805 INFO o.a.j.r.p.AbstractSampleConsumer: class org.apache.jmeter.report.processor.graph.impl.ResponseTimePercentilesGraphConsumer#stopProducing(): responseTimePercentiles produced 0 samples
2025-10-06 00:42:41,806 INFO o.a.j.r.p.AbstractSampleConsumer: class org.apache.jmeter.report.processor.graph.impl.ResponseTimePercentilesOverTimeGraphConsumer#stopProducing(): responseTimePercentilesOverTime produced 0 samples
2025-10-06 00:42:41,807 INFO o.a.j.r.p.AbstractSampleConsumer: class org.apache.jmeter.report.processor.graph.impl.ResponseTimeOverTimeGraphConsumer#stopProducing(): responseTimesOverTime produced 0 samples
2025-10-06 00:42:41,807 INFO o.a.j.r.p.AbstractSampleConsumer: class org.apache.jmeter.report.processor.graph.impl.ConnectTimeOverTimeGraphConsumer#stopProducing(): connectTimeOverTime produced 0 samples
2025-10-06 00:42:41,807 INFO o.a.j.r.p.AbstractSampleConsumer: class org.apache.jmeter.report.processor.graph.impl.LatencyOverTimeGraphConsumer#stopProducing(): latenciesOverTime produced 0 samples
2025-10-06 00:42:41,807 INFO o.a.j.r.p.AbstractSampleConsumer: class org.apache.jmeter.report.processor.FilterConsumer#stopProducing(): nameFilter produced 7364070 samples
2025-10-06 00:42:41,807 INFO o.a.j.r.p.AbstractSampleConsumer: class org.apache.jmeter.report.processor.FilterConsumer#stopProducing(): dateRangeFilter produced 1472814 samples
2025-10-06 00:42:41,807 INFO o.a.j.r.p.AbstractSampleConsumer: class org.apache.jmeter.report.processor.NormalizerSampleConsumer#stopProducing(): normalizer produced 490938 samples
2025-10-06 00:42:41,808 INFO o.a.j.r.p.CsvFileSampleSource: produce(): 490938 samples produced in 8s 208 ms on channel 0
2025-10-06 00:42:41,808 INFO o.a.j.r.d.ReportGenerator: Exporting data using exporter:'json' of className:'org.apache.jmeter.report.dashboard.JsonExporter'
2025-10-06 00:42:41,889 INFO o.a.j.r.d.JsonExporter: Found data for consumer statisticsSummary in context
2025-10-06 00:42:41,889 INFO o.a.j.r.d.JsonExporter: Creating statistics for overall
2025-10-06 00:42:41,889 INFO o.a.j.r.d.JsonExporter: Creating statistics for other transactions
2025-10-06 00:42:41,890 INFO o.a.j.r.d.JsonExporter: Checking output folder
2025-10-06 00:42:41,890 INFO o.a.j.r.d.JsonExporter: Writing statistics JSON to /home/runner/work/grepwise/grepwise/target/jmeter/reports/combined-parallel-bsh/statistics.json
2025-10-06 00:42:41,923 INFO o.a.j.r.d.ReportGenerator: Exporting data using exporter:'html' of className:'org.apache.jmeter.report.dashboard.HtmlTemplateExporter'
2025-10-06 00:42:41,925 INFO o.a.j.r.d.HtmlTemplateExporter: Will generate dashboard in folder: /home/runner/work/grepwise/grepwise/target/jmeter/reports/combined-parallel-bsh
2025-10-06 00:42:41,994 INFO o.a.j.r.d.HtmlTemplateExporter: Report will be generated in: /home/runner/work/grepwise/grepwise/target/jmeter/reports/combined-parallel-bsh, creating folder structure
2025-10-06 00:42:41,996 INFO o.a.j.r.d.TemplateVisitor: Copying folder from '/home/runner/work/grepwise/grepwise/target/6d45f4b8-3571-4c3e-afe0-cb8c35e57c44/jmeter/bin/report-template' to '/home/runner/work/grepwise/grepwise/target/jmeter/reports/combined-parallel-bsh', got message: /home/runner/work/grepwise/grepwise/target/jmeter/reports/combined-parallel-bsh, found non empty folder with following content [/home/runner/work/grepwise/grepwise/target/jmeter/reports/combined-parallel-bsh/statistics.json], will be ignored
2025-10-06 00:42:42,159 INFO o.a.j.JMeter: Dashboard generated
