2025-10-06 00:40:30,022 INFO o.a.j.u.JMeterUtils: Setting Locale to en
2025-10-06 00:40:30,035 INFO o.a.j.JMeter: Loading additional properties from: /home/runner/work/grepwise/grepwise/src/test/jmeter/jmeter.properties
2025-10-06 00:40:30,035 INFO o.a.j.JMeter: Setting System property: sun.net.http.allowRestrictedHeaders=true
2025-10-06 00:40:30,040 INFO o.a.j.JMeter: Copyright (c) 1998-2023 The Apache Software Foundation
2025-10-06 00:40:30,040 INFO o.a.j.JMeter: Version 5.6.2
2025-10-06 00:40:30,040 INFO o.a.j.JMeter: java.version=25
2025-10-06 00:40:30,040 INFO o.a.j.JMeter: java.vm.name=OpenJDK 64-Bit Server VM
2025-10-06 00:40:30,040 INFO o.a.j.JMeter: os.name=Linux
2025-10-06 00:40:30,040 INFO o.a.j.JMeter: os.arch=amd64
2025-10-06 00:40:30,040 INFO o.a.j.JMeter: os.version=6.11.0-1018-azure
2025-10-06 00:40:30,040 INFO o.a.j.JMeter: file.encoding=UTF-8
2025-10-06 00:40:30,040 INFO o.a.j.JMeter: java.awt.headless=true
2025-10-06 00:40:30,040 INFO o.a.j.JMeter: Max memory     =536870912
2025-10-06 00:40:30,040 INFO o.a.j.JMeter: Available Processors =4
2025-10-06 00:40:30,050 INFO o.a.j.JMeter: Default Locale=English
2025-10-06 00:40:30,050 INFO o.a.j.JMeter: JMeter  Locale=English
2025-10-06 00:40:30,050 INFO o.a.j.JMeter: JMeterHome=/home/runner/work/grepwise/grepwise/target/6d45f4b8-3571-4c3e-afe0-cb8c35e57c44/jmeter
2025-10-06 00:40:30,050 INFO o.a.j.JMeter: user.dir  =/home/runner/work/grepwise/grepwise/target/6d45f4b8-3571-4c3e-afe0-cb8c35e57c44/jmeter/bin
2025-10-06 00:40:30,050 INFO o.a.j.JMeter: PWD       =/home/runner/work/grepwise/grepwise/target/6d45f4b8-3571-4c3e-afe0-cb8c35e57c44/jmeter/bin
2025-10-06 00:40:30,050 INFO o.a.j.JMeter: IP: 10.1.0.164 Name: runnervmwhb2z FullName: runnervmwhb2z.h0l24wjbi32ehma3ntfoutcuxb.cx.internal.cloudapp.net
2025-10-06 00:40:30,059 INFO o.a.j.JMeter: Setting property 'jmeter.reportgenerator.outputdir' to:'/home/runner/work/grepwise/grepwise/target/jmeter/reports/http-search'
2025-10-06 00:40:30,061 INFO o.a.j.s.FileServer: Default base='/home/runner/work/grepwise/grepwise/target/6d45f4b8-3571-4c3e-afe0-cb8c35e57c44/jmeter/bin'
2025-10-06 00:40:30,062 INFO o.a.j.s.FileServer: Set new base='/home/runner/work/grepwise/grepwise/target/jmeter/testFiles'
2025-10-06 00:40:30,287 INFO o.a.j.s.SaveService: Testplan (JMX) version: 2.2. Testlog (JTL) version: 2.2
2025-10-06 00:40:30,306 INFO o.a.j.s.SaveService: Using SaveService properties version 5.0
2025-10-06 00:40:30,310 INFO o.a.j.s.SaveService: Using SaveService properties file encoding UTF-8
2025-10-06 00:40:30,313 INFO o.a.j.s.SaveService: Loading file: /home/runner/work/grepwise/grepwise/target/jmeter/testFiles/http-search.jmx
2025-10-06 00:40:30,378 INFO o.a.j.JMeter: Creating summariser <summary>
2025-10-06 00:40:30,381 INFO o.a.j.r.d.ReportGenerator: ReportGenerator will use for Parsing the separator: ','
2025-10-06 00:40:30,382 INFO o.a.j.r.d.ReportGenerator: Will generate report at end of test from  results file: /home/runner/work/grepwise/grepwise/target/jmeter/results/20251006-http-search.csv
2025-10-06 00:40:30,382 INFO o.a.j.r.d.ReportGenerator: Reading report generator properties from: /home/runner/work/grepwise/grepwise/target/6d45f4b8-3571-4c3e-afe0-cb8c35e57c44/jmeter/bin/reportgenerator.properties
2025-10-06 00:40:30,382 INFO o.a.j.r.d.ReportGenerator: Merging with JMeter properties
2025-10-06 00:40:30,385 INFO o.a.j.r.c.ReportGeneratorConfiguration: Property 'jmeter.reportgenerator.temp_dir' not found, using default value 'temp' instead.
2025-10-06 00:40:30,387 INFO o.a.j.r.c.ReportGeneratorConfiguration: Property 'jmeter.reportgenerator.apdex_per_transaction' not found, using default value 'null' instead.
2025-10-06 00:40:30,387 INFO o.a.j.r.c.ReportGeneratorConfiguration: apdex_per_transaction is empty, not APDEX per transaction customization
2025-10-06 00:40:30,387 INFO o.a.j.r.c.ReportGeneratorConfiguration: Property 'jmeter.reportgenerator.sample_filter' not found, using default value 'null' instead.
2025-10-06 00:40:30,387 INFO o.a.j.r.c.ReportGeneratorConfiguration: Property 'jmeter.reportgenerator.report_title' not found, using default value 'null' instead.
2025-10-06 00:40:30,387 INFO o.a.j.r.c.ReportGeneratorConfiguration: Property 'jmeter.reportgenerator.start_date' not found, using default value 'null' instead.
2025-10-06 00:40:30,387 INFO o.a.j.r.c.ReportGeneratorConfiguration: Property 'jmeter.reportgenerator.end_date' not found, using default value 'null' instead.
2025-10-06 00:40:30,388 INFO o.a.j.r.c.ReportGeneratorConfiguration: Property 'jmeter.reportgenerator.date_format' not found, using default value 'null' instead.
2025-10-06 00:40:30,388 INFO o.a.j.r.c.ReportGeneratorConfiguration: Will use date range start date: null, end date: null
2025-10-06 00:40:30,390 INFO o.a.j.r.c.ReportGeneratorConfiguration: Property 'jmeter.reportgenerator.graph.totalTPS.exclude_controllers' not found, using default value 'false' instead.
2025-10-06 00:40:30,390 INFO o.a.j.r.c.ReportGeneratorConfiguration: Property 'jmeter.reportgenerator.graph.activeThreadsOverTime.exclude_controllers' not found, using default value 'false' instead.
2025-10-06 00:40:30,391 INFO o.a.j.r.c.ReportGeneratorConfiguration: Property 'jmeter.reportgenerator.graph.timeVsThreads.exclude_controllers' not found, using default value 'false' instead.
2025-10-06 00:40:30,391 INFO o.a.j.r.c.ReportGeneratorConfiguration: Property 'jmeter.reportgenerator.graph.responseTimeDistribution.exclude_controllers' not found, using default value 'false' instead.
2025-10-06 00:40:30,391 INFO o.a.j.r.c.ReportGeneratorConfiguration: Property 'jmeter.reportgenerator.graph.transactionsPerSecond.exclude_controllers' not found, using default value 'false' instead.
2025-10-06 00:40:30,391 INFO o.a.j.r.c.ReportGeneratorConfiguration: Property 'jmeter.reportgenerator.graph.responseTimePercentiles.exclude_controllers' not found, using default value 'false' instead.
2025-10-06 00:40:30,391 INFO o.a.j.r.c.ReportGeneratorConfiguration: Property 'jmeter.reportgenerator.graph.responseTimePercentilesOverTime.exclude_controllers' not found, using default value 'false' instead.
2025-10-06 00:40:30,391 INFO o.a.j.r.c.ReportGeneratorConfiguration: Property 'jmeter.reportgenerator.graph.responseTimesOverTime.exclude_controllers' not found, using default value 'false' instead.
2025-10-06 00:40:30,391 INFO o.a.j.r.c.ReportGeneratorConfiguration: Property 'jmeter.reportgenerator.graph.connectTimeOverTime.exclude_controllers' not found, using default value 'false' instead.
2025-10-06 00:40:30,391 INFO o.a.j.r.c.ReportGeneratorConfiguration: Property 'jmeter.reportgenerator.graph.latenciesOverTime.exclude_controllers' not found, using default value 'false' instead.
2025-10-06 00:40:30,392 INFO o.a.j.r.c.ReportGeneratorConfiguration: Property 'jmeter.reportgenerator.exporter.json.filters_only_sample_series' not found, using default value 'true' instead.
2025-10-06 00:40:30,392 INFO o.a.j.r.c.ReportGeneratorConfiguration: Property 'jmeter.reportgenerator.exporter.json.series_filter' not found, using default value '' instead.
2025-10-06 00:40:30,392 INFO o.a.j.r.c.ReportGeneratorConfiguration: Property 'jmeter.reportgenerator.exporter.json.show_controllers_only' not found, using default value 'false' instead.
2025-10-06 00:40:30,392 INFO o.a.j.r.c.ReportGeneratorConfiguration: Property 'jmeter.reportgenerator.exporter.html.filters_only_sample_series' not found, using default value 'true' instead.
2025-10-06 00:40:30,392 INFO o.a.j.r.c.ReportGeneratorConfiguration: Property 'jmeter.reportgenerator.exporter.html.series_filter' not found, using default value '' instead.
2025-10-06 00:40:30,393 INFO o.a.j.r.c.ReportGeneratorConfiguration: Property 'jmeter.reportgenerator.exporter.html.show_controllers_only' not found, using default value 'false' instead.
2025-10-06 00:40:30,401 INFO o.a.j.e.StandardJMeterEngine: Running the test!
2025-10-06 00:40:30,402 INFO o.a.j.s.SampleEvent: List of sample_variables: []
2025-10-06 00:40:30,402 INFO o.a.j.s.SampleEvent: List of sample_variables: []
2025-10-06 00:40:30,463 INFO o.a.j.JMeter: Running test (1759711230463)
2025-10-06 00:40:30,486 INFO o.a.j.e.StandardJMeterEngine: Starting ThreadGroup: 1 : Searchers
2025-10-06 00:40:30,486 INFO o.a.j.e.StandardJMeterEngine: Starting 10 threads for group Searchers.
2025-10-06 00:40:30,486 INFO o.a.j.e.StandardJMeterEngine: Thread will continue on error
2025-10-06 00:40:30,486 INFO o.a.j.t.ThreadGroup: Starting thread group... number=1 threads=10 ramp-up=10 delayedStart=false
2025-10-06 00:40:30,494 INFO o.a.j.t.JMeterThread: Thread started: Searchers 1-1
2025-10-06 00:40:30,501 INFO o.a.j.t.ThreadGroup: Started thread group number 1
2025-10-06 00:40:30,501 INFO o.a.j.e.StandardJMeterEngine: All thread groups have been started
2025-10-06 00:40:30,783 INFO o.a.j.p.h.s.HTTPHCAbstractImpl: Local host = runnervmwhb2z
2025-10-06 00:40:30,787 INFO o.a.j.p.h.s.HTTPHC4Impl: HTTP request retry count = 0
2025-10-06 00:40:30,788 INFO o.a.j.s.SampleResult: Note: Sample TimeStamps are END times
2025-10-06 00:40:30,788 INFO o.a.j.s.SampleResult: sampleresult.default.encoding is set to UTF-8
2025-10-06 00:40:30,788 INFO o.a.j.s.SampleResult: sampleresult.useNanoTime=true
2025-10-06 00:40:30,788 INFO o.a.j.s.SampleResult: sampleresult.nanoThreadSleep=5000
2025-10-06 00:40:30,864 INFO o.a.j.r.Summariser: summary +      1 in 00:00:00 =    2.5/s Avg:    24 Min:    24 Max:    24 Err:     0 (0.00%) Active: 1 Started: 1 Finished: 0
2025-10-06 00:40:31,490 INFO o.a.j.t.JMeterThread: Thread started: Searchers 1-2
2025-10-06 00:40:32,488 INFO o.a.j.t.JMeterThread: Thread started: Searchers 1-3
2025-10-06 00:40:33,487 INFO o.a.j.t.JMeterThread: Thread started: Searchers 1-4
2025-10-06 00:40:34,488 INFO o.a.j.t.JMeterThread: Thread started: Searchers 1-5
2025-10-06 00:40:35,487 INFO o.a.j.t.JMeterThread: Thread started: Searchers 1-6
2025-10-06 00:40:36,069 INFO o.a.j.r.Summariser: summary +     48 in 00:00:05 =    9.2/s Avg:     1 Min:     1 Max:     7 Err:     0 (0.00%) Active: 6 Started: 6 Finished: 0
2025-10-06 00:40:36,070 INFO o.a.j.r.Summariser: summary =     49 in 00:00:06 =    8.7/s Avg:     2 Min:     1 Max:    24 Err:     0 (0.00%)
2025-10-06 00:40:36,488 INFO o.a.j.t.JMeterThread: Thread started: Searchers 1-7
2025-10-06 00:40:37,487 INFO o.a.j.t.JMeterThread: Thread started: Searchers 1-8
2025-10-06 00:40:38,488 INFO o.a.j.t.JMeterThread: Thread started: Searchers 1-9
2025-10-06 00:40:39,489 INFO o.a.j.t.JMeterThread: Thread started: Searchers 1-10
2025-10-06 00:40:42,028 INFO o.a.j.r.Summariser: summary +    147 in 00:00:06 =   24.7/s Avg:     1 Min:     0 Max:     2 Err:     0 (0.00%) Active: 10 Started: 10 Finished: 0
2025-10-06 00:40:42,028 INFO o.a.j.r.Summariser: summary =    196 in 00:00:12 =   16.9/s Avg:     1 Min:     0 Max:    24 Err:     0 (0.00%)
2025-10-06 00:40:48,027 INFO o.a.j.r.Summariser: summary +    169 in 00:00:06 =   28.2/s Avg:     0 Min:     0 Max:     7 Err:     0 (0.00%) Active: 10 Started: 10 Finished: 0
2025-10-06 00:40:48,027 INFO o.a.j.r.Summariser: summary =    365 in 00:00:18 =   20.8/s Avg:     1 Min:     0 Max:    24 Err:     0 (0.00%)
2025-10-06 00:40:54,003 INFO o.a.j.r.Summariser: summary +    170 in 00:00:06 =   28.4/s Avg:     0 Min:     0 Max:     1 Err:     0 (0.00%) Active: 10 Started: 10 Finished: 0
2025-10-06 00:40:54,003 INFO o.a.j.r.Summariser: summary =    535 in 00:00:24 =   22.7/s Avg:     0 Min:     0 Max:    24 Err:     0 (0.00%)
2025-10-06 00:41:00,002 INFO o.a.j.r.Summariser: summary +    176 in 00:00:06 =   29.3/s Avg:     0 Min:     0 Max:     2 Err:     0 (0.00%) Active: 10 Started: 10 Finished: 0
2025-10-06 00:41:00,002 INFO o.a.j.r.Summariser: summary =    711 in 00:00:30 =   24.1/s Avg:     0 Min:     0 Max:    24 Err:     0 (0.00%)
2025-10-06 00:41:06,025 INFO o.a.j.r.Summariser: summary +    176 in 00:00:06 =   29.2/s Avg:     0 Min:     0 Max:     2 Err:     0 (0.00%) Active: 10 Started: 10 Finished: 0
2025-10-06 00:41:06,025 INFO o.a.j.r.Summariser: summary =    887 in 00:00:36 =   24.9/s Avg:     0 Min:     0 Max:    24 Err:     0 (0.00%)
2025-10-06 00:41:12,034 INFO o.a.j.r.Summariser: summary +    178 in 00:00:06 =   29.6/s Avg:     0 Min:     0 Max:     2 Err:     0 (0.00%) Active: 10 Started: 10 Finished: 0
2025-10-06 00:41:12,034 INFO o.a.j.r.Summariser: summary =   1065 in 00:00:42 =   25.6/s Avg:     0 Min:     0 Max:    24 Err:     0 (0.00%)
2025-10-06 00:41:18,010 INFO o.a.j.r.Summariser: summary +    169 in 00:00:06 =   28.3/s Avg:     0 Min:     0 Max:     2 Err:     0 (0.00%) Active: 10 Started: 10 Finished: 0
2025-10-06 00:41:18,011 INFO o.a.j.r.Summariser: summary =   1234 in 00:00:48 =   26.0/s Avg:     0 Min:     0 Max:    24 Err:     0 (0.00%)
2025-10-06 00:41:24,018 INFO o.a.j.r.Summariser: summary +    172 in 00:00:06 =   28.6/s Avg:     0 Min:     0 Max:     1 Err:     0 (0.00%) Active: 10 Started: 10 Finished: 0
2025-10-06 00:41:24,018 INFO o.a.j.r.Summariser: summary =   1406 in 00:00:54 =   26.3/s Avg:     0 Min:     0 Max:    24 Err:     0 (0.00%)
2025-10-06 00:41:30,022 INFO o.a.j.r.Summariser: summary +    170 in 00:00:06 =   28.3/s Avg:     0 Min:     0 Max:     1 Err:     0 (0.00%) Active: 10 Started: 10 Finished: 0
2025-10-06 00:41:30,022 INFO o.a.j.r.Summariser: summary =   1576 in 00:01:00 =   26.5/s Avg:     0 Min:     0 Max:    24 Err:     0 (0.00%)
2025-10-06 00:41:30,071 INFO o.a.j.t.JMeterThread: Thread finished: Searchers 1-1
2025-10-06 00:41:30,158 INFO o.a.j.t.JMeterThread: Thread finished: Searchers 1-4
2025-10-06 00:41:30,211 INFO o.a.j.t.JMeterThread: Thread finished: Searchers 1-2
2025-10-06 00:41:30,231 INFO o.a.j.t.JMeterThread: Thread finished: Searchers 1-8
2025-10-06 00:41:30,246 INFO o.a.j.t.JMeterThread: Thread finished: Searchers 1-9
2025-10-06 00:41:30,266 INFO o.a.j.t.JMeterThread: Thread finished: Searchers 1-3
2025-10-06 00:41:30,267 INFO o.a.j.t.JMeterThread: Thread finished: Searchers 1-7
2025-10-06 00:41:30,373 INFO o.a.j.t.JMeterThread: Thread finished: Searchers 1-10
2025-10-06 00:41:30,414 INFO o.a.j.t.JMeterThread: Thread finished: Searchers 1-5
2025-10-06 00:41:30,459 INFO o.a.j.t.JMeterThread: Thread finished: Searchers 1-6
2025-10-06 00:41:30,459 INFO o.a.j.e.StandardJMeterEngine: Notifying test listeners of end of test
2025-10-06 00:41:30,459 INFO o.a.j.r.Summariser: summary +     11 in 00:00:00 =   25.2/s Avg:     0 Min:     0 Max:     1 Err:     0 (0.00%) Active: 0 Started: 10 Finished: 10
2025-10-06 00:41:30,460 INFO o.a.j.r.Summariser: summary =   1587 in 00:01:00 =   26.5/s Avg:     0 Min:     0 Max:    24 Err:     0 (0.00%)
2025-10-06 00:41:30,460 INFO o.a.j.JMeter: Generating Dashboard
2025-10-06 00:41:30,460 INFO o.a.j.r.d.ReportGenerator: Flushing result collector before report Generation
2025-10-06 00:41:30,469 INFO o.a.j.r.p.NormalizerSampleConsumer: Using format, 'ms', to parse timeStamp field
2025-10-06 00:41:30,584 INFO o.a.j.r.p.AbstractSampleConsumer: class org.apache.jmeter.report.processor.AggregateConsumer#stopProducing(): beginDate produced 0 samples
2025-10-06 00:41:30,584 INFO o.a.j.r.p.AbstractSampleConsumer: class org.apache.jmeter.report.processor.AggregateConsumer#stopProducing(): endDate produced 0 samples
2025-10-06 00:41:30,585 INFO o.a.j.r.p.AbstractSampleConsumer: class org.apache.jmeter.report.processor.ApdexSummaryConsumer#stopProducing(): apdexSummary produced 0 samples
2025-10-06 00:41:30,586 INFO o.a.j.r.p.AbstractSampleConsumer: class org.apache.jmeter.report.processor.RequestsSummaryConsumer#stopProducing(): requestsSummary produced 0 samples
2025-10-06 00:41:30,591 INFO o.a.j.r.p.AbstractSampleConsumer: class org.apache.jmeter.report.processor.StatisticsSummaryConsumer#stopProducing(): statisticsSummary produced 0 samples
2025-10-06 00:41:30,592 INFO o.a.j.r.p.AbstractSampleConsumer: class org.apache.jmeter.report.processor.Top5ErrorsBySamplerConsumer#stopProducing(): top5ErrorsBySampler produced 0 samples
2025-10-06 00:41:30,592 INFO o.a.j.r.p.AbstractSampleConsumer: class org.apache.jmeter.report.processor.ErrorsSummaryConsumer#stopProducing(): errorsSummary produced 0 samples
2025-10-06 00:41:30,592 INFO o.a.j.r.p.AbstractSampleConsumer: class org.apache.jmeter.report.processor.graph.impl.HitsPerSecondGraphConsumer#stopProducing(): hitsPerSecond produced 0 samples
2025-10-06 00:41:30,619 INFO o.a.j.r.p.AbstractSampleConsumer: class org.apache.jmeter.report.processor.graph.impl.LatencyVSRequestGraphConsumer#stopProducing(): latencyVsRequest produced 0 samples
2025-10-06 00:41:30,620 INFO o.a.j.r.p.AbstractSampleConsumer: class org.apache.jmeter.report.processor.graph.impl.SyntheticResponseTimeDistributionGraphConsumer#stopProducing(): syntheticResponseTimeDistribution produced 0 samples
2025-10-06 00:41:30,620 INFO o.a.j.r.p.AbstractSampleConsumer: class org.apache.jmeter.report.processor.graph.impl.BytesThroughputGraphConsumer#stopProducing(): bytesThroughputOverTime produced 0 samples
2025-10-06 00:41:30,621 INFO o.a.j.r.p.AbstractSampleConsumer: class org.apache.jmeter.report.processor.graph.impl.CodesPerSecondGraphConsumer#stopProducing(): codesPerSecond produced 0 samples
2025-10-06 00:41:30,633 INFO o.a.j.r.p.AbstractSampleConsumer: class org.apache.jmeter.report.processor.graph.impl.ResponseTimeVSRequestGraphConsumer#stopProducing(): responseTimeVsRequest produced 0 samples
2025-10-06 00:41:30,634 INFO o.a.j.r.p.AbstractSampleConsumer: class org.apache.jmeter.report.processor.FilterConsumer#stopProducing(): startIntervalControlerFilter produced 11109 samples
2025-10-06 00:41:30,634 INFO o.a.j.r.p.AbstractSampleConsumer: class org.apache.jmeter.report.processor.graph.impl.TotalTPSGraphConsumer#stopProducing(): totalTPS produced 0 samples
2025-10-06 00:41:30,634 INFO o.a.j.r.p.AbstractSampleConsumer: class org.apache.jmeter.report.processor.graph.impl.ActiveThreadsGraphConsumer#stopProducing(): activeThreadsOverTime produced 0 samples
2025-10-06 00:41:30,634 INFO o.a.j.r.p.AbstractSampleConsumer: class org.apache.jmeter.report.processor.graph.impl.TimeVSThreadGraphConsumer#stopProducing(): timeVsThreads produced 0 samples
2025-10-06 00:41:30,635 INFO o.a.j.r.p.AbstractSampleConsumer: class org.apache.jmeter.report.processor.graph.impl.ResponseTimeDistributionGraphConsumer#stopProducing(): responseTimeDistribution produced 0 samples
2025-10-06 00:41:30,635 INFO o.a.j.r.p.AbstractSampleConsumer: class org.apache.jmeter.report.processor.graph.impl.TransactionsPerSecondGraphConsumer#stopProducing(): transactionsPerSecond produced 0 samples
2025-10-06 00:41:30,635 INFO o.a.j.r.p.AbstractSampleConsumer: class org.apache.jmeter.report.processor.graph.impl.ResponseTimePercentilesGraphConsumer#stopProducing(): responseTimePercentiles produced 0 samples
2025-10-06 00:41:30,636 INFO o.a.j.r.p.AbstractSampleConsumer: class org.apache.jmeter.report.processor.graph.impl.ResponseTimePercentilesOverTimeGraphConsumer#stopProducing(): responseTimePercentilesOverTime produced 0 samples
2025-10-06 00:41:30,636 INFO o.a.j.r.p.AbstractSampleConsumer: class org.apache.jmeter.report.processor.graph.impl.ResponseTimeOverTimeGraphConsumer#stopProducing(): responseTimesOverTime produced 0 samples
2025-10-06 00:41:30,637 INFO o.a.j.r.p.AbstractSampleConsumer: class org.apache.jmeter.report.processor.graph.impl.ConnectTimeOverTimeGraphConsumer#stopProducing(): connectTimeOverTime produced 0 samples
2025-10-06 00:41:30,637 INFO o.a.j.r.p.AbstractSampleConsumer: class org.apache.jmeter.report.processor.graph.impl.LatencyOverTimeGraphConsumer#stopProducing(): latenciesOverTime produced 0 samples
2025-10-06 00:41:30,637 INFO o.a.j.r.p.AbstractSampleConsumer: class org.apache.jmeter.report.processor.FilterConsumer#stopProducing(): nameFilter produced 23805 samples
2025-10-06 00:41:30,637 INFO o.a.j.r.p.AbstractSampleConsumer: class org.apache.jmeter.report.processor.FilterConsumer#stopProducing(): dateRangeFilter produced 4761 samples
2025-10-06 00:41:30,637 INFO o.a.j.r.p.AbstractSampleConsumer: class org.apache.jmeter.report.processor.NormalizerSampleConsumer#stopProducing(): normalizer produced 1587 samples
2025-10-06 00:41:30,637 INFO o.a.j.r.p.CsvFileSampleSource: produce(): 1587 samples produced in 148ms on channel 0
2025-10-06 00:41:30,637 INFO o.a.j.r.d.ReportGenerator: Exporting data using exporter:'json' of className:'org.apache.jmeter.report.dashboard.JsonExporter'
2025-10-06 00:41:30,718 INFO o.a.j.r.d.JsonExporter: Found data for consumer statisticsSummary in context
2025-10-06 00:41:30,718 INFO o.a.j.r.d.JsonExporter: Creating statistics for overall
2025-10-06 00:41:30,718 INFO o.a.j.r.d.JsonExporter: Creating statistics for other transactions
2025-10-06 00:41:30,719 INFO o.a.j.r.d.JsonExporter: Checking output folder
2025-10-06 00:41:30,719 INFO o.a.j.r.d.JsonExporter: Writing statistics JSON to /home/runner/work/grepwise/grepwise/target/jmeter/reports/http-search/statistics.json
2025-10-06 00:41:30,751 INFO o.a.j.r.d.ReportGenerator: Exporting data using exporter:'html' of className:'org.apache.jmeter.report.dashboard.HtmlTemplateExporter'
2025-10-06 00:41:30,753 INFO o.a.j.r.d.HtmlTemplateExporter: Will generate dashboard in folder: /home/runner/work/grepwise/grepwise/target/jmeter/reports/http-search
2025-10-06 00:41:30,824 INFO o.a.j.r.d.HtmlTemplateExporter: Report will be generated in: /home/runner/work/grepwise/grepwise/target/jmeter/reports/http-search, creating folder structure
2025-10-06 00:41:30,826 INFO o.a.j.r.d.TemplateVisitor: Copying folder from '/home/runner/work/grepwise/grepwise/target/6d45f4b8-3571-4c3e-afe0-cb8c35e57c44/jmeter/bin/report-template' to '/home/runner/work/grepwise/grepwise/target/jmeter/reports/http-search', got message: /home/runner/work/grepwise/grepwise/target/jmeter/reports/http-search, found non empty folder with following content [/home/runner/work/grepwise/grepwise/target/jmeter/reports/http-search/statistics.json], will be ignored
2025-10-06 00:41:30,989 INFO o.a.j.JMeter: Dashboard generated
