2025-10-06 00:39:24,262 INFO o.a.j.u.JMeterUtils: Setting Locale to en
2025-10-06 00:39:24,283 INFO o.a.j.JMeter: Loading additional properties from: /home/runner/work/grepwise/grepwise/src/test/jmeter/jmeter.properties
2025-10-06 00:39:24,284 INFO o.a.j.JMeter: Setting System property: sun.net.http.allowRestrictedHeaders=true
2025-10-06 00:39:24,289 INFO o.a.j.JMeter: Copyright (c) 1998-2023 The Apache Software Foundation
2025-10-06 00:39:24,289 INFO o.a.j.JMeter: Version 5.6.2
2025-10-06 00:39:24,289 INFO o.a.j.JMeter: java.version=25
2025-10-06 00:39:24,289 INFO o.a.j.JMeter: java.vm.name=OpenJDK 64-Bit Server VM
2025-10-06 00:39:24,289 INFO o.a.j.JMeter: os.name=Linux
2025-10-06 00:39:24,289 INFO o.a.j.JMeter: os.arch=amd64
2025-10-06 00:39:24,289 INFO o.a.j.JMeter: os.version=6.11.0-1018-azure
2025-10-06 00:39:24,289 INFO o.a.j.JMeter: file.encoding=UTF-8
2025-10-06 00:39:24,289 INFO o.a.j.JMeter: java.awt.headless=true
2025-10-06 00:39:24,289 INFO o.a.j.JMeter: Max memory     =536870912
2025-10-06 00:39:24,289 INFO o.a.j.JMeter: Available Processors =4
2025-10-06 00:39:24,300 INFO o.a.j.JMeter: Default Locale=English
2025-10-06 00:39:24,300 INFO o.a.j.JMeter: JMeter  Locale=English
2025-10-06 00:39:24,300 INFO o.a.j.JMeter: JMeterHome=/home/runner/work/grepwise/grepwise/target/6d45f4b8-3571-4c3e-afe0-cb8c35e57c44/jmeter
2025-10-06 00:39:24,300 INFO o.a.j.JMeter: user.dir  =/home/runner/work/grepwise/grepwise/target/6d45f4b8-3571-4c3e-afe0-cb8c35e57c44/jmeter/bin
2025-10-06 00:39:24,300 INFO o.a.j.JMeter: PWD       =/home/runner/work/grepwise/grepwise/target/6d45f4b8-3571-4c3e-afe0-cb8c35e57c44/jmeter/bin
2025-10-06 00:39:24,300 INFO o.a.j.JMeter: IP: 10.1.0.164 Name: runnervmwhb2z FullName: runnervmwhb2z.h0l24wjbi32ehma3ntfoutcuxb.cx.internal.cloudapp.net
2025-10-06 00:39:24,309 INFO o.a.j.JMeter: Setting property 'jmeter.reportgenerator.outputdir' to:'/home/runner/work/grepwise/grepwise/target/jmeter/reports/syslog-udp'
2025-10-06 00:39:24,311 INFO o.a.j.s.FileServer: Default base='/home/runner/work/grepwise/grepwise/target/6d45f4b8-3571-4c3e-afe0-cb8c35e57c44/jmeter/bin'
2025-10-06 00:39:24,312 INFO o.a.j.s.FileServer: Set new base='/home/runner/work/grepwise/grepwise/target/jmeter/testFiles'
2025-10-06 00:39:24,545 INFO o.a.j.s.SaveService: Testplan (JMX) version: 2.2. Testlog (JTL) version: 2.2
2025-10-06 00:39:24,565 INFO o.a.j.s.SaveService: Using SaveService properties version 5.0
2025-10-06 00:39:24,568 INFO o.a.j.s.SaveService: Using SaveService properties file encoding UTF-8
2025-10-06 00:39:24,570 INFO o.a.j.s.SaveService: Loading file: /home/runner/work/grepwise/grepwise/target/jmeter/testFiles/syslog-udp.jmx
2025-10-06 00:39:24,652 INFO o.a.j.JMeter: Creating summariser <summary>
2025-10-06 00:39:24,657 INFO o.a.j.r.d.ReportGenerator: ReportGenerator will use for Parsing the separator: ','
2025-10-06 00:39:24,658 INFO o.a.j.r.d.ReportGenerator: Will generate report at end of test from  results file: /home/runner/work/grepwise/grepwise/target/jmeter/results/20251006-syslog-udp.csv
2025-10-06 00:39:24,658 INFO o.a.j.r.d.ReportGenerator: Reading report generator properties from: /home/runner/work/grepwise/grepwise/target/6d45f4b8-3571-4c3e-afe0-cb8c35e57c44/jmeter/bin/reportgenerator.properties
2025-10-06 00:39:24,658 INFO o.a.j.r.d.ReportGenerator: Merging with JMeter properties
2025-10-06 00:39:24,661 INFO o.a.j.r.c.ReportGeneratorConfiguration: Property 'jmeter.reportgenerator.temp_dir' not found, using default value 'temp' instead.
2025-10-06 00:39:24,663 INFO o.a.j.r.c.ReportGeneratorConfiguration: Property 'jmeter.reportgenerator.apdex_per_transaction' not found, using default value 'null' instead.
2025-10-06 00:39:24,663 INFO o.a.j.r.c.ReportGeneratorConfiguration: apdex_per_transaction is empty, not APDEX per transaction customization
2025-10-06 00:39:24,663 INFO o.a.j.r.c.ReportGeneratorConfiguration: Property 'jmeter.reportgenerator.sample_filter' not found, using default value 'null' instead.
2025-10-06 00:39:24,663 INFO o.a.j.r.c.ReportGeneratorConfiguration: Property 'jmeter.reportgenerator.report_title' not found, using default value 'null' instead.
2025-10-06 00:39:24,664 INFO o.a.j.r.c.ReportGeneratorConfiguration: Property 'jmeter.reportgenerator.start_date' not found, using default value 'null' instead.
2025-10-06 00:39:24,664 INFO o.a.j.r.c.ReportGeneratorConfiguration: Property 'jmeter.reportgenerator.end_date' not found, using default value 'null' instead.
2025-10-06 00:39:24,664 INFO o.a.j.r.c.ReportGeneratorConfiguration: Property 'jmeter.reportgenerator.date_format' not found, using default value 'null' instead.
2025-10-06 00:39:24,664 INFO o.a.j.r.c.ReportGeneratorConfiguration: Will use date range start date: null, end date: null
2025-10-06 00:39:24,666 INFO o.a.j.r.c.ReportGeneratorConfiguration: Property 'jmeter.reportgenerator.graph.totalTPS.exclude_controllers' not found, using default value 'false' instead.
2025-10-06 00:39:24,667 INFO o.a.j.r.c.ReportGeneratorConfiguration: Property 'jmeter.reportgenerator.graph.activeThreadsOverTime.exclude_controllers' not found, using default value 'false' instead.
2025-10-06 00:39:24,667 INFO o.a.j.r.c.ReportGeneratorConfiguration: Property 'jmeter.reportgenerator.graph.timeVsThreads.exclude_controllers' not found, using default value 'false' instead.
2025-10-06 00:39:24,667 INFO o.a.j.r.c.ReportGeneratorConfiguration: Property 'jmeter.reportgenerator.graph.responseTimeDistribution.exclude_controllers' not found, using default value 'false' instead.
2025-10-06 00:39:24,667 INFO o.a.j.r.c.ReportGeneratorConfiguration: Property 'jmeter.reportgenerator.graph.transactionsPerSecond.exclude_controllers' not found, using default value 'false' instead.
2025-10-06 00:39:24,667 INFO o.a.j.r.c.ReportGeneratorConfiguration: Property 'jmeter.reportgenerator.graph.responseTimePercentiles.exclude_controllers' not found, using default value 'false' instead.
2025-10-06 00:39:24,667 INFO o.a.j.r.c.ReportGeneratorConfiguration: Property 'jmeter.reportgenerator.graph.responseTimePercentilesOverTime.exclude_controllers' not found, using default value 'false' instead.
2025-10-06 00:39:24,667 INFO o.a.j.r.c.ReportGeneratorConfiguration: Property 'jmeter.reportgenerator.graph.responseTimesOverTime.exclude_controllers' not found, using default value 'false' instead.
2025-10-06 00:39:24,667 INFO o.a.j.r.c.ReportGeneratorConfiguration: Property 'jmeter.reportgenerator.graph.connectTimeOverTime.exclude_controllers' not found, using default value 'false' instead.
2025-10-06 00:39:24,668 INFO o.a.j.r.c.ReportGeneratorConfiguration: Property 'jmeter.reportgenerator.graph.latenciesOverTime.exclude_controllers' not found, using default value 'false' instead.
2025-10-06 00:39:24,668 INFO o.a.j.r.c.ReportGeneratorConfiguration: Property 'jmeter.reportgenerator.exporter.json.filters_only_sample_series' not found, using default value 'true' instead.
2025-10-06 00:39:24,668 INFO o.a.j.r.c.ReportGeneratorConfiguration: Property 'jmeter.reportgenerator.exporter.json.series_filter' not found, using default value '' instead.
2025-10-06 00:39:24,668 INFO o.a.j.r.c.ReportGeneratorConfiguration: Property 'jmeter.reportgenerator.exporter.json.show_controllers_only' not found, using default value 'false' instead.
2025-10-06 00:39:24,669 INFO o.a.j.r.c.ReportGeneratorConfiguration: Property 'jmeter.reportgenerator.exporter.html.filters_only_sample_series' not found, using default value 'true' instead.
2025-10-06 00:39:24,669 INFO o.a.j.r.c.ReportGeneratorConfiguration: Property 'jmeter.reportgenerator.exporter.html.series_filter' not found, using default value '' instead.
2025-10-06 00:39:24,669 INFO o.a.j.r.c.ReportGeneratorConfiguration: Property 'jmeter.reportgenerator.exporter.html.show_controllers_only' not found, using default value 'false' instead.
2025-10-06 00:39:24,678 INFO o.a.j.e.StandardJMeterEngine: Running the test!
2025-10-06 00:39:24,679 INFO o.a.j.s.SampleEvent: List of sample_variables: []
2025-10-06 00:39:24,679 INFO o.a.j.s.SampleEvent: List of sample_variables: []
2025-10-06 00:39:24,739 INFO o.a.j.JMeter: Running test (1759711164739)
2025-10-06 00:39:24,762 INFO o.a.j.e.StandardJMeterEngine: Starting ThreadGroup: 1 : UDP Senders
2025-10-06 00:39:24,763 INFO o.a.j.e.StandardJMeterEngine: Starting 10 threads for group UDP Senders.
2025-10-06 00:39:24,763 INFO o.a.j.e.StandardJMeterEngine: Thread will continue on error
2025-10-06 00:39:24,763 INFO o.a.j.t.ThreadGroup: Starting thread group... number=1 threads=10 ramp-up=10 delayedStart=false
2025-10-06 00:39:24,773 INFO o.a.j.t.JMeterThread: Thread started: UDP Senders 1-1
2025-10-06 00:39:24,795 INFO o.a.j.t.ThreadGroup: Started thread group number 1
2025-10-06 00:39:24,795 INFO o.a.j.e.StandardJMeterEngine: Starting ThreadGroup: 2 : Search Verifier
2025-10-06 00:39:24,795 INFO o.a.j.e.StandardJMeterEngine: Starting 1 threads for group Search Verifier.
2025-10-06 00:39:24,795 INFO o.a.j.e.StandardJMeterEngine: Thread will continue on error
2025-10-06 00:39:24,795 INFO o.a.j.t.ThreadGroup: Starting thread group... number=2 threads=1 ramp-up=1 delayedStart=false
2025-10-06 00:39:24,795 INFO o.a.j.t.ThreadGroup: Started thread group number 2
2025-10-06 00:39:24,795 INFO o.a.j.e.StandardJMeterEngine: All thread groups have been started
2025-10-06 00:39:24,796 INFO o.a.j.t.JMeterThread: Thread started: Search Verifier 2-1
2025-10-06 00:39:24,807 INFO o.a.j.p.h.s.HTTPHCAbstractImpl: Local host = runnervmwhb2z
2025-10-06 00:39:24,812 INFO o.a.j.p.h.s.HTTPHC4Impl: HTTP request retry count = 0
2025-10-06 00:39:24,812 INFO o.a.j.s.SampleResult: Note: Sample TimeStamps are END times
2025-10-06 00:39:24,813 INFO o.a.j.s.SampleResult: sampleresult.default.encoding is set to UTF-8
2025-10-06 00:39:24,813 INFO o.a.j.s.SampleResult: sampleresult.useNanoTime=true
2025-10-06 00:39:24,813 INFO o.a.j.s.SampleResult: sampleresult.nanoThreadSleep=5000
2025-10-06 00:39:24,840 INFO o.a.j.r.Summariser: summary +      1 in 00:00:00 =   10.0/s Avg:     2 Min:     2 Max:     2 Err:     0 (0.00%) Active: 2 Started: 2 Finished: 0
2025-10-06 00:39:25,770 INFO o.a.j.t.JMeterThread: Thread started: UDP Senders 1-2
2025-10-06 00:39:26,767 INFO o.a.j.t.JMeterThread: Thread started: UDP Senders 1-3
2025-10-06 00:39:27,767 INFO o.a.j.t.JMeterThread: Thread started: UDP Senders 1-4
2025-10-06 00:39:28,766 INFO o.a.j.t.JMeterThread: Thread started: UDP Senders 1-5
2025-10-06 00:39:29,765 INFO o.a.j.t.JMeterThread: Thread started: UDP Senders 1-6
2025-10-06 00:39:30,000 INFO o.a.j.r.Summariser: summary +   4932 in 00:00:05 =  955.6/s Avg:     0 Min:     0 Max:    44 Err:     0 (0.00%) Active: 7 Started: 7 Finished: 0
2025-10-06 00:39:30,001 INFO o.a.j.r.Summariser: summary =   4933 in 00:00:05 =  937.7/s Avg:     0 Min:     0 Max:    44 Err:     0 (0.00%)
2025-10-06 00:39:30,766 INFO o.a.j.t.JMeterThread: Thread started: UDP Senders 1-7
2025-10-06 00:39:31,765 INFO o.a.j.t.JMeterThread: Thread started: UDP Senders 1-8
2025-10-06 00:39:32,767 INFO o.a.j.t.JMeterThread: Thread started: UDP Senders 1-9
2025-10-06 00:39:33,766 INFO o.a.j.t.JMeterThread: Thread started: UDP Senders 1-10
2025-10-06 00:39:36,000 INFO o.a.j.r.Summariser: summary +  10695 in 00:00:06 = 1782.5/s Avg:     0 Min:     0 Max:    17 Err:     0 (0.00%) Active: 11 Started: 11 Finished: 0
2025-10-06 00:39:36,000 INFO o.a.j.r.Summariser: summary =  15628 in 00:00:11 = 1387.8/s Avg:     0 Min:     0 Max:    44 Err:     0 (0.00%)
2025-10-06 00:39:42,000 INFO o.a.j.r.Summariser: summary +  14500 in 00:00:06 = 2416.7/s Avg:     0 Min:     0 Max:     7 Err:     0 (0.00%) Active: 11 Started: 11 Finished: 0
2025-10-06 00:39:42,000 INFO o.a.j.r.Summariser: summary =  30128 in 00:00:17 = 1745.4/s Avg:     0 Min:     0 Max:    44 Err:     0 (0.00%)
2025-10-06 00:39:48,000 INFO o.a.j.r.Summariser: summary +  18282 in 00:00:06 = 3047.0/s Avg:     0 Min:     0 Max:     9 Err:     0 (0.00%) Active: 11 Started: 11 Finished: 0
2025-10-06 00:39:48,001 INFO o.a.j.r.Summariser: summary =  48410 in 00:00:23 = 2081.2/s Avg:     0 Min:     0 Max:    44 Err:     0 (0.00%)
2025-10-06 00:39:54,000 INFO o.a.j.r.Summariser: summary +  18409 in 00:00:06 = 3068.2/s Avg:     0 Min:     0 Max:     3 Err:     0 (0.00%) Active: 11 Started: 11 Finished: 0
2025-10-06 00:39:54,000 INFO o.a.j.r.Summariser: summary =  66819 in 00:00:29 = 2283.6/s Avg:     0 Min:     0 Max:    44 Err:     0 (0.00%)
2025-10-06 00:40:00,000 INFO o.a.j.r.Summariser: summary +  18443 in 00:00:06 = 3073.8/s Avg:     0 Min:     0 Max:     4 Err:     0 (0.00%) Active: 11 Started: 11 Finished: 0
2025-10-06 00:40:00,000 INFO o.a.j.r.Summariser: summary =  85262 in 00:00:35 = 2418.0/s Avg:     0 Min:     0 Max:    44 Err:     0 (0.00%)
2025-10-06 00:40:06,000 INFO o.a.j.r.Summariser: summary +  18819 in 00:00:06 = 3136.5/s Avg:     0 Min:     0 Max:     4 Err:     0 (0.00%) Active: 11 Started: 11 Finished: 0
2025-10-06 00:40:06,000 INFO o.a.j.r.Summariser: summary = 104081 in 00:00:41 = 2522.5/s Avg:     0 Min:     0 Max:    44 Err:     0 (0.00%)
2025-10-06 00:40:12,000 INFO o.a.j.r.Summariser: summary +  18878 in 00:00:06 = 3146.3/s Avg:     0 Min:     0 Max:     4 Err:     0 (0.00%) Active: 11 Started: 11 Finished: 0
2025-10-06 00:40:12,000 INFO o.a.j.r.Summariser: summary = 122959 in 00:00:47 = 2601.7/s Avg:     0 Min:     0 Max:    44 Err:     0 (0.00%)
2025-10-06 00:40:18,000 INFO o.a.j.r.Summariser: summary +  19217 in 00:00:06 = 3202.8/s Avg:     0 Min:     0 Max:     4 Err:     0 (0.00%) Active: 11 Started: 11 Finished: 0
2025-10-06 00:40:18,000 INFO o.a.j.r.Summariser: summary = 142176 in 00:00:53 = 2669.4/s Avg:     0 Min:     0 Max:    44 Err:     0 (0.00%)
2025-10-06 00:40:24,000 INFO o.a.j.r.Summariser: summary +  19374 in 00:00:06 = 3229.0/s Avg:     0 Min:     0 Max:     2 Err:     0 (0.00%) Active: 11 Started: 11 Finished: 0
2025-10-06 00:40:24,000 INFO o.a.j.r.Summariser: summary = 161550 in 00:00:59 = 2726.1/s Avg:     0 Min:     0 Max:    44 Err:     0 (0.00%)
2025-10-06 00:40:24,696 INFO o.a.j.t.JMeterThread: Thread finished: UDP Senders 1-2
2025-10-06 00:40:24,708 INFO o.a.j.t.JMeterThread: Thread finished: UDP Senders 1-4
2025-10-06 00:40:24,712 INFO o.a.j.t.JMeterThread: Thread finished: UDP Senders 1-8
2025-10-06 00:40:24,717 INFO o.a.j.t.JMeterThread: Thread finished: UDP Senders 1-1
2025-10-06 00:40:24,724 INFO o.a.j.t.JMeterThread: Thread finished: UDP Senders 1-7
2025-10-06 00:40:24,739 INFO o.a.j.t.JMeterThread: Thread finished: UDP Senders 1-6
2025-10-06 00:40:24,744 INFO o.a.j.t.JMeterThread: Thread finished: UDP Senders 1-9
2025-10-06 00:40:24,748 INFO o.a.j.t.JMeterThread: Thread finished: UDP Senders 1-5
2025-10-06 00:40:24,751 INFO o.a.j.t.JMeterThread: Thread finished: UDP Senders 1-10
2025-10-06 00:40:24,774 INFO o.a.j.t.JMeterThread: Thread finished: UDP Senders 1-3
2025-10-06 00:40:24,795 INFO o.a.j.t.JMeterThread: Stopping because end time detected by thread: Search Verifier 2-1
2025-10-06 00:40:24,795 INFO o.a.j.t.JMeterThread: Thread finished: Search Verifier 2-1
2025-10-06 00:40:24,796 INFO o.a.j.e.StandardJMeterEngine: Notifying test listeners of end of test
2025-10-06 00:40:24,796 INFO o.a.j.r.Summariser: summary +   2478 in 00:00:01 = 3113.1/s Avg:     0 Min:     0 Max:     3 Err:     0 (0.00%) Active: 0 Started: 11 Finished: 11
2025-10-06 00:40:24,796 INFO o.a.j.r.Summariser: summary = 164028 in 00:01:00 = 2731.2/s Avg:     0 Min:     0 Max:    44 Err:     0 (0.00%)
2025-10-06 00:40:24,796 INFO o.a.j.JMeter: Generating Dashboard
2025-10-06 00:40:24,797 INFO o.a.j.r.d.ReportGenerator: Flushing result collector before report Generation
2025-10-06 00:40:24,807 INFO o.a.j.r.p.NormalizerSampleConsumer: Using format, 'ms', to parse timeStamp field
2025-10-06 00:40:26,655 INFO o.a.j.r.p.AbstractSampleConsumer: class org.apache.jmeter.report.processor.AggregateConsumer#stopProducing(): beginDate produced 0 samples
2025-10-06 00:40:26,655 INFO o.a.j.r.p.AbstractSampleConsumer: class org.apache.jmeter.report.processor.AggregateConsumer#stopProducing(): endDate produced 0 samples
2025-10-06 00:40:26,657 INFO o.a.j.r.p.AbstractSampleConsumer: class org.apache.jmeter.report.processor.ApdexSummaryConsumer#stopProducing(): apdexSummary produced 0 samples
2025-10-06 00:40:26,657 INFO o.a.j.r.p.AbstractSampleConsumer: class org.apache.jmeter.report.processor.RequestsSummaryConsumer#stopProducing(): requestsSummary produced 0 samples
2025-10-06 00:40:26,670 INFO o.a.j.r.p.AbstractSampleConsumer: class org.apache.jmeter.report.processor.StatisticsSummaryConsumer#stopProducing(): statisticsSummary produced 0 samples
2025-10-06 00:40:26,671 INFO o.a.j.r.p.AbstractSampleConsumer: class org.apache.jmeter.report.processor.Top5ErrorsBySamplerConsumer#stopProducing(): top5ErrorsBySampler produced 0 samples
2025-10-06 00:40:26,671 INFO o.a.j.r.p.AbstractSampleConsumer: class org.apache.jmeter.report.processor.ErrorsSummaryConsumer#stopProducing(): errorsSummary produced 0 samples
2025-10-06 00:40:26,671 INFO o.a.j.r.p.AbstractSampleConsumer: class org.apache.jmeter.report.processor.graph.impl.HitsPerSecondGraphConsumer#stopProducing(): hitsPerSecond produced 0 samples
2025-10-06 00:40:27,199 INFO o.a.j.r.p.AbstractSampleConsumer: class org.apache.jmeter.report.processor.graph.impl.LatencyVSRequestGraphConsumer#stopProducing(): latencyVsRequest produced 0 samples
2025-10-06 00:40:27,205 INFO o.a.j.r.p.AbstractSampleConsumer: class org.apache.jmeter.report.processor.graph.impl.SyntheticResponseTimeDistributionGraphConsumer#stopProducing(): syntheticResponseTimeDistribution produced 0 samples
2025-10-06 00:40:27,206 INFO o.a.j.r.p.AbstractSampleConsumer: class org.apache.jmeter.report.processor.graph.impl.BytesThroughputGraphConsumer#stopProducing(): bytesThroughputOverTime produced 0 samples
2025-10-06 00:40:27,206 INFO o.a.j.r.p.AbstractSampleConsumer: class org.apache.jmeter.report.processor.graph.impl.CodesPerSecondGraphConsumer#stopProducing(): codesPerSecond produced 0 samples
2025-10-06 00:40:27,644 INFO o.a.j.r.p.AbstractSampleConsumer: class org.apache.jmeter.report.processor.graph.impl.ResponseTimeVSRequestGraphConsumer#stopProducing(): responseTimeVsRequest produced 0 samples
2025-10-06 00:40:27,648 INFO o.a.j.r.p.AbstractSampleConsumer: class org.apache.jmeter.report.processor.FilterConsumer#stopProducing(): startIntervalControlerFilter produced 1148196 samples
2025-10-06 00:40:27,648 INFO o.a.j.r.p.AbstractSampleConsumer: class org.apache.jmeter.report.processor.graph.impl.TotalTPSGraphConsumer#stopProducing(): totalTPS produced 0 samples
2025-10-06 00:40:27,648 INFO o.a.j.r.p.AbstractSampleConsumer: class org.apache.jmeter.report.processor.graph.impl.ActiveThreadsGraphConsumer#stopProducing(): activeThreadsOverTime produced 0 samples
2025-10-06 00:40:27,648 INFO o.a.j.r.p.AbstractSampleConsumer: class org.apache.jmeter.report.processor.graph.impl.TimeVSThreadGraphConsumer#stopProducing(): timeVsThreads produced 0 samples
2025-10-06 00:40:27,648 INFO o.a.j.r.p.AbstractSampleConsumer: class org.apache.jmeter.report.processor.graph.impl.ResponseTimeDistributionGraphConsumer#stopProducing(): responseTimeDistribution produced 0 samples
2025-10-06 00:40:27,649 INFO o.a.j.r.p.AbstractSampleConsumer: class org.apache.jmeter.report.processor.graph.impl.TransactionsPerSecondGraphConsumer#stopProducing(): transactionsPerSecond produced 0 samples
2025-10-06 00:40:27,649 INFO o.a.j.r.p.AbstractSampleConsumer: class org.apache.jmeter.report.processor.graph.impl.ResponseTimePercentilesGraphConsumer#stopProducing(): responseTimePercentiles produced 0 samples
2025-10-06 00:40:27,650 INFO o.a.j.r.p.AbstractSampleConsumer: class org.apache.jmeter.report.processor.graph.impl.ResponseTimePercentilesOverTimeGraphConsumer#stopProducing(): responseTimePercentilesOverTime produced 0 samples
2025-10-06 00:40:27,651 INFO o.a.j.r.p.AbstractSampleConsumer: class org.apache.jmeter.report.processor.graph.impl.ResponseTimeOverTimeGraphConsumer#stopProducing(): responseTimesOverTime produced 0 samples
2025-10-06 00:40:27,651 INFO o.a.j.r.p.AbstractSampleConsumer: class org.apache.jmeter.report.processor.graph.impl.ConnectTimeOverTimeGraphConsumer#stopProducing(): connectTimeOverTime produced 0 samples
2025-10-06 00:40:27,651 INFO o.a.j.r.p.AbstractSampleConsumer: class org.apache.jmeter.report.processor.graph.impl.LatencyOverTimeGraphConsumer#stopProducing(): latenciesOverTime produced 0 samples
2025-10-06 00:40:27,651 INFO o.a.j.r.p.AbstractSampleConsumer: class org.apache.jmeter.report.processor.FilterConsumer#stopProducing(): nameFilter produced 2460420 samples
2025-10-06 00:40:27,651 INFO o.a.j.r.p.AbstractSampleConsumer: class org.apache.jmeter.report.processor.FilterConsumer#stopProducing(): dateRangeFilter produced 492084 samples
2025-10-06 00:40:27,651 INFO o.a.j.r.p.AbstractSampleConsumer: class org.apache.jmeter.report.processor.NormalizerSampleConsumer#stopProducing(): normalizer produced 164028 samples
2025-10-06 00:40:27,651 INFO o.a.j.r.p.CsvFileSampleSource: produce(): 164028 samples produced in 2s 823 ms on channel 0
2025-10-06 00:40:27,651 INFO o.a.j.r.d.ReportGenerator: Exporting data using exporter:'json' of className:'org.apache.jmeter.report.dashboard.JsonExporter'
2025-10-06 00:40:27,734 INFO o.a.j.r.d.JsonExporter: Found data for consumer statisticsSummary in context
2025-10-06 00:40:27,734 INFO o.a.j.r.d.JsonExporter: Creating statistics for overall
2025-10-06 00:40:27,734 INFO o.a.j.r.d.JsonExporter: Creating statistics for other transactions
2025-10-06 00:40:27,734 INFO o.a.j.r.d.JsonExporter: Checking output folder
2025-10-06 00:40:27,735 INFO o.a.j.r.d.JsonExporter: Writing statistics JSON to /home/runner/work/grepwise/grepwise/target/jmeter/reports/syslog-udp/statistics.json
2025-10-06 00:40:27,767 INFO o.a.j.r.d.ReportGenerator: Exporting data using exporter:'html' of className:'org.apache.jmeter.report.dashboard.HtmlTemplateExporter'
2025-10-06 00:40:27,768 INFO o.a.j.r.d.HtmlTemplateExporter: Will generate dashboard in folder: /home/runner/work/grepwise/grepwise/target/jmeter/reports/syslog-udp
2025-10-06 00:40:27,857 INFO o.a.j.r.d.HtmlTemplateExporter: Report will be generated in: /home/runner/work/grepwise/grepwise/target/jmeter/reports/syslog-udp, creating folder structure
2025-10-06 00:40:27,858 INFO o.a.j.r.d.TemplateVisitor: Copying folder from '/home/runner/work/grepwise/grepwise/target/6d45f4b8-3571-4c3e-afe0-cb8c35e57c44/jmeter/bin/report-template' to '/home/runner/work/grepwise/grepwise/target/jmeter/reports/syslog-udp', got message: /home/runner/work/grepwise/grepwise/target/jmeter/reports/syslog-udp, found non empty folder with following content [/home/runner/work/grepwise/grepwise/target/jmeter/reports/syslog-udp/statistics.json], will be ignored
2025-10-06 00:40:28,018 INFO o.a.j.JMeter: Dashboard generated
